2016-08-22 14:02:58 [scrapy] INFO: Scrapy 1.2.0dev2 started (bot: wangyi_finance)
2016-08-22 14:02:58 [scrapy] INFO: Overridden settings: {'NEWSPIDER_MODULE': 'wangyi_finance.spiders', 'BOT_NAME': 'wangyi_finance', 'ROBOTSTXT_OBEY': True, 'SPIDER_MODULES': ['wangyi_finance.spiders'], 'LOG_ENABLED': False, 'LOG_FILE': 'logs.log'}
2016-08-22 14:03:08 [scrapy] INFO: Scrapy 1.2.0dev2 started (bot: wangyi_finance)
2016-08-22 14:03:08 [scrapy] INFO: Overridden settings: {'NEWSPIDER_MODULE': 'wangyi_finance.spiders', 'ROBOTSTXT_OBEY': True, 'SPIDER_MODULES': ['wangyi_finance.spiders'], 'LOG_FILE': 'logs.log', 'BOT_NAME': 'wangyi_finance'}
2016-08-22 14:03:08 [scrapy] INFO: Enabled extensions:
['scrapy.extensions.logstats.LogStats',
 'scrapy.extensions.telnet.TelnetConsole',
 'scrapy.extensions.corestats.CoreStats']
2016-08-22 14:03:08 [scrapy] INFO: Enabled downloader middlewares:
['scrapy.downloadermiddlewares.robotstxt.RobotsTxtMiddleware',
 'scrapy.downloadermiddlewares.httpauth.HttpAuthMiddleware',
 'scrapy.downloadermiddlewares.downloadtimeout.DownloadTimeoutMiddleware',
 'scrapy.downloadermiddlewares.defaultheaders.DefaultHeadersMiddleware',
 'scrapy.downloadermiddlewares.useragent.UserAgentMiddleware',
 'scrapy.downloadermiddlewares.retry.RetryMiddleware',
 'scrapy.downloadermiddlewares.redirect.MetaRefreshMiddleware',
 'scrapy.downloadermiddlewares.httpcompression.HttpCompressionMiddleware',
 'scrapy.downloadermiddlewares.redirect.RedirectMiddleware',
 'scrapy.downloadermiddlewares.cookies.CookiesMiddleware',
 'scrapy.downloadermiddlewares.chunked.ChunkedTransferMiddleware',
 'scrapy.downloadermiddlewares.stats.DownloaderStats']
2016-08-22 14:03:08 [scrapy] INFO: Enabled spider middlewares:
['scrapy.spidermiddlewares.httperror.HttpErrorMiddleware',
 'scrapy.spidermiddlewares.offsite.OffsiteMiddleware',
 'scrapy.spidermiddlewares.referer.RefererMiddleware',
 'scrapy.spidermiddlewares.urllength.UrlLengthMiddleware',
 'scrapy.spidermiddlewares.depth.DepthMiddleware']
2016-08-22 14:03:08 [scrapy] INFO: Enabled item pipelines:
[]
2016-08-22 14:03:08 [scrapy] INFO: Spider opened
2016-08-22 14:03:08 [scrapy] INFO: Crawled 0 pages (at 0 pages/min), scraped 0 items (at 0 items/min)
2016-08-22 14:03:08 [scrapy] DEBUG: Telnet console listening on 127.0.0.1:6023
2016-08-22 14:03:08 [scrapy] DEBUG: Crawled (200) <GET https://8.163.com/robots.txt> (referer: None)
2016-08-22 14:03:09 [scrapy] DEBUG: Crawled (200) <GET https://8.163.com/dqlcProductDetail.htm?productId=2016081711DQ197990819> (referer: None)
2016-08-22 14:03:09 [scrapy] INFO: Closing spider (finished)
2016-08-22 14:03:09 [scrapy] INFO: Dumping Scrapy stats:
{'downloader/request_bytes': 485,
 'downloader/request_count': 2,
 'downloader/request_method_count/GET': 2,
 'downloader/response_bytes': 9723,
 'downloader/response_count': 2,
 'downloader/response_status_count/200': 2,
 'finish_reason': 'finished',
 'finish_time': datetime.datetime(2016, 8, 22, 6, 3, 9, 271198),
 'log_count/DEBUG': 3,
 'log_count/INFO': 7,
 'response_received_count': 2,
 'scheduler/dequeued': 1,
 'scheduler/dequeued/memory': 1,
 'scheduler/enqueued': 1,
 'scheduler/enqueued/memory': 1,
 'start_time': datetime.datetime(2016, 8, 22, 6, 3, 8, 790831)}
2016-08-22 14:03:09 [scrapy] INFO: Spider closed (finished)
2016-08-22 14:05:38 [scrapy] INFO: Scrapy 1.2.0dev2 started (bot: wangyi_finance)
2016-08-22 14:05:38 [scrapy] INFO: Overridden settings: {'NEWSPIDER_MODULE': 'wangyi_finance.spiders', 'ROBOTSTXT_OBEY': True, 'SPIDER_MODULES': ['wangyi_finance.spiders'], 'LOG_FILE': 'logs.log', 'BOT_NAME': 'wangyi_finance'}
2016-08-22 14:05:38 [scrapy] INFO: Enabled extensions:
['scrapy.extensions.logstats.LogStats',
 'scrapy.extensions.telnet.TelnetConsole',
 'scrapy.extensions.corestats.CoreStats']
2016-08-22 14:05:38 [scrapy] INFO: Enabled downloader middlewares:
['scrapy.downloadermiddlewares.robotstxt.RobotsTxtMiddleware',
 'scrapy.downloadermiddlewares.httpauth.HttpAuthMiddleware',
 'scrapy.downloadermiddlewares.downloadtimeout.DownloadTimeoutMiddleware',
 'scrapy.downloadermiddlewares.defaultheaders.DefaultHeadersMiddleware',
 'scrapy.downloadermiddlewares.useragent.UserAgentMiddleware',
 'scrapy.downloadermiddlewares.retry.RetryMiddleware',
 'scrapy.downloadermiddlewares.redirect.MetaRefreshMiddleware',
 'scrapy.downloadermiddlewares.httpcompression.HttpCompressionMiddleware',
 'scrapy.downloadermiddlewares.redirect.RedirectMiddleware',
 'scrapy.downloadermiddlewares.cookies.CookiesMiddleware',
 'scrapy.downloadermiddlewares.chunked.ChunkedTransferMiddleware',
 'scrapy.downloadermiddlewares.stats.DownloaderStats']
2016-08-22 14:05:38 [scrapy] INFO: Enabled spider middlewares:
['scrapy.spidermiddlewares.httperror.HttpErrorMiddleware',
 'scrapy.spidermiddlewares.offsite.OffsiteMiddleware',
 'scrapy.spidermiddlewares.referer.RefererMiddleware',
 'scrapy.spidermiddlewares.urllength.UrlLengthMiddleware',
 'scrapy.spidermiddlewares.depth.DepthMiddleware']
2016-08-22 14:05:38 [scrapy] INFO: Enabled item pipelines:
[]
2016-08-22 14:05:38 [scrapy] INFO: Spider opened
2016-08-22 14:05:38 [scrapy] INFO: Crawled 0 pages (at 0 pages/min), scraped 0 items (at 0 items/min)
2016-08-22 14:05:38 [scrapy] DEBUG: Telnet console listening on 127.0.0.1:6023
2016-08-22 14:05:38 [scrapy] DEBUG: Crawled (200) <GET https://8.163.com/robots.txt> (referer: None)
2016-08-22 14:05:38 [scrapy] DEBUG: Crawled (200) <GET https://8.163.com/dqlcProductDetail.htm?productId=2016081711DQ197990819> (referer: None)
2016-08-22 14:05:39 [scrapy] INFO: Closing spider (finished)
2016-08-22 14:05:39 [scrapy] INFO: Dumping Scrapy stats:
{'downloader/request_bytes': 485,
 'downloader/request_count': 2,
 'downloader/request_method_count/GET': 2,
 'downloader/response_bytes': 9752,
 'downloader/response_count': 2,
 'downloader/response_status_count/200': 2,
 'finish_reason': 'finished',
 'finish_time': datetime.datetime(2016, 8, 22, 6, 5, 39, 43078),
 'log_count/DEBUG': 3,
 'log_count/INFO': 7,
 'response_received_count': 2,
 'scheduler/dequeued': 1,
 'scheduler/dequeued/memory': 1,
 'scheduler/enqueued': 1,
 'scheduler/enqueued/memory': 1,
 'start_time': datetime.datetime(2016, 8, 22, 6, 5, 38, 576770)}
2016-08-22 14:05:39 [scrapy] INFO: Spider closed (finished)
2016-08-22 14:05:54 [scrapy] INFO: Scrapy 1.2.0dev2 started (bot: wangyi_finance)
2016-08-22 14:05:54 [scrapy] INFO: Overridden settings: {'NEWSPIDER_MODULE': 'wangyi_finance.spiders', 'ROBOTSTXT_OBEY': True, 'SPIDER_MODULES': ['wangyi_finance.spiders'], 'LOG_FILE': 'logs.log', 'BOT_NAME': 'wangyi_finance'}
2016-08-22 14:05:54 [scrapy] INFO: Enabled extensions:
['scrapy.extensions.logstats.LogStats',
 'scrapy.extensions.telnet.TelnetConsole',
 'scrapy.extensions.corestats.CoreStats']
2016-08-22 14:05:54 [scrapy] INFO: Enabled downloader middlewares:
['scrapy.downloadermiddlewares.robotstxt.RobotsTxtMiddleware',
 'scrapy.downloadermiddlewares.httpauth.HttpAuthMiddleware',
 'scrapy.downloadermiddlewares.downloadtimeout.DownloadTimeoutMiddleware',
 'scrapy.downloadermiddlewares.defaultheaders.DefaultHeadersMiddleware',
 'scrapy.downloadermiddlewares.useragent.UserAgentMiddleware',
 'scrapy.downloadermiddlewares.retry.RetryMiddleware',
 'scrapy.downloadermiddlewares.redirect.MetaRefreshMiddleware',
 'scrapy.downloadermiddlewares.httpcompression.HttpCompressionMiddleware',
 'scrapy.downloadermiddlewares.redirect.RedirectMiddleware',
 'scrapy.downloadermiddlewares.cookies.CookiesMiddleware',
 'scrapy.downloadermiddlewares.chunked.ChunkedTransferMiddleware',
 'scrapy.downloadermiddlewares.stats.DownloaderStats']
2016-08-22 14:05:54 [scrapy] INFO: Enabled spider middlewares:
['scrapy.spidermiddlewares.httperror.HttpErrorMiddleware',
 'scrapy.spidermiddlewares.offsite.OffsiteMiddleware',
 'scrapy.spidermiddlewares.referer.RefererMiddleware',
 'scrapy.spidermiddlewares.urllength.UrlLengthMiddleware',
 'scrapy.spidermiddlewares.depth.DepthMiddleware']
2016-08-22 14:05:54 [scrapy] INFO: Enabled item pipelines:
[]
2016-08-22 14:05:54 [scrapy] INFO: Spider opened
2016-08-22 14:05:54 [scrapy] INFO: Crawled 0 pages (at 0 pages/min), scraped 0 items (at 0 items/min)
2016-08-22 14:05:54 [scrapy] DEBUG: Telnet console listening on 127.0.0.1:6023
2016-08-22 14:05:54 [scrapy] DEBUG: Crawled (200) <GET https://8.163.com/robots.txt> (referer: None)
2016-08-22 14:05:54 [scrapy] DEBUG: Crawled (200) <GET https://8.163.com/dqlcProductDetail.htm?productId=2016081711DQ197990819> (referer: None)
2016-08-22 14:05:55 [scrapy] INFO: Closing spider (finished)
2016-08-22 14:05:55 [scrapy] INFO: Dumping Scrapy stats:
{'downloader/request_bytes': 485,
 'downloader/request_count': 2,
 'downloader/request_method_count/GET': 2,
 'downloader/response_bytes': 9739,
 'downloader/response_count': 2,
 'downloader/response_status_count/200': 2,
 'finish_reason': 'finished',
 'finish_time': datetime.datetime(2016, 8, 22, 6, 5, 55, 78989),
 'log_count/DEBUG': 3,
 'log_count/INFO': 7,
 'response_received_count': 2,
 'scheduler/dequeued': 1,
 'scheduler/dequeued/memory': 1,
 'scheduler/enqueued': 1,
 'scheduler/enqueued/memory': 1,
 'start_time': datetime.datetime(2016, 8, 22, 6, 5, 54, 598036)}
2016-08-22 14:05:55 [scrapy] INFO: Spider closed (finished)
2016-08-22 14:07:49 [scrapy] INFO: Scrapy 1.2.0dev2 started (bot: wangyi_finance)
2016-08-22 14:07:49 [scrapy] INFO: Overridden settings: {'NEWSPIDER_MODULE': 'wangyi_finance.spiders', 'ROBOTSTXT_OBEY': True, 'SPIDER_MODULES': ['wangyi_finance.spiders'], 'LOG_FILE': 'logs.log', 'BOT_NAME': 'wangyi_finance'}
2016-08-22 14:07:49 [scrapy] INFO: Enabled extensions:
['scrapy.extensions.logstats.LogStats',
 'scrapy.extensions.telnet.TelnetConsole',
 'scrapy.extensions.corestats.CoreStats']
2016-08-22 14:07:50 [scrapy] INFO: Enabled downloader middlewares:
['scrapy.downloadermiddlewares.robotstxt.RobotsTxtMiddleware',
 'scrapy.downloadermiddlewares.httpauth.HttpAuthMiddleware',
 'scrapy.downloadermiddlewares.downloadtimeout.DownloadTimeoutMiddleware',
 'scrapy.downloadermiddlewares.defaultheaders.DefaultHeadersMiddleware',
 'scrapy.downloadermiddlewares.useragent.UserAgentMiddleware',
 'scrapy.downloadermiddlewares.retry.RetryMiddleware',
 'scrapy.downloadermiddlewares.redirect.MetaRefreshMiddleware',
 'scrapy.downloadermiddlewares.httpcompression.HttpCompressionMiddleware',
 'scrapy.downloadermiddlewares.redirect.RedirectMiddleware',
 'scrapy.downloadermiddlewares.cookies.CookiesMiddleware',
 'scrapy.downloadermiddlewares.chunked.ChunkedTransferMiddleware',
 'scrapy.downloadermiddlewares.stats.DownloaderStats']
2016-08-22 14:07:50 [scrapy] INFO: Enabled spider middlewares:
['scrapy.spidermiddlewares.httperror.HttpErrorMiddleware',
 'scrapy.spidermiddlewares.offsite.OffsiteMiddleware',
 'scrapy.spidermiddlewares.referer.RefererMiddleware',
 'scrapy.spidermiddlewares.urllength.UrlLengthMiddleware',
 'scrapy.spidermiddlewares.depth.DepthMiddleware']
2016-08-22 14:07:50 [scrapy] INFO: Enabled item pipelines:
[]
2016-08-22 14:07:50 [scrapy] INFO: Spider opened
2016-08-22 14:07:50 [scrapy] INFO: Crawled 0 pages (at 0 pages/min), scraped 0 items (at 0 items/min)
2016-08-22 14:07:50 [scrapy] DEBUG: Telnet console listening on 127.0.0.1:6023
2016-08-22 14:07:50 [scrapy] DEBUG: Crawled (200) <GET https://8.163.com/robots.txt> (referer: None)
2016-08-22 14:07:50 [scrapy] DEBUG: Crawled (200) <GET https://8.163.com/dqlcProductDetail.htm?productId=2016081711DQ197990819> (referer: None)
2016-08-22 14:07:50 [scrapy] INFO: Closing spider (finished)
2016-08-22 14:07:50 [scrapy] INFO: Dumping Scrapy stats:
{'downloader/request_bytes': 485,
 'downloader/request_count': 2,
 'downloader/request_method_count/GET': 2,
 'downloader/response_bytes': 9651,
 'downloader/response_count': 2,
 'downloader/response_status_count/200': 2,
 'finish_reason': 'finished',
 'finish_time': datetime.datetime(2016, 8, 22, 6, 7, 50, 656441),
 'log_count/DEBUG': 3,
 'log_count/INFO': 7,
 'response_received_count': 2,
 'scheduler/dequeued': 1,
 'scheduler/dequeued/memory': 1,
 'scheduler/enqueued': 1,
 'scheduler/enqueued/memory': 1,
 'start_time': datetime.datetime(2016, 8, 22, 6, 7, 50, 12744)}
2016-08-22 14:07:50 [scrapy] INFO: Spider closed (finished)
2016-08-22 14:09:53 [scrapy] INFO: Scrapy 1.2.0dev2 started (bot: wangyi_finance)
2016-08-22 14:09:53 [scrapy] INFO: Overridden settings: {'NEWSPIDER_MODULE': 'wangyi_finance.spiders', 'ROBOTSTXT_OBEY': True, 'SPIDER_MODULES': ['wangyi_finance.spiders'], 'LOG_FILE': 'logs.log', 'BOT_NAME': 'wangyi_finance'}
2016-08-22 14:09:53 [scrapy] INFO: Enabled extensions:
['scrapy.extensions.logstats.LogStats',
 'scrapy.extensions.telnet.TelnetConsole',
 'scrapy.extensions.corestats.CoreStats']
2016-08-22 14:09:53 [scrapy] INFO: Enabled downloader middlewares:
['scrapy.downloadermiddlewares.robotstxt.RobotsTxtMiddleware',
 'scrapy.downloadermiddlewares.httpauth.HttpAuthMiddleware',
 'scrapy.downloadermiddlewares.downloadtimeout.DownloadTimeoutMiddleware',
 'scrapy.downloadermiddlewares.defaultheaders.DefaultHeadersMiddleware',
 'scrapy.downloadermiddlewares.useragent.UserAgentMiddleware',
 'scrapy.downloadermiddlewares.retry.RetryMiddleware',
 'scrapy.downloadermiddlewares.redirect.MetaRefreshMiddleware',
 'scrapy.downloadermiddlewares.httpcompression.HttpCompressionMiddleware',
 'scrapy.downloadermiddlewares.redirect.RedirectMiddleware',
 'scrapy.downloadermiddlewares.cookies.CookiesMiddleware',
 'scrapy.downloadermiddlewares.chunked.ChunkedTransferMiddleware',
 'scrapy.downloadermiddlewares.stats.DownloaderStats']
2016-08-22 14:09:53 [scrapy] INFO: Enabled spider middlewares:
['scrapy.spidermiddlewares.httperror.HttpErrorMiddleware',
 'scrapy.spidermiddlewares.offsite.OffsiteMiddleware',
 'scrapy.spidermiddlewares.referer.RefererMiddleware',
 'scrapy.spidermiddlewares.urllength.UrlLengthMiddleware',
 'scrapy.spidermiddlewares.depth.DepthMiddleware']
2016-08-22 14:09:53 [scrapy] INFO: Enabled item pipelines:
[]
2016-08-22 14:09:53 [scrapy] INFO: Spider opened
2016-08-22 14:09:53 [scrapy] INFO: Crawled 0 pages (at 0 pages/min), scraped 0 items (at 0 items/min)
2016-08-22 14:09:53 [scrapy] DEBUG: Telnet console listening on 127.0.0.1:6023
2016-08-22 14:09:54 [scrapy] DEBUG: Crawled (200) <GET https://8.163.com/robots.txt> (referer: None)
2016-08-22 14:09:54 [scrapy] DEBUG: Crawled (200) <GET https://8.163.com/dqlcProductDetail.htm?productId=2016081711DQ197990819> (referer: None)
2016-08-22 14:09:54 [scrapy] INFO: Closing spider (finished)
2016-08-22 14:09:54 [scrapy] INFO: Dumping Scrapy stats:
{'downloader/request_bytes': 485,
 'downloader/request_count': 2,
 'downloader/request_method_count/GET': 2,
 'downloader/response_bytes': 9756,
 'downloader/response_count': 2,
 'downloader/response_status_count/200': 2,
 'finish_reason': 'finished',
 'finish_time': datetime.datetime(2016, 8, 22, 6, 9, 54, 607640),
 'log_count/DEBUG': 3,
 'log_count/INFO': 7,
 'response_received_count': 2,
 'scheduler/dequeued': 1,
 'scheduler/dequeued/memory': 1,
 'scheduler/enqueued': 1,
 'scheduler/enqueued/memory': 1,
 'start_time': datetime.datetime(2016, 8, 22, 6, 9, 53, 874853)}
2016-08-22 14:09:54 [scrapy] INFO: Spider closed (finished)
2016-08-22 14:10:02 [scrapy] INFO: Scrapy 1.2.0dev2 started (bot: wangyi_finance)
2016-08-22 14:10:02 [scrapy] INFO: Overridden settings: {'NEWSPIDER_MODULE': 'wangyi_finance.spiders', 'ROBOTSTXT_OBEY': True, 'SPIDER_MODULES': ['wangyi_finance.spiders'], 'LOG_FILE': 'logs.log', 'BOT_NAME': 'wangyi_finance'}
2016-08-22 14:10:02 [scrapy] INFO: Enabled extensions:
['scrapy.extensions.logstats.LogStats',
 'scrapy.extensions.telnet.TelnetConsole',
 'scrapy.extensions.corestats.CoreStats']
2016-08-22 14:10:02 [scrapy] INFO: Enabled downloader middlewares:
['scrapy.downloadermiddlewares.robotstxt.RobotsTxtMiddleware',
 'scrapy.downloadermiddlewares.httpauth.HttpAuthMiddleware',
 'scrapy.downloadermiddlewares.downloadtimeout.DownloadTimeoutMiddleware',
 'scrapy.downloadermiddlewares.defaultheaders.DefaultHeadersMiddleware',
 'scrapy.downloadermiddlewares.useragent.UserAgentMiddleware',
 'scrapy.downloadermiddlewares.retry.RetryMiddleware',
 'scrapy.downloadermiddlewares.redirect.MetaRefreshMiddleware',
 'scrapy.downloadermiddlewares.httpcompression.HttpCompressionMiddleware',
 'scrapy.downloadermiddlewares.redirect.RedirectMiddleware',
 'scrapy.downloadermiddlewares.cookies.CookiesMiddleware',
 'scrapy.downloadermiddlewares.chunked.ChunkedTransferMiddleware',
 'scrapy.downloadermiddlewares.stats.DownloaderStats']
2016-08-22 14:10:02 [scrapy] INFO: Enabled spider middlewares:
['scrapy.spidermiddlewares.httperror.HttpErrorMiddleware',
 'scrapy.spidermiddlewares.offsite.OffsiteMiddleware',
 'scrapy.spidermiddlewares.referer.RefererMiddleware',
 'scrapy.spidermiddlewares.urllength.UrlLengthMiddleware',
 'scrapy.spidermiddlewares.depth.DepthMiddleware']
2016-08-22 14:10:02 [scrapy] INFO: Enabled item pipelines:
[]
2016-08-22 14:10:02 [scrapy] INFO: Spider opened
2016-08-22 14:10:02 [scrapy] INFO: Crawled 0 pages (at 0 pages/min), scraped 0 items (at 0 items/min)
2016-08-22 14:10:02 [scrapy] DEBUG: Telnet console listening on 127.0.0.1:6023
2016-08-22 14:10:02 [scrapy] DEBUG: Crawled (200) <GET https://8.163.com/robots.txt> (referer: None)
2016-08-22 14:10:03 [scrapy] DEBUG: Crawled (200) <GET https://8.163.com/dqlcProductDetail.htm?productId=2016081711DQ197990819> (referer: None)
2016-08-22 14:10:03 [scrapy] INFO: Closing spider (finished)
2016-08-22 14:10:03 [scrapy] INFO: Dumping Scrapy stats:
{'downloader/request_bytes': 485,
 'downloader/request_count': 2,
 'downloader/request_method_count/GET': 2,
 'downloader/response_bytes': 9757,
 'downloader/response_count': 2,
 'downloader/response_status_count/200': 2,
 'finish_reason': 'finished',
 'finish_time': datetime.datetime(2016, 8, 22, 6, 10, 3, 445318),
 'log_count/DEBUG': 3,
 'log_count/INFO': 7,
 'response_received_count': 2,
 'scheduler/dequeued': 1,
 'scheduler/dequeued/memory': 1,
 'scheduler/enqueued': 1,
 'scheduler/enqueued/memory': 1,
 'start_time': datetime.datetime(2016, 8, 22, 6, 10, 2, 632821)}
2016-08-22 14:10:03 [scrapy] INFO: Spider closed (finished)
2016-08-22 14:12:00 [scrapy] INFO: Scrapy 1.2.0dev2 started (bot: wangyi_finance)
2016-08-22 14:12:00 [scrapy] INFO: Overridden settings: {'NEWSPIDER_MODULE': 'wangyi_finance.spiders', 'ROBOTSTXT_OBEY': True, 'SPIDER_MODULES': ['wangyi_finance.spiders'], 'LOG_FILE': 'logs.log', 'BOT_NAME': 'wangyi_finance'}
2016-08-22 14:12:00 [scrapy] INFO: Enabled extensions:
['scrapy.extensions.logstats.LogStats',
 'scrapy.extensions.telnet.TelnetConsole',
 'scrapy.extensions.corestats.CoreStats']
2016-08-22 14:12:00 [scrapy] INFO: Enabled downloader middlewares:
['scrapy.downloadermiddlewares.robotstxt.RobotsTxtMiddleware',
 'scrapy.downloadermiddlewares.httpauth.HttpAuthMiddleware',
 'scrapy.downloadermiddlewares.downloadtimeout.DownloadTimeoutMiddleware',
 'scrapy.downloadermiddlewares.defaultheaders.DefaultHeadersMiddleware',
 'scrapy.downloadermiddlewares.useragent.UserAgentMiddleware',
 'scrapy.downloadermiddlewares.retry.RetryMiddleware',
 'scrapy.downloadermiddlewares.redirect.MetaRefreshMiddleware',
 'scrapy.downloadermiddlewares.httpcompression.HttpCompressionMiddleware',
 'scrapy.downloadermiddlewares.redirect.RedirectMiddleware',
 'scrapy.downloadermiddlewares.cookies.CookiesMiddleware',
 'scrapy.downloadermiddlewares.chunked.ChunkedTransferMiddleware',
 'scrapy.downloadermiddlewares.stats.DownloaderStats']
2016-08-22 14:12:00 [scrapy] INFO: Enabled spider middlewares:
['scrapy.spidermiddlewares.httperror.HttpErrorMiddleware',
 'scrapy.spidermiddlewares.offsite.OffsiteMiddleware',
 'scrapy.spidermiddlewares.referer.RefererMiddleware',
 'scrapy.spidermiddlewares.urllength.UrlLengthMiddleware',
 'scrapy.spidermiddlewares.depth.DepthMiddleware']
2016-08-22 14:12:00 [scrapy] INFO: Enabled item pipelines:
[]
2016-08-22 14:12:00 [scrapy] INFO: Spider opened
2016-08-22 14:12:00 [scrapy] INFO: Crawled 0 pages (at 0 pages/min), scraped 0 items (at 0 items/min)
2016-08-22 14:12:00 [scrapy] DEBUG: Telnet console listening on 127.0.0.1:6023
2016-08-22 14:12:01 [scrapy] DEBUG: Crawled (200) <GET https://8.163.com/robots.txt> (referer: None)
2016-08-22 14:12:01 [scrapy] DEBUG: Crawled (200) <GET https://8.163.com/dqlcProductDetail.htm?productId=2016081711DQ197990819> (referer: None)
2016-08-22 14:12:01 [scrapy] INFO: Closing spider (finished)
2016-08-22 14:12:01 [scrapy] INFO: Dumping Scrapy stats:
{'downloader/request_bytes': 485,
 'downloader/request_count': 2,
 'downloader/request_method_count/GET': 2,
 'downloader/response_bytes': 9753,
 'downloader/response_count': 2,
 'downloader/response_status_count/200': 2,
 'finish_reason': 'finished',
 'finish_time': datetime.datetime(2016, 8, 22, 6, 12, 1, 308931),
 'log_count/DEBUG': 3,
 'log_count/INFO': 7,
 'response_received_count': 2,
 'scheduler/dequeued': 1,
 'scheduler/dequeued/memory': 1,
 'scheduler/enqueued': 1,
 'scheduler/enqueued/memory': 1,
 'start_time': datetime.datetime(2016, 8, 22, 6, 12, 0, 892492)}
2016-08-22 14:12:01 [scrapy] INFO: Spider closed (finished)
2016-08-22 14:12:13 [scrapy] INFO: Scrapy 1.2.0dev2 started (bot: wangyi_finance)
2016-08-22 14:12:13 [scrapy] INFO: Overridden settings: {'NEWSPIDER_MODULE': 'wangyi_finance.spiders', 'ROBOTSTXT_OBEY': True, 'SPIDER_MODULES': ['wangyi_finance.spiders'], 'LOG_FILE': 'logs.log', 'BOT_NAME': 'wangyi_finance'}
2016-08-22 14:12:13 [scrapy] INFO: Enabled extensions:
['scrapy.extensions.logstats.LogStats',
 'scrapy.extensions.telnet.TelnetConsole',
 'scrapy.extensions.corestats.CoreStats']
2016-08-22 14:12:13 [scrapy] INFO: Enabled downloader middlewares:
['scrapy.downloadermiddlewares.robotstxt.RobotsTxtMiddleware',
 'scrapy.downloadermiddlewares.httpauth.HttpAuthMiddleware',
 'scrapy.downloadermiddlewares.downloadtimeout.DownloadTimeoutMiddleware',
 'scrapy.downloadermiddlewares.defaultheaders.DefaultHeadersMiddleware',
 'scrapy.downloadermiddlewares.useragent.UserAgentMiddleware',
 'scrapy.downloadermiddlewares.retry.RetryMiddleware',
 'scrapy.downloadermiddlewares.redirect.MetaRefreshMiddleware',
 'scrapy.downloadermiddlewares.httpcompression.HttpCompressionMiddleware',
 'scrapy.downloadermiddlewares.redirect.RedirectMiddleware',
 'scrapy.downloadermiddlewares.cookies.CookiesMiddleware',
 'scrapy.downloadermiddlewares.chunked.ChunkedTransferMiddleware',
 'scrapy.downloadermiddlewares.stats.DownloaderStats']
2016-08-22 14:12:13 [scrapy] INFO: Enabled spider middlewares:
['scrapy.spidermiddlewares.httperror.HttpErrorMiddleware',
 'scrapy.spidermiddlewares.offsite.OffsiteMiddleware',
 'scrapy.spidermiddlewares.referer.RefererMiddleware',
 'scrapy.spidermiddlewares.urllength.UrlLengthMiddleware',
 'scrapy.spidermiddlewares.depth.DepthMiddleware']
2016-08-22 14:12:13 [scrapy] INFO: Enabled item pipelines:
[]
2016-08-22 14:12:13 [scrapy] INFO: Spider opened
2016-08-22 14:12:13 [scrapy] INFO: Crawled 0 pages (at 0 pages/min), scraped 0 items (at 0 items/min)
2016-08-22 14:12:13 [scrapy] DEBUG: Telnet console listening on 127.0.0.1:6023
2016-08-22 14:12:14 [scrapy] DEBUG: Crawled (200) <GET https://8.163.com/robots.txt> (referer: None)
2016-08-22 14:12:14 [scrapy] DEBUG: Crawled (200) <GET https://8.163.com/dqlcProductDetail.htm?productId=2016081711DQ197990819> (referer: None)
2016-08-22 14:12:14 [scrapy] INFO: Closing spider (finished)
2016-08-22 14:12:14 [scrapy] INFO: Dumping Scrapy stats:
{'downloader/request_bytes': 485,
 'downloader/request_count': 2,
 'downloader/request_method_count/GET': 2,
 'downloader/response_bytes': 9747,
 'downloader/response_count': 2,
 'downloader/response_status_count/200': 2,
 'finish_reason': 'finished',
 'finish_time': datetime.datetime(2016, 8, 22, 6, 12, 14, 429840),
 'log_count/DEBUG': 3,
 'log_count/INFO': 7,
 'response_received_count': 2,
 'scheduler/dequeued': 1,
 'scheduler/dequeued/memory': 1,
 'scheduler/enqueued': 1,
 'scheduler/enqueued/memory': 1,
 'start_time': datetime.datetime(2016, 8, 22, 6, 12, 13, 800849)}
2016-08-22 14:12:14 [scrapy] INFO: Spider closed (finished)
2016-08-22 14:13:03 [scrapy] INFO: Scrapy 1.2.0dev2 started (bot: wangyi_finance)
2016-08-22 14:13:03 [scrapy] INFO: Overridden settings: {'NEWSPIDER_MODULE': 'wangyi_finance.spiders', 'ROBOTSTXT_OBEY': True, 'SPIDER_MODULES': ['wangyi_finance.spiders'], 'LOG_FILE': 'logs.log', 'BOT_NAME': 'wangyi_finance'}
2016-08-22 14:13:03 [scrapy] INFO: Enabled extensions:
['scrapy.extensions.logstats.LogStats',
 'scrapy.extensions.telnet.TelnetConsole',
 'scrapy.extensions.corestats.CoreStats']
2016-08-22 14:13:03 [scrapy] INFO: Enabled downloader middlewares:
['scrapy.downloadermiddlewares.robotstxt.RobotsTxtMiddleware',
 'scrapy.downloadermiddlewares.httpauth.HttpAuthMiddleware',
 'scrapy.downloadermiddlewares.downloadtimeout.DownloadTimeoutMiddleware',
 'scrapy.downloadermiddlewares.defaultheaders.DefaultHeadersMiddleware',
 'scrapy.downloadermiddlewares.useragent.UserAgentMiddleware',
 'scrapy.downloadermiddlewares.retry.RetryMiddleware',
 'scrapy.downloadermiddlewares.redirect.MetaRefreshMiddleware',
 'scrapy.downloadermiddlewares.httpcompression.HttpCompressionMiddleware',
 'scrapy.downloadermiddlewares.redirect.RedirectMiddleware',
 'scrapy.downloadermiddlewares.cookies.CookiesMiddleware',
 'scrapy.downloadermiddlewares.chunked.ChunkedTransferMiddleware',
 'scrapy.downloadermiddlewares.stats.DownloaderStats']
2016-08-22 14:13:03 [scrapy] INFO: Enabled spider middlewares:
['scrapy.spidermiddlewares.httperror.HttpErrorMiddleware',
 'scrapy.spidermiddlewares.offsite.OffsiteMiddleware',
 'scrapy.spidermiddlewares.referer.RefererMiddleware',
 'scrapy.spidermiddlewares.urllength.UrlLengthMiddleware',
 'scrapy.spidermiddlewares.depth.DepthMiddleware']
2016-08-22 14:13:03 [scrapy] INFO: Enabled item pipelines:
[]
2016-08-22 14:13:03 [scrapy] INFO: Spider opened
2016-08-22 14:13:03 [scrapy] INFO: Crawled 0 pages (at 0 pages/min), scraped 0 items (at 0 items/min)
2016-08-22 14:13:03 [scrapy] DEBUG: Telnet console listening on 127.0.0.1:6023
2016-08-22 14:13:03 [scrapy] DEBUG: Crawled (200) <GET https://8.163.com/robots.txt> (referer: None)
2016-08-22 14:13:03 [scrapy] DEBUG: Crawled (200) <GET https://8.163.com/dqlcProductDetail.htm?productId=2016081711DQ197990819> (referer: None)
2016-08-22 14:13:04 [scrapy] INFO: Closing spider (finished)
2016-08-22 14:13:04 [scrapy] INFO: Dumping Scrapy stats:
{'downloader/request_bytes': 485,
 'downloader/request_count': 2,
 'downloader/request_method_count/GET': 2,
 'downloader/response_bytes': 9774,
 'downloader/response_count': 2,
 'downloader/response_status_count/200': 2,
 'finish_reason': 'finished',
 'finish_time': datetime.datetime(2016, 8, 22, 6, 13, 4, 106794),
 'log_count/DEBUG': 3,
 'log_count/INFO': 7,
 'response_received_count': 2,
 'scheduler/dequeued': 1,
 'scheduler/dequeued/memory': 1,
 'scheduler/enqueued': 1,
 'scheduler/enqueued/memory': 1,
 'start_time': datetime.datetime(2016, 8, 22, 6, 13, 3, 676465)}
2016-08-22 14:13:04 [scrapy] INFO: Spider closed (finished)
2016-08-22 14:14:27 [scrapy] INFO: Scrapy 1.2.0dev2 started (bot: wangyi_finance)
2016-08-22 14:14:27 [scrapy] INFO: Overridden settings: {'NEWSPIDER_MODULE': 'wangyi_finance.spiders', 'ROBOTSTXT_OBEY': True, 'SPIDER_MODULES': ['wangyi_finance.spiders'], 'LOG_FILE': 'logs.log', 'BOT_NAME': 'wangyi_finance'}
2016-08-22 14:14:27 [scrapy] INFO: Enabled extensions:
['scrapy.extensions.logstats.LogStats',
 'scrapy.extensions.telnet.TelnetConsole',
 'scrapy.extensions.corestats.CoreStats']
2016-08-22 14:14:27 [scrapy] INFO: Enabled downloader middlewares:
['scrapy.downloadermiddlewares.robotstxt.RobotsTxtMiddleware',
 'scrapy.downloadermiddlewares.httpauth.HttpAuthMiddleware',
 'scrapy.downloadermiddlewares.downloadtimeout.DownloadTimeoutMiddleware',
 'scrapy.downloadermiddlewares.defaultheaders.DefaultHeadersMiddleware',
 'scrapy.downloadermiddlewares.useragent.UserAgentMiddleware',
 'scrapy.downloadermiddlewares.retry.RetryMiddleware',
 'scrapy.downloadermiddlewares.redirect.MetaRefreshMiddleware',
 'scrapy.downloadermiddlewares.httpcompression.HttpCompressionMiddleware',
 'scrapy.downloadermiddlewares.redirect.RedirectMiddleware',
 'scrapy.downloadermiddlewares.cookies.CookiesMiddleware',
 'scrapy.downloadermiddlewares.chunked.ChunkedTransferMiddleware',
 'scrapy.downloadermiddlewares.stats.DownloaderStats']
2016-08-22 14:14:27 [scrapy] INFO: Enabled spider middlewares:
['scrapy.spidermiddlewares.httperror.HttpErrorMiddleware',
 'scrapy.spidermiddlewares.offsite.OffsiteMiddleware',
 'scrapy.spidermiddlewares.referer.RefererMiddleware',
 'scrapy.spidermiddlewares.urllength.UrlLengthMiddleware',
 'scrapy.spidermiddlewares.depth.DepthMiddleware']
2016-08-22 14:14:27 [scrapy] INFO: Enabled item pipelines:
[]
2016-08-22 14:14:27 [scrapy] INFO: Spider opened
2016-08-22 14:14:27 [scrapy] INFO: Crawled 0 pages (at 0 pages/min), scraped 0 items (at 0 items/min)
2016-08-22 14:14:27 [scrapy] DEBUG: Telnet console listening on 127.0.0.1:6023
2016-08-22 14:14:27 [scrapy] DEBUG: Crawled (200) <GET https://8.163.com/robots.txt> (referer: None)
2016-08-22 14:14:27 [scrapy] DEBUG: Crawled (200) <GET https://8.163.com/dqlcProductDetail.htm?productId=2016081711DQ197990819> (referer: None)
2016-08-22 14:14:28 [scrapy] INFO: Closing spider (finished)
2016-08-22 14:14:28 [scrapy] INFO: Dumping Scrapy stats:
{'downloader/request_bytes': 485,
 'downloader/request_count': 2,
 'downloader/request_method_count/GET': 2,
 'downloader/response_bytes': 9737,
 'downloader/response_count': 2,
 'downloader/response_status_count/200': 2,
 'finish_reason': 'finished',
 'finish_time': datetime.datetime(2016, 8, 22, 6, 14, 28, 94930),
 'log_count/DEBUG': 3,
 'log_count/INFO': 7,
 'response_received_count': 2,
 'scheduler/dequeued': 1,
 'scheduler/dequeued/memory': 1,
 'scheduler/enqueued': 1,
 'scheduler/enqueued/memory': 1,
 'start_time': datetime.datetime(2016, 8, 22, 6, 14, 27, 686847)}
2016-08-22 14:14:28 [scrapy] INFO: Spider closed (finished)
2016-08-22 14:14:49 [scrapy] INFO: Scrapy 1.2.0dev2 started (bot: wangyi_finance)
2016-08-22 14:14:49 [scrapy] INFO: Overridden settings: {'NEWSPIDER_MODULE': 'wangyi_finance.spiders', 'ROBOTSTXT_OBEY': True, 'SPIDER_MODULES': ['wangyi_finance.spiders'], 'LOG_FILE': 'logs.log', 'BOT_NAME': 'wangyi_finance'}
2016-08-22 14:14:49 [scrapy] INFO: Enabled extensions:
['scrapy.extensions.logstats.LogStats',
 'scrapy.extensions.telnet.TelnetConsole',
 'scrapy.extensions.corestats.CoreStats']
2016-08-22 14:14:50 [scrapy] INFO: Enabled downloader middlewares:
['scrapy.downloadermiddlewares.robotstxt.RobotsTxtMiddleware',
 'scrapy.downloadermiddlewares.httpauth.HttpAuthMiddleware',
 'scrapy.downloadermiddlewares.downloadtimeout.DownloadTimeoutMiddleware',
 'scrapy.downloadermiddlewares.defaultheaders.DefaultHeadersMiddleware',
 'scrapy.downloadermiddlewares.useragent.UserAgentMiddleware',
 'scrapy.downloadermiddlewares.retry.RetryMiddleware',
 'scrapy.downloadermiddlewares.redirect.MetaRefreshMiddleware',
 'scrapy.downloadermiddlewares.httpcompression.HttpCompressionMiddleware',
 'scrapy.downloadermiddlewares.redirect.RedirectMiddleware',
 'scrapy.downloadermiddlewares.cookies.CookiesMiddleware',
 'scrapy.downloadermiddlewares.chunked.ChunkedTransferMiddleware',
 'scrapy.downloadermiddlewares.stats.DownloaderStats']
2016-08-22 14:14:50 [scrapy] INFO: Enabled spider middlewares:
['scrapy.spidermiddlewares.httperror.HttpErrorMiddleware',
 'scrapy.spidermiddlewares.offsite.OffsiteMiddleware',
 'scrapy.spidermiddlewares.referer.RefererMiddleware',
 'scrapy.spidermiddlewares.urllength.UrlLengthMiddleware',
 'scrapy.spidermiddlewares.depth.DepthMiddleware']
2016-08-22 14:14:50 [scrapy] INFO: Enabled item pipelines:
[]
2016-08-22 14:14:50 [scrapy] INFO: Spider opened
2016-08-22 14:14:50 [scrapy] INFO: Crawled 0 pages (at 0 pages/min), scraped 0 items (at 0 items/min)
2016-08-22 14:14:50 [scrapy] DEBUG: Telnet console listening on 127.0.0.1:6023
2016-08-22 14:14:50 [scrapy] DEBUG: Crawled (200) <GET https://8.163.com/robots.txt> (referer: None)
2016-08-22 14:14:50 [scrapy] DEBUG: Crawled (200) <GET https://8.163.com/dqlcProductDetail.htm?productId=2016081711DQ197990819> (referer: None)
2016-08-22 14:14:50 [scrapy] INFO: Closing spider (finished)
2016-08-22 14:14:50 [scrapy] INFO: Dumping Scrapy stats:
{'downloader/request_bytes': 485,
 'downloader/request_count': 2,
 'downloader/request_method_count/GET': 2,
 'downloader/response_bytes': 9745,
 'downloader/response_count': 2,
 'downloader/response_status_count/200': 2,
 'finish_reason': 'finished',
 'finish_time': datetime.datetime(2016, 8, 22, 6, 14, 50, 434973),
 'log_count/DEBUG': 3,
 'log_count/INFO': 7,
 'response_received_count': 2,
 'scheduler/dequeued': 1,
 'scheduler/dequeued/memory': 1,
 'scheduler/enqueued': 1,
 'scheduler/enqueued/memory': 1,
 'start_time': datetime.datetime(2016, 8, 22, 6, 14, 50, 21697)}
2016-08-22 14:14:50 [scrapy] INFO: Spider closed (finished)
2016-08-22 14:15:21 [scrapy] INFO: Scrapy 1.2.0dev2 started (bot: wangyi_finance)
2016-08-22 14:15:21 [scrapy] INFO: Overridden settings: {'NEWSPIDER_MODULE': 'wangyi_finance.spiders', 'ROBOTSTXT_OBEY': True, 'SPIDER_MODULES': ['wangyi_finance.spiders'], 'LOG_FILE': 'logs.log', 'BOT_NAME': 'wangyi_finance'}
2016-08-22 14:15:21 [scrapy] INFO: Enabled extensions:
['scrapy.extensions.logstats.LogStats',
 'scrapy.extensions.telnet.TelnetConsole',
 'scrapy.extensions.corestats.CoreStats']
2016-08-22 14:15:21 [scrapy] INFO: Enabled downloader middlewares:
['scrapy.downloadermiddlewares.robotstxt.RobotsTxtMiddleware',
 'scrapy.downloadermiddlewares.httpauth.HttpAuthMiddleware',
 'scrapy.downloadermiddlewares.downloadtimeout.DownloadTimeoutMiddleware',
 'scrapy.downloadermiddlewares.defaultheaders.DefaultHeadersMiddleware',
 'scrapy.downloadermiddlewares.useragent.UserAgentMiddleware',
 'scrapy.downloadermiddlewares.retry.RetryMiddleware',
 'scrapy.downloadermiddlewares.redirect.MetaRefreshMiddleware',
 'scrapy.downloadermiddlewares.httpcompression.HttpCompressionMiddleware',
 'scrapy.downloadermiddlewares.redirect.RedirectMiddleware',
 'scrapy.downloadermiddlewares.cookies.CookiesMiddleware',
 'scrapy.downloadermiddlewares.chunked.ChunkedTransferMiddleware',
 'scrapy.downloadermiddlewares.stats.DownloaderStats']
2016-08-22 14:15:21 [scrapy] INFO: Enabled spider middlewares:
['scrapy.spidermiddlewares.httperror.HttpErrorMiddleware',
 'scrapy.spidermiddlewares.offsite.OffsiteMiddleware',
 'scrapy.spidermiddlewares.referer.RefererMiddleware',
 'scrapy.spidermiddlewares.urllength.UrlLengthMiddleware',
 'scrapy.spidermiddlewares.depth.DepthMiddleware']
2016-08-22 14:15:21 [scrapy] INFO: Enabled item pipelines:
[]
2016-08-22 14:15:21 [scrapy] INFO: Spider opened
2016-08-22 14:15:21 [scrapy] INFO: Crawled 0 pages (at 0 pages/min), scraped 0 items (at 0 items/min)
2016-08-22 14:15:21 [scrapy] DEBUG: Telnet console listening on 127.0.0.1:6023
2016-08-22 14:15:22 [scrapy] DEBUG: Crawled (200) <GET https://8.163.com/robots.txt> (referer: None)
2016-08-22 14:15:22 [scrapy] DEBUG: Crawled (200) <GET https://8.163.com/dqlcProductDetail.htm?productId=2016081711DQ197990819> (referer: None)
2016-08-22 14:15:22 [scrapy] INFO: Closing spider (finished)
2016-08-22 14:15:22 [scrapy] INFO: Dumping Scrapy stats:
{'downloader/request_bytes': 485,
 'downloader/request_count': 2,
 'downloader/request_method_count/GET': 2,
 'downloader/response_bytes': 9746,
 'downloader/response_count': 2,
 'downloader/response_status_count/200': 2,
 'finish_reason': 'finished',
 'finish_time': datetime.datetime(2016, 8, 22, 6, 15, 22, 395295),
 'log_count/DEBUG': 3,
 'log_count/INFO': 7,
 'response_received_count': 2,
 'scheduler/dequeued': 1,
 'scheduler/dequeued/memory': 1,
 'scheduler/enqueued': 1,
 'scheduler/enqueued/memory': 1,
 'start_time': datetime.datetime(2016, 8, 22, 6, 15, 21, 984180)}
2016-08-22 14:15:22 [scrapy] INFO: Spider closed (finished)
2016-08-22 14:16:06 [scrapy] INFO: Scrapy 1.2.0dev2 started (bot: wangyi_finance)
2016-08-22 14:16:06 [scrapy] INFO: Overridden settings: {'NEWSPIDER_MODULE': 'wangyi_finance.spiders', 'ROBOTSTXT_OBEY': True, 'SPIDER_MODULES': ['wangyi_finance.spiders'], 'LOG_FILE': 'logs.log', 'BOT_NAME': 'wangyi_finance'}
2016-08-22 14:16:06 [scrapy] INFO: Enabled extensions:
['scrapy.extensions.logstats.LogStats',
 'scrapy.extensions.telnet.TelnetConsole',
 'scrapy.extensions.corestats.CoreStats']
2016-08-22 14:16:06 [scrapy] INFO: Enabled downloader middlewares:
['scrapy.downloadermiddlewares.robotstxt.RobotsTxtMiddleware',
 'scrapy.downloadermiddlewares.httpauth.HttpAuthMiddleware',
 'scrapy.downloadermiddlewares.downloadtimeout.DownloadTimeoutMiddleware',
 'scrapy.downloadermiddlewares.defaultheaders.DefaultHeadersMiddleware',
 'scrapy.downloadermiddlewares.useragent.UserAgentMiddleware',
 'scrapy.downloadermiddlewares.retry.RetryMiddleware',
 'scrapy.downloadermiddlewares.redirect.MetaRefreshMiddleware',
 'scrapy.downloadermiddlewares.httpcompression.HttpCompressionMiddleware',
 'scrapy.downloadermiddlewares.redirect.RedirectMiddleware',
 'scrapy.downloadermiddlewares.cookies.CookiesMiddleware',
 'scrapy.downloadermiddlewares.chunked.ChunkedTransferMiddleware',
 'scrapy.downloadermiddlewares.stats.DownloaderStats']
2016-08-22 14:16:06 [scrapy] INFO: Enabled spider middlewares:
['scrapy.spidermiddlewares.httperror.HttpErrorMiddleware',
 'scrapy.spidermiddlewares.offsite.OffsiteMiddleware',
 'scrapy.spidermiddlewares.referer.RefererMiddleware',
 'scrapy.spidermiddlewares.urllength.UrlLengthMiddleware',
 'scrapy.spidermiddlewares.depth.DepthMiddleware']
2016-08-22 14:16:06 [scrapy] INFO: Enabled item pipelines:
[]
2016-08-22 14:16:06 [scrapy] INFO: Spider opened
2016-08-22 14:16:06 [scrapy] INFO: Crawled 0 pages (at 0 pages/min), scraped 0 items (at 0 items/min)
2016-08-22 14:16:06 [scrapy] DEBUG: Telnet console listening on 127.0.0.1:6023
2016-08-22 14:16:06 [scrapy] DEBUG: Crawled (200) <GET https://8.163.com/robots.txt> (referer: None)
2016-08-22 14:16:07 [scrapy] DEBUG: Crawled (200) <GET https://8.163.com/dqlcProductDetail.htm?productId=2016081711DQ197990819> (referer: None)
2016-08-22 14:16:07 [scrapy] INFO: Closing spider (finished)
2016-08-22 14:16:07 [scrapy] INFO: Dumping Scrapy stats:
{'downloader/request_bytes': 485,
 'downloader/request_count': 2,
 'downloader/request_method_count/GET': 2,
 'downloader/response_bytes': 9749,
 'downloader/response_count': 2,
 'downloader/response_status_count/200': 2,
 'finish_reason': 'finished',
 'finish_time': datetime.datetime(2016, 8, 22, 6, 16, 7, 189100),
 'log_count/DEBUG': 3,
 'log_count/INFO': 7,
 'response_received_count': 2,
 'scheduler/dequeued': 1,
 'scheduler/dequeued/memory': 1,
 'scheduler/enqueued': 1,
 'scheduler/enqueued/memory': 1,
 'start_time': datetime.datetime(2016, 8, 22, 6, 16, 6, 723646)}
2016-08-22 14:16:07 [scrapy] INFO: Spider closed (finished)
2016-08-22 14:17:16 [scrapy] INFO: Scrapy 1.2.0dev2 started (bot: wangyi_finance)
2016-08-22 14:17:16 [scrapy] INFO: Overridden settings: {'NEWSPIDER_MODULE': 'wangyi_finance.spiders', 'ROBOTSTXT_OBEY': True, 'SPIDER_MODULES': ['wangyi_finance.spiders'], 'LOG_FILE': 'logs.log', 'BOT_NAME': 'wangyi_finance'}
2016-08-22 14:17:16 [scrapy] INFO: Enabled extensions:
['scrapy.extensions.logstats.LogStats',
 'scrapy.extensions.telnet.TelnetConsole',
 'scrapy.extensions.corestats.CoreStats']
2016-08-22 14:17:16 [scrapy] INFO: Enabled downloader middlewares:
['scrapy.downloadermiddlewares.robotstxt.RobotsTxtMiddleware',
 'scrapy.downloadermiddlewares.httpauth.HttpAuthMiddleware',
 'scrapy.downloadermiddlewares.downloadtimeout.DownloadTimeoutMiddleware',
 'scrapy.downloadermiddlewares.defaultheaders.DefaultHeadersMiddleware',
 'scrapy.downloadermiddlewares.useragent.UserAgentMiddleware',
 'scrapy.downloadermiddlewares.retry.RetryMiddleware',
 'scrapy.downloadermiddlewares.redirect.MetaRefreshMiddleware',
 'scrapy.downloadermiddlewares.httpcompression.HttpCompressionMiddleware',
 'scrapy.downloadermiddlewares.redirect.RedirectMiddleware',
 'scrapy.downloadermiddlewares.cookies.CookiesMiddleware',
 'scrapy.downloadermiddlewares.chunked.ChunkedTransferMiddleware',
 'scrapy.downloadermiddlewares.stats.DownloaderStats']
2016-08-22 14:17:16 [scrapy] INFO: Enabled spider middlewares:
['scrapy.spidermiddlewares.httperror.HttpErrorMiddleware',
 'scrapy.spidermiddlewares.offsite.OffsiteMiddleware',
 'scrapy.spidermiddlewares.referer.RefererMiddleware',
 'scrapy.spidermiddlewares.urllength.UrlLengthMiddleware',
 'scrapy.spidermiddlewares.depth.DepthMiddleware']
2016-08-22 14:17:16 [scrapy] INFO: Enabled item pipelines:
[]
2016-08-22 14:17:16 [scrapy] INFO: Spider opened
2016-08-22 14:17:16 [scrapy] INFO: Crawled 0 pages (at 0 pages/min), scraped 0 items (at 0 items/min)
2016-08-22 14:17:16 [scrapy] DEBUG: Telnet console listening on 127.0.0.1:6023
2016-08-22 14:17:16 [scrapy] DEBUG: Crawled (200) <GET https://8.163.com/robots.txt> (referer: None)
2016-08-22 14:17:16 [scrapy] DEBUG: Crawled (200) <GET https://8.163.com/dqlcProductDetail.htm?productId=2016081711DQ197990819> (referer: None)
2016-08-22 14:17:16 [scrapy] INFO: Closing spider (finished)
2016-08-22 14:17:16 [scrapy] INFO: Dumping Scrapy stats:
{'downloader/request_bytes': 485,
 'downloader/request_count': 2,
 'downloader/request_method_count/GET': 2,
 'downloader/response_bytes': 9757,
 'downloader/response_count': 2,
 'downloader/response_status_count/200': 2,
 'finish_reason': 'finished',
 'finish_time': datetime.datetime(2016, 8, 22, 6, 17, 16, 850329),
 'log_count/DEBUG': 3,
 'log_count/INFO': 7,
 'response_received_count': 2,
 'scheduler/dequeued': 1,
 'scheduler/dequeued/memory': 1,
 'scheduler/enqueued': 1,
 'scheduler/enqueued/memory': 1,
 'start_time': datetime.datetime(2016, 8, 22, 6, 17, 16, 435587)}
2016-08-22 14:17:16 [scrapy] INFO: Spider closed (finished)
2016-08-22 14:17:29 [scrapy] INFO: Scrapy 1.2.0dev2 started (bot: wangyi_finance)
2016-08-22 14:17:29 [scrapy] INFO: Overridden settings: {'NEWSPIDER_MODULE': 'wangyi_finance.spiders', 'ROBOTSTXT_OBEY': True, 'SPIDER_MODULES': ['wangyi_finance.spiders'], 'LOG_FILE': 'logs.log', 'BOT_NAME': 'wangyi_finance'}
2016-08-22 14:17:29 [scrapy] INFO: Enabled extensions:
['scrapy.extensions.logstats.LogStats',
 'scrapy.extensions.telnet.TelnetConsole',
 'scrapy.extensions.corestats.CoreStats']
2016-08-22 14:17:29 [scrapy] INFO: Enabled downloader middlewares:
['scrapy.downloadermiddlewares.robotstxt.RobotsTxtMiddleware',
 'scrapy.downloadermiddlewares.httpauth.HttpAuthMiddleware',
 'scrapy.downloadermiddlewares.downloadtimeout.DownloadTimeoutMiddleware',
 'scrapy.downloadermiddlewares.defaultheaders.DefaultHeadersMiddleware',
 'scrapy.downloadermiddlewares.useragent.UserAgentMiddleware',
 'scrapy.downloadermiddlewares.retry.RetryMiddleware',
 'scrapy.downloadermiddlewares.redirect.MetaRefreshMiddleware',
 'scrapy.downloadermiddlewares.httpcompression.HttpCompressionMiddleware',
 'scrapy.downloadermiddlewares.redirect.RedirectMiddleware',
 'scrapy.downloadermiddlewares.cookies.CookiesMiddleware',
 'scrapy.downloadermiddlewares.chunked.ChunkedTransferMiddleware',
 'scrapy.downloadermiddlewares.stats.DownloaderStats']
2016-08-22 14:17:29 [scrapy] INFO: Enabled spider middlewares:
['scrapy.spidermiddlewares.httperror.HttpErrorMiddleware',
 'scrapy.spidermiddlewares.offsite.OffsiteMiddleware',
 'scrapy.spidermiddlewares.referer.RefererMiddleware',
 'scrapy.spidermiddlewares.urllength.UrlLengthMiddleware',
 'scrapy.spidermiddlewares.depth.DepthMiddleware']
2016-08-22 14:17:29 [scrapy] INFO: Enabled item pipelines:
[]
2016-08-22 14:17:29 [scrapy] INFO: Spider opened
2016-08-22 14:17:29 [scrapy] INFO: Crawled 0 pages (at 0 pages/min), scraped 0 items (at 0 items/min)
2016-08-22 14:17:29 [scrapy] DEBUG: Telnet console listening on 127.0.0.1:6023
2016-08-22 14:17:29 [scrapy] DEBUG: Crawled (200) <GET https://8.163.com/robots.txt> (referer: None)
2016-08-22 14:17:29 [scrapy] DEBUG: Crawled (200) <GET https://8.163.com/dqlcProductDetail.htm?productId=2016081711DQ197990819> (referer: None)
2016-08-22 14:17:29 [scrapy] INFO: Closing spider (finished)
2016-08-22 14:17:29 [scrapy] INFO: Dumping Scrapy stats:
{'downloader/request_bytes': 485,
 'downloader/request_count': 2,
 'downloader/request_method_count/GET': 2,
 'downloader/response_bytes': 9720,
 'downloader/response_count': 2,
 'downloader/response_status_count/200': 2,
 'finish_reason': 'finished',
 'finish_time': datetime.datetime(2016, 8, 22, 6, 17, 29, 538482),
 'log_count/DEBUG': 3,
 'log_count/INFO': 7,
 'response_received_count': 2,
 'scheduler/dequeued': 1,
 'scheduler/dequeued/memory': 1,
 'scheduler/enqueued': 1,
 'scheduler/enqueued/memory': 1,
 'start_time': datetime.datetime(2016, 8, 22, 6, 17, 29, 146020)}
2016-08-22 14:17:29 [scrapy] INFO: Spider closed (finished)
2016-08-22 14:18:02 [scrapy] INFO: Scrapy 1.2.0dev2 started (bot: wangyi_finance)
2016-08-22 14:18:02 [scrapy] INFO: Overridden settings: {'NEWSPIDER_MODULE': 'wangyi_finance.spiders', 'ROBOTSTXT_OBEY': True, 'SPIDER_MODULES': ['wangyi_finance.spiders'], 'LOG_FILE': 'logs.log', 'BOT_NAME': 'wangyi_finance'}
2016-08-22 14:18:02 [scrapy] INFO: Enabled extensions:
['scrapy.extensions.logstats.LogStats',
 'scrapy.extensions.telnet.TelnetConsole',
 'scrapy.extensions.corestats.CoreStats']
2016-08-22 14:18:02 [scrapy] INFO: Enabled downloader middlewares:
['scrapy.downloadermiddlewares.robotstxt.RobotsTxtMiddleware',
 'scrapy.downloadermiddlewares.httpauth.HttpAuthMiddleware',
 'scrapy.downloadermiddlewares.downloadtimeout.DownloadTimeoutMiddleware',
 'scrapy.downloadermiddlewares.defaultheaders.DefaultHeadersMiddleware',
 'scrapy.downloadermiddlewares.useragent.UserAgentMiddleware',
 'scrapy.downloadermiddlewares.retry.RetryMiddleware',
 'scrapy.downloadermiddlewares.redirect.MetaRefreshMiddleware',
 'scrapy.downloadermiddlewares.httpcompression.HttpCompressionMiddleware',
 'scrapy.downloadermiddlewares.redirect.RedirectMiddleware',
 'scrapy.downloadermiddlewares.cookies.CookiesMiddleware',
 'scrapy.downloadermiddlewares.chunked.ChunkedTransferMiddleware',
 'scrapy.downloadermiddlewares.stats.DownloaderStats']
2016-08-22 14:18:02 [scrapy] INFO: Enabled spider middlewares:
['scrapy.spidermiddlewares.httperror.HttpErrorMiddleware',
 'scrapy.spidermiddlewares.offsite.OffsiteMiddleware',
 'scrapy.spidermiddlewares.referer.RefererMiddleware',
 'scrapy.spidermiddlewares.urllength.UrlLengthMiddleware',
 'scrapy.spidermiddlewares.depth.DepthMiddleware']
2016-08-22 14:18:02 [scrapy] INFO: Enabled item pipelines:
[]
2016-08-22 14:18:02 [scrapy] INFO: Spider opened
2016-08-22 14:18:02 [scrapy] INFO: Crawled 0 pages (at 0 pages/min), scraped 0 items (at 0 items/min)
2016-08-22 14:18:02 [scrapy] DEBUG: Telnet console listening on 127.0.0.1:6023
2016-08-22 14:18:02 [scrapy] DEBUG: Crawled (200) <GET https://8.163.com/robots.txt> (referer: None)
2016-08-22 14:18:02 [scrapy] DEBUG: Crawled (200) <GET https://8.163.com/dqlcProductDetail.htm?productId=2016081711DQ197990819> (referer: None)
2016-08-22 14:18:02 [scrapy] INFO: Closing spider (finished)
2016-08-22 14:18:02 [scrapy] INFO: Dumping Scrapy stats:
{'downloader/request_bytes': 485,
 'downloader/request_count': 2,
 'downloader/request_method_count/GET': 2,
 'downloader/response_bytes': 9746,
 'downloader/response_count': 2,
 'downloader/response_status_count/200': 2,
 'finish_reason': 'finished',
 'finish_time': datetime.datetime(2016, 8, 22, 6, 18, 2, 631710),
 'log_count/DEBUG': 3,
 'log_count/INFO': 7,
 'response_received_count': 2,
 'scheduler/dequeued': 1,
 'scheduler/dequeued/memory': 1,
 'scheduler/enqueued': 1,
 'scheduler/enqueued/memory': 1,
 'start_time': datetime.datetime(2016, 8, 22, 6, 18, 2, 213546)}
2016-08-22 14:18:02 [scrapy] INFO: Spider closed (finished)
2016-08-22 14:18:15 [scrapy] INFO: Scrapy 1.2.0dev2 started (bot: wangyi_finance)
2016-08-22 14:18:15 [scrapy] INFO: Overridden settings: {'NEWSPIDER_MODULE': 'wangyi_finance.spiders', 'ROBOTSTXT_OBEY': True, 'SPIDER_MODULES': ['wangyi_finance.spiders'], 'LOG_FILE': 'logs.log', 'BOT_NAME': 'wangyi_finance'}
2016-08-22 14:18:15 [scrapy] INFO: Enabled extensions:
['scrapy.extensions.logstats.LogStats',
 'scrapy.extensions.telnet.TelnetConsole',
 'scrapy.extensions.corestats.CoreStats']
2016-08-22 14:18:15 [scrapy] INFO: Enabled downloader middlewares:
['scrapy.downloadermiddlewares.robotstxt.RobotsTxtMiddleware',
 'scrapy.downloadermiddlewares.httpauth.HttpAuthMiddleware',
 'scrapy.downloadermiddlewares.downloadtimeout.DownloadTimeoutMiddleware',
 'scrapy.downloadermiddlewares.defaultheaders.DefaultHeadersMiddleware',
 'scrapy.downloadermiddlewares.useragent.UserAgentMiddleware',
 'scrapy.downloadermiddlewares.retry.RetryMiddleware',
 'scrapy.downloadermiddlewares.redirect.MetaRefreshMiddleware',
 'scrapy.downloadermiddlewares.httpcompression.HttpCompressionMiddleware',
 'scrapy.downloadermiddlewares.redirect.RedirectMiddleware',
 'scrapy.downloadermiddlewares.cookies.CookiesMiddleware',
 'scrapy.downloadermiddlewares.chunked.ChunkedTransferMiddleware',
 'scrapy.downloadermiddlewares.stats.DownloaderStats']
2016-08-22 14:18:15 [scrapy] INFO: Enabled spider middlewares:
['scrapy.spidermiddlewares.httperror.HttpErrorMiddleware',
 'scrapy.spidermiddlewares.offsite.OffsiteMiddleware',
 'scrapy.spidermiddlewares.referer.RefererMiddleware',
 'scrapy.spidermiddlewares.urllength.UrlLengthMiddleware',
 'scrapy.spidermiddlewares.depth.DepthMiddleware']
2016-08-22 14:18:15 [scrapy] INFO: Enabled item pipelines:
[]
2016-08-22 14:18:15 [scrapy] INFO: Spider opened
2016-08-22 14:18:15 [scrapy] INFO: Crawled 0 pages (at 0 pages/min), scraped 0 items (at 0 items/min)
2016-08-22 14:18:15 [scrapy] DEBUG: Telnet console listening on 127.0.0.1:6023
2016-08-22 14:18:15 [scrapy] DEBUG: Crawled (200) <GET https://8.163.com/robots.txt> (referer: None)
2016-08-22 14:18:15 [scrapy] DEBUG: Crawled (200) <GET https://8.163.com/dqlcProductDetail.htm?productId=2016081711DQ197990819> (referer: None)
2016-08-22 14:18:15 [scrapy] INFO: Closing spider (finished)
2016-08-22 14:18:15 [scrapy] INFO: Dumping Scrapy stats:
{'downloader/request_bytes': 485,
 'downloader/request_count': 2,
 'downloader/request_method_count/GET': 2,
 'downloader/response_bytes': 9741,
 'downloader/response_count': 2,
 'downloader/response_status_count/200': 2,
 'finish_reason': 'finished',
 'finish_time': datetime.datetime(2016, 8, 22, 6, 18, 15, 484161),
 'log_count/DEBUG': 3,
 'log_count/INFO': 7,
 'response_received_count': 2,
 'scheduler/dequeued': 1,
 'scheduler/dequeued/memory': 1,
 'scheduler/enqueued': 1,
 'scheduler/enqueued/memory': 1,
 'start_time': datetime.datetime(2016, 8, 22, 6, 18, 15, 97462)}
2016-08-22 14:18:15 [scrapy] INFO: Spider closed (finished)
2016-08-22 14:20:13 [scrapy] INFO: Scrapy 1.2.0dev2 started (bot: wangyi_finance)
2016-08-22 14:20:13 [scrapy] INFO: Overridden settings: {'NEWSPIDER_MODULE': 'wangyi_finance.spiders', 'ROBOTSTXT_OBEY': True, 'SPIDER_MODULES': ['wangyi_finance.spiders'], 'LOG_FILE': 'logs.log', 'BOT_NAME': 'wangyi_finance'}
2016-08-22 14:20:13 [scrapy] INFO: Enabled extensions:
['scrapy.extensions.logstats.LogStats',
 'scrapy.extensions.telnet.TelnetConsole',
 'scrapy.extensions.corestats.CoreStats']
2016-08-22 14:20:13 [scrapy] INFO: Enabled downloader middlewares:
['scrapy.downloadermiddlewares.robotstxt.RobotsTxtMiddleware',
 'scrapy.downloadermiddlewares.httpauth.HttpAuthMiddleware',
 'scrapy.downloadermiddlewares.downloadtimeout.DownloadTimeoutMiddleware',
 'scrapy.downloadermiddlewares.defaultheaders.DefaultHeadersMiddleware',
 'scrapy.downloadermiddlewares.useragent.UserAgentMiddleware',
 'scrapy.downloadermiddlewares.retry.RetryMiddleware',
 'scrapy.downloadermiddlewares.redirect.MetaRefreshMiddleware',
 'scrapy.downloadermiddlewares.httpcompression.HttpCompressionMiddleware',
 'scrapy.downloadermiddlewares.redirect.RedirectMiddleware',
 'scrapy.downloadermiddlewares.cookies.CookiesMiddleware',
 'scrapy.downloadermiddlewares.chunked.ChunkedTransferMiddleware',
 'scrapy.downloadermiddlewares.stats.DownloaderStats']
2016-08-22 14:20:13 [scrapy] INFO: Enabled spider middlewares:
['scrapy.spidermiddlewares.httperror.HttpErrorMiddleware',
 'scrapy.spidermiddlewares.offsite.OffsiteMiddleware',
 'scrapy.spidermiddlewares.referer.RefererMiddleware',
 'scrapy.spidermiddlewares.urllength.UrlLengthMiddleware',
 'scrapy.spidermiddlewares.depth.DepthMiddleware']
2016-08-22 14:20:13 [scrapy] INFO: Enabled item pipelines:
[]
2016-08-22 14:20:13 [scrapy] INFO: Spider opened
2016-08-22 14:20:13 [scrapy] INFO: Crawled 0 pages (at 0 pages/min), scraped 0 items (at 0 items/min)
2016-08-22 14:20:13 [scrapy] DEBUG: Telnet console listening on 127.0.0.1:6023
2016-08-22 14:20:14 [scrapy] DEBUG: Crawled (200) <GET https://8.163.com/robots.txt> (referer: None)
2016-08-22 14:20:14 [scrapy] DEBUG: Crawled (200) <GET https://8.163.com/dqlcProductDetail.htm?productId=2016081711DQ197990819> (referer: None)
2016-08-22 14:20:14 [scrapy] INFO: Closing spider (finished)
2016-08-22 14:20:14 [scrapy] INFO: Dumping Scrapy stats:
{'downloader/request_bytes': 485,
 'downloader/request_count': 2,
 'downloader/request_method_count/GET': 2,
 'downloader/response_bytes': 9719,
 'downloader/response_count': 2,
 'downloader/response_status_count/200': 2,
 'finish_reason': 'finished',
 'finish_time': datetime.datetime(2016, 8, 22, 6, 20, 14, 314705),
 'log_count/DEBUG': 3,
 'log_count/INFO': 7,
 'response_received_count': 2,
 'scheduler/dequeued': 1,
 'scheduler/dequeued/memory': 1,
 'scheduler/enqueued': 1,
 'scheduler/enqueued/memory': 1,
 'start_time': datetime.datetime(2016, 8, 22, 6, 20, 13, 707298)}
2016-08-22 14:20:14 [scrapy] INFO: Spider closed (finished)
2016-08-22 14:20:44 [scrapy] INFO: Scrapy 1.2.0dev2 started (bot: wangyi_finance)
2016-08-22 14:20:44 [scrapy] INFO: Overridden settings: {'NEWSPIDER_MODULE': 'wangyi_finance.spiders', 'ROBOTSTXT_OBEY': True, 'SPIDER_MODULES': ['wangyi_finance.spiders'], 'LOG_FILE': 'logs.log', 'BOT_NAME': 'wangyi_finance'}
2016-08-22 14:20:44 [scrapy] INFO: Enabled extensions:
['scrapy.extensions.logstats.LogStats',
 'scrapy.extensions.telnet.TelnetConsole',
 'scrapy.extensions.corestats.CoreStats']
2016-08-22 14:20:44 [scrapy] INFO: Enabled downloader middlewares:
['scrapy.downloadermiddlewares.robotstxt.RobotsTxtMiddleware',
 'scrapy.downloadermiddlewares.httpauth.HttpAuthMiddleware',
 'scrapy.downloadermiddlewares.downloadtimeout.DownloadTimeoutMiddleware',
 'scrapy.downloadermiddlewares.defaultheaders.DefaultHeadersMiddleware',
 'scrapy.downloadermiddlewares.useragent.UserAgentMiddleware',
 'scrapy.downloadermiddlewares.retry.RetryMiddleware',
 'scrapy.downloadermiddlewares.redirect.MetaRefreshMiddleware',
 'scrapy.downloadermiddlewares.httpcompression.HttpCompressionMiddleware',
 'scrapy.downloadermiddlewares.redirect.RedirectMiddleware',
 'scrapy.downloadermiddlewares.cookies.CookiesMiddleware',
 'scrapy.downloadermiddlewares.chunked.ChunkedTransferMiddleware',
 'scrapy.downloadermiddlewares.stats.DownloaderStats']
2016-08-22 14:20:44 [scrapy] INFO: Enabled spider middlewares:
['scrapy.spidermiddlewares.httperror.HttpErrorMiddleware',
 'scrapy.spidermiddlewares.offsite.OffsiteMiddleware',
 'scrapy.spidermiddlewares.referer.RefererMiddleware',
 'scrapy.spidermiddlewares.urllength.UrlLengthMiddleware',
 'scrapy.spidermiddlewares.depth.DepthMiddleware']
2016-08-22 14:20:44 [scrapy] INFO: Enabled item pipelines:
[]
2016-08-22 14:20:44 [scrapy] INFO: Spider opened
2016-08-22 14:20:44 [scrapy] INFO: Crawled 0 pages (at 0 pages/min), scraped 0 items (at 0 items/min)
2016-08-22 14:20:44 [scrapy] DEBUG: Telnet console listening on 127.0.0.1:6023
2016-08-22 14:20:44 [scrapy] DEBUG: Crawled (200) <GET https://8.163.com/robots.txt> (referer: None)
2016-08-22 14:20:45 [scrapy] DEBUG: Crawled (200) <GET https://8.163.com/dqlcProductDetail.htm?productId=2016081711DQ197990819> (referer: None)
2016-08-22 14:20:45 [scrapy] INFO: Closing spider (finished)
2016-08-22 14:20:45 [scrapy] INFO: Dumping Scrapy stats:
{'downloader/request_bytes': 485,
 'downloader/request_count': 2,
 'downloader/request_method_count/GET': 2,
 'downloader/response_bytes': 9727,
 'downloader/response_count': 2,
 'downloader/response_status_count/200': 2,
 'finish_reason': 'finished',
 'finish_time': datetime.datetime(2016, 8, 22, 6, 20, 45, 194872),
 'log_count/DEBUG': 3,
 'log_count/INFO': 7,
 'response_received_count': 2,
 'scheduler/dequeued': 1,
 'scheduler/dequeued/memory': 1,
 'scheduler/enqueued': 1,
 'scheduler/enqueued/memory': 1,
 'start_time': datetime.datetime(2016, 8, 22, 6, 20, 44, 603160)}
2016-08-22 14:20:45 [scrapy] INFO: Spider closed (finished)
2016-08-22 14:21:56 [scrapy] INFO: Scrapy 1.2.0dev2 started (bot: wangyi_finance)
2016-08-22 14:21:56 [scrapy] INFO: Overridden settings: {'NEWSPIDER_MODULE': 'wangyi_finance.spiders', 'ROBOTSTXT_OBEY': True, 'SPIDER_MODULES': ['wangyi_finance.spiders'], 'LOG_FILE': 'logs.log', 'BOT_NAME': 'wangyi_finance'}
2016-08-22 14:21:56 [scrapy] INFO: Enabled extensions:
['scrapy.extensions.logstats.LogStats',
 'scrapy.extensions.telnet.TelnetConsole',
 'scrapy.extensions.corestats.CoreStats']
2016-08-22 14:21:56 [scrapy] INFO: Enabled downloader middlewares:
['scrapy.downloadermiddlewares.robotstxt.RobotsTxtMiddleware',
 'scrapy.downloadermiddlewares.httpauth.HttpAuthMiddleware',
 'scrapy.downloadermiddlewares.downloadtimeout.DownloadTimeoutMiddleware',
 'scrapy.downloadermiddlewares.defaultheaders.DefaultHeadersMiddleware',
 'scrapy.downloadermiddlewares.useragent.UserAgentMiddleware',
 'scrapy.downloadermiddlewares.retry.RetryMiddleware',
 'scrapy.downloadermiddlewares.redirect.MetaRefreshMiddleware',
 'scrapy.downloadermiddlewares.httpcompression.HttpCompressionMiddleware',
 'scrapy.downloadermiddlewares.redirect.RedirectMiddleware',
 'scrapy.downloadermiddlewares.cookies.CookiesMiddleware',
 'scrapy.downloadermiddlewares.chunked.ChunkedTransferMiddleware',
 'scrapy.downloadermiddlewares.stats.DownloaderStats']
2016-08-22 14:21:56 [scrapy] INFO: Enabled spider middlewares:
['scrapy.spidermiddlewares.httperror.HttpErrorMiddleware',
 'scrapy.spidermiddlewares.offsite.OffsiteMiddleware',
 'scrapy.spidermiddlewares.referer.RefererMiddleware',
 'scrapy.spidermiddlewares.urllength.UrlLengthMiddleware',
 'scrapy.spidermiddlewares.depth.DepthMiddleware']
2016-08-22 14:21:56 [scrapy] INFO: Enabled item pipelines:
[]
2016-08-22 14:21:56 [scrapy] INFO: Spider opened
2016-08-22 14:21:56 [scrapy] INFO: Crawled 0 pages (at 0 pages/min), scraped 0 items (at 0 items/min)
2016-08-22 14:21:56 [scrapy] DEBUG: Telnet console listening on 127.0.0.1:6023
2016-08-22 14:21:56 [scrapy] DEBUG: Crawled (200) <GET https://8.163.com/robots.txt> (referer: None)
2016-08-22 14:21:56 [scrapy] DEBUG: Crawled (200) <GET https://8.163.com/dqlcProductDetail.htm?productId=2016081711DQ197990819> (referer: None)
2016-08-22 14:21:56 [scrapy] INFO: Closing spider (finished)
2016-08-22 14:21:56 [scrapy] INFO: Dumping Scrapy stats:
{'downloader/request_bytes': 485,
 'downloader/request_count': 2,
 'downloader/request_method_count/GET': 2,
 'downloader/response_bytes': 9742,
 'downloader/response_count': 2,
 'downloader/response_status_count/200': 2,
 'finish_reason': 'finished',
 'finish_time': datetime.datetime(2016, 8, 22, 6, 21, 56, 990882),
 'log_count/DEBUG': 3,
 'log_count/INFO': 7,
 'response_received_count': 2,
 'scheduler/dequeued': 1,
 'scheduler/dequeued/memory': 1,
 'scheduler/enqueued': 1,
 'scheduler/enqueued/memory': 1,
 'start_time': datetime.datetime(2016, 8, 22, 6, 21, 56, 426068)}
2016-08-22 14:21:56 [scrapy] INFO: Spider closed (finished)
