2016-08-02 18:35:38 [scrapy] INFO: Scrapy 1.2.0dev2 started (bot: sina_stock_news_us)
2016-08-02 18:35:38 [scrapy] INFO: Overridden settings: {'NEWSPIDER_MODULE': 'sina_stock_news_us.spiders', 'ROBOTSTXT_OBEY': True, 'SPIDER_MODULES': ['sina_stock_news_us.spiders'], 'LOG_FILE': 'logs.log', 'BOT_NAME': 'sina_stock_news_us'}
2016-08-02 18:35:38 [scrapy] INFO: Enabled extensions:
['scrapy.extensions.logstats.LogStats',
 'scrapy.extensions.telnet.TelnetConsole',
 'scrapy.extensions.corestats.CoreStats']
2016-08-02 18:35:38 [scrapy] INFO: Enabled downloader middlewares:
['scrapy.downloadermiddlewares.robotstxt.RobotsTxtMiddleware',
 'scrapy.downloadermiddlewares.httpauth.HttpAuthMiddleware',
 'scrapy.downloadermiddlewares.downloadtimeout.DownloadTimeoutMiddleware',
 'scrapy.downloadermiddlewares.defaultheaders.DefaultHeadersMiddleware',
 'scrapy.downloadermiddlewares.useragent.UserAgentMiddleware',
 'scrapy.downloadermiddlewares.retry.RetryMiddleware',
 'scrapy.downloadermiddlewares.redirect.MetaRefreshMiddleware',
 'scrapy.downloadermiddlewares.httpcompression.HttpCompressionMiddleware',
 'scrapy.downloadermiddlewares.redirect.RedirectMiddleware',
 'scrapy.downloadermiddlewares.cookies.CookiesMiddleware',
 'scrapy.downloadermiddlewares.chunked.ChunkedTransferMiddleware',
 'scrapy.downloadermiddlewares.stats.DownloaderStats']
2016-08-02 18:35:38 [scrapy] INFO: Enabled spider middlewares:
['scrapy.spidermiddlewares.httperror.HttpErrorMiddleware',
 'scrapy.spidermiddlewares.offsite.OffsiteMiddleware',
 'scrapy.spidermiddlewares.referer.RefererMiddleware',
 'scrapy.spidermiddlewares.urllength.UrlLengthMiddleware',
 'scrapy.spidermiddlewares.depth.DepthMiddleware']
2016-08-02 18:35:38 [scrapy] INFO: Enabled item pipelines:
['sina_stock_news_us.pipelines.SinaStockNewsUsPipelineJson']
2016-08-02 18:35:38 [scrapy] INFO: Spider opened
2016-08-02 18:35:38 [scrapy] INFO: Crawled 0 pages (at 0 pages/min), scraped 0 items (at 0 items/min)
2016-08-02 18:35:38 [scrapy] DEBUG: Telnet console listening on 127.0.0.1:6023
2016-08-02 18:35:38 [scrapy] DEBUG: Crawled (200) <GET http://tech.sina.com.cn/robots.txt> (referer: None)
2016-08-02 18:35:38 [scrapy] DEBUG: Crawled (200) <GET http://tech.sina.com.cn/i/2016-07-29/doc-ifxunyxy6002895.shtml> (referer: None)
2016-08-02 18:35:38 [scrapy] INFO: Closing spider (finished)
2016-08-02 18:35:38 [scrapy] INFO: Dumping Scrapy stats:
{'downloader/request_bytes': 484,
 'downloader/request_count': 2,
 'downloader/request_method_count/GET': 2,
 'downloader/response_bytes': 33435,
 'downloader/response_count': 2,
 'downloader/response_status_count/200': 2,
 'finish_reason': 'finished',
 'finish_time': datetime.datetime(2016, 8, 2, 10, 35, 38, 866405),
 'log_count/DEBUG': 3,
 'log_count/INFO': 7,
 'response_received_count': 2,
 'scheduler/dequeued': 1,
 'scheduler/dequeued/memory': 1,
 'scheduler/enqueued': 1,
 'scheduler/enqueued/memory': 1,
 'start_time': datetime.datetime(2016, 8, 2, 10, 35, 38, 662524)}
2016-08-02 18:35:38 [scrapy] INFO: Spider closed (finished)
2016-08-02 18:36:10 [scrapy] INFO: Scrapy 1.2.0dev2 started (bot: sina_stock_news_us)
2016-08-02 18:36:10 [scrapy] INFO: Overridden settings: {'NEWSPIDER_MODULE': 'sina_stock_news_us.spiders', 'ROBOTSTXT_OBEY': True, 'SPIDER_MODULES': ['sina_stock_news_us.spiders'], 'LOG_FILE': 'logs.log', 'BOT_NAME': 'sina_stock_news_us'}
2016-08-02 18:36:10 [scrapy] INFO: Enabled extensions:
['scrapy.extensions.logstats.LogStats',
 'scrapy.extensions.telnet.TelnetConsole',
 'scrapy.extensions.corestats.CoreStats']
2016-08-02 18:36:10 [scrapy] INFO: Enabled downloader middlewares:
['scrapy.downloadermiddlewares.robotstxt.RobotsTxtMiddleware',
 'scrapy.downloadermiddlewares.httpauth.HttpAuthMiddleware',
 'scrapy.downloadermiddlewares.downloadtimeout.DownloadTimeoutMiddleware',
 'scrapy.downloadermiddlewares.defaultheaders.DefaultHeadersMiddleware',
 'scrapy.downloadermiddlewares.useragent.UserAgentMiddleware',
 'scrapy.downloadermiddlewares.retry.RetryMiddleware',
 'scrapy.downloadermiddlewares.redirect.MetaRefreshMiddleware',
 'scrapy.downloadermiddlewares.httpcompression.HttpCompressionMiddleware',
 'scrapy.downloadermiddlewares.redirect.RedirectMiddleware',
 'scrapy.downloadermiddlewares.cookies.CookiesMiddleware',
 'scrapy.downloadermiddlewares.chunked.ChunkedTransferMiddleware',
 'scrapy.downloadermiddlewares.stats.DownloaderStats']
2016-08-02 18:36:10 [scrapy] INFO: Enabled spider middlewares:
['scrapy.spidermiddlewares.httperror.HttpErrorMiddleware',
 'scrapy.spidermiddlewares.offsite.OffsiteMiddleware',
 'scrapy.spidermiddlewares.referer.RefererMiddleware',
 'scrapy.spidermiddlewares.urllength.UrlLengthMiddleware',
 'scrapy.spidermiddlewares.depth.DepthMiddleware']
2016-08-02 18:36:10 [scrapy] INFO: Enabled item pipelines:
['sina_stock_news_us.pipelines.SinaStockNewsUsPipelineJson']
2016-08-02 18:36:10 [scrapy] INFO: Spider opened
2016-08-02 18:36:10 [scrapy] INFO: Crawled 0 pages (at 0 pages/min), scraped 0 items (at 0 items/min)
2016-08-02 18:36:10 [scrapy] DEBUG: Telnet console listening on 127.0.0.1:6023
2016-08-02 18:36:10 [scrapy] DEBUG: Crawled (200) <GET http://tech.sina.com.cn/robots.txt> (referer: None)
2016-08-02 18:36:10 [scrapy] DEBUG: Crawled (200) <GET http://tech.sina.com.cn/i/2016-07-29/doc-ifxunyxy6002895.shtml> (referer: None)
2016-08-02 18:36:10 [scrapy] INFO: Closing spider (finished)
2016-08-02 18:36:10 [scrapy] INFO: Dumping Scrapy stats:
{'downloader/request_bytes': 484,
 'downloader/request_count': 2,
 'downloader/request_method_count/GET': 2,
 'downloader/response_bytes': 33452,
 'downloader/response_count': 2,
 'downloader/response_status_count/200': 2,
 'finish_reason': 'finished',
 'finish_time': datetime.datetime(2016, 8, 2, 10, 36, 10, 777862),
 'log_count/DEBUG': 3,
 'log_count/INFO': 7,
 'response_received_count': 2,
 'scheduler/dequeued': 1,
 'scheduler/dequeued/memory': 1,
 'scheduler/enqueued': 1,
 'scheduler/enqueued/memory': 1,
 'start_time': datetime.datetime(2016, 8, 2, 10, 36, 10, 570110)}
2016-08-02 18:36:10 [scrapy] INFO: Spider closed (finished)
2016-08-02 18:51:20 [scrapy] INFO: Scrapy 1.2.0dev2 started (bot: sina_stock_news_us)
2016-08-02 18:51:20 [scrapy] INFO: Overridden settings: {'NEWSPIDER_MODULE': 'sina_stock_news_us.spiders', 'ROBOTSTXT_OBEY': True, 'SPIDER_MODULES': ['sina_stock_news_us.spiders'], 'LOG_FILE': 'logs.log', 'BOT_NAME': 'sina_stock_news_us'}
2016-08-02 18:51:20 [scrapy] INFO: Enabled extensions:
['scrapy.extensions.logstats.LogStats',
 'scrapy.extensions.telnet.TelnetConsole',
 'scrapy.extensions.corestats.CoreStats']
2016-08-02 18:51:20 [scrapy] INFO: Enabled downloader middlewares:
['scrapy.downloadermiddlewares.robotstxt.RobotsTxtMiddleware',
 'scrapy.downloadermiddlewares.httpauth.HttpAuthMiddleware',
 'scrapy.downloadermiddlewares.downloadtimeout.DownloadTimeoutMiddleware',
 'scrapy.downloadermiddlewares.defaultheaders.DefaultHeadersMiddleware',
 'scrapy.downloadermiddlewares.useragent.UserAgentMiddleware',
 'scrapy.downloadermiddlewares.retry.RetryMiddleware',
 'scrapy.downloadermiddlewares.redirect.MetaRefreshMiddleware',
 'scrapy.downloadermiddlewares.httpcompression.HttpCompressionMiddleware',
 'scrapy.downloadermiddlewares.redirect.RedirectMiddleware',
 'scrapy.downloadermiddlewares.cookies.CookiesMiddleware',
 'scrapy.downloadermiddlewares.chunked.ChunkedTransferMiddleware',
 'scrapy.downloadermiddlewares.stats.DownloaderStats']
2016-08-02 18:51:20 [scrapy] INFO: Enabled spider middlewares:
['scrapy.spidermiddlewares.httperror.HttpErrorMiddleware',
 'scrapy.spidermiddlewares.offsite.OffsiteMiddleware',
 'scrapy.spidermiddlewares.referer.RefererMiddleware',
 'scrapy.spidermiddlewares.urllength.UrlLengthMiddleware',
 'scrapy.spidermiddlewares.depth.DepthMiddleware']
2016-08-02 18:51:20 [scrapy] INFO: Enabled item pipelines:
['sina_stock_news_us.pipelines.SinaStockNewsUsPipelineJson']
2016-08-02 18:51:20 [scrapy] INFO: Spider opened
2016-08-02 18:51:20 [scrapy] INFO: Crawled 0 pages (at 0 pages/min), scraped 0 items (at 0 items/min)
2016-08-02 18:51:20 [scrapy] DEBUG: Telnet console listening on 127.0.0.1:6023
2016-08-02 18:51:20 [scrapy] DEBUG: Crawled (200) <GET http://tech.sina.com.cn/robots.txt> (referer: None)
2016-08-02 18:51:22 [scrapy] DEBUG: Crawled (200) <GET http://tech.sina.com.cn/i/2016-07-29/doc-ifxunyxy6002895.shtml> (referer: None)
2016-08-02 18:51:22 [scrapy] INFO: Closing spider (finished)
2016-08-02 18:51:22 [scrapy] INFO: Dumping Scrapy stats:
{'downloader/request_bytes': 484,
 'downloader/request_count': 2,
 'downloader/request_method_count/GET': 2,
 'downloader/response_bytes': 33435,
 'downloader/response_count': 2,
 'downloader/response_status_count/200': 2,
 'finish_reason': 'finished',
 'finish_time': datetime.datetime(2016, 8, 2, 10, 51, 22, 969265),
 'log_count/DEBUG': 3,
 'log_count/INFO': 7,
 'response_received_count': 2,
 'scheduler/dequeued': 1,
 'scheduler/dequeued/memory': 1,
 'scheduler/enqueued': 1,
 'scheduler/enqueued/memory': 1,
 'start_time': datetime.datetime(2016, 8, 2, 10, 51, 20, 775179)}
2016-08-02 18:51:22 [scrapy] INFO: Spider closed (finished)
2016-08-02 18:55:07 [scrapy] INFO: Scrapy 1.2.0dev2 started (bot: sina_stock_news_us)
2016-08-02 18:55:07 [scrapy] INFO: Overridden settings: {'NEWSPIDER_MODULE': 'sina_stock_news_us.spiders', 'ROBOTSTXT_OBEY': True, 'SPIDER_MODULES': ['sina_stock_news_us.spiders'], 'LOG_FILE': 'logs.log', 'BOT_NAME': 'sina_stock_news_us'}
2016-08-02 18:55:07 [scrapy] INFO: Enabled extensions:
['scrapy.extensions.logstats.LogStats',
 'scrapy.extensions.telnet.TelnetConsole',
 'scrapy.extensions.corestats.CoreStats']
2016-08-02 18:55:07 [scrapy] INFO: Enabled downloader middlewares:
['scrapy.downloadermiddlewares.robotstxt.RobotsTxtMiddleware',
 'scrapy.downloadermiddlewares.httpauth.HttpAuthMiddleware',
 'scrapy.downloadermiddlewares.downloadtimeout.DownloadTimeoutMiddleware',
 'scrapy.downloadermiddlewares.defaultheaders.DefaultHeadersMiddleware',
 'scrapy.downloadermiddlewares.useragent.UserAgentMiddleware',
 'scrapy.downloadermiddlewares.retry.RetryMiddleware',
 'scrapy.downloadermiddlewares.redirect.MetaRefreshMiddleware',
 'scrapy.downloadermiddlewares.httpcompression.HttpCompressionMiddleware',
 'scrapy.downloadermiddlewares.redirect.RedirectMiddleware',
 'scrapy.downloadermiddlewares.cookies.CookiesMiddleware',
 'scrapy.downloadermiddlewares.chunked.ChunkedTransferMiddleware',
 'scrapy.downloadermiddlewares.stats.DownloaderStats']
2016-08-02 18:55:07 [scrapy] INFO: Enabled spider middlewares:
['scrapy.spidermiddlewares.httperror.HttpErrorMiddleware',
 'scrapy.spidermiddlewares.offsite.OffsiteMiddleware',
 'scrapy.spidermiddlewares.referer.RefererMiddleware',
 'scrapy.spidermiddlewares.urllength.UrlLengthMiddleware',
 'scrapy.spidermiddlewares.depth.DepthMiddleware']
2016-08-02 18:55:07 [scrapy] INFO: Enabled item pipelines:
['sina_stock_news_us.pipelines.SinaStockNewsUsPipelineJson']
2016-08-02 18:55:07 [scrapy] INFO: Spider opened
2016-08-02 18:55:07 [scrapy] INFO: Crawled 0 pages (at 0 pages/min), scraped 0 items (at 0 items/min)
2016-08-02 18:55:07 [scrapy] DEBUG: Telnet console listening on 127.0.0.1:6023
2016-08-02 18:55:07 [scrapy] DEBUG: Crawled (200) <GET http://tech.sina.com.cn/robots.txt> (referer: None)
2016-08-02 18:55:07 [scrapy] DEBUG: Crawled (200) <GET http://tech.sina.com.cn/i/2016-07-29/doc-ifxunyxy6002895.shtml> (referer: None)
2016-08-02 18:55:07 [scrapy] INFO: Closing spider (finished)
2016-08-02 18:55:07 [scrapy] INFO: Dumping Scrapy stats:
{'downloader/request_bytes': 484,
 'downloader/request_count': 2,
 'downloader/request_method_count/GET': 2,
 'downloader/response_bytes': 33435,
 'downloader/response_count': 2,
 'downloader/response_status_count/200': 2,
 'finish_reason': 'finished',
 'finish_time': datetime.datetime(2016, 8, 2, 10, 55, 7, 586934),
 'log_count/DEBUG': 3,
 'log_count/INFO': 7,
 'response_received_count': 2,
 'scheduler/dequeued': 1,
 'scheduler/dequeued/memory': 1,
 'scheduler/enqueued': 1,
 'scheduler/enqueued/memory': 1,
 'start_time': datetime.datetime(2016, 8, 2, 10, 55, 7, 253244)}
2016-08-02 18:55:07 [scrapy] INFO: Spider closed (finished)
2016-08-02 19:04:17 [scrapy] INFO: Scrapy 1.2.0dev2 started (bot: sina_stock_news_us)
2016-08-02 19:04:17 [scrapy] INFO: Overridden settings: {'NEWSPIDER_MODULE': 'sina_stock_news_us.spiders', 'ROBOTSTXT_OBEY': True, 'SPIDER_MODULES': ['sina_stock_news_us.spiders'], 'LOG_FILE': 'logs.log', 'BOT_NAME': 'sina_stock_news_us'}
2016-08-02 19:04:17 [scrapy] INFO: Enabled extensions:
['scrapy.extensions.logstats.LogStats',
 'scrapy.extensions.telnet.TelnetConsole',
 'scrapy.extensions.corestats.CoreStats']
2016-08-02 19:04:17 [scrapy] INFO: Enabled downloader middlewares:
['scrapy.downloadermiddlewares.robotstxt.RobotsTxtMiddleware',
 'scrapy.downloadermiddlewares.httpauth.HttpAuthMiddleware',
 'scrapy.downloadermiddlewares.downloadtimeout.DownloadTimeoutMiddleware',
 'scrapy.downloadermiddlewares.defaultheaders.DefaultHeadersMiddleware',
 'scrapy.downloadermiddlewares.useragent.UserAgentMiddleware',
 'scrapy.downloadermiddlewares.retry.RetryMiddleware',
 'scrapy.downloadermiddlewares.redirect.MetaRefreshMiddleware',
 'scrapy.downloadermiddlewares.httpcompression.HttpCompressionMiddleware',
 'scrapy.downloadermiddlewares.redirect.RedirectMiddleware',
 'scrapy.downloadermiddlewares.cookies.CookiesMiddleware',
 'scrapy.downloadermiddlewares.chunked.ChunkedTransferMiddleware',
 'scrapy.downloadermiddlewares.stats.DownloaderStats']
2016-08-02 19:04:17 [scrapy] INFO: Enabled spider middlewares:
['scrapy.spidermiddlewares.httperror.HttpErrorMiddleware',
 'scrapy.spidermiddlewares.offsite.OffsiteMiddleware',
 'scrapy.spidermiddlewares.referer.RefererMiddleware',
 'scrapy.spidermiddlewares.urllength.UrlLengthMiddleware',
 'scrapy.spidermiddlewares.depth.DepthMiddleware']
2016-08-02 19:04:17 [scrapy] INFO: Enabled item pipelines:
['sina_stock_news_us.pipelines.SinaStockNewsUsPipelineJson']
2016-08-02 19:04:17 [scrapy] INFO: Spider opened
2016-08-02 19:04:17 [scrapy] INFO: Crawled 0 pages (at 0 pages/min), scraped 0 items (at 0 items/min)
2016-08-02 19:04:17 [scrapy] DEBUG: Telnet console listening on 127.0.0.1:6023
2016-08-02 19:04:17 [scrapy] DEBUG: Crawled (200) <GET http://tech.sina.com.cn/robots.txt> (referer: None)
2016-08-02 19:04:17 [scrapy] DEBUG: Crawled (200) <GET http://tech.sina.com.cn/i/2016-07-29/doc-ifxunyxy6002895.shtml> (referer: None)
2016-08-02 19:04:17 [scrapy] INFO: Closing spider (finished)
2016-08-02 19:04:17 [scrapy] INFO: Dumping Scrapy stats:
{'downloader/request_bytes': 484,
 'downloader/request_count': 2,
 'downloader/request_method_count/GET': 2,
 'downloader/response_bytes': 33434,
 'downloader/response_count': 2,
 'downloader/response_status_count/200': 2,
 'finish_reason': 'finished',
 'finish_time': datetime.datetime(2016, 8, 2, 11, 4, 17, 325212),
 'log_count/DEBUG': 3,
 'log_count/INFO': 7,
 'response_received_count': 2,
 'scheduler/dequeued': 1,
 'scheduler/dequeued/memory': 1,
 'scheduler/enqueued': 1,
 'scheduler/enqueued/memory': 1,
 'start_time': datetime.datetime(2016, 8, 2, 11, 4, 17, 145552)}
2016-08-02 19:04:17 [scrapy] INFO: Spider closed (finished)
2016-08-02 19:05:44 [scrapy] INFO: Scrapy 1.2.0dev2 started (bot: sina_stock_news_us)
2016-08-02 19:05:44 [scrapy] INFO: Overridden settings: {'NEWSPIDER_MODULE': 'sina_stock_news_us.spiders', 'ROBOTSTXT_OBEY': True, 'SPIDER_MODULES': ['sina_stock_news_us.spiders'], 'LOG_FILE': 'logs.log', 'BOT_NAME': 'sina_stock_news_us'}
2016-08-02 19:05:44 [scrapy] INFO: Enabled extensions:
['scrapy.extensions.logstats.LogStats',
 'scrapy.extensions.telnet.TelnetConsole',
 'scrapy.extensions.corestats.CoreStats']
2016-08-02 19:05:44 [scrapy] INFO: Enabled downloader middlewares:
['scrapy.downloadermiddlewares.robotstxt.RobotsTxtMiddleware',
 'scrapy.downloadermiddlewares.httpauth.HttpAuthMiddleware',
 'scrapy.downloadermiddlewares.downloadtimeout.DownloadTimeoutMiddleware',
 'scrapy.downloadermiddlewares.defaultheaders.DefaultHeadersMiddleware',
 'scrapy.downloadermiddlewares.useragent.UserAgentMiddleware',
 'scrapy.downloadermiddlewares.retry.RetryMiddleware',
 'scrapy.downloadermiddlewares.redirect.MetaRefreshMiddleware',
 'scrapy.downloadermiddlewares.httpcompression.HttpCompressionMiddleware',
 'scrapy.downloadermiddlewares.redirect.RedirectMiddleware',
 'scrapy.downloadermiddlewares.cookies.CookiesMiddleware',
 'scrapy.downloadermiddlewares.chunked.ChunkedTransferMiddleware',
 'scrapy.downloadermiddlewares.stats.DownloaderStats']
2016-08-02 19:05:44 [scrapy] INFO: Enabled spider middlewares:
['scrapy.spidermiddlewares.httperror.HttpErrorMiddleware',
 'scrapy.spidermiddlewares.offsite.OffsiteMiddleware',
 'scrapy.spidermiddlewares.referer.RefererMiddleware',
 'scrapy.spidermiddlewares.urllength.UrlLengthMiddleware',
 'scrapy.spidermiddlewares.depth.DepthMiddleware']
2016-08-02 19:05:44 [scrapy] INFO: Enabled item pipelines:
['sina_stock_news_us.pipelines.SinaStockNewsUsPipelineJson']
2016-08-02 19:05:44 [scrapy] INFO: Spider opened
2016-08-02 19:05:44 [scrapy] INFO: Crawled 0 pages (at 0 pages/min), scraped 0 items (at 0 items/min)
2016-08-02 19:05:44 [scrapy] DEBUG: Telnet console listening on 127.0.0.1:6023
2016-08-02 19:05:44 [scrapy] DEBUG: Crawled (200) <GET http://tech.sina.com.cn/robots.txt> (referer: None)
2016-08-02 19:05:44 [scrapy] DEBUG: Crawled (200) <GET http://tech.sina.com.cn/i/2016-07-29/doc-ifxunyxy6002895.shtml> (referer: None)
2016-08-02 19:05:44 [scrapy] INFO: Closing spider (finished)
2016-08-02 19:05:44 [scrapy] INFO: Dumping Scrapy stats:
{'downloader/request_bytes': 484,
 'downloader/request_count': 2,
 'downloader/request_method_count/GET': 2,
 'downloader/response_bytes': 33452,
 'downloader/response_count': 2,
 'downloader/response_status_count/200': 2,
 'finish_reason': 'finished',
 'finish_time': datetime.datetime(2016, 8, 2, 11, 5, 44, 813010),
 'log_count/DEBUG': 3,
 'log_count/INFO': 7,
 'response_received_count': 2,
 'scheduler/dequeued': 1,
 'scheduler/dequeued/memory': 1,
 'scheduler/enqueued': 1,
 'scheduler/enqueued/memory': 1,
 'start_time': datetime.datetime(2016, 8, 2, 11, 5, 44, 638780)}
2016-08-02 19:05:44 [scrapy] INFO: Spider closed (finished)
2016-08-02 19:06:27 [scrapy] INFO: Scrapy 1.2.0dev2 started (bot: sina_stock_news_us)
2016-08-02 19:06:27 [scrapy] INFO: Overridden settings: {'NEWSPIDER_MODULE': 'sina_stock_news_us.spiders', 'ROBOTSTXT_OBEY': True, 'SPIDER_MODULES': ['sina_stock_news_us.spiders'], 'LOG_FILE': 'logs.log', 'BOT_NAME': 'sina_stock_news_us'}
2016-08-02 19:06:27 [scrapy] INFO: Enabled extensions:
['scrapy.extensions.logstats.LogStats',
 'scrapy.extensions.telnet.TelnetConsole',
 'scrapy.extensions.corestats.CoreStats']
2016-08-02 19:06:27 [scrapy] INFO: Enabled downloader middlewares:
['scrapy.downloadermiddlewares.robotstxt.RobotsTxtMiddleware',
 'scrapy.downloadermiddlewares.httpauth.HttpAuthMiddleware',
 'scrapy.downloadermiddlewares.downloadtimeout.DownloadTimeoutMiddleware',
 'scrapy.downloadermiddlewares.defaultheaders.DefaultHeadersMiddleware',
 'scrapy.downloadermiddlewares.useragent.UserAgentMiddleware',
 'scrapy.downloadermiddlewares.retry.RetryMiddleware',
 'scrapy.downloadermiddlewares.redirect.MetaRefreshMiddleware',
 'scrapy.downloadermiddlewares.httpcompression.HttpCompressionMiddleware',
 'scrapy.downloadermiddlewares.redirect.RedirectMiddleware',
 'scrapy.downloadermiddlewares.cookies.CookiesMiddleware',
 'scrapy.downloadermiddlewares.chunked.ChunkedTransferMiddleware',
 'scrapy.downloadermiddlewares.stats.DownloaderStats']
2016-08-02 19:06:27 [scrapy] INFO: Enabled spider middlewares:
['scrapy.spidermiddlewares.httperror.HttpErrorMiddleware',
 'scrapy.spidermiddlewares.offsite.OffsiteMiddleware',
 'scrapy.spidermiddlewares.referer.RefererMiddleware',
 'scrapy.spidermiddlewares.urllength.UrlLengthMiddleware',
 'scrapy.spidermiddlewares.depth.DepthMiddleware']
2016-08-02 19:06:27 [scrapy] INFO: Enabled item pipelines:
['sina_stock_news_us.pipelines.SinaStockNewsUsPipelineJson']
2016-08-02 19:06:27 [scrapy] INFO: Spider opened
2016-08-02 19:06:27 [scrapy] INFO: Crawled 0 pages (at 0 pages/min), scraped 0 items (at 0 items/min)
2016-08-02 19:06:27 [scrapy] DEBUG: Telnet console listening on 127.0.0.1:6023
2016-08-02 19:06:27 [scrapy] DEBUG: Crawled (200) <GET http://tech.sina.com.cn/robots.txt> (referer: None)
2016-08-02 19:06:27 [scrapy] DEBUG: Crawled (200) <GET http://tech.sina.com.cn/i/2016-07-29/doc-ifxunyxy6002895.shtml> (referer: None)
2016-08-02 19:06:27 [scrapy] INFO: Closing spider (finished)
2016-08-02 19:06:27 [scrapy] INFO: Dumping Scrapy stats:
{'downloader/request_bytes': 484,
 'downloader/request_count': 2,
 'downloader/request_method_count/GET': 2,
 'downloader/response_bytes': 33434,
 'downloader/response_count': 2,
 'downloader/response_status_count/200': 2,
 'finish_reason': 'finished',
 'finish_time': datetime.datetime(2016, 8, 2, 11, 6, 27, 366783),
 'log_count/DEBUG': 3,
 'log_count/INFO': 7,
 'response_received_count': 2,
 'scheduler/dequeued': 1,
 'scheduler/dequeued/memory': 1,
 'scheduler/enqueued': 1,
 'scheduler/enqueued/memory': 1,
 'start_time': datetime.datetime(2016, 8, 2, 11, 6, 27, 190030)}
2016-08-02 19:06:27 [scrapy] INFO: Spider closed (finished)
2016-08-02 19:06:41 [scrapy] INFO: Scrapy 1.2.0dev2 started (bot: sina_stock_news_us)
2016-08-02 19:06:41 [scrapy] INFO: Overridden settings: {'NEWSPIDER_MODULE': 'sina_stock_news_us.spiders', 'ROBOTSTXT_OBEY': True, 'SPIDER_MODULES': ['sina_stock_news_us.spiders'], 'LOG_FILE': 'logs.log', 'BOT_NAME': 'sina_stock_news_us'}
2016-08-02 19:06:41 [scrapy] INFO: Enabled extensions:
['scrapy.extensions.logstats.LogStats',
 'scrapy.extensions.telnet.TelnetConsole',
 'scrapy.extensions.corestats.CoreStats']
2016-08-02 19:06:41 [scrapy] INFO: Enabled downloader middlewares:
['scrapy.downloadermiddlewares.robotstxt.RobotsTxtMiddleware',
 'scrapy.downloadermiddlewares.httpauth.HttpAuthMiddleware',
 'scrapy.downloadermiddlewares.downloadtimeout.DownloadTimeoutMiddleware',
 'scrapy.downloadermiddlewares.defaultheaders.DefaultHeadersMiddleware',
 'scrapy.downloadermiddlewares.useragent.UserAgentMiddleware',
 'scrapy.downloadermiddlewares.retry.RetryMiddleware',
 'scrapy.downloadermiddlewares.redirect.MetaRefreshMiddleware',
 'scrapy.downloadermiddlewares.httpcompression.HttpCompressionMiddleware',
 'scrapy.downloadermiddlewares.redirect.RedirectMiddleware',
 'scrapy.downloadermiddlewares.cookies.CookiesMiddleware',
 'scrapy.downloadermiddlewares.chunked.ChunkedTransferMiddleware',
 'scrapy.downloadermiddlewares.stats.DownloaderStats']
2016-08-02 19:06:41 [scrapy] INFO: Enabled spider middlewares:
['scrapy.spidermiddlewares.httperror.HttpErrorMiddleware',
 'scrapy.spidermiddlewares.offsite.OffsiteMiddleware',
 'scrapy.spidermiddlewares.referer.RefererMiddleware',
 'scrapy.spidermiddlewares.urllength.UrlLengthMiddleware',
 'scrapy.spidermiddlewares.depth.DepthMiddleware']
2016-08-02 19:06:41 [scrapy] INFO: Enabled item pipelines:
['sina_stock_news_us.pipelines.SinaStockNewsUsPipelineJson']
2016-08-02 19:06:41 [scrapy] INFO: Spider opened
2016-08-02 19:06:41 [scrapy] INFO: Crawled 0 pages (at 0 pages/min), scraped 0 items (at 0 items/min)
2016-08-02 19:06:41 [scrapy] DEBUG: Telnet console listening on 127.0.0.1:6023
2016-08-02 19:06:41 [scrapy] DEBUG: Crawled (200) <GET http://tech.sina.com.cn/robots.txt> (referer: None)
2016-08-02 19:06:41 [scrapy] DEBUG: Crawled (200) <GET http://tech.sina.com.cn/i/2016-07-29/doc-ifxunyxy6002895.shtml> (referer: None)
2016-08-02 19:06:41 [scrapy] INFO: Closing spider (finished)
2016-08-02 19:06:41 [scrapy] INFO: Dumping Scrapy stats:
{'downloader/request_bytes': 484,
 'downloader/request_count': 2,
 'downloader/request_method_count/GET': 2,
 'downloader/response_bytes': 33452,
 'downloader/response_count': 2,
 'downloader/response_status_count/200': 2,
 'finish_reason': 'finished',
 'finish_time': datetime.datetime(2016, 8, 2, 11, 6, 41, 740907),
 'log_count/DEBUG': 3,
 'log_count/INFO': 7,
 'response_received_count': 2,
 'scheduler/dequeued': 1,
 'scheduler/dequeued/memory': 1,
 'scheduler/enqueued': 1,
 'scheduler/enqueued/memory': 1,
 'start_time': datetime.datetime(2016, 8, 2, 11, 6, 41, 555842)}
2016-08-02 19:06:41 [scrapy] INFO: Spider closed (finished)
2016-08-02 19:06:58 [scrapy] INFO: Scrapy 1.2.0dev2 started (bot: sina_stock_news_us)
2016-08-02 19:06:58 [scrapy] INFO: Overridden settings: {'NEWSPIDER_MODULE': 'sina_stock_news_us.spiders', 'ROBOTSTXT_OBEY': True, 'SPIDER_MODULES': ['sina_stock_news_us.spiders'], 'LOG_FILE': 'logs.log', 'BOT_NAME': 'sina_stock_news_us'}
2016-08-02 19:06:58 [scrapy] INFO: Enabled extensions:
['scrapy.extensions.logstats.LogStats',
 'scrapy.extensions.telnet.TelnetConsole',
 'scrapy.extensions.corestats.CoreStats']
2016-08-02 19:06:58 [scrapy] INFO: Enabled downloader middlewares:
['scrapy.downloadermiddlewares.robotstxt.RobotsTxtMiddleware',
 'scrapy.downloadermiddlewares.httpauth.HttpAuthMiddleware',
 'scrapy.downloadermiddlewares.downloadtimeout.DownloadTimeoutMiddleware',
 'scrapy.downloadermiddlewares.defaultheaders.DefaultHeadersMiddleware',
 'scrapy.downloadermiddlewares.useragent.UserAgentMiddleware',
 'scrapy.downloadermiddlewares.retry.RetryMiddleware',
 'scrapy.downloadermiddlewares.redirect.MetaRefreshMiddleware',
 'scrapy.downloadermiddlewares.httpcompression.HttpCompressionMiddleware',
 'scrapy.downloadermiddlewares.redirect.RedirectMiddleware',
 'scrapy.downloadermiddlewares.cookies.CookiesMiddleware',
 'scrapy.downloadermiddlewares.chunked.ChunkedTransferMiddleware',
 'scrapy.downloadermiddlewares.stats.DownloaderStats']
2016-08-02 19:06:58 [scrapy] INFO: Enabled spider middlewares:
['scrapy.spidermiddlewares.httperror.HttpErrorMiddleware',
 'scrapy.spidermiddlewares.offsite.OffsiteMiddleware',
 'scrapy.spidermiddlewares.referer.RefererMiddleware',
 'scrapy.spidermiddlewares.urllength.UrlLengthMiddleware',
 'scrapy.spidermiddlewares.depth.DepthMiddleware']
2016-08-02 19:06:58 [scrapy] INFO: Enabled item pipelines:
['sina_stock_news_us.pipelines.SinaStockNewsUsPipelineJson']
2016-08-02 19:06:58 [scrapy] INFO: Spider opened
2016-08-02 19:06:58 [scrapy] INFO: Crawled 0 pages (at 0 pages/min), scraped 0 items (at 0 items/min)
2016-08-02 19:06:58 [scrapy] DEBUG: Telnet console listening on 127.0.0.1:6023
2016-08-02 19:06:58 [scrapy] DEBUG: Crawled (200) <GET http://tech.sina.com.cn/robots.txt> (referer: None)
2016-08-02 19:06:58 [scrapy] DEBUG: Crawled (200) <GET http://tech.sina.com.cn/i/2016-07-29/doc-ifxunyxy6002895.shtml> (referer: None)
2016-08-02 19:06:59 [scrapy] INFO: Closing spider (finished)
2016-08-02 19:06:59 [scrapy] INFO: Dumping Scrapy stats:
{'downloader/request_bytes': 484,
 'downloader/request_count': 2,
 'downloader/request_method_count/GET': 2,
 'downloader/response_bytes': 33452,
 'downloader/response_count': 2,
 'downloader/response_status_count/200': 2,
 'finish_reason': 'finished',
 'finish_time': datetime.datetime(2016, 8, 2, 11, 6, 59, 114300),
 'log_count/DEBUG': 3,
 'log_count/INFO': 7,
 'response_received_count': 2,
 'scheduler/dequeued': 1,
 'scheduler/dequeued/memory': 1,
 'scheduler/enqueued': 1,
 'scheduler/enqueued/memory': 1,
 'start_time': datetime.datetime(2016, 8, 2, 11, 6, 58, 915545)}
2016-08-02 19:06:59 [scrapy] INFO: Spider closed (finished)
2016-08-02 19:07:16 [scrapy] INFO: Scrapy 1.2.0dev2 started (bot: sina_stock_news_us)
2016-08-02 19:07:16 [scrapy] INFO: Overridden settings: {'NEWSPIDER_MODULE': 'sina_stock_news_us.spiders', 'ROBOTSTXT_OBEY': True, 'SPIDER_MODULES': ['sina_stock_news_us.spiders'], 'LOG_FILE': 'logs.log', 'BOT_NAME': 'sina_stock_news_us'}
2016-08-02 19:07:16 [scrapy] INFO: Enabled extensions:
['scrapy.extensions.logstats.LogStats',
 'scrapy.extensions.telnet.TelnetConsole',
 'scrapy.extensions.corestats.CoreStats']
2016-08-02 19:07:16 [scrapy] INFO: Enabled downloader middlewares:
['scrapy.downloadermiddlewares.robotstxt.RobotsTxtMiddleware',
 'scrapy.downloadermiddlewares.httpauth.HttpAuthMiddleware',
 'scrapy.downloadermiddlewares.downloadtimeout.DownloadTimeoutMiddleware',
 'scrapy.downloadermiddlewares.defaultheaders.DefaultHeadersMiddleware',
 'scrapy.downloadermiddlewares.useragent.UserAgentMiddleware',
 'scrapy.downloadermiddlewares.retry.RetryMiddleware',
 'scrapy.downloadermiddlewares.redirect.MetaRefreshMiddleware',
 'scrapy.downloadermiddlewares.httpcompression.HttpCompressionMiddleware',
 'scrapy.downloadermiddlewares.redirect.RedirectMiddleware',
 'scrapy.downloadermiddlewares.cookies.CookiesMiddleware',
 'scrapy.downloadermiddlewares.chunked.ChunkedTransferMiddleware',
 'scrapy.downloadermiddlewares.stats.DownloaderStats']
2016-08-02 19:07:16 [scrapy] INFO: Enabled spider middlewares:
['scrapy.spidermiddlewares.httperror.HttpErrorMiddleware',
 'scrapy.spidermiddlewares.offsite.OffsiteMiddleware',
 'scrapy.spidermiddlewares.referer.RefererMiddleware',
 'scrapy.spidermiddlewares.urllength.UrlLengthMiddleware',
 'scrapy.spidermiddlewares.depth.DepthMiddleware']
2016-08-02 19:07:16 [scrapy] INFO: Enabled item pipelines:
['sina_stock_news_us.pipelines.SinaStockNewsUsPipelineJson']
2016-08-02 19:07:16 [scrapy] INFO: Spider opened
2016-08-02 19:07:16 [scrapy] INFO: Crawled 0 pages (at 0 pages/min), scraped 0 items (at 0 items/min)
2016-08-02 19:07:16 [scrapy] DEBUG: Telnet console listening on 127.0.0.1:6023
2016-08-02 19:07:16 [scrapy] DEBUG: Crawled (200) <GET http://tech.sina.com.cn/robots.txt> (referer: None)
2016-08-02 19:07:17 [scrapy] DEBUG: Crawled (200) <GET http://tech.sina.com.cn/i/2016-07-29/doc-ifxunyxy6002895.shtml> (referer: None)
2016-08-02 19:07:17 [scrapy] INFO: Closing spider (finished)
2016-08-02 19:07:17 [scrapy] INFO: Dumping Scrapy stats:
{'downloader/request_bytes': 484,
 'downloader/request_count': 2,
 'downloader/request_method_count/GET': 2,
 'downloader/response_bytes': 33452,
 'downloader/response_count': 2,
 'downloader/response_status_count/200': 2,
 'finish_reason': 'finished',
 'finish_time': datetime.datetime(2016, 8, 2, 11, 7, 17, 139502),
 'log_count/DEBUG': 3,
 'log_count/INFO': 7,
 'response_received_count': 2,
 'scheduler/dequeued': 1,
 'scheduler/dequeued/memory': 1,
 'scheduler/enqueued': 1,
 'scheduler/enqueued/memory': 1,
 'start_time': datetime.datetime(2016, 8, 2, 11, 7, 16, 973011)}
2016-08-02 19:07:17 [scrapy] INFO: Spider closed (finished)
2016-08-02 19:07:45 [scrapy] INFO: Scrapy 1.2.0dev2 started (bot: sina_stock_news_us)
2016-08-02 19:07:45 [scrapy] INFO: Overridden settings: {'NEWSPIDER_MODULE': 'sina_stock_news_us.spiders', 'ROBOTSTXT_OBEY': True, 'SPIDER_MODULES': ['sina_stock_news_us.spiders'], 'LOG_FILE': 'logs.log', 'BOT_NAME': 'sina_stock_news_us'}
2016-08-02 19:07:45 [scrapy] INFO: Enabled extensions:
['scrapy.extensions.logstats.LogStats',
 'scrapy.extensions.telnet.TelnetConsole',
 'scrapy.extensions.corestats.CoreStats']
2016-08-02 19:07:45 [scrapy] INFO: Enabled downloader middlewares:
['scrapy.downloadermiddlewares.robotstxt.RobotsTxtMiddleware',
 'scrapy.downloadermiddlewares.httpauth.HttpAuthMiddleware',
 'scrapy.downloadermiddlewares.downloadtimeout.DownloadTimeoutMiddleware',
 'scrapy.downloadermiddlewares.defaultheaders.DefaultHeadersMiddleware',
 'scrapy.downloadermiddlewares.useragent.UserAgentMiddleware',
 'scrapy.downloadermiddlewares.retry.RetryMiddleware',
 'scrapy.downloadermiddlewares.redirect.MetaRefreshMiddleware',
 'scrapy.downloadermiddlewares.httpcompression.HttpCompressionMiddleware',
 'scrapy.downloadermiddlewares.redirect.RedirectMiddleware',
 'scrapy.downloadermiddlewares.cookies.CookiesMiddleware',
 'scrapy.downloadermiddlewares.chunked.ChunkedTransferMiddleware',
 'scrapy.downloadermiddlewares.stats.DownloaderStats']
2016-08-02 19:07:45 [scrapy] INFO: Enabled spider middlewares:
['scrapy.spidermiddlewares.httperror.HttpErrorMiddleware',
 'scrapy.spidermiddlewares.offsite.OffsiteMiddleware',
 'scrapy.spidermiddlewares.referer.RefererMiddleware',
 'scrapy.spidermiddlewares.urllength.UrlLengthMiddleware',
 'scrapy.spidermiddlewares.depth.DepthMiddleware']
2016-08-02 19:07:45 [scrapy] INFO: Enabled item pipelines:
['sina_stock_news_us.pipelines.SinaStockNewsUsPipelineJson']
2016-08-02 19:07:45 [scrapy] INFO: Spider opened
2016-08-02 19:07:45 [scrapy] INFO: Crawled 0 pages (at 0 pages/min), scraped 0 items (at 0 items/min)
2016-08-02 19:07:45 [scrapy] DEBUG: Telnet console listening on 127.0.0.1:6023
2016-08-02 19:07:45 [scrapy] DEBUG: Crawled (200) <GET http://tech.sina.com.cn/robots.txt> (referer: None)
2016-08-02 19:07:45 [scrapy] DEBUG: Crawled (200) <GET http://tech.sina.com.cn/i/2016-07-29/doc-ifxunyxy6002895.shtml> (referer: None)
2016-08-02 19:07:45 [scrapy] INFO: Closing spider (finished)
2016-08-02 19:07:45 [scrapy] INFO: Dumping Scrapy stats:
{'downloader/request_bytes': 484,
 'downloader/request_count': 2,
 'downloader/request_method_count/GET': 2,
 'downloader/response_bytes': 33452,
 'downloader/response_count': 2,
 'downloader/response_status_count/200': 2,
 'finish_reason': 'finished',
 'finish_time': datetime.datetime(2016, 8, 2, 11, 7, 45, 459359),
 'log_count/DEBUG': 3,
 'log_count/INFO': 7,
 'response_received_count': 2,
 'scheduler/dequeued': 1,
 'scheduler/dequeued/memory': 1,
 'scheduler/enqueued': 1,
 'scheduler/enqueued/memory': 1,
 'start_time': datetime.datetime(2016, 8, 2, 11, 7, 45, 277522)}
2016-08-02 19:07:45 [scrapy] INFO: Spider closed (finished)
2016-08-02 19:08:05 [scrapy] INFO: Scrapy 1.2.0dev2 started (bot: sina_stock_news_us)
2016-08-02 19:08:05 [scrapy] INFO: Overridden settings: {'NEWSPIDER_MODULE': 'sina_stock_news_us.spiders', 'ROBOTSTXT_OBEY': True, 'SPIDER_MODULES': ['sina_stock_news_us.spiders'], 'LOG_FILE': 'logs.log', 'BOT_NAME': 'sina_stock_news_us'}
2016-08-02 19:08:05 [scrapy] INFO: Enabled extensions:
['scrapy.extensions.logstats.LogStats',
 'scrapy.extensions.telnet.TelnetConsole',
 'scrapy.extensions.corestats.CoreStats']
2016-08-02 19:08:05 [scrapy] INFO: Enabled downloader middlewares:
['scrapy.downloadermiddlewares.robotstxt.RobotsTxtMiddleware',
 'scrapy.downloadermiddlewares.httpauth.HttpAuthMiddleware',
 'scrapy.downloadermiddlewares.downloadtimeout.DownloadTimeoutMiddleware',
 'scrapy.downloadermiddlewares.defaultheaders.DefaultHeadersMiddleware',
 'scrapy.downloadermiddlewares.useragent.UserAgentMiddleware',
 'scrapy.downloadermiddlewares.retry.RetryMiddleware',
 'scrapy.downloadermiddlewares.redirect.MetaRefreshMiddleware',
 'scrapy.downloadermiddlewares.httpcompression.HttpCompressionMiddleware',
 'scrapy.downloadermiddlewares.redirect.RedirectMiddleware',
 'scrapy.downloadermiddlewares.cookies.CookiesMiddleware',
 'scrapy.downloadermiddlewares.chunked.ChunkedTransferMiddleware',
 'scrapy.downloadermiddlewares.stats.DownloaderStats']
2016-08-02 19:08:05 [scrapy] INFO: Enabled spider middlewares:
['scrapy.spidermiddlewares.httperror.HttpErrorMiddleware',
 'scrapy.spidermiddlewares.offsite.OffsiteMiddleware',
 'scrapy.spidermiddlewares.referer.RefererMiddleware',
 'scrapy.spidermiddlewares.urllength.UrlLengthMiddleware',
 'scrapy.spidermiddlewares.depth.DepthMiddleware']
2016-08-02 19:08:05 [scrapy] INFO: Enabled item pipelines:
['sina_stock_news_us.pipelines.SinaStockNewsUsPipelineJson']
2016-08-02 19:08:05 [scrapy] INFO: Spider opened
2016-08-02 19:08:05 [scrapy] INFO: Crawled 0 pages (at 0 pages/min), scraped 0 items (at 0 items/min)
2016-08-02 19:08:05 [scrapy] DEBUG: Telnet console listening on 127.0.0.1:6023
2016-08-02 19:08:05 [scrapy] DEBUG: Crawled (200) <GET http://tech.sina.com.cn/robots.txt> (referer: None)
2016-08-02 19:08:05 [scrapy] DEBUG: Crawled (200) <GET http://tech.sina.com.cn/i/2016-07-29/doc-ifxunyxy6002895.shtml> (referer: None)
2016-08-02 19:08:05 [scrapy] INFO: Closing spider (finished)
2016-08-02 19:08:05 [scrapy] INFO: Dumping Scrapy stats:
{'downloader/request_bytes': 484,
 'downloader/request_count': 2,
 'downloader/request_method_count/GET': 2,
 'downloader/response_bytes': 33452,
 'downloader/response_count': 2,
 'downloader/response_status_count/200': 2,
 'finish_reason': 'finished',
 'finish_time': datetime.datetime(2016, 8, 2, 11, 8, 5, 294195),
 'log_count/DEBUG': 3,
 'log_count/INFO': 7,
 'response_received_count': 2,
 'scheduler/dequeued': 1,
 'scheduler/dequeued/memory': 1,
 'scheduler/enqueued': 1,
 'scheduler/enqueued/memory': 1,
 'start_time': datetime.datetime(2016, 8, 2, 11, 8, 5, 117713)}
2016-08-02 19:08:05 [scrapy] INFO: Spider closed (finished)
2016-08-02 19:09:25 [scrapy] INFO: Scrapy 1.2.0dev2 started (bot: sina_stock_news_us)
2016-08-02 19:09:25 [scrapy] INFO: Overridden settings: {'NEWSPIDER_MODULE': 'sina_stock_news_us.spiders', 'ROBOTSTXT_OBEY': True, 'SPIDER_MODULES': ['sina_stock_news_us.spiders'], 'LOG_FILE': 'logs.log', 'BOT_NAME': 'sina_stock_news_us'}
2016-08-02 19:09:25 [scrapy] INFO: Enabled extensions:
['scrapy.extensions.logstats.LogStats',
 'scrapy.extensions.telnet.TelnetConsole',
 'scrapy.extensions.corestats.CoreStats']
2016-08-02 19:09:25 [scrapy] INFO: Enabled downloader middlewares:
['scrapy.downloadermiddlewares.robotstxt.RobotsTxtMiddleware',
 'scrapy.downloadermiddlewares.httpauth.HttpAuthMiddleware',
 'scrapy.downloadermiddlewares.downloadtimeout.DownloadTimeoutMiddleware',
 'scrapy.downloadermiddlewares.defaultheaders.DefaultHeadersMiddleware',
 'scrapy.downloadermiddlewares.useragent.UserAgentMiddleware',
 'scrapy.downloadermiddlewares.retry.RetryMiddleware',
 'scrapy.downloadermiddlewares.redirect.MetaRefreshMiddleware',
 'scrapy.downloadermiddlewares.httpcompression.HttpCompressionMiddleware',
 'scrapy.downloadermiddlewares.redirect.RedirectMiddleware',
 'scrapy.downloadermiddlewares.cookies.CookiesMiddleware',
 'scrapy.downloadermiddlewares.chunked.ChunkedTransferMiddleware',
 'scrapy.downloadermiddlewares.stats.DownloaderStats']
2016-08-02 19:09:25 [scrapy] INFO: Enabled spider middlewares:
['scrapy.spidermiddlewares.httperror.HttpErrorMiddleware',
 'scrapy.spidermiddlewares.offsite.OffsiteMiddleware',
 'scrapy.spidermiddlewares.referer.RefererMiddleware',
 'scrapy.spidermiddlewares.urllength.UrlLengthMiddleware',
 'scrapy.spidermiddlewares.depth.DepthMiddleware']
2016-08-02 19:09:25 [scrapy] INFO: Enabled item pipelines:
['sina_stock_news_us.pipelines.SinaStockNewsUsPipelineJson']
2016-08-02 19:09:25 [scrapy] INFO: Spider opened
2016-08-02 19:09:25 [scrapy] INFO: Crawled 0 pages (at 0 pages/min), scraped 0 items (at 0 items/min)
2016-08-02 19:09:25 [scrapy] DEBUG: Telnet console listening on 127.0.0.1:6023
2016-08-02 19:09:25 [scrapy] DEBUG: Crawled (200) <GET http://tech.sina.com.cn/robots.txt> (referer: None)
2016-08-02 19:09:25 [scrapy] DEBUG: Crawled (200) <GET http://tech.sina.com.cn/i/2016-07-29/doc-ifxunyxy6002895.shtml> (referer: None)
2016-08-02 19:09:25 [scrapy] INFO: Closing spider (finished)
2016-08-02 19:09:25 [scrapy] INFO: Dumping Scrapy stats:
{'downloader/request_bytes': 484,
 'downloader/request_count': 2,
 'downloader/request_method_count/GET': 2,
 'downloader/response_bytes': 33434,
 'downloader/response_count': 2,
 'downloader/response_status_count/200': 2,
 'finish_reason': 'finished',
 'finish_time': datetime.datetime(2016, 8, 2, 11, 9, 25, 538697),
 'log_count/DEBUG': 3,
 'log_count/INFO': 7,
 'response_received_count': 2,
 'scheduler/dequeued': 1,
 'scheduler/dequeued/memory': 1,
 'scheduler/enqueued': 1,
 'scheduler/enqueued/memory': 1,
 'start_time': datetime.datetime(2016, 8, 2, 11, 9, 25, 351335)}
2016-08-02 19:09:25 [scrapy] INFO: Spider closed (finished)
2016-08-02 19:09:39 [scrapy] INFO: Scrapy 1.2.0dev2 started (bot: sina_stock_news_us)
2016-08-02 19:09:39 [scrapy] INFO: Overridden settings: {'NEWSPIDER_MODULE': 'sina_stock_news_us.spiders', 'ROBOTSTXT_OBEY': True, 'SPIDER_MODULES': ['sina_stock_news_us.spiders'], 'LOG_FILE': 'logs.log', 'BOT_NAME': 'sina_stock_news_us'}
2016-08-02 19:09:39 [scrapy] INFO: Enabled extensions:
['scrapy.extensions.logstats.LogStats',
 'scrapy.extensions.telnet.TelnetConsole',
 'scrapy.extensions.corestats.CoreStats']
2016-08-02 19:09:39 [scrapy] INFO: Enabled downloader middlewares:
['scrapy.downloadermiddlewares.robotstxt.RobotsTxtMiddleware',
 'scrapy.downloadermiddlewares.httpauth.HttpAuthMiddleware',
 'scrapy.downloadermiddlewares.downloadtimeout.DownloadTimeoutMiddleware',
 'scrapy.downloadermiddlewares.defaultheaders.DefaultHeadersMiddleware',
 'scrapy.downloadermiddlewares.useragent.UserAgentMiddleware',
 'scrapy.downloadermiddlewares.retry.RetryMiddleware',
 'scrapy.downloadermiddlewares.redirect.MetaRefreshMiddleware',
 'scrapy.downloadermiddlewares.httpcompression.HttpCompressionMiddleware',
 'scrapy.downloadermiddlewares.redirect.RedirectMiddleware',
 'scrapy.downloadermiddlewares.cookies.CookiesMiddleware',
 'scrapy.downloadermiddlewares.chunked.ChunkedTransferMiddleware',
 'scrapy.downloadermiddlewares.stats.DownloaderStats']
2016-08-02 19:09:39 [scrapy] INFO: Enabled spider middlewares:
['scrapy.spidermiddlewares.httperror.HttpErrorMiddleware',
 'scrapy.spidermiddlewares.offsite.OffsiteMiddleware',
 'scrapy.spidermiddlewares.referer.RefererMiddleware',
 'scrapy.spidermiddlewares.urllength.UrlLengthMiddleware',
 'scrapy.spidermiddlewares.depth.DepthMiddleware']
2016-08-02 19:09:39 [scrapy] INFO: Enabled item pipelines:
['sina_stock_news_us.pipelines.SinaStockNewsUsPipelineJson']
2016-08-02 19:09:39 [scrapy] INFO: Spider opened
2016-08-02 19:09:39 [scrapy] INFO: Crawled 0 pages (at 0 pages/min), scraped 0 items (at 0 items/min)
2016-08-02 19:09:39 [scrapy] DEBUG: Telnet console listening on 127.0.0.1:6023
2016-08-02 19:09:39 [scrapy] DEBUG: Crawled (200) <GET http://tech.sina.com.cn/robots.txt> (referer: None)
2016-08-02 19:09:39 [scrapy] DEBUG: Crawled (200) <GET http://tech.sina.com.cn/i/2016-07-29/doc-ifxunyxy6002895.shtml> (referer: None)
2016-08-02 19:09:39 [scrapy] INFO: Closing spider (finished)
2016-08-02 19:09:39 [scrapy] INFO: Dumping Scrapy stats:
{'downloader/request_bytes': 484,
 'downloader/request_count': 2,
 'downloader/request_method_count/GET': 2,
 'downloader/response_bytes': 33452,
 'downloader/response_count': 2,
 'downloader/response_status_count/200': 2,
 'finish_reason': 'finished',
 'finish_time': datetime.datetime(2016, 8, 2, 11, 9, 39, 562733),
 'log_count/DEBUG': 3,
 'log_count/INFO': 7,
 'response_received_count': 2,
 'scheduler/dequeued': 1,
 'scheduler/dequeued/memory': 1,
 'scheduler/enqueued': 1,
 'scheduler/enqueued/memory': 1,
 'start_time': datetime.datetime(2016, 8, 2, 11, 9, 39, 220732)}
2016-08-02 19:09:39 [scrapy] INFO: Spider closed (finished)
2016-08-02 19:10:36 [scrapy] INFO: Scrapy 1.2.0dev2 started (bot: sina_stock_news_us)
2016-08-02 19:10:36 [scrapy] INFO: Overridden settings: {'NEWSPIDER_MODULE': 'sina_stock_news_us.spiders', 'ROBOTSTXT_OBEY': True, 'SPIDER_MODULES': ['sina_stock_news_us.spiders'], 'LOG_FILE': 'logs.log', 'BOT_NAME': 'sina_stock_news_us'}
2016-08-02 19:10:36 [scrapy] INFO: Enabled extensions:
['scrapy.extensions.logstats.LogStats',
 'scrapy.extensions.telnet.TelnetConsole',
 'scrapy.extensions.corestats.CoreStats']
2016-08-02 19:10:36 [scrapy] INFO: Enabled downloader middlewares:
['scrapy.downloadermiddlewares.robotstxt.RobotsTxtMiddleware',
 'scrapy.downloadermiddlewares.httpauth.HttpAuthMiddleware',
 'scrapy.downloadermiddlewares.downloadtimeout.DownloadTimeoutMiddleware',
 'scrapy.downloadermiddlewares.defaultheaders.DefaultHeadersMiddleware',
 'scrapy.downloadermiddlewares.useragent.UserAgentMiddleware',
 'scrapy.downloadermiddlewares.retry.RetryMiddleware',
 'scrapy.downloadermiddlewares.redirect.MetaRefreshMiddleware',
 'scrapy.downloadermiddlewares.httpcompression.HttpCompressionMiddleware',
 'scrapy.downloadermiddlewares.redirect.RedirectMiddleware',
 'scrapy.downloadermiddlewares.cookies.CookiesMiddleware',
 'scrapy.downloadermiddlewares.chunked.ChunkedTransferMiddleware',
 'scrapy.downloadermiddlewares.stats.DownloaderStats']
2016-08-02 19:10:36 [scrapy] INFO: Enabled spider middlewares:
['scrapy.spidermiddlewares.httperror.HttpErrorMiddleware',
 'scrapy.spidermiddlewares.offsite.OffsiteMiddleware',
 'scrapy.spidermiddlewares.referer.RefererMiddleware',
 'scrapy.spidermiddlewares.urllength.UrlLengthMiddleware',
 'scrapy.spidermiddlewares.depth.DepthMiddleware']
2016-08-02 19:10:36 [scrapy] INFO: Enabled item pipelines:
['sina_stock_news_us.pipelines.SinaStockNewsUsPipelineJson']
2016-08-02 19:10:36 [scrapy] INFO: Spider opened
2016-08-02 19:10:36 [scrapy] INFO: Crawled 0 pages (at 0 pages/min), scraped 0 items (at 0 items/min)
2016-08-02 19:10:36 [scrapy] DEBUG: Telnet console listening on 127.0.0.1:6023
2016-08-02 19:10:36 [scrapy] DEBUG: Crawled (200) <GET http://tech.sina.com.cn/robots.txt> (referer: None)
2016-08-02 19:10:36 [scrapy] DEBUG: Crawled (200) <GET http://tech.sina.com.cn/i/2016-07-29/doc-ifxunyxy6002895.shtml> (referer: None)
2016-08-02 19:10:36 [scrapy] INFO: Closing spider (finished)
2016-08-02 19:10:36 [scrapy] INFO: Dumping Scrapy stats:
{'downloader/request_bytes': 484,
 'downloader/request_count': 2,
 'downloader/request_method_count/GET': 2,
 'downloader/response_bytes': 33452,
 'downloader/response_count': 2,
 'downloader/response_status_count/200': 2,
 'finish_reason': 'finished',
 'finish_time': datetime.datetime(2016, 8, 2, 11, 10, 36, 678237),
 'log_count/DEBUG': 3,
 'log_count/INFO': 7,
 'response_received_count': 2,
 'scheduler/dequeued': 1,
 'scheduler/dequeued/memory': 1,
 'scheduler/enqueued': 1,
 'scheduler/enqueued/memory': 1,
 'start_time': datetime.datetime(2016, 8, 2, 11, 10, 36, 504137)}
2016-08-02 19:10:36 [scrapy] INFO: Spider closed (finished)
2016-08-02 19:11:01 [scrapy] INFO: Scrapy 1.2.0dev2 started (bot: sina_stock_news_us)
2016-08-02 19:11:01 [scrapy] INFO: Overridden settings: {'NEWSPIDER_MODULE': 'sina_stock_news_us.spiders', 'ROBOTSTXT_OBEY': True, 'SPIDER_MODULES': ['sina_stock_news_us.spiders'], 'LOG_FILE': 'logs.log', 'BOT_NAME': 'sina_stock_news_us'}
2016-08-02 19:11:01 [scrapy] INFO: Enabled extensions:
['scrapy.extensions.logstats.LogStats',
 'scrapy.extensions.telnet.TelnetConsole',
 'scrapy.extensions.corestats.CoreStats']
2016-08-02 19:11:01 [scrapy] INFO: Enabled downloader middlewares:
['scrapy.downloadermiddlewares.robotstxt.RobotsTxtMiddleware',
 'scrapy.downloadermiddlewares.httpauth.HttpAuthMiddleware',
 'scrapy.downloadermiddlewares.downloadtimeout.DownloadTimeoutMiddleware',
 'scrapy.downloadermiddlewares.defaultheaders.DefaultHeadersMiddleware',
 'scrapy.downloadermiddlewares.useragent.UserAgentMiddleware',
 'scrapy.downloadermiddlewares.retry.RetryMiddleware',
 'scrapy.downloadermiddlewares.redirect.MetaRefreshMiddleware',
 'scrapy.downloadermiddlewares.httpcompression.HttpCompressionMiddleware',
 'scrapy.downloadermiddlewares.redirect.RedirectMiddleware',
 'scrapy.downloadermiddlewares.cookies.CookiesMiddleware',
 'scrapy.downloadermiddlewares.chunked.ChunkedTransferMiddleware',
 'scrapy.downloadermiddlewares.stats.DownloaderStats']
2016-08-02 19:11:01 [scrapy] INFO: Enabled spider middlewares:
['scrapy.spidermiddlewares.httperror.HttpErrorMiddleware',
 'scrapy.spidermiddlewares.offsite.OffsiteMiddleware',
 'scrapy.spidermiddlewares.referer.RefererMiddleware',
 'scrapy.spidermiddlewares.urllength.UrlLengthMiddleware',
 'scrapy.spidermiddlewares.depth.DepthMiddleware']
2016-08-02 19:11:01 [scrapy] INFO: Enabled item pipelines:
['sina_stock_news_us.pipelines.SinaStockNewsUsPipelineJson']
2016-08-02 19:11:01 [scrapy] INFO: Spider opened
2016-08-02 19:11:01 [scrapy] INFO: Crawled 0 pages (at 0 pages/min), scraped 0 items (at 0 items/min)
2016-08-02 19:11:01 [scrapy] DEBUG: Telnet console listening on 127.0.0.1:6023
2016-08-02 19:11:01 [scrapy] DEBUG: Crawled (200) <GET http://tech.sina.com.cn/robots.txt> (referer: None)
2016-08-02 19:11:04 [scrapy] DEBUG: Crawled (200) <GET http://tech.sina.com.cn/i/2016-07-29/doc-ifxunyxy6002895.shtml> (referer: None)
2016-08-02 19:11:04 [scrapy] INFO: Closing spider (finished)
2016-08-02 19:11:04 [scrapy] INFO: Dumping Scrapy stats:
{'downloader/request_bytes': 484,
 'downloader/request_count': 2,
 'downloader/request_method_count/GET': 2,
 'downloader/response_bytes': 33452,
 'downloader/response_count': 2,
 'downloader/response_status_count/200': 2,
 'finish_reason': 'finished',
 'finish_time': datetime.datetime(2016, 8, 2, 11, 11, 4, 284605),
 'log_count/DEBUG': 3,
 'log_count/INFO': 7,
 'response_received_count': 2,
 'scheduler/dequeued': 1,
 'scheduler/dequeued/memory': 1,
 'scheduler/enqueued': 1,
 'scheduler/enqueued/memory': 1,
 'start_time': datetime.datetime(2016, 8, 2, 11, 11, 1, 113532)}
2016-08-02 19:11:04 [scrapy] INFO: Spider closed (finished)
2016-08-02 19:12:12 [scrapy] INFO: Scrapy 1.2.0dev2 started (bot: sina_stock_news_us)
2016-08-02 19:12:12 [scrapy] INFO: Overridden settings: {'NEWSPIDER_MODULE': 'sina_stock_news_us.spiders', 'ROBOTSTXT_OBEY': True, 'SPIDER_MODULES': ['sina_stock_news_us.spiders'], 'LOG_FILE': 'logs.log', 'BOT_NAME': 'sina_stock_news_us'}
2016-08-02 19:12:12 [scrapy] INFO: Enabled extensions:
['scrapy.extensions.logstats.LogStats',
 'scrapy.extensions.telnet.TelnetConsole',
 'scrapy.extensions.corestats.CoreStats']
2016-08-02 19:12:12 [scrapy] INFO: Enabled downloader middlewares:
['scrapy.downloadermiddlewares.robotstxt.RobotsTxtMiddleware',
 'scrapy.downloadermiddlewares.httpauth.HttpAuthMiddleware',
 'scrapy.downloadermiddlewares.downloadtimeout.DownloadTimeoutMiddleware',
 'scrapy.downloadermiddlewares.defaultheaders.DefaultHeadersMiddleware',
 'scrapy.downloadermiddlewares.useragent.UserAgentMiddleware',
 'scrapy.downloadermiddlewares.retry.RetryMiddleware',
 'scrapy.downloadermiddlewares.redirect.MetaRefreshMiddleware',
 'scrapy.downloadermiddlewares.httpcompression.HttpCompressionMiddleware',
 'scrapy.downloadermiddlewares.redirect.RedirectMiddleware',
 'scrapy.downloadermiddlewares.cookies.CookiesMiddleware',
 'scrapy.downloadermiddlewares.chunked.ChunkedTransferMiddleware',
 'scrapy.downloadermiddlewares.stats.DownloaderStats']
2016-08-02 19:12:12 [scrapy] INFO: Enabled spider middlewares:
['scrapy.spidermiddlewares.httperror.HttpErrorMiddleware',
 'scrapy.spidermiddlewares.offsite.OffsiteMiddleware',
 'scrapy.spidermiddlewares.referer.RefererMiddleware',
 'scrapy.spidermiddlewares.urllength.UrlLengthMiddleware',
 'scrapy.spidermiddlewares.depth.DepthMiddleware']
2016-08-02 19:12:12 [scrapy] INFO: Enabled item pipelines:
['sina_stock_news_us.pipelines.SinaStockNewsUsPipelineJson']
2016-08-02 19:12:12 [scrapy] INFO: Spider opened
2016-08-02 19:12:12 [scrapy] INFO: Crawled 0 pages (at 0 pages/min), scraped 0 items (at 0 items/min)
2016-08-02 19:12:12 [scrapy] DEBUG: Telnet console listening on 127.0.0.1:6023
2016-08-02 19:12:12 [scrapy] DEBUG: Crawled (200) <GET http://tech.sina.com.cn/robots.txt> (referer: None)
2016-08-02 19:12:12 [scrapy] DEBUG: Crawled (200) <GET http://tech.sina.com.cn/i/2016-07-29/doc-ifxunyxy6002895.shtml> (referer: None)
2016-08-02 19:12:12 [scrapy] INFO: Closing spider (finished)
2016-08-02 19:12:12 [scrapy] INFO: Dumping Scrapy stats:
{'downloader/request_bytes': 484,
 'downloader/request_count': 2,
 'downloader/request_method_count/GET': 2,
 'downloader/response_bytes': 33443,
 'downloader/response_count': 2,
 'downloader/response_status_count/200': 2,
 'finish_reason': 'finished',
 'finish_time': datetime.datetime(2016, 8, 2, 11, 12, 12, 510480),
 'log_count/DEBUG': 3,
 'log_count/INFO': 7,
 'response_received_count': 2,
 'scheduler/dequeued': 1,
 'scheduler/dequeued/memory': 1,
 'scheduler/enqueued': 1,
 'scheduler/enqueued/memory': 1,
 'start_time': datetime.datetime(2016, 8, 2, 11, 12, 12, 333104)}
2016-08-02 19:12:12 [scrapy] INFO: Spider closed (finished)
2016-08-02 19:17:00 [scrapy] INFO: Scrapy 1.2.0dev2 started (bot: sina_stock_news_us)
2016-08-02 19:17:00 [scrapy] INFO: Overridden settings: {'NEWSPIDER_MODULE': 'sina_stock_news_us.spiders', 'ROBOTSTXT_OBEY': True, 'SPIDER_MODULES': ['sina_stock_news_us.spiders'], 'LOG_FILE': 'logs.log', 'BOT_NAME': 'sina_stock_news_us'}
2016-08-02 19:17:00 [scrapy] INFO: Enabled extensions:
['scrapy.extensions.logstats.LogStats',
 'scrapy.extensions.telnet.TelnetConsole',
 'scrapy.extensions.corestats.CoreStats']
2016-08-02 19:17:00 [scrapy] INFO: Enabled downloader middlewares:
['scrapy.downloadermiddlewares.robotstxt.RobotsTxtMiddleware',
 'scrapy.downloadermiddlewares.httpauth.HttpAuthMiddleware',
 'scrapy.downloadermiddlewares.downloadtimeout.DownloadTimeoutMiddleware',
 'scrapy.downloadermiddlewares.defaultheaders.DefaultHeadersMiddleware',
 'scrapy.downloadermiddlewares.useragent.UserAgentMiddleware',
 'scrapy.downloadermiddlewares.retry.RetryMiddleware',
 'scrapy.downloadermiddlewares.redirect.MetaRefreshMiddleware',
 'scrapy.downloadermiddlewares.httpcompression.HttpCompressionMiddleware',
 'scrapy.downloadermiddlewares.redirect.RedirectMiddleware',
 'scrapy.downloadermiddlewares.cookies.CookiesMiddleware',
 'scrapy.downloadermiddlewares.chunked.ChunkedTransferMiddleware',
 'scrapy.downloadermiddlewares.stats.DownloaderStats']
2016-08-02 19:17:00 [scrapy] INFO: Enabled spider middlewares:
['scrapy.spidermiddlewares.httperror.HttpErrorMiddleware',
 'scrapy.spidermiddlewares.offsite.OffsiteMiddleware',
 'scrapy.spidermiddlewares.referer.RefererMiddleware',
 'scrapy.spidermiddlewares.urllength.UrlLengthMiddleware',
 'scrapy.spidermiddlewares.depth.DepthMiddleware']
2016-08-02 19:17:00 [scrapy] INFO: Enabled item pipelines:
['sina_stock_news_us.pipelines.SinaStockNewsUsPipelineJson']
2016-08-02 19:17:00 [scrapy] INFO: Spider opened
2016-08-02 19:17:00 [scrapy] INFO: Crawled 0 pages (at 0 pages/min), scraped 0 items (at 0 items/min)
2016-08-02 19:17:00 [scrapy] DEBUG: Telnet console listening on 127.0.0.1:6023
2016-08-02 19:17:00 [scrapy] DEBUG: Crawled (200) <GET http://tech.sina.com.cn/robots.txt> (referer: None)
2016-08-02 19:17:00 [scrapy] DEBUG: Crawled (200) <GET http://tech.sina.com.cn/i/2016-07-29/doc-ifxunyxy6002895.shtml> (referer: None)
2016-08-02 19:17:01 [scrapy] INFO: Closing spider (finished)
2016-08-02 19:17:01 [scrapy] INFO: Dumping Scrapy stats:
{'downloader/request_bytes': 484,
 'downloader/request_count': 2,
 'downloader/request_method_count/GET': 2,
 'downloader/response_bytes': 33435,
 'downloader/response_count': 2,
 'downloader/response_status_count/200': 2,
 'finish_reason': 'finished',
 'finish_time': datetime.datetime(2016, 8, 2, 11, 17, 1, 92959),
 'log_count/DEBUG': 3,
 'log_count/INFO': 7,
 'response_received_count': 2,
 'scheduler/dequeued': 1,
 'scheduler/dequeued/memory': 1,
 'scheduler/enqueued': 1,
 'scheduler/enqueued/memory': 1,
 'start_time': datetime.datetime(2016, 8, 2, 11, 17, 0, 899994)}
2016-08-02 19:17:01 [scrapy] INFO: Spider closed (finished)
2016-08-02 19:17:49 [scrapy] INFO: Scrapy 1.2.0dev2 started (bot: sina_stock_news_us)
2016-08-02 19:17:49 [scrapy] INFO: Overridden settings: {'NEWSPIDER_MODULE': 'sina_stock_news_us.spiders', 'ROBOTSTXT_OBEY': True, 'SPIDER_MODULES': ['sina_stock_news_us.spiders'], 'LOG_FILE': 'logs.log', 'BOT_NAME': 'sina_stock_news_us'}
2016-08-02 19:17:49 [scrapy] INFO: Enabled extensions:
['scrapy.extensions.logstats.LogStats',
 'scrapy.extensions.telnet.TelnetConsole',
 'scrapy.extensions.corestats.CoreStats']
2016-08-02 19:17:49 [scrapy] INFO: Enabled downloader middlewares:
['scrapy.downloadermiddlewares.robotstxt.RobotsTxtMiddleware',
 'scrapy.downloadermiddlewares.httpauth.HttpAuthMiddleware',
 'scrapy.downloadermiddlewares.downloadtimeout.DownloadTimeoutMiddleware',
 'scrapy.downloadermiddlewares.defaultheaders.DefaultHeadersMiddleware',
 'scrapy.downloadermiddlewares.useragent.UserAgentMiddleware',
 'scrapy.downloadermiddlewares.retry.RetryMiddleware',
 'scrapy.downloadermiddlewares.redirect.MetaRefreshMiddleware',
 'scrapy.downloadermiddlewares.httpcompression.HttpCompressionMiddleware',
 'scrapy.downloadermiddlewares.redirect.RedirectMiddleware',
 'scrapy.downloadermiddlewares.cookies.CookiesMiddleware',
 'scrapy.downloadermiddlewares.chunked.ChunkedTransferMiddleware',
 'scrapy.downloadermiddlewares.stats.DownloaderStats']
2016-08-02 19:17:49 [scrapy] INFO: Enabled spider middlewares:
['scrapy.spidermiddlewares.httperror.HttpErrorMiddleware',
 'scrapy.spidermiddlewares.offsite.OffsiteMiddleware',
 'scrapy.spidermiddlewares.referer.RefererMiddleware',
 'scrapy.spidermiddlewares.urllength.UrlLengthMiddleware',
 'scrapy.spidermiddlewares.depth.DepthMiddleware']
2016-08-02 19:17:49 [scrapy] INFO: Enabled item pipelines:
['sina_stock_news_us.pipelines.SinaStockNewsUsPipelineJson']
2016-08-02 19:17:49 [scrapy] INFO: Spider opened
2016-08-02 19:17:49 [scrapy] INFO: Crawled 0 pages (at 0 pages/min), scraped 0 items (at 0 items/min)
2016-08-02 19:17:49 [scrapy] DEBUG: Telnet console listening on 127.0.0.1:6023
2016-08-02 19:17:49 [scrapy] DEBUG: Crawled (200) <GET http://tech.sina.com.cn/robots.txt> (referer: None)
2016-08-02 19:17:49 [scrapy] DEBUG: Crawled (200) <GET http://tech.sina.com.cn/i/2016-07-29/doc-ifxunyxy6002895.shtml> (referer: None)
2016-08-02 19:17:49 [scrapy] INFO: Closing spider (finished)
2016-08-02 19:17:49 [scrapy] INFO: Dumping Scrapy stats:
{'downloader/request_bytes': 484,
 'downloader/request_count': 2,
 'downloader/request_method_count/GET': 2,
 'downloader/response_bytes': 33452,
 'downloader/response_count': 2,
 'downloader/response_status_count/200': 2,
 'finish_reason': 'finished',
 'finish_time': datetime.datetime(2016, 8, 2, 11, 17, 49, 983403),
 'log_count/DEBUG': 3,
 'log_count/INFO': 7,
 'response_received_count': 2,
 'scheduler/dequeued': 1,
 'scheduler/dequeued/memory': 1,
 'scheduler/enqueued': 1,
 'scheduler/enqueued/memory': 1,
 'start_time': datetime.datetime(2016, 8, 2, 11, 17, 49, 807133)}
2016-08-02 19:17:49 [scrapy] INFO: Spider closed (finished)
2016-08-02 19:18:15 [scrapy] INFO: Scrapy 1.2.0dev2 started (bot: sina_stock_news_us)
2016-08-02 19:18:15 [scrapy] INFO: Overridden settings: {'NEWSPIDER_MODULE': 'sina_stock_news_us.spiders', 'ROBOTSTXT_OBEY': True, 'SPIDER_MODULES': ['sina_stock_news_us.spiders'], 'LOG_FILE': 'logs.log', 'BOT_NAME': 'sina_stock_news_us'}
2016-08-02 19:18:15 [scrapy] INFO: Enabled extensions:
['scrapy.extensions.logstats.LogStats',
 'scrapy.extensions.telnet.TelnetConsole',
 'scrapy.extensions.corestats.CoreStats']
2016-08-02 19:18:15 [scrapy] INFO: Enabled downloader middlewares:
['scrapy.downloadermiddlewares.robotstxt.RobotsTxtMiddleware',
 'scrapy.downloadermiddlewares.httpauth.HttpAuthMiddleware',
 'scrapy.downloadermiddlewares.downloadtimeout.DownloadTimeoutMiddleware',
 'scrapy.downloadermiddlewares.defaultheaders.DefaultHeadersMiddleware',
 'scrapy.downloadermiddlewares.useragent.UserAgentMiddleware',
 'scrapy.downloadermiddlewares.retry.RetryMiddleware',
 'scrapy.downloadermiddlewares.redirect.MetaRefreshMiddleware',
 'scrapy.downloadermiddlewares.httpcompression.HttpCompressionMiddleware',
 'scrapy.downloadermiddlewares.redirect.RedirectMiddleware',
 'scrapy.downloadermiddlewares.cookies.CookiesMiddleware',
 'scrapy.downloadermiddlewares.chunked.ChunkedTransferMiddleware',
 'scrapy.downloadermiddlewares.stats.DownloaderStats']
2016-08-02 19:18:15 [scrapy] INFO: Enabled spider middlewares:
['scrapy.spidermiddlewares.httperror.HttpErrorMiddleware',
 'scrapy.spidermiddlewares.offsite.OffsiteMiddleware',
 'scrapy.spidermiddlewares.referer.RefererMiddleware',
 'scrapy.spidermiddlewares.urllength.UrlLengthMiddleware',
 'scrapy.spidermiddlewares.depth.DepthMiddleware']
2016-08-02 19:18:15 [scrapy] INFO: Enabled item pipelines:
['sina_stock_news_us.pipelines.SinaStockNewsUsPipelineJson']
2016-08-02 19:18:15 [scrapy] INFO: Spider opened
2016-08-02 19:18:15 [scrapy] INFO: Crawled 0 pages (at 0 pages/min), scraped 0 items (at 0 items/min)
2016-08-02 19:18:15 [scrapy] DEBUG: Telnet console listening on 127.0.0.1:6023
2016-08-02 19:18:15 [scrapy] DEBUG: Crawled (200) <GET http://tech.sina.com.cn/robots.txt> (referer: None)
2016-08-02 19:18:15 [scrapy] DEBUG: Crawled (200) <GET http://tech.sina.com.cn/i/2016-07-29/doc-ifxunyxy6002895.shtml> (referer: None)
2016-08-02 19:18:15 [scrapy] INFO: Closing spider (finished)
2016-08-02 19:18:15 [scrapy] INFO: Dumping Scrapy stats:
{'downloader/request_bytes': 484,
 'downloader/request_count': 2,
 'downloader/request_method_count/GET': 2,
 'downloader/response_bytes': 33452,
 'downloader/response_count': 2,
 'downloader/response_status_count/200': 2,
 'finish_reason': 'finished',
 'finish_time': datetime.datetime(2016, 8, 2, 11, 18, 15, 393522),
 'log_count/DEBUG': 3,
 'log_count/INFO': 7,
 'response_received_count': 2,
 'scheduler/dequeued': 1,
 'scheduler/dequeued/memory': 1,
 'scheduler/enqueued': 1,
 'scheduler/enqueued/memory': 1,
 'start_time': datetime.datetime(2016, 8, 2, 11, 18, 15, 216796)}
2016-08-02 19:18:15 [scrapy] INFO: Spider closed (finished)
2016-08-02 19:18:43 [scrapy] INFO: Scrapy 1.2.0dev2 started (bot: sina_stock_news_us)
2016-08-02 19:18:43 [scrapy] INFO: Overridden settings: {'NEWSPIDER_MODULE': 'sina_stock_news_us.spiders', 'ROBOTSTXT_OBEY': True, 'SPIDER_MODULES': ['sina_stock_news_us.spiders'], 'LOG_FILE': 'logs.log', 'BOT_NAME': 'sina_stock_news_us'}
2016-08-02 19:18:43 [scrapy] INFO: Enabled extensions:
['scrapy.extensions.logstats.LogStats',
 'scrapy.extensions.telnet.TelnetConsole',
 'scrapy.extensions.corestats.CoreStats']
2016-08-02 19:18:43 [scrapy] INFO: Enabled downloader middlewares:
['scrapy.downloadermiddlewares.robotstxt.RobotsTxtMiddleware',
 'scrapy.downloadermiddlewares.httpauth.HttpAuthMiddleware',
 'scrapy.downloadermiddlewares.downloadtimeout.DownloadTimeoutMiddleware',
 'scrapy.downloadermiddlewares.defaultheaders.DefaultHeadersMiddleware',
 'scrapy.downloadermiddlewares.useragent.UserAgentMiddleware',
 'scrapy.downloadermiddlewares.retry.RetryMiddleware',
 'scrapy.downloadermiddlewares.redirect.MetaRefreshMiddleware',
 'scrapy.downloadermiddlewares.httpcompression.HttpCompressionMiddleware',
 'scrapy.downloadermiddlewares.redirect.RedirectMiddleware',
 'scrapy.downloadermiddlewares.cookies.CookiesMiddleware',
 'scrapy.downloadermiddlewares.chunked.ChunkedTransferMiddleware',
 'scrapy.downloadermiddlewares.stats.DownloaderStats']
2016-08-02 19:18:43 [scrapy] INFO: Enabled spider middlewares:
['scrapy.spidermiddlewares.httperror.HttpErrorMiddleware',
 'scrapy.spidermiddlewares.offsite.OffsiteMiddleware',
 'scrapy.spidermiddlewares.referer.RefererMiddleware',
 'scrapy.spidermiddlewares.urllength.UrlLengthMiddleware',
 'scrapy.spidermiddlewares.depth.DepthMiddleware']
2016-08-02 19:18:43 [scrapy] INFO: Enabled item pipelines:
['sina_stock_news_us.pipelines.SinaStockNewsUsPipelineJson']
2016-08-02 19:18:43 [scrapy] INFO: Spider opened
2016-08-02 19:18:43 [scrapy] INFO: Crawled 0 pages (at 0 pages/min), scraped 0 items (at 0 items/min)
2016-08-02 19:18:43 [scrapy] DEBUG: Telnet console listening on 127.0.0.1:6023
2016-08-02 19:18:43 [scrapy] DEBUG: Crawled (200) <GET http://tech.sina.com.cn/robots.txt> (referer: None)
2016-08-02 19:18:43 [scrapy] DEBUG: Crawled (200) <GET http://tech.sina.com.cn/i/2016-07-29/doc-ifxunyxy6002895.shtml> (referer: None)
2016-08-02 19:18:43 [scrapy] INFO: Closing spider (finished)
2016-08-02 19:18:43 [scrapy] INFO: Dumping Scrapy stats:
{'downloader/request_bytes': 484,
 'downloader/request_count': 2,
 'downloader/request_method_count/GET': 2,
 'downloader/response_bytes': 33454,
 'downloader/response_count': 2,
 'downloader/response_status_count/200': 2,
 'finish_reason': 'finished',
 'finish_time': datetime.datetime(2016, 8, 2, 11, 18, 43, 783787),
 'log_count/DEBUG': 3,
 'log_count/INFO': 7,
 'response_received_count': 2,
 'scheduler/dequeued': 1,
 'scheduler/dequeued/memory': 1,
 'scheduler/enqueued': 1,
 'scheduler/enqueued/memory': 1,
 'start_time': datetime.datetime(2016, 8, 2, 11, 18, 43, 583680)}
2016-08-02 19:18:43 [scrapy] INFO: Spider closed (finished)
2016-08-02 19:20:50 [scrapy] INFO: Scrapy 1.2.0dev2 started (bot: sina_stock_news_us)
2016-08-02 19:20:50 [scrapy] INFO: Overridden settings: {'NEWSPIDER_MODULE': 'sina_stock_news_us.spiders', 'ROBOTSTXT_OBEY': True, 'SPIDER_MODULES': ['sina_stock_news_us.spiders'], 'LOG_FILE': 'logs.log', 'BOT_NAME': 'sina_stock_news_us'}
2016-08-02 19:20:50 [scrapy] INFO: Enabled extensions:
['scrapy.extensions.logstats.LogStats',
 'scrapy.extensions.telnet.TelnetConsole',
 'scrapy.extensions.corestats.CoreStats']
2016-08-02 19:20:50 [scrapy] INFO: Enabled downloader middlewares:
['scrapy.downloadermiddlewares.robotstxt.RobotsTxtMiddleware',
 'scrapy.downloadermiddlewares.httpauth.HttpAuthMiddleware',
 'scrapy.downloadermiddlewares.downloadtimeout.DownloadTimeoutMiddleware',
 'scrapy.downloadermiddlewares.defaultheaders.DefaultHeadersMiddleware',
 'scrapy.downloadermiddlewares.useragent.UserAgentMiddleware',
 'scrapy.downloadermiddlewares.retry.RetryMiddleware',
 'scrapy.downloadermiddlewares.redirect.MetaRefreshMiddleware',
 'scrapy.downloadermiddlewares.httpcompression.HttpCompressionMiddleware',
 'scrapy.downloadermiddlewares.redirect.RedirectMiddleware',
 'scrapy.downloadermiddlewares.cookies.CookiesMiddleware',
 'scrapy.downloadermiddlewares.chunked.ChunkedTransferMiddleware',
 'scrapy.downloadermiddlewares.stats.DownloaderStats']
2016-08-02 19:20:50 [scrapy] INFO: Enabled spider middlewares:
['scrapy.spidermiddlewares.httperror.HttpErrorMiddleware',
 'scrapy.spidermiddlewares.offsite.OffsiteMiddleware',
 'scrapy.spidermiddlewares.referer.RefererMiddleware',
 'scrapy.spidermiddlewares.urllength.UrlLengthMiddleware',
 'scrapy.spidermiddlewares.depth.DepthMiddleware']
2016-08-02 19:20:50 [scrapy] INFO: Enabled item pipelines:
['sina_stock_news_us.pipelines.SinaStockNewsUsPipelineJson']
2016-08-02 19:20:50 [scrapy] INFO: Spider opened
2016-08-02 19:20:50 [scrapy] INFO: Crawled 0 pages (at 0 pages/min), scraped 0 items (at 0 items/min)
2016-08-02 19:20:50 [scrapy] DEBUG: Telnet console listening on 127.0.0.1:6023
2016-08-02 19:20:50 [scrapy] DEBUG: Crawled (200) <GET http://tech.sina.com.cn/robots.txt> (referer: None)
2016-08-02 19:20:50 [scrapy] DEBUG: Crawled (200) <GET http://tech.sina.com.cn/i/2016-07-29/doc-ifxunyxy6002895.shtml> (referer: None)
2016-08-02 19:20:50 [scrapy] DEBUG: Scraped from <200 http://tech.sina.com.cn/i/2016-07-29/doc-ifxunyxy6002895.shtml>
{'news_html': u'<p class="p1">\u3000\u3000\u65b0\u6d6a\u79d1\u6280\u8baf 7\u670829\u65e5\u665a\u95f4\u6d88\u606f\uff0c<span id="quote_BIDU"></span>\u4eca\u65e5\u65e9\u76d8\u80a1\u4ef7\u4e0b\u8dcc\uff0c\u622a\u6b62\u5317\u4eac\u65f6\u95f421\uff1a44\u5206\uff0c\u8dcc7.45\u7f8e\u5143\u81f3158.18\u7f8e\u5143\uff0c\u8dcc\u5e45\u8fbe4.50%\u3002</p><p class="p1">\u3000\u3000\u767e\u5ea62016\u8d22\u5e74\u7b2c\u4e8c\u5b63\u5ea6\u672a\u7ecf\u5ba1\u8ba1\u8d22\u62a5\u663e\u793a\uff0c\u767e\u5ea6\u7b2c\u4e8c\u5b63\u5ea6\u603b\u8425\u6536\u4e3a\u4eba\u6c11\u5e01182.64\u4ebf\u5143\uff08\u7ea6\u540827.48\u4ebf\u7f8e\u5143\uff09\uff0c\u540c\u6bd4\u589e\u957f10.2%\u3002\u7b2c\u4e8c\u5b63\u5ea6\u51c0\u5229\u6da6\u4e3a\u4eba\u6c11\u5e0124.14\u4ebf\u5143\uff08\u7ea6\u54083.632\u4ebf\u7f8e\u5143\uff09\uff0c\u540c\u6bd4\u4e0b\u6ed134.1%\u3002</p><p class="p1">\u3000\u3000\u5728\u4e3b\u8425\u6536\u5165\u65b9\u9762\uff0c\u641c\u7d22\u5e7f\u544a\u548c\u63a8\u5e7f\u4e3a\u6838\u5fc3\u7684\u7f51\u7edc\u8425\u6536\u4f9d\u65e7\u5360\u636e\u7edd\u5bf9\u5730\u4f4d\uff0c\u4e14\u57285\u6708\u521d\u7ecf\u5386\u4e86\u201c\u9b4f\u5219\u897f\u4e8b\u4ef6\u201d\u7684\u5f71\u54cd\u540e\uff0c\u767e\u5ea6\u7b2c\u4e8c\u5b63\u5ea6\u7f51\u7edc\u8425\u9500\u6536\u5165\u5e76\u672a\u53d7\u5230\u660e\u663e\u5f71\u54cd\uff0c\u62a5\u544a\u4e2d\u79f0\uff0c\u767e\u5ea6\u7b2c\u4e8c\u5b63\u5ea6\u7f51\u7edc\u8425\u9500\u8425\u6536\u4e3a169.39\u4ebf\u5143\uff08\u7ea6\u540825.49\u4ebf\u7f8e\u5143\uff09\uff0c\u5360\u6bd492.75%\u30022015\u5e74\u7b2c\u4e8c\u5b63\u5ea6\u7f51\u7edc\u8425\u6536\u6536\u5165\u662f162.27\u4ebf\u5143\uff0c\u540c\u6bd4\u589e\u957f4.39%\u3002</p>'}
2016-08-02 19:20:50 [scrapy] INFO: Closing spider (finished)
2016-08-02 19:20:50 [scrapy] INFO: Dumping Scrapy stats:
{'downloader/request_bytes': 484,
 'downloader/request_count': 2,
 'downloader/request_method_count/GET': 2,
 'downloader/response_bytes': 33434,
 'downloader/response_count': 2,
 'downloader/response_status_count/200': 2,
 'finish_reason': 'finished',
 'finish_time': datetime.datetime(2016, 8, 2, 11, 20, 50, 808484),
 'item_scraped_count': 1,
 'log_count/DEBUG': 4,
 'log_count/INFO': 7,
 'response_received_count': 2,
 'scheduler/dequeued': 1,
 'scheduler/dequeued/memory': 1,
 'scheduler/enqueued': 1,
 'scheduler/enqueued/memory': 1,
 'start_time': datetime.datetime(2016, 8, 2, 11, 20, 50, 590260)}
2016-08-02 19:20:50 [scrapy] INFO: Spider closed (finished)
2016-08-02 19:23:20 [scrapy] INFO: Scrapy 1.2.0dev2 started (bot: sina_stock_news_us)
2016-08-02 19:23:20 [scrapy] INFO: Overridden settings: {'NEWSPIDER_MODULE': 'sina_stock_news_us.spiders', 'ROBOTSTXT_OBEY': True, 'SPIDER_MODULES': ['sina_stock_news_us.spiders'], 'LOG_FILE': 'logs.log', 'BOT_NAME': 'sina_stock_news_us'}
2016-08-02 19:23:20 [scrapy] INFO: Enabled extensions:
['scrapy.extensions.logstats.LogStats',
 'scrapy.extensions.telnet.TelnetConsole',
 'scrapy.extensions.corestats.CoreStats']
2016-08-02 19:23:21 [scrapy] INFO: Enabled downloader middlewares:
['scrapy.downloadermiddlewares.robotstxt.RobotsTxtMiddleware',
 'scrapy.downloadermiddlewares.httpauth.HttpAuthMiddleware',
 'scrapy.downloadermiddlewares.downloadtimeout.DownloadTimeoutMiddleware',
 'scrapy.downloadermiddlewares.defaultheaders.DefaultHeadersMiddleware',
 'scrapy.downloadermiddlewares.useragent.UserAgentMiddleware',
 'scrapy.downloadermiddlewares.retry.RetryMiddleware',
 'scrapy.downloadermiddlewares.redirect.MetaRefreshMiddleware',
 'scrapy.downloadermiddlewares.httpcompression.HttpCompressionMiddleware',
 'scrapy.downloadermiddlewares.redirect.RedirectMiddleware',
 'scrapy.downloadermiddlewares.cookies.CookiesMiddleware',
 'scrapy.downloadermiddlewares.chunked.ChunkedTransferMiddleware',
 'scrapy.downloadermiddlewares.stats.DownloaderStats']
2016-08-02 19:23:21 [scrapy] INFO: Enabled spider middlewares:
['scrapy.spidermiddlewares.httperror.HttpErrorMiddleware',
 'scrapy.spidermiddlewares.offsite.OffsiteMiddleware',
 'scrapy.spidermiddlewares.referer.RefererMiddleware',
 'scrapy.spidermiddlewares.urllength.UrlLengthMiddleware',
 'scrapy.spidermiddlewares.depth.DepthMiddleware']
2016-08-02 19:23:21 [scrapy] INFO: Enabled item pipelines:
['sina_stock_news_us.pipelines.SinaStockNewsUsPipelineJson']
2016-08-02 19:23:21 [scrapy] INFO: Spider opened
2016-08-02 19:23:21 [scrapy] INFO: Crawled 0 pages (at 0 pages/min), scraped 0 items (at 0 items/min)
2016-08-02 19:23:21 [scrapy] DEBUG: Telnet console listening on 127.0.0.1:6023
2016-08-02 19:23:21 [scrapy] DEBUG: Crawled (200) <GET http://tech.sina.com.cn/robots.txt> (referer: None)
2016-08-02 19:23:21 [scrapy] DEBUG: Crawled (200) <GET http://tech.sina.com.cn/i/2016-07-29/doc-ifxunyxy6002895.shtml> (referer: None)
2016-08-02 19:23:21 [scrapy] DEBUG: Scraped from <200 http://tech.sina.com.cn/i/2016-07-29/doc-ifxunyxy6002895.shtml>
{'news_html': u'<p class="p1">\u3000\u3000\u65b0\u6d6a\u79d1\u6280\u8baf 7\u670829\u65e5\u665a\u95f4\u6d88\u606f\uff0c<span id="quote_BIDU"></span>\u4eca\u65e5\u65e9\u76d8\u80a1\u4ef7\u4e0b\u8dcc\uff0c\u622a\u6b62\u5317\u4eac\u65f6\u95f421\uff1a44\u5206\uff0c\u8dcc7.45\u7f8e\u5143\u81f3158.18\u7f8e\u5143\uff0c\u8dcc\u5e45\u8fbe4.50%\u3002</p><p class="p1">\u3000\u3000\u767e\u5ea62016\u8d22\u5e74\u7b2c\u4e8c\u5b63\u5ea6\u672a\u7ecf\u5ba1\u8ba1\u8d22\u62a5\u663e\u793a\uff0c\u767e\u5ea6\u7b2c\u4e8c\u5b63\u5ea6\u603b\u8425\u6536\u4e3a\u4eba\u6c11\u5e01182.64\u4ebf\u5143\uff08\u7ea6\u540827.48\u4ebf\u7f8e\u5143\uff09\uff0c\u540c\u6bd4\u589e\u957f10.2%\u3002\u7b2c\u4e8c\u5b63\u5ea6\u51c0\u5229\u6da6\u4e3a\u4eba\u6c11\u5e0124.14\u4ebf\u5143\uff08\u7ea6\u54083.632\u4ebf\u7f8e\u5143\uff09\uff0c\u540c\u6bd4\u4e0b\u6ed134.1%\u3002</p><p class="p1">\u3000\u3000\u5728\u4e3b\u8425\u6536\u5165\u65b9\u9762\uff0c\u641c\u7d22\u5e7f\u544a\u548c\u63a8\u5e7f\u4e3a\u6838\u5fc3\u7684\u7f51\u7edc\u8425\u6536\u4f9d\u65e7\u5360\u636e\u7edd\u5bf9\u5730\u4f4d\uff0c\u4e14\u57285\u6708\u521d\u7ecf\u5386\u4e86\u201c\u9b4f\u5219\u897f\u4e8b\u4ef6\u201d\u7684\u5f71\u54cd\u540e\uff0c\u767e\u5ea6\u7b2c\u4e8c\u5b63\u5ea6\u7f51\u7edc\u8425\u9500\u6536\u5165\u5e76\u672a\u53d7\u5230\u660e\u663e\u5f71\u54cd\uff0c\u62a5\u544a\u4e2d\u79f0\uff0c\u767e\u5ea6\u7b2c\u4e8c\u5b63\u5ea6\u7f51\u7edc\u8425\u9500\u8425\u6536\u4e3a169.39\u4ebf\u5143\uff08\u7ea6\u540825.49\u4ebf\u7f8e\u5143\uff09\uff0c\u5360\u6bd492.75%\u30022015\u5e74\u7b2c\u4e8c\u5b63\u5ea6\u7f51\u7edc\u8425\u6536\u6536\u5165\u662f162.27\u4ebf\u5143\uff0c\u540c\u6bd4\u589e\u957f4.39%\u3002</p>'}
2016-08-02 19:23:21 [scrapy] INFO: Closing spider (finished)
2016-08-02 19:23:21 [scrapy] INFO: Dumping Scrapy stats:
{'downloader/request_bytes': 484,
 'downloader/request_count': 2,
 'downloader/request_method_count/GET': 2,
 'downloader/response_bytes': 33435,
 'downloader/response_count': 2,
 'downloader/response_status_count/200': 2,
 'finish_reason': 'finished',
 'finish_time': datetime.datetime(2016, 8, 2, 11, 23, 21, 557706),
 'item_scraped_count': 1,
 'log_count/DEBUG': 4,
 'log_count/INFO': 7,
 'response_received_count': 2,
 'scheduler/dequeued': 1,
 'scheduler/dequeued/memory': 1,
 'scheduler/enqueued': 1,
 'scheduler/enqueued/memory': 1,
 'start_time': datetime.datetime(2016, 8, 2, 11, 23, 21, 35994)}
2016-08-02 19:23:21 [scrapy] INFO: Spider closed (finished)
