2016-07-13 19:02:23 [scrapy] INFO: Scrapy 1.1.0 started (bot: dongfang_finance)
2016-07-13 19:02:23 [scrapy] INFO: Overridden settings: {'NEWSPIDER_MODULE': 'dongfang_finance.spiders', 'MAIL_FROM': 'tongyang.li@fengjr.com', 'ROBOTSTXT_OBEY': True, 'SPIDER_MODULES': ['dongfang_finance.spiders'], 'BOT_NAME': 'dongfang_finance', 'MAIL_USER': 'tongyang.li', 'MAIL_PASS': 'Lty369963', 'MAIL_HOST': 'smtp.fengjr.com', 'LOG_FILE': 'logs.log'}
2016-07-13 19:02:23 [scrapy] INFO: Enabled extensions:
['scrapy.extensions.logstats.LogStats',
 'scrapy.extensions.telnet.TelnetConsole',
 'scrapy.extensions.corestats.CoreStats']
2016-07-13 19:02:23 [py.warnings] WARNING: c:\python27\lib\site-packages\scrapy\utils\deprecate.py:156: ScrapyDeprecationWarning: `scrapy.contrib.downloadermiddleware.httpproxy.HttpProxyMiddleware` class is deprecated, use `scrapy.downloadermiddlewares.httpproxy.HttpProxyMiddleware` instead
  ScrapyDeprecationWarning)

2016-07-13 19:02:23 [scrapy] INFO: Enabled downloader middlewares:
['scrapy.downloadermiddlewares.robotstxt.RobotsTxtMiddleware',
 'scrapy.downloadermiddlewares.httpauth.HttpAuthMiddleware',
 'scrapy.downloadermiddlewares.downloadtimeout.DownloadTimeoutMiddleware',
 'scrapy.downloadermiddlewares.useragent.UserAgentMiddleware',
 'scrapy.downloadermiddlewares.retry.RetryMiddleware',
 'dongfang_finance.middlewares.ProxyMiddleware',
 'scrapy.downloadermiddlewares.defaultheaders.DefaultHeadersMiddleware',
 'scrapy.downloadermiddlewares.redirect.MetaRefreshMiddleware',
 'scrapy.downloadermiddlewares.httpcompression.HttpCompressionMiddleware',
 'scrapy.downloadermiddlewares.redirect.RedirectMiddleware',
 'scrapy.downloadermiddlewares.cookies.CookiesMiddleware',
 'scrapy.downloadermiddlewares.chunked.ChunkedTransferMiddleware',
 'scrapy.downloadermiddlewares.stats.DownloaderStats']
2016-07-13 19:02:23 [scrapy] INFO: Enabled spider middlewares:
['scrapy.spidermiddlewares.httperror.HttpErrorMiddleware',
 'scrapy.spidermiddlewares.offsite.OffsiteMiddleware',
 'scrapy.spidermiddlewares.referer.RefererMiddleware',
 'scrapy.spidermiddlewares.urllength.UrlLengthMiddleware',
 'scrapy.spidermiddlewares.depth.DepthMiddleware']
2016-07-13 19:02:23 [py.warnings] WARNING: C:\Users\tongyang.li\PycharmProjects\myPython\work\fenghuang_jr\spider\dongfang_finance\dongfang_finance\pipelines.py:9: ScrapyDeprecationWarning: Module `scrapy.log` has been deprecated, Scrapy now relies on the builtin Python library for logging. Read the updated logging entry in the documentation to learn more.
  from scrapy import log

2016-07-13 19:02:23 [scrapy] INFO: Enabled item pipelines:
['dongfang_finance.pipelines.DongfangFinancePipelineJson']
2016-07-13 19:02:23 [scrapy] INFO: Spider opened
2016-07-13 19:02:23 [scrapy] INFO: Crawled 0 pages (at 0 pages/min), scraped 0 items (at 0 items/min)
2016-07-13 19:02:23 [scrapy] DEBUG: Telnet console listening on 127.0.0.1:6023
2016-07-13 19:02:44 [scrapy] DEBUG: Retrying <GET http://data.eastmoney.com/robots.txt> (failed 1 times): TCP connection timed out: 10060: 由于连接方在一段时间后没有正确答复或连接的主机没有反应，连接尝试失败。.
2016-07-13 19:03:05 [scrapy] DEBUG: Retrying <GET http://data.eastmoney.com/robots.txt> (failed 2 times): TCP connection timed out: 10060: 由于连接方在一段时间后没有正确答复或连接的主机没有反应，连接尝试失败。.
2016-07-13 19:03:23 [scrapy] INFO: Crawled 0 pages (at 0 pages/min), scraped 0 items (at 0 items/min)
2016-07-13 19:03:26 [scrapy] DEBUG: Gave up retrying <GET http://data.eastmoney.com/robots.txt> (failed 3 times): TCP connection timed out: 10060: 由于连接方在一段时间后没有正确答复或连接的主机没有反应，连接尝试失败。.
2016-07-13 19:03:26 [scrapy] ERROR: Error downloading <GET http://data.eastmoney.com/robots.txt>: TCP connection timed out: 10060: 由于连接方在一段时间后没有正确答复或连接的主机没有反应，连接尝试失败。.
TCPTimedOutError: TCP connection timed out: 10060: 由于连接方在一段时间后没有正确答复或连接的主机没有反应，连接尝试失败。.
2016-07-13 19:03:47 [scrapy] DEBUG: Retrying <GET http://data.eastmoney.com/Notice/Noticelist.aspx?type=0&market=all&date=&page=1> (failed 1 times): TCP connection timed out: 10060: 由于连接方在一段时间后没有正确答复或连接的主机没有反应，连接尝试失败。.
2016-07-13 19:04:08 [scrapy] DEBUG: Retrying <GET http://data.eastmoney.com/Notice/Noticelist.aspx?type=0&market=all&date=&page=1> (failed 2 times): TCP connection timed out: 10060: 由于连接方在一段时间后没有正确答复或连接的主机没有反应，连接尝试失败。.
2016-07-13 19:04:23 [scrapy] INFO: Crawled 0 pages (at 0 pages/min), scraped 0 items (at 0 items/min)
2016-07-13 19:04:29 [scrapy] DEBUG: Gave up retrying <GET http://data.eastmoney.com/Notice/Noticelist.aspx?type=0&market=all&date=&page=1> (failed 3 times): TCP connection timed out: 10060: 由于连接方在一段时间后没有正确答复或连接的主机没有反应，连接尝试失败。.
2016-07-13 19:04:29 [scrapy] ERROR: Error downloading <GET http://data.eastmoney.com/Notice/Noticelist.aspx?type=0&market=all&date=&page=1>: TCP connection timed out: 10060: 由于连接方在一段时间后没有正确答复或连接的主机没有反应，连接尝试失败。.
2016-07-13 19:04:29 [scrapy] INFO: Closing spider (finished)
2016-07-13 19:04:29 [scrapy] INFO: Dumping Scrapy stats:
{'downloader/exception_count': 6,
 'downloader/exception_type_count/twisted.internet.error.TCPTimedOutError': 6,
 'downloader/request_bytes': 1485,
 'downloader/request_count': 6,
 'downloader/request_method_count/GET': 6,
 'finish_reason': 'finished',
 'finish_time': datetime.datetime(2016, 7, 13, 11, 4, 29, 927000),
 'log_count/DEBUG': 7,
 'log_count/ERROR': 2,
 'log_count/INFO': 9,
 'log_count/WARNING': 2,
 'scheduler/dequeued': 3,
 'scheduler/dequeued/memory': 3,
 'scheduler/enqueued': 3,
 'scheduler/enqueued/memory': 3,
 'start_time': datetime.datetime(2016, 7, 13, 11, 2, 23, 683000)}
2016-07-13 19:04:29 [scrapy] INFO: Spider closed (finished)
2016-07-13 19:04:45 [scrapy] INFO: Scrapy 1.1.0 started (bot: dongfang_finance)
2016-07-13 19:04:45 [scrapy] INFO: Overridden settings: {'NEWSPIDER_MODULE': 'dongfang_finance.spiders', 'MAIL_FROM': 'tongyang.li@fengjr.com', 'ROBOTSTXT_OBEY': True, 'SPIDER_MODULES': ['dongfang_finance.spiders'], 'BOT_NAME': 'dongfang_finance', 'MAIL_USER': 'tongyang.li', 'MAIL_PASS': 'Lty369963', 'MAIL_HOST': 'smtp.fengjr.com', 'LOG_FILE': 'logs.log'}
2016-07-13 19:04:45 [scrapy] INFO: Enabled extensions:
['scrapy.extensions.logstats.LogStats',
 'scrapy.extensions.telnet.TelnetConsole',
 'scrapy.extensions.corestats.CoreStats']
2016-07-13 19:04:45 [py.warnings] WARNING: c:\python27\lib\site-packages\scrapy\utils\deprecate.py:156: ScrapyDeprecationWarning: `scrapy.contrib.downloadermiddleware.httpproxy.HttpProxyMiddleware` class is deprecated, use `scrapy.downloadermiddlewares.httpproxy.HttpProxyMiddleware` instead
  ScrapyDeprecationWarning)

2016-07-13 19:04:45 [scrapy] INFO: Enabled downloader middlewares:
['scrapy.downloadermiddlewares.robotstxt.RobotsTxtMiddleware',
 'scrapy.downloadermiddlewares.httpauth.HttpAuthMiddleware',
 'scrapy.downloadermiddlewares.downloadtimeout.DownloadTimeoutMiddleware',
 'scrapy.downloadermiddlewares.useragent.UserAgentMiddleware',
 'scrapy.downloadermiddlewares.retry.RetryMiddleware',
 'dongfang_finance.middlewares.ProxyMiddleware',
 'scrapy.downloadermiddlewares.defaultheaders.DefaultHeadersMiddleware',
 'scrapy.downloadermiddlewares.redirect.MetaRefreshMiddleware',
 'scrapy.downloadermiddlewares.httpcompression.HttpCompressionMiddleware',
 'scrapy.downloadermiddlewares.redirect.RedirectMiddleware',
 'scrapy.downloadermiddlewares.cookies.CookiesMiddleware',
 'scrapy.downloadermiddlewares.chunked.ChunkedTransferMiddleware',
 'scrapy.downloadermiddlewares.stats.DownloaderStats']
2016-07-13 19:04:45 [scrapy] INFO: Enabled spider middlewares:
['scrapy.spidermiddlewares.httperror.HttpErrorMiddleware',
 'scrapy.spidermiddlewares.offsite.OffsiteMiddleware',
 'scrapy.spidermiddlewares.referer.RefererMiddleware',
 'scrapy.spidermiddlewares.urllength.UrlLengthMiddleware',
 'scrapy.spidermiddlewares.depth.DepthMiddleware']
2016-07-13 19:04:45 [py.warnings] WARNING: C:\Users\tongyang.li\PycharmProjects\myPython\work\fenghuang_jr\spider\dongfang_finance\dongfang_finance\pipelines.py:9: ScrapyDeprecationWarning: Module `scrapy.log` has been deprecated, Scrapy now relies on the builtin Python library for logging. Read the updated logging entry in the documentation to learn more.
  from scrapy import log

2016-07-13 19:04:46 [scrapy] INFO: Enabled item pipelines:
['dongfang_finance.pipelines.DongfangFinancePipelineJson']
2016-07-13 19:04:46 [scrapy] INFO: Spider opened
2016-07-13 19:04:46 [scrapy] INFO: Crawled 0 pages (at 0 pages/min), scraped 0 items (at 0 items/min)
2016-07-13 19:04:46 [scrapy] DEBUG: Telnet console listening on 127.0.0.1:6023
2016-07-13 19:04:46 [scrapy] DEBUG: Redirecting (meta refresh) to <GET http://www.eastmoney.com> from <GET http://data.eastmoney.com/robots.txt>
2016-07-13 19:04:47 [scrapy] DEBUG: Crawled (200) <GET http://www.eastmoney.com> (referer: None)
2016-07-13 19:04:50 [scrapy] DEBUG: Crawled (200) <GET http://data.eastmoney.com/Notice/Noticelist.aspx?type=0&market=all&date=&page=1> (referer: None)
2016-07-13 19:04:50 [scrapy] DEBUG: Scraped from <200 http://data.eastmoney.com/Notice/Noticelist.aspx?type=0&market=all&date=&page=1>
{'company_code': ['000965',
                  '002379',
                  '000612',
                  '000780',
                  '000961',
                  '000737',
                  '000617',
                  '000710',
                  '000565',
                  '600266',
                  '600721',
                  '600721',
                  '600829',
                  '600137',
                  '600665',
                  '002718',
                  '600549',
                  '600636',
                  '600868',
                  '600721',
                  '600885',
                  '300270',
                  '002671',
                  '002743',
                  '000881',
                  '000965',
                  '300411',
                  '200037',
                  '000037',
                  '000597',
                  '000759',
                  '002605',
                  '000677',
                  '200016',
                  '000016',
                  '002158',
                  '600275',
                  '600721',
                  '000965',
                  '600126',
                  '600721',
                  '000897',
                  '600743',
                  '600647',
                  '600419',
                  '002158',
                  '000729',
                  '600079',
                  '600293',
                  '600647'],
 'company_name': ['\xcc\xec\xb1\xa3\xbb\xf9\xbd\xa8',
                  '*ST\xc2\xb3\xb7\xe1',
                  '\xbd\xb9\xd7\xf7\xcd\xf2\xb7\xbd',
                  '\xc6\xbd\xd7\xaf\xc4\xdc\xd4\xb4',
                  '\xd6\xd0\xc4\xcf\xbd\xa8\xc9\xe8',
                  '\xc4\xcf\xb7\xe7\xbb\xaf\xb9\xa4',
                  '*ST\xbc\xc3\xb2\xf1',
                  '\xcc\xec\xd0\xcb\xd2\xc7\xb1\xed',
                  '\xd3\xe5\xc8\xfd\xcf\xbfA',
                  '\xb1\xb1\xbe\xa9\xb3\xc7\xbd\xa8',
                  '*ST\xb0\xd9\xbb\xa8',
                  '*ST\xb0\xd9\xbb\xa8',
                  '\xc8\xcb\xc3\xf1\xcd\xac\xcc\xa9',
                  '\xc0\xcb\xc9\xaf\xb9\xc9\xb7\xdd',
                  '\xcc\xec\xb5\xd8\xd4\xb4',
                  '\xd3\xd1\xb0\xee\xb5\xf5\xb6\xa5',
                  '\xcf\xc3\xc3\xc5\xce\xd9\xd2\xb5',
                  '\xc8\xfd\xb0\xae\xb8\xbb',
                  '\xc3\xb7\xd1\xe3\xbc\xaa\xcf\xe9',
                  '*ST\xb0\xd9\xbb\xa8',
                  '\xba\xea\xb7\xa2\xb9\xc9\xb7\xdd',
                  '\xd6\xd0\xcd\xfe\xb5\xe7\xd7\xd3',
                  '\xc1\xfa\xc8\xaa\xb9\xc9\xb7\xdd',
                  '\xb8\xbb\xbb\xcd\xb8\xd6\xb9\xb9',
                  '\xb4\xf3\xc1\xac\xb9\xfa\xbc\xca',
                  '\xcc\xec\xb1\xa3\xbb\xf9\xbd\xa8',
                  '\xbd\xf0\xb6\xdc\xb9\xc9\xb7\xdd',
                  '*ST\xc4\xcf\xb5\xe7B',
                  '*ST\xc4\xcf\xb5\xe7A',
                  '\xb6\xab\xb1\xb1\xd6\xc6\xd2\xa9',
                  '\xd6\xd0\xb0\xd9\xbc\xaf\xcd\xc5',
                  '\xd2\xa6\xbc\xc7\xc6\xcb\xbf\xcb',
                  '\xba\xe3\xcc\xec\xba\xa3\xc1\xfa',
                  '\xc9\xee\xbf\xb5\xbc\xd1B',
                  '\xc9\xee\xbf\xb5\xbc\xd1A',
                  '\xba\xba\xd6\xd3\xbe\xab\xbb\xfa',
                  '\xce\xe4\xb2\xfd\xd3\xe3',
                  '*ST\xb0\xd9\xbb\xa8',
                  '\xcc\xec\xb1\xa3\xbb\xf9\xbd\xa8',
                  '\xba\xbc\xb8\xd6\xb9\xc9\xb7\xdd',
                  '*ST\xb0\xd9\xbb\xa8',
                  '\xbd\xf2\xb1\xf5\xb7\xa2\xd5\xb9',
                  '\xbb\xaa\xd4\xb6\xb5\xd8\xb2\xfa',
                  '\xcd\xac\xb4\xef\xb4\xb4\xd2\xb5',
                  '\xcc\xec\xc8\xf3\xc8\xe9\xd2\xb5',
                  '\xba\xba\xd6\xd3\xbe\xab\xbb\xfa',
                  '\xd1\xe0\xbe\xa9\xc6\xa1\xbe\xc6',
                  '\xc8\xcb\xb8\xa3\xd2\xbd\xd2\xa9',
                  '\xc8\xfd\xcf\xbf\xd0\xc2\xb2\xc4',
                  '\xcd\xac\xb4\xef\xb4\xb4\xd2\xb5'],
 'notice_date': ['2016-07-14',
                 '2016-07-14',
                 '2016-07-14',
                 '2016-07-14',
                 '2016-07-14',
                 '2016-07-14',
                 '2016-07-14',
                 '2016-07-14',
                 '2016-07-14',
                 '2016-07-14',
                 '2016-07-14',
                 '2016-07-14',
                 '2016-07-14',
                 '2016-07-14',
                 '2016-07-14',
                 '2016-07-14',
                 '2016-07-14',
                 '2016-07-14',
                 '2016-07-14',
                 '2016-07-14',
                 '2016-07-14',
                 '2016-07-14',
                 '2016-07-14',
                 '2016-07-14',
                 '2016-07-14',
                 '2016-07-14',
                 '2016-07-14',
                 '2016-07-14',
                 '2016-07-14',
                 '2016-07-14',
                 '2016-07-14',
                 '2016-07-14',
                 '2016-07-14',
                 '2016-07-14',
                 '2016-07-14',
                 '2016-07-14',
                 '2016-07-14',
                 '2016-07-14',
                 '2016-07-14',
                 '2016-07-14',
                 '2016-07-14',
                 '2016-07-14',
                 '2016-07-14',
                 '2016-07-14',
                 '2016-07-14',
                 '2016-07-14',
                 '2016-07-14',
                 '2016-07-14',
                 '2016-07-14',
                 '2016-07-14'],
 'notice_title': ['\xcc\xec\xb1\xa3\xbb\xf9\xbd\xa8:\xb6\xc0\xc1\xa2\xb6\xad\xca\xc2\xb9\xd8\xd3\xda\xd5\xfe\xb8\xae\xd3\xd0\xb3\xa5\xca\xd5\xbb\xd8\xc8\xab\xd7\xca\xd7\xd3\xb9\xab\xcb\xbe\xb2\xbf\xb7\xd6\xcd\xc1\xb5\xd8\xca\xb9\xd3\xc3...',
                  '*ST\xc2\xb3\xb7\xe1:\xb9\xd8\xd3\xda\xbf\xd8\xb9\xc9\xb9\xc9\xb6\xab\xb3\xef\xbb\xae\xd6\xd8\xb4\xf3\xca\xc2\xcf\xee\xb5\xc4\xcd\xa3\xc5\xc6\xbd\xf8\xd5\xb9\xb9\xab\xb8\xe6',
                  '\xbd\xb9\xd7\xf7\xcd\xf2\xb7\xbd:2016\xc4\xea\xb6\xc8\xb0\xeb\xc4\xea\xb6\xc8\xd2\xb5\xbc\xa8\xbf\xec\xb1\xa8',
                  '\xc6\xbd\xd7\xaf\xc4\xdc\xd4\xb4:2016\xc4\xea\xb0\xeb\xc4\xea\xb6\xc8\xd2\xb5\xbc\xa8\xd4\xa4\xb8\xe6',
                  '\xd6\xd0\xc4\xcf\xbd\xa8\xc9\xe8:\xb9\xd8\xd3\xda\xb9\xe9\xbb\xb9\xc4\xbc\xbc\xaf\xd7\xca\xbd\xf0\xb5\xc4\xb9\xab\xb8\xe6',
                  '\xc4\xcf\xb7\xe7\xbb\xaf\xb9\xa4:2016\xc4\xea\xb0\xeb\xc4\xea\xb6\xc8\xd2\xb5\xbc\xa8\xd4\xa4\xb8\xe6',
                  '*ST\xbc\xc3\xb2\xf1:\xd6\xd8\xb4\xf3\xd7\xca\xb2\xfa\xd6\xd8\xd7\xe9\xcd\xa3\xc5\xc6\xbd\xf8\xd5\xb9\xb9\xab\xb8\xe6',
                  '\xcc\xec\xd0\xcb\xd2\xc7\xb1\xed:2016\xc4\xea\xb0\xeb\xc4\xea\xb6\xc8\xd2\xb5\xbc\xa8\xd4\xa4\xb8\xe6',
                  '\xd3\xe5\xc8\xfd\xcf\xbfA:2016\xc4\xea\xb0\xeb\xc4\xea\xb6\xc8\xd2\xb5\xbc\xa8\xd4\xa4\xb8\xe6',
                  '600266:\xb1\xb1\xbe\xa9\xb3\xc7\xbd\xa8\xb9\xd8\xd3\xda2016\xc4\xea\xc0\xdb\xbc\xc6\xd0\xc2\xd4\xf6\xbd\xe8\xbf\xee\xbc\xb0\xb6\xd4\xcd\xe2\xb5\xa3\xb1\xa3\xc7\xe9\xbf\xf6\xb5\xc4\xb9\xab...',
                  '600721:*ST\xb0\xd9\xbb\xa8:\xb1\xb1\xbe\xa9\xb4\xf3\xd5\xfd\xba\xa3\xb5\xd8\xc8\xcb\xd7\xca\xb2\xfa\xc6\xc0\xb9\xc0\xd3\xd0\xcf\xde\xb9\xab\xcb\xbe\xb6\xd4\xd6\xd0\xb9\xfa\xd6\xa4\xc8\xaf...',
                  '600721:*ST\xb0\xd9\xbb\xa8:\xcf\xa3\xb8\xf1\xc2\xea\xbb\xe1\xbc\xc6\xca\xa6\xca\xc2\xce\xf1\xcb\xf9(\xcc\xd8\xca\xe2\xc6\xd5\xcd\xa8\xba\xcf\xbb\xef)\xb9\xd8\xd3\xda\xd0\xc2\xbd\xae...',
                  '600829:\xc8\xcb\xc3\xf1\xcd\xac\xcc\xa92016\xc4\xea\xb5\xda\xb6\xfe\xb4\xce\xc1\xd9\xca\xb1\xb9\xc9\xb6\xab\xb4\xf3\xbb\xe1\xbb\xe1\xd2\xe9\xd7\xca\xc1\xcf',
                  '600137:\xc0\xcb\xc9\xaf\xb9\xc9\xb7\xdd\xb9\xd8\xd3\xda\xcb\xf9\xca\xf4\xc8\xab\xd7\xca\xd7\xd3\xb9\xab\xcb\xbe\xb9\xba\xc2\xf2\xc0\xed\xb2\xc6\xb2\xfa\xc6\xb7\xca\xb5\xca\xa9\xb9\xab\xb8\xe6',
                  '600665:\xcc\xec\xb5\xd8\xd4\xb42016\xc4\xea\xb5\xda\xb6\xfe\xb4\xce\xc1\xd9\xca\xb1\xb9\xc9\xb6\xab\xb4\xf3\xbb\xe1\xce\xc4\xbc\xfe',
                  '\xd3\xd1\xb0\xee\xb5\xf5\xb6\xa5:\xb9\xd8\xd3\xda\xd5\xd9\xbf\xaa2016\xc4\xea\xb5\xda\xcb\xc4\xb4\xce\xc1\xd9\xca\xb1\xb9\xc9\xb6\xab\xb4\xf3\xbb\xe1\xb5\xc4\xcc\xe1\xca\xbe\xd0\xd4\xb9\xab\xb8\xe6',
                  '600549:\xcf\xc3\xc3\xc5\xce\xd9\xd2\xb5\xb9\xd8\xd3\xda\xb6\xad\xca\xc2\xb4\xc7\xd6\xb0\xb5\xc4\xb9\xab\xb8\xe6',
                  '600636:\xc8\xfd\xb0\xae\xb8\xbb\xb9\xd8\xd3\xda\xca\xd5\xb5\xbd\xd5\xfe\xb8\xae\xb2\xb9\xd6\xfa\xb5\xc4\xb9\xab\xb8\xe6',
                  '600868:\xc3\xb7\xd1\xe3\xbc\xaa\xcf\xe9\xb9\xd8\xd3\xda\xbf\xd8\xb9\xc9\xd7\xd3\xb9\xab\xcb\xbe\xb9\xe3\xb6\xab\xcf\xe8\xc1\xfa\xbf\xc6\xbc\xbc\xb9\xc9\xb7\xdd\xd3\xd0\xcf\xde\xb9\xab\xcb\xbe\xb9\xc9...',
                  '600721:*ST\xb0\xd9\xbb\xa8\xb5\xda\xc1\xf9\xbd\xec\xb6\xad\xca\xc2\xbb\xe1\xb5\xda\xca\xae\xd2\xbb\xb4\xce\xbb\xe1\xd2\xe9\xbe\xf6\xd2\xe9\xb9\xab\xb8\xe6',
                  '600885:\xba\xea\xb7\xa2\xb9\xc9\xb7\xdd\xb9\xd8\xd3\xda\xb9\xc9\xb6\xab\xb9\xc9\xb7\xdd\xd6\xca\xd1\xba\xbd\xe2\xb3\xfd\xb5\xc4\xb9\xab\xb8\xe6',
                  '\xd6\xd0\xcd\xfe\xb5\xe7\xd7\xd3:2016\xc4\xea\xb0\xeb\xc4\xea\xb6\xc8\xd2\xb5\xbc\xa8\xd4\xa4\xb8\xe6',
                  '\xc1\xfa\xc8\xaa\xb9\xc9\xb7\xdd:\xb9\xd8\xd3\xda\xcf\xee\xc4\xbf\xd6\xd0\xb1\xea\xb5\xc4\xb9\xab\xb8\xe6',
                  '\xb8\xbb\xbb\xcd\xb8\xd6\xb9\xb9:\xb9\xd8\xd3\xda\xb7\xc7\xb9\xab\xbf\xaa\xb7\xa2\xd0\xd0\xb9\xc9\xc6\xb1\xc9\xea\xc7\xeb\xbb\xf1\xd6\xd0\xb9\xfa\xd6\xa4\xbc\xe0\xbb\xe1\xba\xcb\xd7\xbc\xc5\xfa\xb8\xb4\xb5\xc4\xb9\xab...',
                  '\xb4\xf3\xc1\xac\xb9\xfa\xbc\xca:2016\xc4\xea\xb0\xeb\xc4\xea\xb6\xc8\xd2\xb5\xbc\xa8\xd4\xa4\xb8\xe6',
                  '\xcc\xec\xb1\xa3\xbb\xf9\xbd\xa8:\xc1\xf9\xbd\xec\xc8\xfd\xca\xae\xd2\xbb\xb4\xce\xb6\xad\xca\xc2\xbb\xe1\xbe\xf6\xd2\xe9\xb9\xab\xb8\xe6',
                  '\xbd\xf0\xb6\xdc\xb9\xc9\xb7\xdd:2016\xc4\xea\xb0\xeb\xc4\xea\xb6\xc8\xd2\xb5\xbc\xa8\xd4\xa4\xb8\xe6',
                  '*ST\xc4\xcf\xb5\xe7A:\xd6\xd8\xb4\xf3\xd7\xca\xb2\xfa\xd6\xd8\xd7\xe9\xcd\xa3\xc5\xc6\xbd\xf8\xd5\xb9\xb9\xab\xb8\xe6',
                  '*ST\xc4\xcf\xb5\xe7A:\xd6\xd8\xb4\xf3\xd7\xca\xb2\xfa\xd6\xd8\xd7\xe9\xcd\xa3\xc5\xc6\xbd\xf8\xd5\xb9\xb9\xab\xb8\xe6',
                  '\xb6\xab\xb1\xb1\xd6\xc6\xd2\xa9:2016\xb0\xeb\xc4\xea\xb6\xc8\xd2\xb5\xbc\xa8\xd4\xa4\xb8\xe6\xd0\xde\xd5\xfd\xb9\xab\xb8\xe6',
                  '\xd6\xd0\xb0\xd9\xbc\xaf\xcd\xc5:2016\xc4\xea\xb6\xc8\xb0\xeb\xc4\xea\xb6\xc8\xd2\xb5\xbc\xa8\xd4\xa4\xb8\xe6',
                  '\xd2\xa6\xbc\xc7\xc6\xcb\xbf\xcb:\xb9\xd8\xd3\xda\xbf\xd8\xb9\xc9\xb9\xc9\xb6\xab\xbc\xf5\xb3\xd6\xb9\xab\xcb\xbe\xb9\xc9\xb7\xdd\xb5\xc4\xb9\xab\xb8\xe6',
                  '\xba\xe3\xcc\xec\xba\xa3\xc1\xfa:2016\xc4\xea\xb0\xeb\xc4\xea\xb6\xc8\xd2\xb5\xbc\xa8\xd4\xa4\xb8\xe6',
                  '\xc9\xee\xbf\xb5\xbc\xd1A:2016\xc4\xea\xb0\xeb\xc4\xea\xb6\xc8\xd2\xb5\xbc\xa8\xd4\xa4\xb8\xe6\xb9\xab\xb8\xe6',
                  '\xc9\xee\xbf\xb5\xbc\xd1A:2016\xc4\xea\xb0\xeb\xc4\xea\xb6\xc8\xd2\xb5\xbc\xa8\xd4\xa4\xb8\xe6\xb9\xab\xb8\xe6',
                  '\xba\xba\xd6\xd3\xbe\xab\xbb\xfa:\xb9\xab\xcb\xbe\xd5\xc2\xb3\xcc(2016\xc4\xea6\xd4\xc2)',
                  '600275:\xce\xe4\xb2\xfd\xd3\xe3\xbc\xb0\xd7\xd3\xb9\xab\xcb\xbe\xc9\xe6\xbc\xb0\xcb\xdf\xcb\xcf\xb5\xc4\xb2\xb9\xb3\xe4\xb9\xab\xb8\xe6',
                  '600721:*ST\xb0\xd9\xbb\xa8\xb9\xd8\xd3\xda\xb6\xd4\xd6\xd0\xb9\xfa\xd6\xa4\xbc\xe0\xbb\xe1\xd0\xd0\xd5\xfe\xd0\xed\xbf\xc9\xcf\xee\xc4\xbf\xc9\xf3\xb2\xe9\xbf\xda\xcd\xb7\xb7\xb4\xc0\xa1\xd2\xe2...',
                  '\xcc\xec\xb1\xa3\xbb\xf9\xbd\xa8:\xb9\xd8\xd3\xda\xd5\xfe\xb8\xae\xd3\xd0\xb3\xa5\xca\xd5\xbb\xd8\xc8\xab\xd7\xca\xd7\xd3\xb9\xab\xcb\xbe\xb2\xbf\xb7\xd6\xcd\xc1\xb5\xd8\xca\xb9\xd3\xc3\xc8\xa8\xb5\xc4\xb9\xab\xb8\xe6',
                  '600126:\xba\xbc\xb8\xd6\xb9\xc9\xb7\xdd\xb9\xd8\xd3\xda\xd7\xd3\xb9\xab\xcb\xbe\xc7\xa9\xb6\xa9\xc4\xbc\xbc\xaf\xd7\xca\xbd\xf0\xd7\xa8\xbb\xa7\xb4\xe6\xb4\xa2\xc8\xfd\xb7\xbd\xbc\xe0\xb9\xdc\xd0\xad...',
                  '600721:*ST\xb0\xd9\xbb\xa8:\xb1\xb1\xbe\xa9\xca\xd0\xca\xb1\xb4\xfa\xbe\xc5\xba\xcd\xc2\xc9\xca\xa6\xca\xc2\xce\xf1\xcb\xf9\xb9\xd8\xd3\xda\xd0\xc2\xbd\xae\xb0\xd9\xbb\xa8\xb4\xe5\xb9\xc9...',
                  '\xbd\xf2\xb1\xf5\xb7\xa2\xd5\xb9:2016\xc4\xea\xb0\xeb\xc4\xea\xb6\xc8\xd2\xb5\xbc\xa8\xd4\xa4\xb8\xe6',
                  '600743:\xbb\xaa\xd4\xb6\xb5\xd8\xb2\xfa\xb9\xd8\xd3\xda\xb9\xab\xcb\xbe\xb9\xc9\xb6\xab\xb2\xbf\xb7\xd6\xb9\xc9\xc8\xa8\xd6\xca\xd1\xba\xb5\xc4\xb9\xab\xb8\xe6',
                  '600647:\xcd\xac\xb4\xef\xb4\xb4\xd2\xb5\xb9\xd8\xd3\xda\xcb\xdf\xcb\xcf\xca\xc2\xcf\xee\xc5\xd0\xbe\xf6\xbd\xe1\xb9\xfb\xb5\xc4\xb9\xab\xb8\xe6',
                  '600419:\xcc\xec\xc8\xf3\xc8\xe9\xd2\xb52016\xc4\xea\xb0\xeb\xc4\xea\xb6\xc8\xd2\xb5\xbc\xa8\xd4\xa4\xd4\xf6\xb9\xab\xb8\xe6',
                  '\xba\xba\xd6\xd3\xbe\xab\xbb\xfa:\xb9\xd8\xd3\xda\xcd\xea\xb3\xc9\xb9\xa4\xc9\xcc\xb1\xe4\xb8\xfc\xb5\xc7\xbc\xc7\xbc\xb0\xa1\xb0\xc8\xfd\xd6\xa4\xba\xcf\xd2\xbb\xa1\xb1\xb5\xc4\xb9\xab\xb8\xe6',
                  '\xd1\xe0\xbe\xa9\xc6\xa1\xbe\xc6:2015\xc4\xea\xb6\xc8\xb7\xd6\xba\xec\xc5\xc9\xcf\xa2\xca\xb5\xca\xa9\xb9\xab\xb8\xe6',
                  '600079:\xc8\xcb\xb8\xa3\xd2\xbd\xd2\xa9\xb9\xd8\xd3\xda\xbf\xd8\xb9\xc9\xb9\xc9\xb6\xab\xb9\xc9\xb7\xdd\xbd\xe2\xb3\xfd\xd6\xca\xd1\xba\xb5\xc4\xb9\xab\xb8\xe6',
                  '600293:\xc8\xfd\xcf\xbf\xd0\xc2\xb2\xc4\xb9\xd8\xd3\xda\xca\xd5\xb5\xbd\xc3\xf1\xca\xc2\xc5\xd0\xbe\xf6\xca\xe9\xb5\xc4\xb9\xab\xb8\xe6',
                  '600647:\xcd\xac\xb4\xef\xb4\xb4\xd2\xb5\xce\xaf\xcd\xd0\xc0\xed\xb2\xc6\xca\xc2\xcf\xee\xb9\xab\xb8\xe6'],
 'notice_title_link': ['http://data.eastmoney.com/notice/20160714/2Wvl2atFipcV1X.html',
                       'http://data.eastmoney.com/notice/20160714/2Wvl2atFipSksC.html',
                       'http://data.eastmoney.com/notice/20160714/2Wvl2atFiqbvCN.html',
                       'http://data.eastmoney.com/notice/20160714/2Wvl2atFiqSBgv.html',
                       'http://data.eastmoney.com/notice/20160714/2Wvl2atFdSdUSY.html',
                       'http://data.eastmoney.com/notice/20160714/2Wvl2atFddgw5C.html',
                       'http://data.eastmoney.com/notice/20160714/2Wvl2atFdIP9gd.html',
                       'http://data.eastmoney.com/notice/20160714/2Wvl2atFd5gJYi.html',
                       'http://data.eastmoney.com/notice/20160714/2Wvl2atFd99p1f.html',
                       'http://data.eastmoney.com/notice/20160714/2Wvl2atFlNrVid.html',
                       'http://data.eastmoney.com/notice/20160714/2Wvl2atFlMHzeS.html',
                       'http://data.eastmoney.com/notice/20160714/2Wvl2atFkttTkn.html',
                       'http://data.eastmoney.com/notice/20160714/2Wvl2atFlGb2mk.html',
                       'http://data.eastmoney.com/notice/20160714/2Wvl2atFl2ZI46.html',
                       'http://data.eastmoney.com/notice/20160714/2Wvl2atFkwMXxR.html',
                       'http://data.eastmoney.com/notice/20160714/2Wvl2atFkrXEIt.html',
                       'http://data.eastmoney.com/notice/20160714/2Wvl2atFkzkB9i.html',
                       'http://data.eastmoney.com/notice/20160714/2Wvl2atFlNCYdg.html',
                       'http://data.eastmoney.com/notice/20160714/2Wvl2atFkr5vV7.html',
                       'http://data.eastmoney.com/notice/20160714/2Wvl2atFlMSjCk.html',
                       'http://data.eastmoney.com/notice/20160714/2Wvl2atFkrFf3h.html',
                       'http://data.eastmoney.com/notice/20160714/2Wvl2atGCulQKY.html',
                       'http://data.eastmoney.com/notice/20160714/2Wvl2atFjmJXaF.html',
                       'http://data.eastmoney.com/notice/20160714/2Wvl2atFjlz4Vr.html',
                       'http://data.eastmoney.com/notice/20160714/2Wvl2atFiqHSBK.html',
                       'http://data.eastmoney.com/notice/20160714/2Wvl2atFirbLaC.html',
                       'http://data.eastmoney.com/notice/20160714/2Wvl2atGXxs5Am.html',
                       'http://data.eastmoney.com/notice/20160714/2Wvl2atFiqxMa5.html',
                       'http://data.eastmoney.com/notice/20160714/2Wvl2atFiqwP8F.html',
                       'http://data.eastmoney.com/notice/20160714/2Wvl2atFdfRBm2.html',
                       'http://data.eastmoney.com/notice/20160714/2Wvl2atFdHA7ck.html',
                       'http://data.eastmoney.com/notice/20160714/2Wvl2atFmNEsrm.html',
                       'http://data.eastmoney.com/notice/20160714/2Wvl2atFd7ulwH.html',
                       'http://data.eastmoney.com/notice/20160714/2Wvl2atFeiVfwi.html',
                       'http://data.eastmoney.com/notice/20160714/2Wvl2atFeiUhUt.html',
                       'http://data.eastmoney.com/notice/20160714/2Wvl2atFmSHT9g.html',
                       'http://data.eastmoney.com/notice/20160714/2Wvl2atFrA7Dje.html',
                       'http://data.eastmoney.com/notice/20160714/2Wvl2atFr9ljlb.html',
                       'http://data.eastmoney.com/notice/20160714/2Wvl2atFips6pz.html',
                       'http://data.eastmoney.com/notice/20160714/2Wvl2atFrIwCzS.html',
                       'http://data.eastmoney.com/notice/20160714/2Wvl2atFrHwlsh.html',
                       'http://data.eastmoney.com/notice/20160714/2Wvl2atFrCCtff.html',
                       'http://data.eastmoney.com/notice/20160714/2Wvl2atFr8SqPX.html',
                       'http://data.eastmoney.com/notice/20160714/2Wvl2atFr9wUIe.html',
                       'http://data.eastmoney.com/notice/20160714/2Wvl2atFrIbiyn.html',
                       'http://data.eastmoney.com/notice/20160714/2Wvl2atFmNPcHW.html',
                       'http://data.eastmoney.com/notice/20160714/2Wvl2atHtvD5R4.html',
                       'http://data.eastmoney.com/notice/20160714/2Wvl2atFxYui1f.html',
                       'http://data.eastmoney.com/notice/20160714/2Wvl2atFxYjyWz.html',
                       'http://data.eastmoney.com/notice/20160714/2Wvl2atFxYaF5g.html'],
 'notice_type': ['\xb9\xc9\xb6\xab\xb4\xf3\xbb\xe1\xbc\xb0\xc6\xe4\xcb\xfb',
                 '\xb7\xe7\xcf\xd5\xcc\xe1\xca\xbe',
                 '\xb7\xe7\xcf\xd5\xcc\xe1\xca\xbe',
                 '\xb7\xe7\xcf\xd5\xcc\xe1\xca\xbe',
                 '\xbe\xad\xd3\xaa\xca\xc2\xcf\xee',
                 '\xb7\xe7\xcf\xd5\xcc\xe1\xca\xbe',
                 '\xb7\xe7\xcf\xd5\xcc\xe1\xca\xbe',
                 '\xb7\xe7\xcf\xd5\xcc\xe1\xca\xbe',
                 '\xb7\xe7\xcf\xd5\xcc\xe1\xca\xbe',
                 '\xbe\xad\xd3\xaa\xca\xc2\xcf\xee',
                 '\xb9\xc9\xb6\xab\xb4\xf3\xbb\xe1\xbc\xb0\xc6\xe4\xcb\xfb',
                 '\xb9\xc9\xb6\xab\xb4\xf3\xbb\xe1\xbc\xb0\xc6\xe4\xcb\xfb',
                 '\xb9\xc9\xb6\xab\xb4\xf3\xbb\xe1\xbc\xb0\xc6\xe4\xcb\xfb',
                 '\xbe\xad\xd3\xaa\xca\xc2\xcf\xee',
                 '\xb9\xc9\xb6\xab\xb4\xf3\xbb\xe1\xbc\xb0\xc6\xe4\xcb\xfb',
                 '\xb9\xc9\xb6\xab\xb4\xf3\xbb\xe1\xbc\xb0\xc6\xe4\xcb\xfb',
                 '\xd0\xc5\xcf\xa2\xb1\xe4\xb8\xfc',
                 '\xbe\xad\xd3\xaa\xca\xc2\xcf\xee',
                 '\xd6\xd8\xb4\xf3\xca\xc2\xbc\xfe',
                 '\xd0\xc5\xcf\xa2\xb1\xe4\xb8\xfc',
                 '\xbe\xad\xd3\xaa\xca\xc2\xcf\xee',
                 '\xb7\xe7\xcf\xd5\xcc\xe1\xca\xbe',
                 '\xbe\xad\xd3\xaa\xca\xc2\xcf\xee',
                 '\xc8\xda\xd7\xca\xb9\xab\xb8\xe6',
                 '\xb7\xe7\xcf\xd5\xcc\xe1\xca\xbe',
                 '\xb9\xc9\xb6\xab\xb4\xf3\xbb\xe1\xbc\xb0\xc6\xe4\xcb\xfb',
                 '\xb7\xe7\xcf\xd5\xcc\xe1\xca\xbe',
                 '\xb7\xe7\xcf\xd5\xcc\xe1\xca\xbe',
                 '\xb7\xe7\xcf\xd5\xcc\xe1\xca\xbe',
                 '\xb7\xe7\xcf\xd5\xcc\xe1\xca\xbe',
                 '\xb7\xe7\xcf\xd5\xcc\xe1\xca\xbe',
                 '\xd6\xd8\xb4\xf3\xca\xc2\xbc\xfe',
                 '\xb7\xe7\xcf\xd5\xcc\xe1\xca\xbe',
                 '\xb7\xe7\xcf\xd5\xcc\xe1\xca\xbe',
                 '\xb7\xe7\xcf\xd5\xcc\xe1\xca\xbe',
                 '\xb9\xc9\xb6\xab\xb4\xf3\xbb\xe1\xbc\xb0\xc6\xe4\xcb\xfb',
                 '\xbe\xad\xd3\xaa\xca\xc2\xcf\xee',
                 '\xb9\xc9\xb6\xab\xb4\xf3\xbb\xe1\xbc\xb0\xc6\xe4\xcb\xfb',
                 '\xb9\xc9\xb6\xab\xb4\xf3\xbb\xe1\xbc\xb0\xc6\xe4\xcb\xfb',
                 '\xbe\xad\xd3\xaa\xca\xc2\xcf\xee',
                 '\xb9\xc9\xb6\xab\xb4\xf3\xbb\xe1\xbc\xb0\xc6\xe4\xcb\xfb',
                 '\xb7\xe7\xcf\xd5\xcc\xe1\xca\xbe',
                 '\xbe\xad\xd3\xaa\xca\xc2\xcf\xee',
                 '\xbe\xad\xd3\xaa\xca\xc2\xcf\xee',
                 '\xb7\xe7\xcf\xd5\xcc\xe1\xca\xbe',
                 '\xb9\xc9\xb6\xab\xb4\xf3\xbb\xe1\xbc\xb0\xc6\xe4\xcb\xfb',
                 '\xc8\xa8\xd2\xe6\xb7\xd6\xc5\xe4\xbc\xb0\xb1\xe4\xb6\xaf',
                 '\xbe\xad\xd3\xaa\xca\xc2\xcf\xee',
                 '\xbe\xad\xd3\xaa\xca\xc2\xcf\xee',
                 '\xbe\xad\xd3\xaa\xca\xc2\xcf\xee']}
2016-07-13 19:04:50 [scrapy] INFO: Closing spider (finished)
2016-07-13 19:04:50 [scrapy] INFO: Dumping Scrapy stats:
{'downloader/request_bytes': 710,
 'downloader/request_count': 3,
 'downloader/request_method_count/GET': 3,
 'downloader/response_bytes': 90127,
 'downloader/response_count': 3,
 'downloader/response_status_count/200': 2,
 'downloader/response_status_count/404': 1,
 'finish_reason': 'finished',
 'finish_time': datetime.datetime(2016, 7, 13, 11, 4, 50, 757000),
 'item_scraped_count': 1,
 'log_count/DEBUG': 5,
 'log_count/INFO': 7,
 'log_count/WARNING': 2,
 'response_received_count': 2,
 'scheduler/dequeued': 1,
 'scheduler/dequeued/memory': 1,
 'scheduler/enqueued': 1,
 'scheduler/enqueued/memory': 1,
 'start_time': datetime.datetime(2016, 7, 13, 11, 4, 46, 11000)}
2016-07-13 19:04:50 [scrapy] INFO: Spider closed (finished)
