2016-08-24 18:42:50 [scrapy] INFO: Scrapy 1.2.0dev2 started (bot: guomei_finance)
2016-08-24 18:42:50 [scrapy] INFO: Overridden settings: {'NEWSPIDER_MODULE': 'guomei_finance.spiders', 'BOT_NAME': 'guomei_finance', 'ROBOTSTXT_OBEY': True, 'SPIDER_MODULES': ['guomei_finance.spiders'], 'LOG_ENABLED': False, 'LOG_FILE': 'logs.log'}
2016-08-24 18:43:03 [scrapy] INFO: Scrapy 1.2.0dev2 started (bot: guomei_finance)
2016-08-24 18:43:03 [scrapy] INFO: Overridden settings: {'NEWSPIDER_MODULE': 'guomei_finance.spiders', 'ROBOTSTXT_OBEY': True, 'SPIDER_MODULES': ['guomei_finance.spiders'], 'LOG_FILE': 'logs.log', 'BOT_NAME': 'guomei_finance'}
2016-08-24 18:43:03 [scrapy] INFO: Enabled extensions:
['scrapy.extensions.logstats.LogStats',
 'scrapy.extensions.telnet.TelnetConsole',
 'scrapy.extensions.corestats.CoreStats']
2016-08-24 18:43:03 [scrapy] INFO: Enabled downloader middlewares:
['scrapy.downloadermiddlewares.robotstxt.RobotsTxtMiddleware',
 'scrapy.downloadermiddlewares.httpauth.HttpAuthMiddleware',
 'scrapy.downloadermiddlewares.downloadtimeout.DownloadTimeoutMiddleware',
 'scrapy.downloadermiddlewares.defaultheaders.DefaultHeadersMiddleware',
 'scrapy.downloadermiddlewares.useragent.UserAgentMiddleware',
 'scrapy.downloadermiddlewares.retry.RetryMiddleware',
 'scrapy.downloadermiddlewares.redirect.MetaRefreshMiddleware',
 'scrapy.downloadermiddlewares.httpcompression.HttpCompressionMiddleware',
 'scrapy.downloadermiddlewares.redirect.RedirectMiddleware',
 'scrapy.downloadermiddlewares.cookies.CookiesMiddleware',
 'scrapy.downloadermiddlewares.chunked.ChunkedTransferMiddleware',
 'scrapy.downloadermiddlewares.stats.DownloaderStats']
2016-08-24 18:43:03 [scrapy] INFO: Enabled spider middlewares:
['scrapy.spidermiddlewares.httperror.HttpErrorMiddleware',
 'scrapy.spidermiddlewares.offsite.OffsiteMiddleware',
 'scrapy.spidermiddlewares.referer.RefererMiddleware',
 'scrapy.spidermiddlewares.urllength.UrlLengthMiddleware',
 'scrapy.spidermiddlewares.depth.DepthMiddleware']
2016-08-24 18:43:03 [scrapy] INFO: Enabled item pipelines:
[]
2016-08-24 18:43:03 [scrapy] INFO: Spider opened
2016-08-24 18:43:03 [scrapy] INFO: Crawled 0 pages (at 0 pages/min), scraped 0 items (at 0 items/min)
2016-08-24 18:43:03 [scrapy] DEBUG: Telnet console listening on 127.0.0.1:6023
2016-08-24 18:43:04 [scrapy] DEBUG: Crawled (200) <GET https://www.gomefinance.com.cn/robots.txt> (referer: None)
2016-08-24 18:43:06 [scrapy] DEBUG: Crawled (200) <GET https://www.gomefinance.com.cn/api/v2/loans/getLoanWithPage?&pageSize=20&status=SCHEDULED&minDuration=0&maxDuration=100&currentPage=1> (referer: None)
2016-08-24 18:43:07 [scrapy] INFO: Closing spider (finished)
2016-08-24 18:43:07 [scrapy] INFO: Dumping Scrapy stats:
{'downloader/request_bytes': 560,
 'downloader/request_count': 2,
 'downloader/request_method_count/GET': 2,
 'downloader/response_bytes': 96710,
 'downloader/response_count': 2,
 'downloader/response_status_count/200': 2,
 'finish_reason': 'finished',
 'finish_time': datetime.datetime(2016, 8, 24, 10, 43, 7, 63656),
 'log_count/DEBUG': 3,
 'log_count/INFO': 7,
 'response_received_count': 2,
 'scheduler/dequeued': 1,
 'scheduler/dequeued/memory': 1,
 'scheduler/enqueued': 1,
 'scheduler/enqueued/memory': 1,
 'start_time': datetime.datetime(2016, 8, 24, 10, 43, 3, 775859)}
2016-08-24 18:43:07 [scrapy] INFO: Spider closed (finished)
2016-08-24 18:43:43 [scrapy] INFO: Scrapy 1.2.0dev2 started (bot: guomei_finance)
2016-08-24 18:43:43 [scrapy] INFO: Overridden settings: {'NEWSPIDER_MODULE': 'guomei_finance.spiders', 'ROBOTSTXT_OBEY': True, 'SPIDER_MODULES': ['guomei_finance.spiders'], 'LOG_FILE': 'logs.log', 'BOT_NAME': 'guomei_finance'}
2016-08-24 18:43:44 [scrapy] INFO: Enabled extensions:
['scrapy.extensions.logstats.LogStats',
 'scrapy.extensions.telnet.TelnetConsole',
 'scrapy.extensions.corestats.CoreStats']
2016-08-24 18:43:44 [scrapy] INFO: Enabled downloader middlewares:
['scrapy.downloadermiddlewares.robotstxt.RobotsTxtMiddleware',
 'scrapy.downloadermiddlewares.httpauth.HttpAuthMiddleware',
 'scrapy.downloadermiddlewares.downloadtimeout.DownloadTimeoutMiddleware',
 'scrapy.downloadermiddlewares.defaultheaders.DefaultHeadersMiddleware',
 'scrapy.downloadermiddlewares.useragent.UserAgentMiddleware',
 'scrapy.downloadermiddlewares.retry.RetryMiddleware',
 'scrapy.downloadermiddlewares.redirect.MetaRefreshMiddleware',
 'scrapy.downloadermiddlewares.httpcompression.HttpCompressionMiddleware',
 'scrapy.downloadermiddlewares.redirect.RedirectMiddleware',
 'scrapy.downloadermiddlewares.cookies.CookiesMiddleware',
 'scrapy.downloadermiddlewares.chunked.ChunkedTransferMiddleware',
 'scrapy.downloadermiddlewares.stats.DownloaderStats']
2016-08-24 18:43:44 [scrapy] INFO: Enabled spider middlewares:
['scrapy.spidermiddlewares.httperror.HttpErrorMiddleware',
 'scrapy.spidermiddlewares.offsite.OffsiteMiddleware',
 'scrapy.spidermiddlewares.referer.RefererMiddleware',
 'scrapy.spidermiddlewares.urllength.UrlLengthMiddleware',
 'scrapy.spidermiddlewares.depth.DepthMiddleware']
2016-08-24 18:43:44 [scrapy] INFO: Enabled item pipelines:
[]
2016-08-24 18:43:44 [scrapy] INFO: Spider opened
2016-08-24 18:43:44 [scrapy] INFO: Crawled 0 pages (at 0 pages/min), scraped 0 items (at 0 items/min)
2016-08-24 18:43:44 [scrapy] DEBUG: Telnet console listening on 127.0.0.1:6023
2016-08-24 18:43:44 [scrapy] DEBUG: Crawled (200) <GET https://www.gomefinance.com.cn/robots.txt> (referer: None)
2016-08-24 18:43:45 [scrapy] DEBUG: Crawled (200) <GET https://www.gomefinance.com.cn/api/v2/loans/getLoanWithPage?&pageSize=20&status=SCHEDULED&minDuration=0&maxDuration=100&currentPage=1> (referer: None)
2016-08-24 18:43:45 [scrapy] INFO: Closing spider (finished)
2016-08-24 18:43:45 [scrapy] INFO: Dumping Scrapy stats:
{'downloader/request_bytes': 560,
 'downloader/request_count': 2,
 'downloader/request_method_count/GET': 2,
 'downloader/response_bytes': 96717,
 'downloader/response_count': 2,
 'downloader/response_status_count/200': 2,
 'finish_reason': 'finished',
 'finish_time': datetime.datetime(2016, 8, 24, 10, 43, 45, 781569),
 'log_count/DEBUG': 3,
 'log_count/INFO': 7,
 'response_received_count': 2,
 'scheduler/dequeued': 1,
 'scheduler/dequeued/memory': 1,
 'scheduler/enqueued': 1,
 'scheduler/enqueued/memory': 1,
 'start_time': datetime.datetime(2016, 8, 24, 10, 43, 44, 85104)}
2016-08-24 18:43:45 [scrapy] INFO: Spider closed (finished)
2016-08-24 18:44:12 [scrapy] INFO: Scrapy 1.2.0dev2 started (bot: guomei_finance)
2016-08-24 18:44:12 [scrapy] INFO: Overridden settings: {'NEWSPIDER_MODULE': 'guomei_finance.spiders', 'ROBOTSTXT_OBEY': True, 'SPIDER_MODULES': ['guomei_finance.spiders'], 'LOG_FILE': 'logs.log', 'BOT_NAME': 'guomei_finance'}
2016-08-24 18:44:12 [scrapy] INFO: Enabled extensions:
['scrapy.extensions.logstats.LogStats',
 'scrapy.extensions.telnet.TelnetConsole',
 'scrapy.extensions.corestats.CoreStats']
2016-08-24 18:44:12 [scrapy] INFO: Enabled downloader middlewares:
['scrapy.downloadermiddlewares.robotstxt.RobotsTxtMiddleware',
 'scrapy.downloadermiddlewares.httpauth.HttpAuthMiddleware',
 'scrapy.downloadermiddlewares.downloadtimeout.DownloadTimeoutMiddleware',
 'scrapy.downloadermiddlewares.defaultheaders.DefaultHeadersMiddleware',
 'scrapy.downloadermiddlewares.useragent.UserAgentMiddleware',
 'scrapy.downloadermiddlewares.retry.RetryMiddleware',
 'scrapy.downloadermiddlewares.redirect.MetaRefreshMiddleware',
 'scrapy.downloadermiddlewares.httpcompression.HttpCompressionMiddleware',
 'scrapy.downloadermiddlewares.redirect.RedirectMiddleware',
 'scrapy.downloadermiddlewares.cookies.CookiesMiddleware',
 'scrapy.downloadermiddlewares.chunked.ChunkedTransferMiddleware',
 'scrapy.downloadermiddlewares.stats.DownloaderStats']
2016-08-24 18:44:12 [scrapy] INFO: Enabled spider middlewares:
['scrapy.spidermiddlewares.httperror.HttpErrorMiddleware',
 'scrapy.spidermiddlewares.offsite.OffsiteMiddleware',
 'scrapy.spidermiddlewares.referer.RefererMiddleware',
 'scrapy.spidermiddlewares.urllength.UrlLengthMiddleware',
 'scrapy.spidermiddlewares.depth.DepthMiddleware']
2016-08-24 18:44:12 [scrapy] INFO: Enabled item pipelines:
[]
2016-08-24 18:44:12 [scrapy] INFO: Spider opened
2016-08-24 18:44:12 [scrapy] INFO: Crawled 0 pages (at 0 pages/min), scraped 0 items (at 0 items/min)
2016-08-24 18:44:12 [scrapy] DEBUG: Telnet console listening on 127.0.0.1:6023
2016-08-24 18:44:14 [scrapy] DEBUG: Crawled (200) <GET https://www.gomefinance.com.cn/robots.txt> (referer: None)
2016-08-24 18:44:16 [scrapy] DEBUG: Crawled (200) <GET https://www.gomefinance.com.cn/api/v2/loans/getLoanWithPage?&pageSize=20&status=SCHEDULED&minDuration=0&maxDuration=100&currentPage=1> (referer: None)
2016-08-24 18:44:16 [scrapy] INFO: Closing spider (finished)
2016-08-24 18:44:16 [scrapy] INFO: Dumping Scrapy stats:
{'downloader/request_bytes': 560,
 'downloader/request_count': 2,
 'downloader/request_method_count/GET': 2,
 'downloader/response_bytes': 96709,
 'downloader/response_count': 2,
 'downloader/response_status_count/200': 2,
 'finish_reason': 'finished',
 'finish_time': datetime.datetime(2016, 8, 24, 10, 44, 16, 699398),
 'log_count/DEBUG': 3,
 'log_count/INFO': 7,
 'response_received_count': 2,
 'scheduler/dequeued': 1,
 'scheduler/dequeued/memory': 1,
 'scheduler/enqueued': 1,
 'scheduler/enqueued/memory': 1,
 'start_time': datetime.datetime(2016, 8, 24, 10, 44, 12, 649899)}
2016-08-24 18:44:16 [scrapy] INFO: Spider closed (finished)
2016-08-24 18:44:33 [scrapy] INFO: Scrapy 1.2.0dev2 started (bot: guomei_finance)
2016-08-24 18:44:33 [scrapy] INFO: Overridden settings: {'NEWSPIDER_MODULE': 'guomei_finance.spiders', 'ROBOTSTXT_OBEY': True, 'SPIDER_MODULES': ['guomei_finance.spiders'], 'LOG_FILE': 'logs.log', 'BOT_NAME': 'guomei_finance'}
2016-08-24 18:44:33 [scrapy] INFO: Enabled extensions:
['scrapy.extensions.logstats.LogStats',
 'scrapy.extensions.telnet.TelnetConsole',
 'scrapy.extensions.corestats.CoreStats']
2016-08-24 18:44:33 [scrapy] INFO: Enabled downloader middlewares:
['scrapy.downloadermiddlewares.robotstxt.RobotsTxtMiddleware',
 'scrapy.downloadermiddlewares.httpauth.HttpAuthMiddleware',
 'scrapy.downloadermiddlewares.downloadtimeout.DownloadTimeoutMiddleware',
 'scrapy.downloadermiddlewares.defaultheaders.DefaultHeadersMiddleware',
 'scrapy.downloadermiddlewares.useragent.UserAgentMiddleware',
 'scrapy.downloadermiddlewares.retry.RetryMiddleware',
 'scrapy.downloadermiddlewares.redirect.MetaRefreshMiddleware',
 'scrapy.downloadermiddlewares.httpcompression.HttpCompressionMiddleware',
 'scrapy.downloadermiddlewares.redirect.RedirectMiddleware',
 'scrapy.downloadermiddlewares.cookies.CookiesMiddleware',
 'scrapy.downloadermiddlewares.chunked.ChunkedTransferMiddleware',
 'scrapy.downloadermiddlewares.stats.DownloaderStats']
2016-08-24 18:44:33 [scrapy] INFO: Enabled spider middlewares:
['scrapy.spidermiddlewares.httperror.HttpErrorMiddleware',
 'scrapy.spidermiddlewares.offsite.OffsiteMiddleware',
 'scrapy.spidermiddlewares.referer.RefererMiddleware',
 'scrapy.spidermiddlewares.urllength.UrlLengthMiddleware',
 'scrapy.spidermiddlewares.depth.DepthMiddleware']
2016-08-24 18:44:33 [scrapy] INFO: Enabled item pipelines:
[]
2016-08-24 18:44:33 [scrapy] INFO: Spider opened
2016-08-24 18:44:33 [scrapy] INFO: Crawled 0 pages (at 0 pages/min), scraped 0 items (at 0 items/min)
2016-08-24 18:44:33 [scrapy] DEBUG: Telnet console listening on 127.0.0.1:6023
2016-08-24 18:44:34 [scrapy] DEBUG: Crawled (200) <GET https://www.gomefinance.com.cn/robots.txt> (referer: None)
2016-08-24 18:44:36 [scrapy] DEBUG: Crawled (200) <GET https://www.gomefinance.com.cn/api/v2/loans/getLoanWithPage?&pageSize=20&status=SCHEDULED&minDuration=0&maxDuration=100&currentPage=1> (referer: None)
2016-08-24 18:44:36 [scrapy] INFO: Closing spider (finished)
2016-08-24 18:44:36 [scrapy] INFO: Dumping Scrapy stats:
{'downloader/request_bytes': 560,
 'downloader/request_count': 2,
 'downloader/request_method_count/GET': 2,
 'downloader/response_bytes': 96718,
 'downloader/response_count': 2,
 'downloader/response_status_count/200': 2,
 'finish_reason': 'finished',
 'finish_time': datetime.datetime(2016, 8, 24, 10, 44, 36, 407069),
 'log_count/DEBUG': 3,
 'log_count/INFO': 7,
 'response_received_count': 2,
 'scheduler/dequeued': 1,
 'scheduler/dequeued/memory': 1,
 'scheduler/enqueued': 1,
 'scheduler/enqueued/memory': 1,
 'start_time': datetime.datetime(2016, 8, 24, 10, 44, 33, 390967)}
2016-08-24 18:44:36 [scrapy] INFO: Spider closed (finished)
2016-08-24 18:45:23 [scrapy] INFO: Scrapy 1.2.0dev2 started (bot: guomei_finance)
2016-08-24 18:45:23 [scrapy] INFO: Overridden settings: {'NEWSPIDER_MODULE': 'guomei_finance.spiders', 'ROBOTSTXT_OBEY': True, 'SPIDER_MODULES': ['guomei_finance.spiders'], 'LOG_FILE': 'logs.log', 'BOT_NAME': 'guomei_finance'}
2016-08-24 18:45:23 [scrapy] INFO: Enabled extensions:
['scrapy.extensions.logstats.LogStats',
 'scrapy.extensions.telnet.TelnetConsole',
 'scrapy.extensions.corestats.CoreStats']
2016-08-24 18:45:23 [scrapy] INFO: Enabled downloader middlewares:
['scrapy.downloadermiddlewares.robotstxt.RobotsTxtMiddleware',
 'scrapy.downloadermiddlewares.httpauth.HttpAuthMiddleware',
 'scrapy.downloadermiddlewares.downloadtimeout.DownloadTimeoutMiddleware',
 'scrapy.downloadermiddlewares.defaultheaders.DefaultHeadersMiddleware',
 'scrapy.downloadermiddlewares.useragent.UserAgentMiddleware',
 'scrapy.downloadermiddlewares.retry.RetryMiddleware',
 'scrapy.downloadermiddlewares.redirect.MetaRefreshMiddleware',
 'scrapy.downloadermiddlewares.httpcompression.HttpCompressionMiddleware',
 'scrapy.downloadermiddlewares.redirect.RedirectMiddleware',
 'scrapy.downloadermiddlewares.cookies.CookiesMiddleware',
 'scrapy.downloadermiddlewares.chunked.ChunkedTransferMiddleware',
 'scrapy.downloadermiddlewares.stats.DownloaderStats']
2016-08-24 18:45:23 [scrapy] INFO: Enabled spider middlewares:
['scrapy.spidermiddlewares.httperror.HttpErrorMiddleware',
 'scrapy.spidermiddlewares.offsite.OffsiteMiddleware',
 'scrapy.spidermiddlewares.referer.RefererMiddleware',
 'scrapy.spidermiddlewares.urllength.UrlLengthMiddleware',
 'scrapy.spidermiddlewares.depth.DepthMiddleware']
2016-08-24 18:45:23 [scrapy] INFO: Enabled item pipelines:
[]
2016-08-24 18:45:23 [scrapy] INFO: Spider opened
2016-08-24 18:45:23 [scrapy] INFO: Crawled 0 pages (at 0 pages/min), scraped 0 items (at 0 items/min)
2016-08-24 18:45:23 [scrapy] DEBUG: Telnet console listening on 127.0.0.1:6023
2016-08-24 18:45:27 [scrapy] DEBUG: Crawled (200) <GET https://www.gomefinance.com.cn/robots.txt> (referer: None)
2016-08-24 18:45:29 [scrapy] DEBUG: Crawled (200) <GET https://www.gomefinance.com.cn/api/v2/loans/getLoanWithPage?&pageSize=20&status=SCHEDULED&minDuration=0&maxDuration=100&currentPage=1> (referer: None)
2016-08-24 18:45:29 [scrapy] INFO: Closing spider (finished)
2016-08-24 18:45:29 [scrapy] INFO: Dumping Scrapy stats:
{'downloader/request_bytes': 560,
 'downloader/request_count': 2,
 'downloader/request_method_count/GET': 2,
 'downloader/response_bytes': 96717,
 'downloader/response_count': 2,
 'downloader/response_status_count/200': 2,
 'finish_reason': 'finished',
 'finish_time': datetime.datetime(2016, 8, 24, 10, 45, 29, 258362),
 'log_count/DEBUG': 3,
 'log_count/INFO': 7,
 'response_received_count': 2,
 'scheduler/dequeued': 1,
 'scheduler/dequeued/memory': 1,
 'scheduler/enqueued': 1,
 'scheduler/enqueued/memory': 1,
 'start_time': datetime.datetime(2016, 8, 24, 10, 45, 23, 250233)}
2016-08-24 18:45:29 [scrapy] INFO: Spider closed (finished)
2016-08-24 18:45:58 [scrapy] INFO: Scrapy 1.2.0dev2 started (bot: guomei_finance)
2016-08-24 18:45:58 [scrapy] INFO: Overridden settings: {'NEWSPIDER_MODULE': 'guomei_finance.spiders', 'ROBOTSTXT_OBEY': True, 'SPIDER_MODULES': ['guomei_finance.spiders'], 'LOG_FILE': 'logs.log', 'BOT_NAME': 'guomei_finance'}
2016-08-24 18:45:58 [scrapy] INFO: Enabled extensions:
['scrapy.extensions.logstats.LogStats',
 'scrapy.extensions.telnet.TelnetConsole',
 'scrapy.extensions.corestats.CoreStats']
2016-08-24 18:45:58 [scrapy] INFO: Enabled downloader middlewares:
['scrapy.downloadermiddlewares.robotstxt.RobotsTxtMiddleware',
 'scrapy.downloadermiddlewares.httpauth.HttpAuthMiddleware',
 'scrapy.downloadermiddlewares.downloadtimeout.DownloadTimeoutMiddleware',
 'scrapy.downloadermiddlewares.defaultheaders.DefaultHeadersMiddleware',
 'scrapy.downloadermiddlewares.useragent.UserAgentMiddleware',
 'scrapy.downloadermiddlewares.retry.RetryMiddleware',
 'scrapy.downloadermiddlewares.redirect.MetaRefreshMiddleware',
 'scrapy.downloadermiddlewares.httpcompression.HttpCompressionMiddleware',
 'scrapy.downloadermiddlewares.redirect.RedirectMiddleware',
 'scrapy.downloadermiddlewares.cookies.CookiesMiddleware',
 'scrapy.downloadermiddlewares.chunked.ChunkedTransferMiddleware',
 'scrapy.downloadermiddlewares.stats.DownloaderStats']
2016-08-24 18:45:58 [scrapy] INFO: Enabled spider middlewares:
['scrapy.spidermiddlewares.httperror.HttpErrorMiddleware',
 'scrapy.spidermiddlewares.offsite.OffsiteMiddleware',
 'scrapy.spidermiddlewares.referer.RefererMiddleware',
 'scrapy.spidermiddlewares.urllength.UrlLengthMiddleware',
 'scrapy.spidermiddlewares.depth.DepthMiddleware']
2016-08-24 18:45:58 [scrapy] INFO: Enabled item pipelines:
[]
2016-08-24 18:45:58 [scrapy] INFO: Spider opened
2016-08-24 18:45:58 [scrapy] INFO: Crawled 0 pages (at 0 pages/min), scraped 0 items (at 0 items/min)
2016-08-24 18:45:58 [scrapy] DEBUG: Telnet console listening on 127.0.0.1:6023
2016-08-24 18:45:59 [scrapy] DEBUG: Crawled (200) <GET https://www.gomefinance.com.cn/robots.txt> (referer: None)
2016-08-24 18:46:01 [scrapy] DEBUG: Crawled (200) <GET https://www.gomefinance.com.cn/api/v2/loans/getLoanWithPage?&pageSize=20&status=SCHEDULED&minDuration=0&maxDuration=100&currentPage=1> (referer: None)
2016-08-24 18:46:01 [scrapy] INFO: Closing spider (finished)
2016-08-24 18:46:01 [scrapy] INFO: Dumping Scrapy stats:
{'downloader/request_bytes': 560,
 'downloader/request_count': 2,
 'downloader/request_method_count/GET': 2,
 'downloader/response_bytes': 96717,
 'downloader/response_count': 2,
 'downloader/response_status_count/200': 2,
 'finish_reason': 'finished',
 'finish_time': datetime.datetime(2016, 8, 24, 10, 46, 1, 741280),
 'log_count/DEBUG': 3,
 'log_count/INFO': 7,
 'response_received_count': 2,
 'scheduler/dequeued': 1,
 'scheduler/dequeued/memory': 1,
 'scheduler/enqueued': 1,
 'scheduler/enqueued/memory': 1,
 'start_time': datetime.datetime(2016, 8, 24, 10, 45, 58, 359918)}
2016-08-24 18:46:01 [scrapy] INFO: Spider closed (finished)
2016-08-24 18:46:41 [scrapy] INFO: Scrapy 1.2.0dev2 started (bot: guomei_finance)
2016-08-24 18:46:41 [scrapy] INFO: Overridden settings: {'NEWSPIDER_MODULE': 'guomei_finance.spiders', 'ROBOTSTXT_OBEY': True, 'SPIDER_MODULES': ['guomei_finance.spiders'], 'LOG_FILE': 'logs.log', 'BOT_NAME': 'guomei_finance'}
2016-08-24 18:46:41 [scrapy] INFO: Enabled extensions:
['scrapy.extensions.logstats.LogStats',
 'scrapy.extensions.telnet.TelnetConsole',
 'scrapy.extensions.corestats.CoreStats']
2016-08-24 18:46:41 [scrapy] INFO: Enabled downloader middlewares:
['scrapy.downloadermiddlewares.robotstxt.RobotsTxtMiddleware',
 'scrapy.downloadermiddlewares.httpauth.HttpAuthMiddleware',
 'scrapy.downloadermiddlewares.downloadtimeout.DownloadTimeoutMiddleware',
 'scrapy.downloadermiddlewares.defaultheaders.DefaultHeadersMiddleware',
 'scrapy.downloadermiddlewares.useragent.UserAgentMiddleware',
 'scrapy.downloadermiddlewares.retry.RetryMiddleware',
 'scrapy.downloadermiddlewares.redirect.MetaRefreshMiddleware',
 'scrapy.downloadermiddlewares.httpcompression.HttpCompressionMiddleware',
 'scrapy.downloadermiddlewares.redirect.RedirectMiddleware',
 'scrapy.downloadermiddlewares.cookies.CookiesMiddleware',
 'scrapy.downloadermiddlewares.chunked.ChunkedTransferMiddleware',
 'scrapy.downloadermiddlewares.stats.DownloaderStats']
2016-08-24 18:46:41 [scrapy] INFO: Enabled spider middlewares:
['scrapy.spidermiddlewares.httperror.HttpErrorMiddleware',
 'scrapy.spidermiddlewares.offsite.OffsiteMiddleware',
 'scrapy.spidermiddlewares.referer.RefererMiddleware',
 'scrapy.spidermiddlewares.urllength.UrlLengthMiddleware',
 'scrapy.spidermiddlewares.depth.DepthMiddleware']
2016-08-24 18:46:41 [scrapy] INFO: Enabled item pipelines:
[]
2016-08-24 18:46:41 [scrapy] INFO: Spider opened
2016-08-24 18:46:41 [scrapy] INFO: Crawled 0 pages (at 0 pages/min), scraped 0 items (at 0 items/min)
2016-08-24 18:46:41 [scrapy] DEBUG: Telnet console listening on 127.0.0.1:6023
2016-08-24 18:46:43 [scrapy] DEBUG: Crawled (200) <GET https://www.gomefinance.com.cn/robots.txt> (referer: None)
2016-08-24 18:46:43 [scrapy] DEBUG: Crawled (200) <GET https://www.gomefinance.com.cn/api/v2/loans/getLoanWithPage?&pageSize=20&status=SCHEDULED&minDuration=0&maxDuration=100&currentPage=1> (referer: None)
2016-08-24 18:46:44 [scrapy] INFO: Closing spider (finished)
2016-08-24 18:46:44 [scrapy] INFO: Dumping Scrapy stats:
{'downloader/request_bytes': 560,
 'downloader/request_count': 2,
 'downloader/request_method_count/GET': 2,
 'downloader/response_bytes': 96718,
 'downloader/response_count': 2,
 'downloader/response_status_count/200': 2,
 'finish_reason': 'finished',
 'finish_time': datetime.datetime(2016, 8, 24, 10, 46, 44, 36446),
 'log_count/DEBUG': 3,
 'log_count/INFO': 7,
 'response_received_count': 2,
 'scheduler/dequeued': 1,
 'scheduler/dequeued/memory': 1,
 'scheduler/enqueued': 1,
 'scheduler/enqueued/memory': 1,
 'start_time': datetime.datetime(2016, 8, 24, 10, 46, 41, 751165)}
2016-08-24 18:46:44 [scrapy] INFO: Spider closed (finished)
2016-08-24 18:52:40 [scrapy] INFO: Scrapy 1.2.0dev2 started (bot: guomei_finance)
2016-08-24 18:52:40 [scrapy] INFO: Overridden settings: {'NEWSPIDER_MODULE': 'guomei_finance.spiders', 'ROBOTSTXT_OBEY': True, 'SPIDER_MODULES': ['guomei_finance.spiders'], 'LOG_FILE': 'logs.log', 'BOT_NAME': 'guomei_finance'}
2016-08-24 18:52:40 [scrapy] INFO: Enabled extensions:
['scrapy.extensions.logstats.LogStats',
 'scrapy.extensions.telnet.TelnetConsole',
 'scrapy.extensions.corestats.CoreStats']
2016-08-24 18:52:40 [scrapy] INFO: Enabled downloader middlewares:
['scrapy.downloadermiddlewares.robotstxt.RobotsTxtMiddleware',
 'scrapy.downloadermiddlewares.httpauth.HttpAuthMiddleware',
 'scrapy.downloadermiddlewares.downloadtimeout.DownloadTimeoutMiddleware',
 'scrapy.downloadermiddlewares.defaultheaders.DefaultHeadersMiddleware',
 'scrapy.downloadermiddlewares.useragent.UserAgentMiddleware',
 'scrapy.downloadermiddlewares.retry.RetryMiddleware',
 'scrapy.downloadermiddlewares.redirect.MetaRefreshMiddleware',
 'scrapy.downloadermiddlewares.httpcompression.HttpCompressionMiddleware',
 'scrapy.downloadermiddlewares.redirect.RedirectMiddleware',
 'scrapy.downloadermiddlewares.cookies.CookiesMiddleware',
 'scrapy.downloadermiddlewares.chunked.ChunkedTransferMiddleware',
 'scrapy.downloadermiddlewares.stats.DownloaderStats']
2016-08-24 18:52:40 [scrapy] INFO: Enabled spider middlewares:
['scrapy.spidermiddlewares.httperror.HttpErrorMiddleware',
 'scrapy.spidermiddlewares.offsite.OffsiteMiddleware',
 'scrapy.spidermiddlewares.referer.RefererMiddleware',
 'scrapy.spidermiddlewares.urllength.UrlLengthMiddleware',
 'scrapy.spidermiddlewares.depth.DepthMiddleware']
2016-08-24 18:52:40 [scrapy] INFO: Enabled item pipelines:
[]
2016-08-24 18:52:40 [scrapy] INFO: Spider opened
2016-08-24 18:52:40 [scrapy] INFO: Crawled 0 pages (at 0 pages/min), scraped 0 items (at 0 items/min)
2016-08-24 18:52:40 [scrapy] DEBUG: Telnet console listening on 127.0.0.1:6023
2016-08-24 18:52:40 [scrapy] DEBUG: Crawled (200) <GET https://www.gomefinance.com.cn/robots.txt> (referer: None)
2016-08-24 18:52:40 [scrapy] DEBUG: Crawled (200) <GET https://www.gomefinance.com.cn/api/v2/loans/getLoanWithPage?&pageSize=20&status=SCHEDULED&minDuration=0&maxDuration=100&currentPage=1> (referer: None)
2016-08-24 18:52:41 [scrapy] INFO: Closing spider (finished)
2016-08-24 18:52:41 [scrapy] INFO: Dumping Scrapy stats:
{'downloader/request_bytes': 560,
 'downloader/request_count': 2,
 'downloader/request_method_count/GET': 2,
 'downloader/response_bytes': 96697,
 'downloader/response_count': 2,
 'downloader/response_status_count/200': 2,
 'finish_reason': 'finished',
 'finish_time': datetime.datetime(2016, 8, 24, 10, 52, 41, 86331),
 'log_count/DEBUG': 3,
 'log_count/INFO': 7,
 'response_received_count': 2,
 'scheduler/dequeued': 1,
 'scheduler/dequeued/memory': 1,
 'scheduler/enqueued': 1,
 'scheduler/enqueued/memory': 1,
 'start_time': datetime.datetime(2016, 8, 24, 10, 52, 40, 406156)}
2016-08-24 18:52:41 [scrapy] INFO: Spider closed (finished)
2016-08-24 18:58:27 [scrapy] INFO: Scrapy 1.2.0dev2 started (bot: guomei_finance)
2016-08-24 18:58:27 [scrapy] INFO: Overridden settings: {'NEWSPIDER_MODULE': 'guomei_finance.spiders', 'ROBOTSTXT_OBEY': True, 'SPIDER_MODULES': ['guomei_finance.spiders'], 'LOG_FILE': 'logs.log', 'BOT_NAME': 'guomei_finance'}
2016-08-24 18:58:27 [scrapy] INFO: Enabled extensions:
['scrapy.extensions.logstats.LogStats',
 'scrapy.extensions.telnet.TelnetConsole',
 'scrapy.extensions.corestats.CoreStats']
2016-08-24 18:58:27 [scrapy] INFO: Enabled downloader middlewares:
['scrapy.downloadermiddlewares.robotstxt.RobotsTxtMiddleware',
 'scrapy.downloadermiddlewares.httpauth.HttpAuthMiddleware',
 'scrapy.downloadermiddlewares.downloadtimeout.DownloadTimeoutMiddleware',
 'scrapy.downloadermiddlewares.defaultheaders.DefaultHeadersMiddleware',
 'scrapy.downloadermiddlewares.useragent.UserAgentMiddleware',
 'scrapy.downloadermiddlewares.retry.RetryMiddleware',
 'scrapy.downloadermiddlewares.redirect.MetaRefreshMiddleware',
 'scrapy.downloadermiddlewares.httpcompression.HttpCompressionMiddleware',
 'scrapy.downloadermiddlewares.redirect.RedirectMiddleware',
 'scrapy.downloadermiddlewares.cookies.CookiesMiddleware',
 'scrapy.downloadermiddlewares.chunked.ChunkedTransferMiddleware',
 'scrapy.downloadermiddlewares.stats.DownloaderStats']
2016-08-24 18:58:27 [scrapy] INFO: Enabled spider middlewares:
['scrapy.spidermiddlewares.httperror.HttpErrorMiddleware',
 'scrapy.spidermiddlewares.offsite.OffsiteMiddleware',
 'scrapy.spidermiddlewares.referer.RefererMiddleware',
 'scrapy.spidermiddlewares.urllength.UrlLengthMiddleware',
 'scrapy.spidermiddlewares.depth.DepthMiddleware']
2016-08-24 18:58:27 [scrapy] INFO: Enabled item pipelines:
[]
2016-08-24 18:58:27 [scrapy] INFO: Spider opened
2016-08-24 18:58:27 [scrapy] INFO: Crawled 0 pages (at 0 pages/min), scraped 0 items (at 0 items/min)
2016-08-24 18:58:27 [scrapy] DEBUG: Telnet console listening on 127.0.0.1:6023
2016-08-24 18:58:28 [scrapy] DEBUG: Crawled (200) <GET https://www.gomefinance.com.cn/robots.txt> (referer: None)
2016-08-24 18:58:28 [scrapy] DEBUG: Crawled (200) <GET https://www.gomefinance.com.cn/api/v2/loans/getLoanWithPage?&pageSize=20&status=SCHEDULED&minDuration=0&maxDuration=100&currentPage=1> (referer: None)
2016-08-24 18:58:28 [scrapy] INFO: Closing spider (finished)
2016-08-24 18:58:28 [scrapy] INFO: Dumping Scrapy stats:
{'downloader/request_bytes': 560,
 'downloader/request_count': 2,
 'downloader/request_method_count/GET': 2,
 'downloader/response_bytes': 96695,
 'downloader/response_count': 2,
 'downloader/response_status_count/200': 2,
 'finish_reason': 'finished',
 'finish_time': datetime.datetime(2016, 8, 24, 10, 58, 28, 425882),
 'log_count/DEBUG': 3,
 'log_count/INFO': 7,
 'response_received_count': 2,
 'scheduler/dequeued': 1,
 'scheduler/dequeued/memory': 1,
 'scheduler/enqueued': 1,
 'scheduler/enqueued/memory': 1,
 'start_time': datetime.datetime(2016, 8, 24, 10, 58, 27, 766395)}
2016-08-24 18:58:28 [scrapy] INFO: Spider closed (finished)
2016-08-24 19:05:06 [scrapy] INFO: Scrapy 1.2.0dev2 started (bot: guomei_finance)
2016-08-24 19:05:06 [scrapy] INFO: Overridden settings: {'NEWSPIDER_MODULE': 'guomei_finance.spiders', 'ROBOTSTXT_OBEY': True, 'SPIDER_MODULES': ['guomei_finance.spiders'], 'LOG_FILE': 'logs.log', 'BOT_NAME': 'guomei_finance'}
2016-08-24 19:05:06 [scrapy] INFO: Enabled extensions:
['scrapy.extensions.logstats.LogStats',
 'scrapy.extensions.telnet.TelnetConsole',
 'scrapy.extensions.corestats.CoreStats']
2016-08-24 19:05:06 [scrapy] INFO: Enabled downloader middlewares:
['scrapy.downloadermiddlewares.robotstxt.RobotsTxtMiddleware',
 'scrapy.downloadermiddlewares.httpauth.HttpAuthMiddleware',
 'scrapy.downloadermiddlewares.downloadtimeout.DownloadTimeoutMiddleware',
 'scrapy.downloadermiddlewares.defaultheaders.DefaultHeadersMiddleware',
 'scrapy.downloadermiddlewares.useragent.UserAgentMiddleware',
 'scrapy.downloadermiddlewares.retry.RetryMiddleware',
 'scrapy.downloadermiddlewares.redirect.MetaRefreshMiddleware',
 'scrapy.downloadermiddlewares.httpcompression.HttpCompressionMiddleware',
 'scrapy.downloadermiddlewares.redirect.RedirectMiddleware',
 'scrapy.downloadermiddlewares.cookies.CookiesMiddleware',
 'scrapy.downloadermiddlewares.chunked.ChunkedTransferMiddleware',
 'scrapy.downloadermiddlewares.stats.DownloaderStats']
2016-08-24 19:05:06 [scrapy] INFO: Enabled spider middlewares:
['scrapy.spidermiddlewares.httperror.HttpErrorMiddleware',
 'scrapy.spidermiddlewares.offsite.OffsiteMiddleware',
 'scrapy.spidermiddlewares.referer.RefererMiddleware',
 'scrapy.spidermiddlewares.urllength.UrlLengthMiddleware',
 'scrapy.spidermiddlewares.depth.DepthMiddleware']
2016-08-24 19:05:06 [scrapy] INFO: Enabled item pipelines:
[]
2016-08-24 19:05:06 [scrapy] INFO: Spider opened
2016-08-24 19:05:06 [scrapy] INFO: Crawled 0 pages (at 0 pages/min), scraped 0 items (at 0 items/min)
2016-08-24 19:05:06 [scrapy] DEBUG: Telnet console listening on 127.0.0.1:6023
2016-08-24 19:05:06 [scrapy] DEBUG: Crawled (200) <GET https://www.gomefinance.com.cn/robots.txt> (referer: None)
2016-08-24 19:05:07 [scrapy] DEBUG: Crawled (200) <GET https://www.gomefinance.com.cn/api/v2/loans/getLoanWithPage?&pageSize=20&status=SCHEDULED&minDuration=0&maxDuration=100&currentPage=1> (referer: None)
2016-08-24 19:05:07 [scrapy] INFO: Closing spider (finished)
2016-08-24 19:05:07 [scrapy] INFO: Dumping Scrapy stats:
{'downloader/request_bytes': 560,
 'downloader/request_count': 2,
 'downloader/request_method_count/GET': 2,
 'downloader/response_bytes': 96682,
 'downloader/response_count': 2,
 'downloader/response_status_count/200': 2,
 'finish_reason': 'finished',
 'finish_time': datetime.datetime(2016, 8, 24, 11, 5, 7, 170509),
 'log_count/DEBUG': 3,
 'log_count/INFO': 7,
 'response_received_count': 2,
 'scheduler/dequeued': 1,
 'scheduler/dequeued/memory': 1,
 'scheduler/enqueued': 1,
 'scheduler/enqueued/memory': 1,
 'start_time': datetime.datetime(2016, 8, 24, 11, 5, 6, 125209)}
2016-08-24 19:05:07 [scrapy] INFO: Spider closed (finished)
2016-08-24 19:07:35 [scrapy] INFO: Scrapy 1.2.0dev2 started (bot: guomei_finance)
2016-08-24 19:07:35 [scrapy] INFO: Overridden settings: {'NEWSPIDER_MODULE': 'guomei_finance.spiders', 'ROBOTSTXT_OBEY': True, 'SPIDER_MODULES': ['guomei_finance.spiders'], 'LOG_FILE': 'logs.log', 'BOT_NAME': 'guomei_finance'}
2016-08-24 19:07:35 [scrapy] INFO: Enabled extensions:
['scrapy.extensions.logstats.LogStats',
 'scrapy.extensions.telnet.TelnetConsole',
 'scrapy.extensions.corestats.CoreStats']
2016-08-24 19:07:35 [scrapy] INFO: Enabled downloader middlewares:
['scrapy.downloadermiddlewares.robotstxt.RobotsTxtMiddleware',
 'scrapy.downloadermiddlewares.httpauth.HttpAuthMiddleware',
 'scrapy.downloadermiddlewares.downloadtimeout.DownloadTimeoutMiddleware',
 'scrapy.downloadermiddlewares.defaultheaders.DefaultHeadersMiddleware',
 'scrapy.downloadermiddlewares.useragent.UserAgentMiddleware',
 'scrapy.downloadermiddlewares.retry.RetryMiddleware',
 'scrapy.downloadermiddlewares.redirect.MetaRefreshMiddleware',
 'scrapy.downloadermiddlewares.httpcompression.HttpCompressionMiddleware',
 'scrapy.downloadermiddlewares.redirect.RedirectMiddleware',
 'scrapy.downloadermiddlewares.cookies.CookiesMiddleware',
 'scrapy.downloadermiddlewares.chunked.ChunkedTransferMiddleware',
 'scrapy.downloadermiddlewares.stats.DownloaderStats']
2016-08-24 19:07:35 [scrapy] INFO: Enabled spider middlewares:
['scrapy.spidermiddlewares.httperror.HttpErrorMiddleware',
 'scrapy.spidermiddlewares.offsite.OffsiteMiddleware',
 'scrapy.spidermiddlewares.referer.RefererMiddleware',
 'scrapy.spidermiddlewares.urllength.UrlLengthMiddleware',
 'scrapy.spidermiddlewares.depth.DepthMiddleware']
2016-08-24 19:07:35 [scrapy] INFO: Enabled item pipelines:
[]
2016-08-24 19:07:35 [scrapy] INFO: Spider opened
2016-08-24 19:07:35 [scrapy] INFO: Crawled 0 pages (at 0 pages/min), scraped 0 items (at 0 items/min)
2016-08-24 19:07:35 [scrapy] DEBUG: Telnet console listening on 127.0.0.1:6023
2016-08-24 19:07:37 [scrapy] DEBUG: Crawled (200) <GET https://www.gomefinance.com.cn/robots.txt> (referer: None)
2016-08-24 19:07:38 [scrapy] DEBUG: Crawled (200) <GET https://www.gomefinance.com.cn/api/v2/loans/getLoanWithPage?&pageSize=20&status=SCHEDULED&minDuration=0&maxDuration=100&currentPage=1> (referer: None)
2016-08-24 19:07:38 [scrapy] INFO: Closing spider (finished)
2016-08-24 19:07:38 [scrapy] INFO: Dumping Scrapy stats:
{'downloader/request_bytes': 560,
 'downloader/request_count': 2,
 'downloader/request_method_count/GET': 2,
 'downloader/response_bytes': 96670,
 'downloader/response_count': 2,
 'downloader/response_status_count/200': 2,
 'finish_reason': 'finished',
 'finish_time': datetime.datetime(2016, 8, 24, 11, 7, 38, 380123),
 'log_count/DEBUG': 3,
 'log_count/INFO': 7,
 'response_received_count': 2,
 'scheduler/dequeued': 1,
 'scheduler/dequeued/memory': 1,
 'scheduler/enqueued': 1,
 'scheduler/enqueued/memory': 1,
 'start_time': datetime.datetime(2016, 8, 24, 11, 7, 35, 493590)}
2016-08-24 19:07:38 [scrapy] INFO: Spider closed (finished)
2016-08-24 19:08:16 [scrapy] INFO: Scrapy 1.2.0dev2 started (bot: guomei_finance)
2016-08-24 19:08:16 [scrapy] INFO: Overridden settings: {'NEWSPIDER_MODULE': 'guomei_finance.spiders', 'ROBOTSTXT_OBEY': True, 'SPIDER_MODULES': ['guomei_finance.spiders'], 'LOG_FILE': 'logs.log', 'BOT_NAME': 'guomei_finance'}
2016-08-24 19:08:16 [scrapy] INFO: Enabled extensions:
['scrapy.extensions.logstats.LogStats',
 'scrapy.extensions.telnet.TelnetConsole',
 'scrapy.extensions.corestats.CoreStats']
2016-08-24 19:08:16 [scrapy] INFO: Enabled downloader middlewares:
['scrapy.downloadermiddlewares.robotstxt.RobotsTxtMiddleware',
 'scrapy.downloadermiddlewares.httpauth.HttpAuthMiddleware',
 'scrapy.downloadermiddlewares.downloadtimeout.DownloadTimeoutMiddleware',
 'scrapy.downloadermiddlewares.defaultheaders.DefaultHeadersMiddleware',
 'scrapy.downloadermiddlewares.useragent.UserAgentMiddleware',
 'scrapy.downloadermiddlewares.retry.RetryMiddleware',
 'scrapy.downloadermiddlewares.redirect.MetaRefreshMiddleware',
 'scrapy.downloadermiddlewares.httpcompression.HttpCompressionMiddleware',
 'scrapy.downloadermiddlewares.redirect.RedirectMiddleware',
 'scrapy.downloadermiddlewares.cookies.CookiesMiddleware',
 'scrapy.downloadermiddlewares.chunked.ChunkedTransferMiddleware',
 'scrapy.downloadermiddlewares.stats.DownloaderStats']
2016-08-24 19:08:16 [scrapy] INFO: Enabled spider middlewares:
['scrapy.spidermiddlewares.httperror.HttpErrorMiddleware',
 'scrapy.spidermiddlewares.offsite.OffsiteMiddleware',
 'scrapy.spidermiddlewares.referer.RefererMiddleware',
 'scrapy.spidermiddlewares.urllength.UrlLengthMiddleware',
 'scrapy.spidermiddlewares.depth.DepthMiddleware']
2016-08-24 19:08:16 [scrapy] INFO: Enabled item pipelines:
[]
2016-08-24 19:08:16 [scrapy] INFO: Spider opened
2016-08-24 19:08:16 [scrapy] INFO: Crawled 0 pages (at 0 pages/min), scraped 0 items (at 0 items/min)
2016-08-24 19:08:16 [scrapy] DEBUG: Telnet console listening on 127.0.0.1:6023
2016-08-24 19:08:17 [scrapy] DEBUG: Crawled (200) <GET https://www.gomefinance.com.cn/robots.txt> (referer: None)
2016-08-24 19:08:17 [scrapy] DEBUG: Crawled (200) <GET https://www.gomefinance.com.cn/api/v2/loans/getLoanWithPage?&pageSize=20&status=SCHEDULED&minDuration=0&maxDuration=100&currentPage=1> (referer: None)
2016-08-24 19:08:17 [scrapy] INFO: Closing spider (finished)
2016-08-24 19:08:17 [scrapy] INFO: Dumping Scrapy stats:
{'downloader/request_bytes': 560,
 'downloader/request_count': 2,
 'downloader/request_method_count/GET': 2,
 'downloader/response_bytes': 96670,
 'downloader/response_count': 2,
 'downloader/response_status_count/200': 2,
 'finish_reason': 'finished',
 'finish_time': datetime.datetime(2016, 8, 24, 11, 8, 17, 554595),
 'log_count/DEBUG': 3,
 'log_count/INFO': 7,
 'response_received_count': 2,
 'scheduler/dequeued': 1,
 'scheduler/dequeued/memory': 1,
 'scheduler/enqueued': 1,
 'scheduler/enqueued/memory': 1,
 'start_time': datetime.datetime(2016, 8, 24, 11, 8, 16, 501277)}
2016-08-24 19:08:17 [scrapy] INFO: Spider closed (finished)
2016-08-24 19:08:26 [scrapy] INFO: Scrapy 1.2.0dev2 started (bot: guomei_finance)
2016-08-24 19:08:26 [scrapy] INFO: Overridden settings: {'NEWSPIDER_MODULE': 'guomei_finance.spiders', 'ROBOTSTXT_OBEY': True, 'SPIDER_MODULES': ['guomei_finance.spiders'], 'LOG_FILE': 'logs.log', 'BOT_NAME': 'guomei_finance'}
2016-08-24 19:08:26 [scrapy] INFO: Enabled extensions:
['scrapy.extensions.logstats.LogStats',
 'scrapy.extensions.telnet.TelnetConsole',
 'scrapy.extensions.corestats.CoreStats']
2016-08-24 19:08:26 [scrapy] INFO: Enabled downloader middlewares:
['scrapy.downloadermiddlewares.robotstxt.RobotsTxtMiddleware',
 'scrapy.downloadermiddlewares.httpauth.HttpAuthMiddleware',
 'scrapy.downloadermiddlewares.downloadtimeout.DownloadTimeoutMiddleware',
 'scrapy.downloadermiddlewares.defaultheaders.DefaultHeadersMiddleware',
 'scrapy.downloadermiddlewares.useragent.UserAgentMiddleware',
 'scrapy.downloadermiddlewares.retry.RetryMiddleware',
 'scrapy.downloadermiddlewares.redirect.MetaRefreshMiddleware',
 'scrapy.downloadermiddlewares.httpcompression.HttpCompressionMiddleware',
 'scrapy.downloadermiddlewares.redirect.RedirectMiddleware',
 'scrapy.downloadermiddlewares.cookies.CookiesMiddleware',
 'scrapy.downloadermiddlewares.chunked.ChunkedTransferMiddleware',
 'scrapy.downloadermiddlewares.stats.DownloaderStats']
2016-08-24 19:08:26 [scrapy] INFO: Enabled spider middlewares:
['scrapy.spidermiddlewares.httperror.HttpErrorMiddleware',
 'scrapy.spidermiddlewares.offsite.OffsiteMiddleware',
 'scrapy.spidermiddlewares.referer.RefererMiddleware',
 'scrapy.spidermiddlewares.urllength.UrlLengthMiddleware',
 'scrapy.spidermiddlewares.depth.DepthMiddleware']
2016-08-24 19:08:26 [scrapy] INFO: Enabled item pipelines:
[]
2016-08-24 19:08:26 [scrapy] INFO: Spider opened
2016-08-24 19:08:26 [scrapy] INFO: Crawled 0 pages (at 0 pages/min), scraped 0 items (at 0 items/min)
2016-08-24 19:08:26 [scrapy] DEBUG: Telnet console listening on 127.0.0.1:6023
2016-08-24 19:08:26 [scrapy] DEBUG: Crawled (200) <GET https://www.gomefinance.com.cn/robots.txt> (referer: None)
2016-08-24 19:08:27 [scrapy] DEBUG: Crawled (200) <GET https://www.gomefinance.com.cn/api/v2/loans/getLoanWithPage?&pageSize=100&status=SCHEDULED&minDuration=0&maxDuration=100&currentPage=1> (referer: None)
2016-08-24 19:08:27 [scrapy] INFO: Closing spider (finished)
2016-08-24 19:08:27 [scrapy] INFO: Dumping Scrapy stats:
{'downloader/request_bytes': 561,
 'downloader/request_count': 2,
 'downloader/request_method_count/GET': 2,
 'downloader/response_bytes': 258562,
 'downloader/response_count': 2,
 'downloader/response_status_count/200': 2,
 'finish_reason': 'finished',
 'finish_time': datetime.datetime(2016, 8, 24, 11, 8, 27, 662674),
 'log_count/DEBUG': 3,
 'log_count/INFO': 7,
 'response_received_count': 2,
 'scheduler/dequeued': 1,
 'scheduler/dequeued/memory': 1,
 'scheduler/enqueued': 1,
 'scheduler/enqueued/memory': 1,
 'start_time': datetime.datetime(2016, 8, 24, 11, 8, 26, 100803)}
2016-08-24 19:08:27 [scrapy] INFO: Spider closed (finished)
2016-08-24 19:08:41 [scrapy] INFO: Scrapy 1.2.0dev2 started (bot: guomei_finance)
2016-08-24 19:08:41 [scrapy] INFO: Overridden settings: {'NEWSPIDER_MODULE': 'guomei_finance.spiders', 'ROBOTSTXT_OBEY': True, 'SPIDER_MODULES': ['guomei_finance.spiders'], 'LOG_FILE': 'logs.log', 'BOT_NAME': 'guomei_finance'}
2016-08-24 19:08:41 [scrapy] INFO: Enabled extensions:
['scrapy.extensions.logstats.LogStats',
 'scrapy.extensions.telnet.TelnetConsole',
 'scrapy.extensions.corestats.CoreStats']
2016-08-24 19:08:41 [scrapy] INFO: Enabled downloader middlewares:
['scrapy.downloadermiddlewares.robotstxt.RobotsTxtMiddleware',
 'scrapy.downloadermiddlewares.httpauth.HttpAuthMiddleware',
 'scrapy.downloadermiddlewares.downloadtimeout.DownloadTimeoutMiddleware',
 'scrapy.downloadermiddlewares.defaultheaders.DefaultHeadersMiddleware',
 'scrapy.downloadermiddlewares.useragent.UserAgentMiddleware',
 'scrapy.downloadermiddlewares.retry.RetryMiddleware',
 'scrapy.downloadermiddlewares.redirect.MetaRefreshMiddleware',
 'scrapy.downloadermiddlewares.httpcompression.HttpCompressionMiddleware',
 'scrapy.downloadermiddlewares.redirect.RedirectMiddleware',
 'scrapy.downloadermiddlewares.cookies.CookiesMiddleware',
 'scrapy.downloadermiddlewares.chunked.ChunkedTransferMiddleware',
 'scrapy.downloadermiddlewares.stats.DownloaderStats']
2016-08-24 19:08:41 [scrapy] INFO: Enabled spider middlewares:
['scrapy.spidermiddlewares.httperror.HttpErrorMiddleware',
 'scrapy.spidermiddlewares.offsite.OffsiteMiddleware',
 'scrapy.spidermiddlewares.referer.RefererMiddleware',
 'scrapy.spidermiddlewares.urllength.UrlLengthMiddleware',
 'scrapy.spidermiddlewares.depth.DepthMiddleware']
2016-08-24 19:08:41 [scrapy] INFO: Enabled item pipelines:
[]
2016-08-24 19:08:41 [scrapy] INFO: Spider opened
2016-08-24 19:08:41 [scrapy] INFO: Crawled 0 pages (at 0 pages/min), scraped 0 items (at 0 items/min)
2016-08-24 19:08:41 [scrapy] DEBUG: Telnet console listening on 127.0.0.1:6023
2016-08-24 19:08:43 [scrapy] DEBUG: Crawled (200) <GET https://www.gomefinance.com.cn/robots.txt> (referer: None)
2016-08-24 19:08:49 [scrapy] DEBUG: Crawled (200) <GET https://www.gomefinance.com.cn/api/v2/loans/getLoanWithPage?&pageSize=500&status=SCHEDULED&minDuration=0&maxDuration=100&currentPage=1> (referer: None)
2016-08-24 19:08:50 [scrapy] INFO: Closing spider (finished)
2016-08-24 19:08:50 [scrapy] INFO: Dumping Scrapy stats:
{'downloader/request_bytes': 561,
 'downloader/request_count': 2,
 'downloader/request_method_count/GET': 2,
 'downloader/response_bytes': 1069803,
 'downloader/response_count': 2,
 'downloader/response_status_count/200': 2,
 'finish_reason': 'finished',
 'finish_time': datetime.datetime(2016, 8, 24, 11, 8, 50, 276059),
 'log_count/DEBUG': 3,
 'log_count/INFO': 7,
 'response_received_count': 2,
 'scheduler/dequeued': 1,
 'scheduler/dequeued/memory': 1,
 'scheduler/enqueued': 1,
 'scheduler/enqueued/memory': 1,
 'start_time': datetime.datetime(2016, 8, 24, 11, 8, 41, 807523)}
2016-08-24 19:08:50 [scrapy] INFO: Spider closed (finished)
