2016-08-02 10:14:39 [scrapy] INFO: Scrapy 1.2.0dev2 started (bot: wdzj)
2016-08-02 10:14:39 [scrapy] INFO: Overridden settings: {'NEWSPIDER_MODULE': 'wdzj.spiders', 'MAIL_FROM': 'tongyang.li@fengjr.com', 'BOT_NAME': 'wdzj', 'ROBOTSTXT_OBEY': True, 'SPIDER_MODULES': ['wdzj.spiders'], 'LOG_ENABLED': False, 'MAIL_USER': 'tongyang.li', 'MAIL_PASS': 'Lty@fengjr', 'MAIL_HOST': 'smtp.fengjr.com', 'LOG_FILE': 'log/logs.log'}
2016-08-02 10:14:51 [scrapy] INFO: Scrapy 1.2.0dev2 started (bot: wdzj)
2016-08-02 10:14:51 [scrapy] INFO: Overridden settings: {'NEWSPIDER_MODULE': 'wdzj.spiders', 'MAIL_FROM': 'tongyang.li@fengjr.com', 'ROBOTSTXT_OBEY': True, 'SPIDER_MODULES': ['wdzj.spiders'], 'BOT_NAME': 'wdzj', 'MAIL_USER': 'tongyang.li', 'MAIL_PASS': 'Lty@fengjr', 'MAIL_HOST': 'smtp.fengjr.com', 'LOG_FILE': 'log/logs.log'}
2016-08-02 10:14:51 [scrapy] INFO: Enabled extensions:
['scrapy.extensions.logstats.LogStats',
 'scrapy.extensions.telnet.TelnetConsole',
 'scrapy.extensions.corestats.CoreStats']
2016-08-02 10:14:51 [scrapy] INFO: Enabled downloader middlewares:
['scrapy.downloadermiddlewares.robotstxt.RobotsTxtMiddleware',
 'scrapy.downloadermiddlewares.httpauth.HttpAuthMiddleware',
 'scrapy.downloadermiddlewares.downloadtimeout.DownloadTimeoutMiddleware',
 'scrapy.downloadermiddlewares.defaultheaders.DefaultHeadersMiddleware',
 'scrapy.downloadermiddlewares.useragent.UserAgentMiddleware',
 'scrapy.downloadermiddlewares.retry.RetryMiddleware',
 'scrapy.downloadermiddlewares.redirect.MetaRefreshMiddleware',
 'scrapy.downloadermiddlewares.httpcompression.HttpCompressionMiddleware',
 'scrapy.downloadermiddlewares.redirect.RedirectMiddleware',
 'scrapy.downloadermiddlewares.cookies.CookiesMiddleware',
 'scrapy.downloadermiddlewares.chunked.ChunkedTransferMiddleware',
 'scrapy.downloadermiddlewares.stats.DownloaderStats']
2016-08-02 10:14:52 [scrapy] INFO: Enabled spider middlewares:
['scrapy.spidermiddlewares.httperror.HttpErrorMiddleware',
 'scrapy.spidermiddlewares.offsite.OffsiteMiddleware',
 'scrapy.spidermiddlewares.referer.RefererMiddleware',
 'scrapy.spidermiddlewares.urllength.UrlLengthMiddleware',
 'scrapy.spidermiddlewares.depth.DepthMiddleware']
2016-08-02 10:14:52 [py.warnings] WARNING: /Users/litongyang/PycharmProjects/myPython/work/fenghuang_jr/spider/wdzj/wdzj/pipelines.py:9: ScrapyDeprecationWarning: Module `scrapy.log` has been deprecated, Scrapy now relies on the builtin Python library for logging. Read the updated logging entry in the documentation to learn more.
  from scrapy import log

2016-08-02 10:14:52 [scrapy] INFO: Enabled item pipelines:
['wdzj.pipelines.JsonWriterPipeline', 'wdzj.pipelines.WdzjPipelineMysql']
2016-08-02 10:14:52 [scrapy] INFO: Spider opened
2016-08-02 10:14:52 [scrapy] INFO: Crawled 0 pages (at 0 pages/min), scraped 0 items (at 0 items/min)
2016-08-02 10:14:52 [scrapy] DEBUG: Telnet console listening on 127.0.0.1:6023
2016-08-02 10:14:52 [scrapy] DEBUG: Crawled (404) <GET http://shuju.wdzj.com/robots.txt> (referer: None)
2016-08-02 10:14:52 [scrapy] DEBUG: Crawled (200) <GET http://shuju.wdzj.com/preference-235.html> (referer: None)
2016-08-02 10:14:52 [scrapy] DEBUG: Crawled (200) <GET http://shuju.wdzj.com/preference-38.html> (referer: None)
2016-08-02 10:14:52 [scrapy] DEBUG: Crawled (200) <GET http://shuju.wdzj.com/preference-498.html> (referer: None)
2016-08-02 10:14:52 [scrapy] DEBUG: Crawled (200) <GET http://shuju.wdzj.com/preference-116.html> (referer: None)
2016-08-02 10:14:52 [scrapy] DEBUG: Crawled (200) <GET http://shuju.wdzj.com/preference-1345.html> (referer: None)
2016-08-02 10:14:52 [scrapy] DEBUG: Crawled (200) <GET http://shuju.wdzj.com/preference-129.html> (referer: None)
2016-08-02 10:14:52 [scrapy] DEBUG: Crawled (200) <GET http://shuju.wdzj.com/preference-689.html> (referer: None)
2016-08-02 10:14:52 [scrapy] DEBUG: Crawled (200) <GET http://shuju.wdzj.com/preference-85.html> (referer: None)
2016-08-02 10:14:52 [scrapy] DEBUG: Crawled (200) <GET http://shuju.wdzj.com/preference-1152.html> (referer: None)
2016-08-02 10:14:52 [scrapy] DEBUG: Scraped from <200 http://shuju.wdzj.com/preference-235.html>
{'company_name': '\xe5\x92\x8c\xe4\xbf\xa1\xe8\xb4\xb7',
 'core_index_data': [1469.58,
                     11.96,
                     162063.84,
                     1272.54,
                     856,
                     22,
                     17167.99,
                     66.8,
                     22,
                     6.05,
                     37753,
                     5218],
 'core_index_name': [u'\u6210\u4ea4\u91cf',
                     u'\u5229\u7387',
                     u'\u5386\u53f2\u5f85\u8fd8',
                     u'\u8d44\u91d1\u51c0\u6d41\u5165',
                     u'\u6295\u8d44\u4eba\u6570',
                     u'\u501f\u6b3e\u4eba\u6570',
                     u'\u4eba\u5747\u6295\u8d44\u91d1\u989d',
                     u'\u4eba\u5747\u501f\u6b3e\u91d1\u989d',
                     u'\u501f\u6b3e\u6807\u6570',
                     u'\u5e73\u5747\u501f\u6b3e\u671f\u9650',
                     u'\u5f85\u6536\u6295\u8d44\u4eba\u6570',
                     u'\u5f85\u8fd8\u501f\u6b3e\u4eba\u6570'],
 'index_preference_data': [89.47,
                           58.55,
                           89.25,
                           94.08,
                           88.6,
                           86.4,
                           59.87,
                           75.22,
                           81.8,
                           81.36,
                           92.32,
                           91.23],
 'item_type': 'preference',
 'url': 'http://shuju.wdzj.com/preference-235.html'}
2016-08-02 10:14:52 [scrapy] DEBUG: Crawled (200) <GET http://shuju.wdzj.com/preference-623.html> (referer: None)
2016-08-02 10:14:52 [scrapy] DEBUG: Crawled (200) <GET http://shuju.wdzj.com/preference-52.html> (referer: None)
2016-08-02 10:14:52 [scrapy] DEBUG: Crawled (200) <GET http://shuju.wdzj.com/preference-942.html> (referer: None)
2016-08-02 10:14:52 [scrapy] DEBUG: Crawled (200) <GET http://shuju.wdzj.com/preference-96.html> (referer: None)
2016-08-02 10:14:52 [scrapy] DEBUG: Crawled (200) <GET http://shuju.wdzj.com/preference-91.html> (referer: None)
2016-08-02 10:14:52 [scrapy] DEBUG: Crawled (200) <GET http://shuju.wdzj.com/preference-984.html> (referer: None)
2016-08-02 10:14:52 [scrapy] DEBUG: Crawled (200) <GET http://shuju.wdzj.com/preference-60.html> (referer: None)
2016-08-02 10:14:52 [scrapy] DEBUG: Crawled (200) <GET http://shuju.wdzj.com/preference-144.html> (referer: None)
2016-08-02 10:14:52 [scrapy] DEBUG: Scraped from <200 http://shuju.wdzj.com/preference-38.html>
{'company_name': '\xe5\xbe\xae\xe8\xb4\xb7\xe7\xbd\x91',
 'core_index_data': [13771.79,
                     9.46,
                     692969.23,
                     4857.66,
                     9462,
                     2111,
                     14554.84,
                     6.52,
                     2117,
                     3.17,
                     102731,
                     104984],
 'core_index_name': [u'\u6210\u4ea4\u91cf',
                     u'\u5229\u7387',
                     u'\u5386\u53f2\u5f85\u8fd8',
                     u'\u8d44\u91d1\u51c0\u6d41\u5165',
                     u'\u6295\u8d44\u4eba\u6570',
                     u'\u501f\u6b3e\u4eba\u6570',
                     u'\u4eba\u5747\u6295\u8d44\u91d1\u989d',
                     u'\u4eba\u5747\u501f\u6b3e\u91d1\u989d',
                     u'\u501f\u6b3e\u6807\u6570',
                     u'\u5e73\u5747\u501f\u6b3e\u671f\u9650',
                     u'\u5f85\u6536\u6295\u8d44\u4eba\u6570',
                     u'\u5f85\u8fd8\u501f\u6b3e\u4eba\u6570'],
 'index_preference_data': [99.34,
                           35.96,
                           95.61,
                           98.46,
                           97.59,
                           98.46,
                           52.85,
                           29.39,
                           97.81,
                           60.09,
                           96.49,
                           96.93],
 'item_type': 'preference',
 'url': 'http://shuju.wdzj.com/preference-38.html'}
2016-08-02 10:14:52 [scrapy] DEBUG: Scraped from <200 http://shuju.wdzj.com/preference-498.html>
{'company_name': 'PPmoney\xe4\xb8\x87\xe6\x83\xa0',
 'core_index_data': [13816.89,
                     9.7,
                     1453839.16,
                     8168.68,
                     7927,
                     1633,
                     17430.16,
                     8.46,
                     1831,
                     6.84,
                     291109,
                     147813],
 'core_index_name': [u'\u6210\u4ea4\u91cf',
                     u'\u5229\u7387',
                     u'\u5386\u53f2\u5f85\u8fd8',
                     u'\u8d44\u91d1\u51c0\u6d41\u5165',
                     u'\u6295\u8d44\u4eba\u6570',
                     u'\u501f\u6b3e\u4eba\u6570',
                     u'\u4eba\u5747\u6295\u8d44\u91d1\u989d',
                     u'\u4eba\u5747\u501f\u6b3e\u91d1\u989d',
                     u'\u501f\u6b3e\u6807\u6570',
                     u'\u5e73\u5747\u501f\u6b3e\u671f\u9650',
                     u'\u5f85\u6536\u6295\u8d44\u4eba\u6570',
                     u'\u5f85\u8fd8\u501f\u6b3e\u4eba\u6570'],
 'index_preference_data': [99.34,
                           38.43,
                           98.69,
                           99.13,
                           96.94,
                           97.6,
                           60.92,
                           34.93,
                           97.16,
                           85.37,
                           99.13,
                           97.16],
 'item_type': 'preference',
 'url': 'http://shuju.wdzj.com/preference-498.html'}
2016-08-02 10:14:52 [scrapy] DEBUG: Scraped from <200 http://shuju.wdzj.com/preference-116.html>
{'company_name': '\xe5\xbc\x80\xe9\x91\xab\xe8\xb4\xb7',
 'core_index_data': [3596,
                     6.95,
                     843510.93,
                     1437.9,
                     312,
                     13,
                     115256.41,
                     276.62,
                     22,
                     11.33,
                     26209,
                     2155],
 'core_index_name': [u'\u6210\u4ea4\u91cf',
                     u'\u5229\u7387',
                     u'\u5386\u53f2\u5f85\u8fd8',
                     u'\u8d44\u91d1\u51c0\u6d41\u5165',
                     u'\u6295\u8d44\u4eba\u6570',
                     u'\u501f\u6b3e\u4eba\u6570',
                     u'\u4eba\u5747\u6295\u8d44\u91d1\u989d',
                     u'\u4eba\u5747\u501f\u6b3e\u91d1\u989d',
                     u'\u501f\u6b3e\u6807\u6570',
                     u'\u5e73\u5747\u501f\u6b3e\u671f\u9650',
                     u'\u5f85\u6536\u6295\u8d44\u4eba\u6570',
                     u'\u5f85\u8fd8\u501f\u6b3e\u4eba\u6570'],
 'index_preference_data': [94.1,
                           17.9,
                           96.29,
                           94.54,
                           75.76,
                           80.35,
                           97.38,
                           93.01,
                           81.88,
                           93.89,
                           89.52,
                           86.9],
 'item_type': 'preference',
 'url': 'http://shuju.wdzj.com/preference-116.html'}
2016-08-02 10:14:52 [scrapy] DEBUG: Scraped from <200 http://shuju.wdzj.com/preference-1345.html>
{'company_name': '\xe6\x90\x9c\xe6\x98\x93\xe8\xb4\xb7',
 'core_index_data': [4980.81,
                     7.29,
                     389115.33,
                     3149.2,
                     6320,
                     157,
                     7881.02,
                     31.72,
                     460,
                     3.38,
                     92707,
                     95799],
 'core_index_name': [u'\u6210\u4ea4\u91cf',
                     u'\u5229\u7387',
                     u'\u5386\u53f2\u5f85\u8fd8',
                     u'\u8d44\u91d1\u51c0\u6d41\u5165',
                     u'\u6295\u8d44\u4eba\u6570',
                     u'\u501f\u6b3e\u4eba\u6570',
                     u'\u4eba\u5747\u6295\u8d44\u91d1\u989d',
                     u'\u4eba\u5747\u501f\u6b3e\u91d1\u989d',
                     u'\u501f\u6b3e\u6807\u6570',
                     u'\u5e73\u5747\u501f\u6b3e\u671f\u9650',
                     u'\u5f85\u6536\u6295\u8d44\u4eba\u6570',
                     u'\u5f85\u8fd8\u501f\u6b3e\u4eba\u6570'],
 'index_preference_data': [96.49,
                           19.74,
                           93.64,
                           96.05,
                           96.93,
                           94.3,
                           28.07,
                           60.96,
                           95.18,
                           62.94,
                           96.05,
                           96.49],
 'item_type': 'preference',
 'url': 'http://shuju.wdzj.com/preference-1345.html'}
2016-08-02 10:14:52 [scrapy] DEBUG: Crawled (200) <GET http://shuju.wdzj.com/preference-57.html> (referer: None)
2016-08-02 10:14:52 [scrapy] DEBUG: Crawled (200) <GET http://shuju.wdzj.com/preference-2219.html> (referer: None)
2016-08-02 10:14:52 [scrapy] DEBUG: Crawled (200) <GET http://shuju.wdzj.com/preference-59.html> (referer: None)
2016-08-02 10:14:52 [scrapy] DEBUG: Crawled (200) <GET http://shuju.wdzj.com/preference-142.html> (referer: None)
2016-08-02 10:14:52 [scrapy] DEBUG: Scraped from <200 http://shuju.wdzj.com/preference-129.html>
{'company_name': '\xe7\x82\xb9\xe8\x9e\x8d\xe7\xbd\x91',
 'core_index_data': [6862.03,
                     8.72,
                     883147.79,
                     4467.03,
                     14,
                     357,
                     4901453.21,
                     19.22,
                     357,
                     14.09,
                     2036,
                     61535],
 'core_index_name': [u'\u6210\u4ea4\u91cf',
                     u'\u5229\u7387',
                     u'\u5386\u53f2\u5f85\u8fd8',
                     u'\u8d44\u91d1\u51c0\u6d41\u5165',
                     u'\u6295\u8d44\u4eba\u6570',
                     u'\u501f\u6b3e\u4eba\u6570',
                     u'\u4eba\u5747\u6295\u8d44\u91d1\u989d',
                     u'\u4eba\u5747\u501f\u6b3e\u91d1\u989d',
                     u'\u501f\u6b3e\u6807\u6570',
                     u'\u5e73\u5747\u501f\u6b3e\u671f\u9650',
                     u'\u5f85\u6536\u6295\u8d44\u4eba\u6570',
                     u'\u5f85\u8fd8\u501f\u6b3e\u4eba\u6570'],
 'index_preference_data': [98.25,
                           29.91,
                           97.16,
                           97.38,
                           29.04,
                           95.41,
                           99.78,
                           51.75,
                           94.32,
                           96.29,
                           57.21,
                           96.07],
 'item_type': 'preference',
 'url': 'http://shuju.wdzj.com/preference-129.html'}
2016-08-02 10:14:52 [scrapy] DEBUG: Scraped from <200 http://shuju.wdzj.com/preference-689.html>
{'company_name': '\xe7\x88\xb1\xe9\x92\xb1\xe8\xbf\x9b',
 'core_index_data': [9580.51,
                     12.55,
                     849304.13,
                     8508.96,
                     27773,
                     52511,
                     3449.58,
                     0.18,
                     107528,
                     36.07,
                     445395,
                     189477],
 'core_index_name': [u'\u6210\u4ea4\u91cf',
                     u'\u5229\u7387',
                     u'\u5386\u53f2\u5f85\u8fd8',
                     u'\u8d44\u91d1\u51c0\u6d41\u5165',
                     u'\u6295\u8d44\u4eba\u6570',
                     u'\u501f\u6b3e\u4eba\u6570',
                     u'\u4eba\u5747\u6295\u8d44\u91d1\u989d',
                     u'\u4eba\u5747\u501f\u6b3e\u91d1\u989d',
                     u'\u501f\u6b3e\u6807\u6570',
                     u'\u5e73\u5747\u501f\u6b3e\u671f\u9650',
                     u'\u5f85\u6536\u6295\u8d44\u4eba\u6570',
                     u'\u5f85\u8fd8\u501f\u6b3e\u4eba\u6570'],
 'index_preference_data': [98.69,
                           64.41,
                           96.51,
                           99.34,
                           99.34,
                           99.78,
                           19,
                           14.85,
                           99.78,
                           99.78,
                           99.34,
                           97.6],
 'item_type': 'preference',
 'url': 'http://shuju.wdzj.com/preference-689.html'}
2016-08-02 10:14:52 [scrapy] DEBUG: Scraped from <200 http://shuju.wdzj.com/preference-85.html>
{'company_name': '\xe5\xae\x9c\xe4\xba\xba\xe8\xb4\xb7',
 'core_index_data': [6722.83,
                     11.87,
                     1832379.92,
                     4680.6,
                     52774,
                     1029,
                     1273.89,
                     6.53,
                     1029,
                     35.59,
                     577972,
                     312526],
 'core_index_name': [u'\u6210\u4ea4\u91cf',
                     u'\u5229\u7387',
                     u'\u5386\u53f2\u5f85\u8fd8',
                     u'\u8d44\u91d1\u51c0\u6d41\u5165',
                     u'\u6295\u8d44\u4eba\u6570',
                     u'\u501f\u6b3e\u4eba\u6570',
                     u'\u4eba\u5747\u6295\u8d44\u91d1\u989d',
                     u'\u4eba\u5747\u501f\u6b3e\u91d1\u989d',
                     u'\u501f\u6b3e\u6807\u6570',
                     u'\u5e73\u5747\u501f\u6b3e\u671f\u9650',
                     u'\u5f85\u6536\u6295\u8d44\u4eba\u6570',
                     u'\u5f85\u8fd8\u501f\u6b3e\u4eba\u6570'],
 'index_preference_data': [98.25,
                           57.02,
                           99.12,
                           98.25,
                           99.78,
                           97.37,
                           16.01,
                           29.61,
                           96.93,
                           99.56,
                           99.56,
                           98.46],
 'item_type': 'preference',
 'url': 'http://shuju.wdzj.com/preference-85.html'}
2016-08-02 10:14:52 [scrapy] DEBUG: Scraped from <200 http://shuju.wdzj.com/preference-1152.html>
{'company_name': '\xe9\xba\xbb\xe8\xa2\x8b\xe7\x90\x86\xe8\xb4\xa2',
 'core_index_data': [4586.78,
                     10.84,
                     342098.54,
                     4244.35,
                     4290,
                     13771,
                     10691.8,
                     0.33,
                     57733,
                     26.4,
                     148670,
                     91454],
 'core_index_name': [u'\u6210\u4ea4\u91cf',
                     u'\u5229\u7387',
                     u'\u5386\u53f2\u5f85\u8fd8',
                     u'\u8d44\u91d1\u51c0\u6d41\u5165',
                     u'\u6295\u8d44\u4eba\u6570',
                     u'\u501f\u6b3e\u4eba\u6570',
                     u'\u4eba\u5747\u6295\u8d44\u91d1\u989d',
                     u'\u4eba\u5747\u501f\u6b3e\u91d1\u989d',
                     u'\u501f\u6b3e\u6807\u6570',
                     u'\u5e73\u5747\u501f\u6b3e\u671f\u9650',
                     u'\u5f85\u6536\u6295\u8d44\u4eba\u6570',
                     u'\u5f85\u8fd8\u501f\u6b3e\u4eba\u6570'],
 'index_preference_data': [95.83,
                           49.34,
                           92.76,
                           97.37,
                           96.27,
                           99.34,
                           39.04,
                           15.79,
                           99.34,
                           98.25,
                           98.03,
                           96.27],
 'item_type': 'preference',
 'url': 'http://shuju.wdzj.com/preference-1152.html'}
2016-08-02 10:14:52 [scrapy] DEBUG: Scraped from <200 http://shuju.wdzj.com/preference-623.html>
{'company_name': '\xe9\x93\xb6\xe6\xb9\x96\xe7\xbd\x91',
 'core_index_data': [182.56,
                     14.97,
                     124086.73,
                     -597.29,
                     551,
                     37,
                     3313.25,
                     4.93,
                     37,
                     34.35,
                     26217,
                     11670],
 'core_index_name': [u'\u6210\u4ea4\u91cf',
                     u'\u5229\u7387',
                     u'\u5386\u53f2\u5f85\u8fd8',
                     u'\u8d44\u91d1\u51c0\u6d41\u5165',
                     u'\u6295\u8d44\u4eba\u6570',
                     u'\u501f\u6b3e\u4eba\u6570',
                     u'\u4eba\u5747\u6295\u8d44\u91d1\u989d',
                     u'\u4eba\u5747\u501f\u6b3e\u91d1\u989d',
                     u'\u501f\u6b3e\u6807\u6570',
                     u'\u5e73\u5747\u501f\u6b3e\u671f\u9650',
                     u'\u5f85\u6536\u6295\u8d44\u4eba\u6570',
                     u'\u5f85\u8fd8\u501f\u6b3e\u4eba\u6570'],
 'index_preference_data': [62.06,
                           80.92,
                           86.18,
                           3.51,
                           84.43,
                           90.35,
                           18.42,
                           24.56,
                           87.72,
                           99.12,
                           89.69,
                           93.2],
 'item_type': 'preference',
 'url': 'http://shuju.wdzj.com/preference-623.html'}
2016-08-02 10:14:52 [scrapy] DEBUG: Scraped from <200 http://shuju.wdzj.com/preference-52.html>
{'company_name': '\xe6\x8b\x8d\xe6\x8b\x8d\xe8\xb4\xb7',
 'core_index_data': [5910.82,
                     16.67,
                     631961.64,
                     3406.92,
                     17146,
                     23878,
                     3447.35,
                     0.25,
                     24286,
                     11.16,
                     131212,
                     1705754],
 'core_index_name': [u'\u6210\u4ea4\u91cf',
                     u'\u5229\u7387',
                     u'\u5386\u53f2\u5f85\u8fd8',
                     u'\u8d44\u91d1\u51c0\u6d41\u5165',
                     u'\u6295\u8d44\u4eba\u6570',
                     u'\u501f\u6b3e\u4eba\u6570',
                     u'\u4eba\u5747\u6295\u8d44\u91d1\u989d',
                     u'\u4eba\u5747\u501f\u6b3e\u91d1\u989d',
                     u'\u501f\u6b3e\u6807\u6570',
                     u'\u5e73\u5747\u501f\u6b3e\u671f\u9650',
                     u'\u5f85\u6536\u6295\u8d44\u4eba\u6570',
                     u'\u5f85\u8fd8\u501f\u6b3e\u4eba\u6570'],
 'index_preference_data': [96.72,
                           88.43,
                           95.2,
                           96.29,
                           98.25,
                           99.34,
                           18.78,
                           15.28,
                           98.69,
                           93.23,
                           97.38,
                           99.56],
 'item_type': 'preference',
 'url': 'http://shuju.wdzj.com/preference-52.html'}
2016-08-02 10:14:52 [scrapy] DEBUG: Scraped from <200 http://shuju.wdzj.com/preference-942.html>
{'company_name': '\xe6\x98\x93\xe8\xb4\xb7\xe7\xbd\x91',
 'core_index_data': [6560.85,
                     11.11,
                     181732.5,
                     6048.39,
                     3759,
                     829,
                     17453.7,
                     7.91,
                     5619,
                     5.75,
                     15699,
                     12061],
 'core_index_name': [u'\u6210\u4ea4\u91cf',
                     u'\u5229\u7387',
                     u'\u5386\u53f2\u5f85\u8fd8',
                     u'\u8d44\u91d1\u51c0\u6d41\u5165',
                     u'\u6295\u8d44\u4eba\u6570',
                     u'\u501f\u6b3e\u4eba\u6570',
                     u'\u4eba\u5747\u6295\u8d44\u91d1\u989d',
                     u'\u4eba\u5747\u501f\u6b3e\u91d1\u989d',
                     u'\u501f\u6b3e\u6807\u6570',
                     u'\u5e73\u5747\u501f\u6b3e\u671f\u9650',
                     u'\u5f85\u6536\u6295\u8d44\u4eba\u6570',
                     u'\u5f85\u8fd8\u501f\u6b3e\u4eba\u6570'],
 'index_preference_data': [97.6,
                           52.4,
                           89.52,
                           98.91,
                           95.63,
                           96.72,
                           61.14,
                           32.97,
                           97.82,
                           79.04,
                           86.03,
                           93.23],
 'item_type': 'preference',
 'url': 'http://shuju.wdzj.com/preference-942.html'}
2016-08-02 10:14:52 [scrapy] DEBUG: Scraped from <200 http://shuju.wdzj.com/preference-96.html>
{'company_name': '\xe6\x8a\x95\xe5\x93\xaa\xe7\xbd\x91',
 'core_index_data': [4013.66,
                     10.08,
                     459516.76,
                     182.39,
                     17161,
                     809,
                     2338.82,
                     4.96,
                     816,
                     6.76,
                     105694,
                     102515],
 'core_index_name': [u'\u6210\u4ea4\u91cf',
                     u'\u5229\u7387',
                     u'\u5386\u53f2\u5f85\u8fd8',
                     u'\u8d44\u91d1\u51c0\u6d41\u5165',
                     u'\u6295\u8d44\u4eba\u6570',
                     u'\u501f\u6b3e\u4eba\u6570',
                     u'\u4eba\u5747\u6295\u8d44\u91d1\u989d',
                     u'\u4eba\u5747\u501f\u6b3e\u91d1\u989d',
                     u'\u501f\u6b3e\u6807\u6570',
                     u'\u5e73\u5747\u501f\u6b3e\u671f\u9650',
                     u'\u5f85\u6536\u6295\u8d44\u4eba\u6570',
                     u'\u5f85\u8fd8\u501f\u6b3e\u4eba\u6570'],
 'index_preference_data': [94.74,
                           42.54,
                           94.3,
                           79.39,
                           98.68,
                           96.71,
                           16.67,
                           24.78,
                           96.49,
                           85.09,
                           96.71,
                           96.71],
 'item_type': 'preference',
 'url': 'http://shuju.wdzj.com/preference-96.html'}
2016-08-02 10:14:52 [scrapy] DEBUG: Scraped from <200 http://shuju.wdzj.com/preference-91.html>
{'company_name': '\xe5\x9b\xa2\xe8\xb4\xb7\xe7\xbd\x91',
 'core_index_data': [9675.12,
                     11.74,
                     881936.12,
                     3357.76,
                     12260,
                     638,
                     7891.61,
                     15.16,
                     1787,
                     6.25,
                     111620,
                     31108],
 'core_index_name': [u'\u6210\u4ea4\u91cf',
                     u'\u5229\u7387',
                     u'\u5386\u53f2\u5f85\u8fd8',
                     u'\u8d44\u91d1\u51c0\u6d41\u5165',
                     u'\u6295\u8d44\u4eba\u6570',
                     u'\u501f\u6b3e\u4eba\u6570',
                     u'\u4eba\u5747\u6295\u8d44\u91d1\u989d',
                     u'\u4eba\u5747\u501f\u6b3e\u91d1\u989d',
                     u'\u501f\u6b3e\u6807\u6570',
                     u'\u5e73\u5747\u501f\u6b3e\u671f\u9650',
                     u'\u5f85\u6536\u6295\u8d44\u4eba\u6570',
                     u'\u5f85\u8fd8\u501f\u6b3e\u4eba\u6570'],
 'index_preference_data': [98.91,
                           56.55,
                           96.94,
                           96.07,
                           97.6,
                           96.07,
                           28.38,
                           47.16,
                           96.94,
                           82.53,
                           96.94,
                           94.98],
 'item_type': 'preference',
 'url': 'http://shuju.wdzj.com/preference-91.html'}
2016-08-02 10:14:52 [scrapy] DEBUG: Scraped from <200 http://shuju.wdzj.com/preference-984.html>
{'company_name': '\xe9\x87\x91\xe5\xae\x9d\xe4\xbf\x9d',
 'core_index_data': [800,
                     6,
                     203293.14,
                     599.17,
                     74,
                     2,
                     108108.11,
                     400,
                     2,
                     6.5,
                     10558,
                     452],
 'core_index_name': [u'\u6210\u4ea4\u91cf',
                     u'\u5229\u7387',
                     u'\u5386\u53f2\u5f85\u8fd8',
                     u'\u8d44\u91d1\u51c0\u6d41\u5165',
                     u'\u6295\u8d44\u4eba\u6570',
                     u'\u501f\u6b3e\u4eba\u6570',
                     u'\u4eba\u5747\u6295\u8d44\u91d1\u989d',
                     u'\u4eba\u5747\u501f\u6b3e\u91d1\u989d',
                     u'\u501f\u6b3e\u6807\u6570',
                     u'\u5e73\u5747\u501f\u6b3e\u671f\u9650',
                     u'\u5f85\u6536\u6295\u8d44\u4eba\u6570',
                     u'\u5f85\u8fd8\u501f\u6b3e\u4eba\u6570'],
 'index_preference_data': [82.46,
                           15.57,
                           90.57,
                           89.47,
                           55.92,
                           43.42,
                           96.93,
                           96.05,
                           37.28,
                           83.55,
                           81.36,
                           74.12],
 'item_type': 'preference',
 'url': 'http://shuju.wdzj.com/preference-984.html'}
2016-08-02 10:14:52 [scrapy] DEBUG: Scraped from <200 http://shuju.wdzj.com/preference-60.html>
{'company_name': '\xe7\xba\xa2\xe5\xb2\xad\xe5\x88\x9b\xe6\x8a\x95',
 'core_index_data': [36429.11,
                     9.07,
                     1535992.88,
                     15264.93,
                     16425,
                     2325,
                     22179.06,
                     15.67,
                     10255,
                     1.82,
                     134304,
                     10916],
 'core_index_name': [u'\u6210\u4ea4\u91cf',
                     u'\u5229\u7387',
                     u'\u5386\u53f2\u5f85\u8fd8',
                     u'\u8d44\u91d1\u51c0\u6d41\u5165',
                     u'\u6295\u8d44\u4eba\u6570',
                     u'\u501f\u6b3e\u4eba\u6570',
                     u'\u4eba\u5747\u6295\u8d44\u91d1\u989d',
                     u'\u4eba\u5747\u501f\u6b3e\u91d1\u989d',
                     u'\u501f\u6b3e\u6807\u6570',
                     u'\u5e73\u5747\u501f\u6b3e\u671f\u9650',
                     u'\u5f85\u6536\u6295\u8d44\u4eba\u6570',
                     u'\u5f85\u8fd8\u501f\u6b3e\u4eba\u6570'],
 'index_preference_data': [99.56,
                           34.28,
                           98.91,
                           99.56,
                           98.03,
                           98.47,
                           70.96,
                           47.82,
                           98.25,
                           38.21,
                           97.6,
                           92.58],
 'item_type': 'preference',
 'url': 'http://shuju.wdzj.com/preference-60.html'}
2016-08-02 10:14:52 [scrapy] DEBUG: Scraped from <200 http://shuju.wdzj.com/preference-144.html>
{'company_name': '\xe7\xbf\xbc\xe9\xbe\x99\xe8\xb4\xb7',
 'core_index_data': [7269.95,
                     7.65,
                     2542459.15,
                     3634.72,
                     6252,
                     1020,
                     11628.2,
                     7.13,
                     1020,
                     16.03,
                     143160,
                     178721],
 'core_index_name': [u'\u6210\u4ea4\u91cf',
                     u'\u5229\u7387',
                     u'\u5386\u53f2\u5f85\u8fd8',
                     u'\u8d44\u91d1\u51c0\u6d41\u5165',
                     u'\u6295\u8d44\u4eba\u6570',
                     u'\u501f\u6b3e\u4eba\u6570',
                     u'\u4eba\u5747\u6295\u8d44\u91d1\u989d',
                     u'\u4eba\u5747\u501f\u6b3e\u91d1\u989d',
                     u'\u501f\u6b3e\u6807\u6570',
                     u'\u5e73\u5747\u501f\u6b3e\u671f\u9650',
                     u'\u5f85\u6536\u6295\u8d44\u4eba\u6570',
                     u'\u5f85\u8fd8\u501f\u6b3e\u4eba\u6570'],
 'index_preference_data': [98.68,
                           22.37,
                           99.56,
                           96.93,
                           96.71,
                           97.15,
                           41.67,
                           31.8,
                           96.71,
                           97.15,
                           97.81,
                           97.37],
 'item_type': 'preference',
 'url': 'http://shuju.wdzj.com/preference-144.html'}
2016-08-02 10:14:52 [scrapy] DEBUG: Scraped from <200 http://shuju.wdzj.com/preference-57.html>
{'company_name': '\xe4\xba\xba\xe4\xba\xba\xe8\xb4\xb7',
 'core_index_data': [2758.81,
                     10.17,
                     1139629.43,
                     889.16,
                     32078,
                     333,
                     860.03,
                     8.28,
                     333,
                     35.08,
                     196862,
                     199171],
 'core_index_name': [u'\u6210\u4ea4\u91cf',
                     u'\u5229\u7387',
                     u'\u5386\u53f2\u5f85\u8fd8',
                     u'\u8d44\u91d1\u51c0\u6d41\u5165',
                     u'\u6295\u8d44\u4eba\u6570',
                     u'\u501f\u6b3e\u4eba\u6570',
                     u'\u4eba\u5747\u6295\u8d44\u91d1\u989d',
                     u'\u4eba\u5747\u501f\u6b3e\u91d1\u989d',
                     u'\u501f\u6b3e\u6807\u6570',
                     u'\u5e73\u5747\u501f\u6b3e\u671f\u9650',
                     u'\u5f85\u6536\u6295\u8d44\u4eba\u6570',
                     u'\u5f85\u8fd8\u501f\u6b3e\u4eba\u6570'],
 'index_preference_data': [92.36,
                           43.67,
                           98.25,
                           92.58,
                           99.56,
                           95.2,
                           14.85,
                           34.28,
                           94.1,
                           99.34,
                           98.47,
                           98.03],
 'item_type': 'preference',
 'url': 'http://shuju.wdzj.com/preference-57.html'}
2016-08-02 10:14:52 [scrapy] DEBUG: Scraped from <200 http://shuju.wdzj.com/preference-2219.html>
{'company_name': 'e\xe8\xb7\xaf\xe5\x90\x8c\xe5\xbf\x83',
 'core_index_data': [1127.91,
                     8.33,
                     99865.7,
                     59.41,
                     1312,
                     21,
                     8596.88,
                     53.71,
                     21,
                     3.42,
                     30445,
                     2481],
 'core_index_name': [u'\u6210\u4ea4\u91cf',
                     u'\u5229\u7387',
                     u'\u5386\u53f2\u5f85\u8fd8',
                     u'\u8d44\u91d1\u51c0\u6d41\u5165',
                     u'\u6295\u8d44\u4eba\u6570',
                     u'\u501f\u6b3e\u4eba\u6570',
                     u'\u4eba\u5747\u6295\u8d44\u91d1\u989d',
                     u'\u4eba\u5747\u501f\u6b3e\u91d1\u989d',
                     u'\u501f\u6b3e\u6807\u6570',
                     u'\u5e73\u5747\u501f\u6b3e\u671f\u9650',
                     u'\u5f85\u6536\u6295\u8d44\u4eba\u6570',
                     u'\u5f85\u8fd8\u501f\u6b3e\u4eba\u6570'],
 'index_preference_data': [85.96,
                           27.63,
                           83.11,
                           67.54,
                           92.11,
                           85.53,
                           30.7,
                           71.05,
                           80.48,
                           63.38,
                           90.79,
                           87.72],
 'item_type': 'preference',
 'url': 'http://shuju.wdzj.com/preference-2219.html'}
2016-08-02 10:14:52 [scrapy] DEBUG: Scraped from <200 http://shuju.wdzj.com/preference-59.html>
{'company_name': '\xe9\x99\x86\xe9\x87\x91\xe6\x89\x80',
 'core_index_data': [146164.84,
                     6.36,
                     7348998.2,
                     133716.56,
                     24842,
                     24970,
                     58837.79,
                     5.85,
                     24970,
                     16.45,
                     235131,
                     1950960],
 'core_index_name': [u'\u6210\u4ea4\u91cf',
                     u'\u5229\u7387',
                     u'\u5386\u53f2\u5f85\u8fd8',
                     u'\u8d44\u91d1\u51c0\u6d41\u5165',
                     u'\u6295\u8d44\u4eba\u6570',
                     u'\u501f\u6b3e\u4eba\u6570',
                     u'\u4eba\u5747\u6295\u8d44\u91d1\u989d',
                     u'\u4eba\u5747\u501f\u6b3e\u91d1\u989d',
                     u'\u501f\u6b3e\u6807\u6570',
                     u'\u5e73\u5747\u501f\u6b3e\u671f\u9650',
                     u'\u5f85\u6536\u6295\u8d44\u4eba\u6570',
                     u'\u5f85\u8fd8\u501f\u6b3e\u4eba\u6570'],
 'index_preference_data': [99.78,
                           16.38,
                           99.78,
                           99.78,
                           99.13,
                           99.56,
                           91.48,
                           27.29,
                           98.91,
                           97.16,
                           98.69,
                           99.78],
 'item_type': 'preference',
 'url': 'http://shuju.wdzj.com/preference-59.html'}
2016-08-02 10:14:52 [scrapy] DEBUG: Scraped from <200 http://shuju.wdzj.com/preference-142.html>
{'company_name': '\xe6\x9c\x89\xe5\x88\xa9\xe7\xbd\x91',
 'core_index_data': [6697.57,
                     9.81,
                     871596.18,
                     4482.21,
                     22442,
                     9599,
                     2984.39,
                     0.7,
                     9601,
                     17.77,
                     265477,
                     990371],
 'core_index_name': [u'\u6210\u4ea4\u91cf',
                     u'\u5229\u7387',
                     u'\u5386\u53f2\u5f85\u8fd8',
                     u'\u8d44\u91d1\u51c0\u6d41\u5165',
                     u'\u6295\u8d44\u4eba\u6570',
                     u'\u501f\u6b3e\u4eba\u6570',
                     u'\u4eba\u5747\u6295\u8d44\u91d1\u989d',
                     u'\u4eba\u5747\u501f\u6b3e\u91d1\u989d',
                     u'\u501f\u6b3e\u6807\u6570',
                     u'\u5e73\u5747\u501f\u6b3e\u671f\u9650',
                     u'\u5f85\u6536\u6295\u8d44\u4eba\u6570',
                     u'\u5f85\u8fd8\u501f\u6b3e\u4eba\u6570'],
 'index_preference_data': [97.82,
                           39.52,
                           96.72,
                           97.6,
                           98.91,
                           98.69,
                           17.47,
                           16.59,
                           98.03,
                           97.38,
                           98.91,
                           99.34],
 'item_type': 'preference',
 'url': 'http://shuju.wdzj.com/preference-142.html'}
2016-08-02 10:14:52 [scrapy] INFO: Closing spider (finished)
2016-08-02 10:14:52 [scrapy] INFO: Dumping Scrapy stats:
{'downloader/request_bytes': 6917,
 'downloader/request_count': 22,
 'downloader/request_method_count/GET': 22,
 'downloader/response_bytes': 39078,
 'downloader/response_count': 22,
 'downloader/response_status_count/200': 21,
 'downloader/response_status_count/404': 1,
 'finish_reason': 'finished',
 'finish_time': datetime.datetime(2016, 8, 2, 2, 14, 52, 555960),
 'item_scraped_count': 21,
 'log_count/DEBUG': 44,
 'log_count/INFO': 7,
 'log_count/WARNING': 1,
 'response_received_count': 22,
 'scheduler/dequeued': 21,
 'scheduler/dequeued/memory': 21,
 'scheduler/enqueued': 21,
 'scheduler/enqueued/memory': 21,
 'start_time': datetime.datetime(2016, 8, 2, 2, 14, 52, 26143)}
2016-08-02 10:14:52 [scrapy] INFO: Spider closed (finished)
