2016-08-09 17:20:55 [scrapy] INFO: Scrapy 1.2.0dev2 started (bot: wangyi_stock_news_us)
2016-08-09 17:20:55 [scrapy] INFO: Overridden settings: {'NEWSPIDER_MODULE': 'wangyi_stock_news_us.spiders', 'BOT_NAME': 'wangyi_stock_news_us', 'ROBOTSTXT_OBEY': True, 'SPIDER_MODULES': ['wangyi_stock_news_us.spiders'], 'LOG_ENABLED': False, 'LOG_FILE': 'logs.log'}
2016-08-09 17:22:10 [scrapy] INFO: Scrapy 1.2.0dev2 started (bot: wangyi_stock_news_us)
2016-08-09 17:22:10 [scrapy] INFO: Overridden settings: {'NEWSPIDER_MODULE': 'wangyi_stock_news_us.spiders', 'BOT_NAME': 'wangyi_stock_news_us', 'ROBOTSTXT_OBEY': True, 'SPIDER_MODULES': ['wangyi_stock_news_us.spiders'], 'LOG_ENABLED': False, 'LOG_FILE': 'logs.log'}
2016-08-09 17:22:19 [scrapy] INFO: Scrapy 1.2.0dev2 started (bot: wangyi_stock_news_us)
2016-08-09 17:22:19 [scrapy] INFO: Overridden settings: {'NEWSPIDER_MODULE': 'wangyi_stock_news_us.spiders', 'ROBOTSTXT_OBEY': True, 'SPIDER_MODULES': ['wangyi_stock_news_us.spiders'], 'LOG_FILE': 'logs.log', 'BOT_NAME': 'wangyi_stock_news_us'}
2016-08-09 17:22:19 [scrapy] INFO: Enabled extensions:
['scrapy.extensions.logstats.LogStats',
 'scrapy.extensions.telnet.TelnetConsole',
 'scrapy.extensions.corestats.CoreStats']
2016-08-09 17:22:19 [scrapy] INFO: Enabled downloader middlewares:
['scrapy.downloadermiddlewares.robotstxt.RobotsTxtMiddleware',
 'scrapy.downloadermiddlewares.httpauth.HttpAuthMiddleware',
 'scrapy.downloadermiddlewares.downloadtimeout.DownloadTimeoutMiddleware',
 'scrapy.downloadermiddlewares.defaultheaders.DefaultHeadersMiddleware',
 'scrapy.downloadermiddlewares.useragent.UserAgentMiddleware',
 'scrapy.downloadermiddlewares.retry.RetryMiddleware',
 'scrapy.downloadermiddlewares.redirect.MetaRefreshMiddleware',
 'scrapy.downloadermiddlewares.httpcompression.HttpCompressionMiddleware',
 'scrapy.downloadermiddlewares.redirect.RedirectMiddleware',
 'scrapy.downloadermiddlewares.cookies.CookiesMiddleware',
 'scrapy.downloadermiddlewares.chunked.ChunkedTransferMiddleware',
 'scrapy.downloadermiddlewares.stats.DownloaderStats']
2016-08-09 17:22:19 [scrapy] INFO: Enabled spider middlewares:
['scrapy.spidermiddlewares.httperror.HttpErrorMiddleware',
 'scrapy.spidermiddlewares.offsite.OffsiteMiddleware',
 'scrapy.spidermiddlewares.referer.RefererMiddleware',
 'scrapy.spidermiddlewares.urllength.UrlLengthMiddleware',
 'scrapy.spidermiddlewares.depth.DepthMiddleware']
2016-08-09 17:22:19 [scrapy] INFO: Enabled item pipelines:
[]
2016-08-09 17:22:19 [scrapy] INFO: Spider opened
2016-08-09 17:22:19 [scrapy] INFO: Crawled 0 pages (at 0 pages/min), scraped 0 items (at 0 items/min)
2016-08-09 17:22:19 [scrapy] DEBUG: Telnet console listening on 127.0.0.1:6023
2016-08-09 17:22:19 [scrapy] DEBUG: Crawled (200) <GET http://quotes.money.163.com/robots.txt> (referer: None)
2016-08-09 17:22:19 [scrapy] DEBUG: Crawled (200) <GET http://quotes.money.163.com/usstock/JD_news.html?page=0> (referer: None)
2016-08-09 17:22:20 [scrapy] DEBUG: Crawled (200) <GET http://quotes.money.163.com/hkstock/00323.html> (referer: None)
2016-08-09 17:22:20 [scrapy] INFO: Closing spider (finished)
2016-08-09 17:22:20 [scrapy] INFO: Dumping Scrapy stats:
{'downloader/request_bytes': 721,
 'downloader/request_count': 3,
 'downloader/request_method_count/GET': 3,
 'downloader/response_bytes': 34249,
 'downloader/response_count': 3,
 'downloader/response_status_count/200': 3,
 'finish_reason': 'finished',
 'finish_time': datetime.datetime(2016, 8, 9, 9, 22, 20, 330558),
 'log_count/DEBUG': 4,
 'log_count/INFO': 7,
 'response_received_count': 3,
 'scheduler/dequeued': 2,
 'scheduler/dequeued/memory': 2,
 'scheduler/enqueued': 2,
 'scheduler/enqueued/memory': 2,
 'start_time': datetime.datetime(2016, 8, 9, 9, 22, 19, 137024)}
2016-08-09 17:22:20 [scrapy] INFO: Spider closed (finished)
2016-08-09 17:22:51 [scrapy] INFO: Scrapy 1.2.0dev2 started (bot: wangyi_stock_news_us)
2016-08-09 17:22:51 [scrapy] INFO: Overridden settings: {'NEWSPIDER_MODULE': 'wangyi_stock_news_us.spiders', 'ROBOTSTXT_OBEY': True, 'SPIDER_MODULES': ['wangyi_stock_news_us.spiders'], 'LOG_FILE': 'logs.log', 'BOT_NAME': 'wangyi_stock_news_us'}
2016-08-09 17:22:52 [scrapy] INFO: Enabled extensions:
['scrapy.extensions.logstats.LogStats',
 'scrapy.extensions.telnet.TelnetConsole',
 'scrapy.extensions.corestats.CoreStats']
2016-08-09 17:22:52 [scrapy] INFO: Enabled downloader middlewares:
['scrapy.downloadermiddlewares.robotstxt.RobotsTxtMiddleware',
 'scrapy.downloadermiddlewares.httpauth.HttpAuthMiddleware',
 'scrapy.downloadermiddlewares.downloadtimeout.DownloadTimeoutMiddleware',
 'scrapy.downloadermiddlewares.defaultheaders.DefaultHeadersMiddleware',
 'scrapy.downloadermiddlewares.useragent.UserAgentMiddleware',
 'scrapy.downloadermiddlewares.retry.RetryMiddleware',
 'scrapy.downloadermiddlewares.redirect.MetaRefreshMiddleware',
 'scrapy.downloadermiddlewares.httpcompression.HttpCompressionMiddleware',
 'scrapy.downloadermiddlewares.redirect.RedirectMiddleware',
 'scrapy.downloadermiddlewares.cookies.CookiesMiddleware',
 'scrapy.downloadermiddlewares.chunked.ChunkedTransferMiddleware',
 'scrapy.downloadermiddlewares.stats.DownloaderStats']
2016-08-09 17:22:52 [scrapy] INFO: Enabled spider middlewares:
['scrapy.spidermiddlewares.httperror.HttpErrorMiddleware',
 'scrapy.spidermiddlewares.offsite.OffsiteMiddleware',
 'scrapy.spidermiddlewares.referer.RefererMiddleware',
 'scrapy.spidermiddlewares.urllength.UrlLengthMiddleware',
 'scrapy.spidermiddlewares.depth.DepthMiddleware']
2016-08-09 17:22:52 [scrapy] INFO: Enabled item pipelines:
[]
2016-08-09 17:22:52 [scrapy] INFO: Spider opened
2016-08-09 17:22:52 [scrapy] INFO: Crawled 0 pages (at 0 pages/min), scraped 0 items (at 0 items/min)
2016-08-09 17:22:52 [scrapy] DEBUG: Telnet console listening on 127.0.0.1:6023
2016-08-09 17:22:52 [scrapy] DEBUG: Crawled (200) <GET http://quotes.money.163.com/robots.txt> (referer: None)
2016-08-09 17:22:52 [scrapy] DEBUG: Crawled (200) <GET http://quotes.money.163.com/usstock/JD_news.html?page=0> (referer: None)
2016-08-09 17:22:52 [scrapy] DEBUG: Crawled (200) <GET http://quotes.money.163.com/hkstock/00323.html> (referer: None)
2016-08-09 17:22:52 [scrapy] INFO: Closing spider (finished)
2016-08-09 17:22:52 [scrapy] INFO: Dumping Scrapy stats:
{'downloader/request_bytes': 721,
 'downloader/request_count': 3,
 'downloader/request_method_count/GET': 3,
 'downloader/response_bytes': 34155,
 'downloader/response_count': 3,
 'downloader/response_status_count/200': 3,
 'finish_reason': 'finished',
 'finish_time': datetime.datetime(2016, 8, 9, 9, 22, 52, 718893),
 'log_count/DEBUG': 4,
 'log_count/INFO': 7,
 'response_received_count': 3,
 'scheduler/dequeued': 2,
 'scheduler/dequeued/memory': 2,
 'scheduler/enqueued': 2,
 'scheduler/enqueued/memory': 2,
 'start_time': datetime.datetime(2016, 8, 9, 9, 22, 52, 55663)}
2016-08-09 17:22:52 [scrapy] INFO: Spider closed (finished)
2016-08-09 17:23:18 [scrapy] INFO: Scrapy 1.2.0dev2 started (bot: wangyi_stock_news_us)
2016-08-09 17:23:18 [scrapy] INFO: Overridden settings: {'NEWSPIDER_MODULE': 'wangyi_stock_news_us.spiders', 'ROBOTSTXT_OBEY': True, 'SPIDER_MODULES': ['wangyi_stock_news_us.spiders'], 'LOG_FILE': 'logs.log', 'BOT_NAME': 'wangyi_stock_news_us'}
2016-08-09 17:23:18 [scrapy] INFO: Enabled extensions:
['scrapy.extensions.logstats.LogStats',
 'scrapy.extensions.telnet.TelnetConsole',
 'scrapy.extensions.corestats.CoreStats']
2016-08-09 17:23:18 [scrapy] INFO: Enabled downloader middlewares:
['scrapy.downloadermiddlewares.robotstxt.RobotsTxtMiddleware',
 'scrapy.downloadermiddlewares.httpauth.HttpAuthMiddleware',
 'scrapy.downloadermiddlewares.downloadtimeout.DownloadTimeoutMiddleware',
 'scrapy.downloadermiddlewares.defaultheaders.DefaultHeadersMiddleware',
 'scrapy.downloadermiddlewares.useragent.UserAgentMiddleware',
 'scrapy.downloadermiddlewares.retry.RetryMiddleware',
 'scrapy.downloadermiddlewares.redirect.MetaRefreshMiddleware',
 'scrapy.downloadermiddlewares.httpcompression.HttpCompressionMiddleware',
 'scrapy.downloadermiddlewares.redirect.RedirectMiddleware',
 'scrapy.downloadermiddlewares.cookies.CookiesMiddleware',
 'scrapy.downloadermiddlewares.chunked.ChunkedTransferMiddleware',
 'scrapy.downloadermiddlewares.stats.DownloaderStats']
2016-08-09 17:23:18 [scrapy] INFO: Enabled spider middlewares:
['scrapy.spidermiddlewares.httperror.HttpErrorMiddleware',
 'scrapy.spidermiddlewares.offsite.OffsiteMiddleware',
 'scrapy.spidermiddlewares.referer.RefererMiddleware',
 'scrapy.spidermiddlewares.urllength.UrlLengthMiddleware',
 'scrapy.spidermiddlewares.depth.DepthMiddleware']
2016-08-09 17:23:18 [scrapy] INFO: Enabled item pipelines:
[]
2016-08-09 17:23:18 [scrapy] INFO: Spider opened
2016-08-09 17:23:18 [scrapy] INFO: Crawled 0 pages (at 0 pages/min), scraped 0 items (at 0 items/min)
2016-08-09 17:23:18 [scrapy] DEBUG: Telnet console listening on 127.0.0.1:6023
2016-08-09 17:23:18 [scrapy] DEBUG: Crawled (200) <GET http://quotes.money.163.com/robots.txt> (referer: None)
2016-08-09 17:23:18 [scrapy] DEBUG: Crawled (200) <GET http://quotes.money.163.com/usstock/JD_news.html?page=0> (referer: None)
2016-08-09 17:23:18 [scrapy] DEBUG: Crawled (200) <GET http://quotes.money.163.com/hkstock/00323.html> (referer: None)
2016-08-09 17:23:18 [scrapy] INFO: Closing spider (finished)
2016-08-09 17:23:18 [scrapy] INFO: Dumping Scrapy stats:
{'downloader/request_bytes': 721,
 'downloader/request_count': 3,
 'downloader/request_method_count/GET': 3,
 'downloader/response_bytes': 34139,
 'downloader/response_count': 3,
 'downloader/response_status_count/200': 3,
 'finish_reason': 'finished',
 'finish_time': datetime.datetime(2016, 8, 9, 9, 23, 18, 867691),
 'log_count/DEBUG': 4,
 'log_count/INFO': 7,
 'response_received_count': 3,
 'scheduler/dequeued': 2,
 'scheduler/dequeued/memory': 2,
 'scheduler/enqueued': 2,
 'scheduler/enqueued/memory': 2,
 'start_time': datetime.datetime(2016, 8, 9, 9, 23, 18, 660177)}
2016-08-09 17:23:18 [scrapy] INFO: Spider closed (finished)
2016-08-09 17:24:07 [scrapy] INFO: Scrapy 1.2.0dev2 started (bot: wangyi_stock_news_us)
2016-08-09 17:24:07 [scrapy] INFO: Overridden settings: {'NEWSPIDER_MODULE': 'wangyi_stock_news_us.spiders', 'ROBOTSTXT_OBEY': True, 'SPIDER_MODULES': ['wangyi_stock_news_us.spiders'], 'LOG_FILE': 'logs.log', 'BOT_NAME': 'wangyi_stock_news_us'}
2016-08-09 17:24:07 [scrapy] INFO: Enabled extensions:
['scrapy.extensions.logstats.LogStats',
 'scrapy.extensions.telnet.TelnetConsole',
 'scrapy.extensions.corestats.CoreStats']
2016-08-09 17:24:07 [scrapy] INFO: Enabled downloader middlewares:
['scrapy.downloadermiddlewares.robotstxt.RobotsTxtMiddleware',
 'scrapy.downloadermiddlewares.httpauth.HttpAuthMiddleware',
 'scrapy.downloadermiddlewares.downloadtimeout.DownloadTimeoutMiddleware',
 'scrapy.downloadermiddlewares.defaultheaders.DefaultHeadersMiddleware',
 'scrapy.downloadermiddlewares.useragent.UserAgentMiddleware',
 'scrapy.downloadermiddlewares.retry.RetryMiddleware',
 'scrapy.downloadermiddlewares.redirect.MetaRefreshMiddleware',
 'scrapy.downloadermiddlewares.httpcompression.HttpCompressionMiddleware',
 'scrapy.downloadermiddlewares.redirect.RedirectMiddleware',
 'scrapy.downloadermiddlewares.cookies.CookiesMiddleware',
 'scrapy.downloadermiddlewares.chunked.ChunkedTransferMiddleware',
 'scrapy.downloadermiddlewares.stats.DownloaderStats']
2016-08-09 17:24:07 [scrapy] INFO: Enabled spider middlewares:
['scrapy.spidermiddlewares.httperror.HttpErrorMiddleware',
 'scrapy.spidermiddlewares.offsite.OffsiteMiddleware',
 'scrapy.spidermiddlewares.referer.RefererMiddleware',
 'scrapy.spidermiddlewares.urllength.UrlLengthMiddleware',
 'scrapy.spidermiddlewares.depth.DepthMiddleware']
2016-08-09 17:24:07 [scrapy] INFO: Enabled item pipelines:
[]
2016-08-09 17:24:07 [scrapy] INFO: Spider opened
2016-08-09 17:24:07 [scrapy] INFO: Crawled 0 pages (at 0 pages/min), scraped 0 items (at 0 items/min)
2016-08-09 17:24:07 [scrapy] DEBUG: Telnet console listening on 127.0.0.1:6023
2016-08-09 17:24:07 [scrapy] DEBUG: Crawled (200) <GET http://quotes.money.163.com/robots.txt> (referer: None)
2016-08-09 17:24:07 [scrapy] DEBUG: Crawled (200) <GET http://quotes.money.163.com/hkstock/00323.html> (referer: None)
2016-08-09 17:24:07 [scrapy] DEBUG: Crawled (200) <GET http://quotes.money.163.com/usstock/JD_news.html?page=0> (referer: None)
2016-08-09 17:24:07 [scrapy] INFO: Closing spider (finished)
2016-08-09 17:24:07 [scrapy] INFO: Dumping Scrapy stats:
{'downloader/request_bytes': 721,
 'downloader/request_count': 3,
 'downloader/request_method_count/GET': 3,
 'downloader/response_bytes': 34178,
 'downloader/response_count': 3,
 'downloader/response_status_count/200': 3,
 'finish_reason': 'finished',
 'finish_time': datetime.datetime(2016, 8, 9, 9, 24, 7, 389328),
 'log_count/DEBUG': 4,
 'log_count/INFO': 7,
 'response_received_count': 3,
 'scheduler/dequeued': 2,
 'scheduler/dequeued/memory': 2,
 'scheduler/enqueued': 2,
 'scheduler/enqueued/memory': 2,
 'start_time': datetime.datetime(2016, 8, 9, 9, 24, 7, 197710)}
2016-08-09 17:24:07 [scrapy] INFO: Spider closed (finished)
2016-08-09 17:24:34 [scrapy] INFO: Scrapy 1.2.0dev2 started (bot: wangyi_stock_news_us)
2016-08-09 17:24:34 [scrapy] INFO: Overridden settings: {'NEWSPIDER_MODULE': 'wangyi_stock_news_us.spiders', 'ROBOTSTXT_OBEY': True, 'SPIDER_MODULES': ['wangyi_stock_news_us.spiders'], 'LOG_FILE': 'logs.log', 'BOT_NAME': 'wangyi_stock_news_us'}
2016-08-09 17:24:34 [scrapy] INFO: Enabled extensions:
['scrapy.extensions.logstats.LogStats',
 'scrapy.extensions.telnet.TelnetConsole',
 'scrapy.extensions.corestats.CoreStats']
2016-08-09 17:24:34 [scrapy] INFO: Enabled downloader middlewares:
['scrapy.downloadermiddlewares.robotstxt.RobotsTxtMiddleware',
 'scrapy.downloadermiddlewares.httpauth.HttpAuthMiddleware',
 'scrapy.downloadermiddlewares.downloadtimeout.DownloadTimeoutMiddleware',
 'scrapy.downloadermiddlewares.defaultheaders.DefaultHeadersMiddleware',
 'scrapy.downloadermiddlewares.useragent.UserAgentMiddleware',
 'scrapy.downloadermiddlewares.retry.RetryMiddleware',
 'scrapy.downloadermiddlewares.redirect.MetaRefreshMiddleware',
 'scrapy.downloadermiddlewares.httpcompression.HttpCompressionMiddleware',
 'scrapy.downloadermiddlewares.redirect.RedirectMiddleware',
 'scrapy.downloadermiddlewares.cookies.CookiesMiddleware',
 'scrapy.downloadermiddlewares.chunked.ChunkedTransferMiddleware',
 'scrapy.downloadermiddlewares.stats.DownloaderStats']
2016-08-09 17:24:34 [scrapy] INFO: Enabled spider middlewares:
['scrapy.spidermiddlewares.httperror.HttpErrorMiddleware',
 'scrapy.spidermiddlewares.offsite.OffsiteMiddleware',
 'scrapy.spidermiddlewares.referer.RefererMiddleware',
 'scrapy.spidermiddlewares.urllength.UrlLengthMiddleware',
 'scrapy.spidermiddlewares.depth.DepthMiddleware']
2016-08-09 17:24:34 [scrapy] INFO: Enabled item pipelines:
[]
2016-08-09 17:24:34 [scrapy] INFO: Spider opened
2016-08-09 17:24:34 [scrapy] INFO: Crawled 0 pages (at 0 pages/min), scraped 0 items (at 0 items/min)
2016-08-09 17:24:34 [scrapy] DEBUG: Telnet console listening on 127.0.0.1:6023
2016-08-09 17:24:34 [scrapy] DEBUG: Crawled (200) <GET http://quotes.money.163.com/robots.txt> (referer: None)
2016-08-09 17:24:34 [scrapy] DEBUG: Crawled (200) <GET http://quotes.money.163.com/usstock/JD_news.html?page=0> (referer: None)
2016-08-09 17:24:34 [scrapy] DEBUG: Crawled (200) <GET http://quotes.money.163.com/hkstock/00323.html> (referer: None)
2016-08-09 17:24:34 [scrapy] INFO: Closing spider (finished)
2016-08-09 17:24:34 [scrapy] INFO: Dumping Scrapy stats:
{'downloader/request_bytes': 721,
 'downloader/request_count': 3,
 'downloader/request_method_count/GET': 3,
 'downloader/response_bytes': 34138,
 'downloader/response_count': 3,
 'downloader/response_status_count/200': 3,
 'finish_reason': 'finished',
 'finish_time': datetime.datetime(2016, 8, 9, 9, 24, 34, 913345),
 'log_count/DEBUG': 4,
 'log_count/INFO': 7,
 'response_received_count': 3,
 'scheduler/dequeued': 2,
 'scheduler/dequeued/memory': 2,
 'scheduler/enqueued': 2,
 'scheduler/enqueued/memory': 2,
 'start_time': datetime.datetime(2016, 8, 9, 9, 24, 34, 722311)}
2016-08-09 17:24:34 [scrapy] INFO: Spider closed (finished)
2016-08-09 17:25:03 [scrapy] INFO: Scrapy 1.2.0dev2 started (bot: wangyi_stock_news_us)
2016-08-09 17:25:03 [scrapy] INFO: Overridden settings: {'NEWSPIDER_MODULE': 'wangyi_stock_news_us.spiders', 'ROBOTSTXT_OBEY': True, 'SPIDER_MODULES': ['wangyi_stock_news_us.spiders'], 'LOG_FILE': 'logs.log', 'BOT_NAME': 'wangyi_stock_news_us'}
2016-08-09 17:25:04 [scrapy] INFO: Enabled extensions:
['scrapy.extensions.logstats.LogStats',
 'scrapy.extensions.telnet.TelnetConsole',
 'scrapy.extensions.corestats.CoreStats']
2016-08-09 17:25:04 [scrapy] INFO: Enabled downloader middlewares:
['scrapy.downloadermiddlewares.robotstxt.RobotsTxtMiddleware',
 'scrapy.downloadermiddlewares.httpauth.HttpAuthMiddleware',
 'scrapy.downloadermiddlewares.downloadtimeout.DownloadTimeoutMiddleware',
 'scrapy.downloadermiddlewares.defaultheaders.DefaultHeadersMiddleware',
 'scrapy.downloadermiddlewares.useragent.UserAgentMiddleware',
 'scrapy.downloadermiddlewares.retry.RetryMiddleware',
 'scrapy.downloadermiddlewares.redirect.MetaRefreshMiddleware',
 'scrapy.downloadermiddlewares.httpcompression.HttpCompressionMiddleware',
 'scrapy.downloadermiddlewares.redirect.RedirectMiddleware',
 'scrapy.downloadermiddlewares.cookies.CookiesMiddleware',
 'scrapy.downloadermiddlewares.chunked.ChunkedTransferMiddleware',
 'scrapy.downloadermiddlewares.stats.DownloaderStats']
2016-08-09 17:25:04 [scrapy] INFO: Enabled spider middlewares:
['scrapy.spidermiddlewares.httperror.HttpErrorMiddleware',
 'scrapy.spidermiddlewares.offsite.OffsiteMiddleware',
 'scrapy.spidermiddlewares.referer.RefererMiddleware',
 'scrapy.spidermiddlewares.urllength.UrlLengthMiddleware',
 'scrapy.spidermiddlewares.depth.DepthMiddleware']
2016-08-09 17:25:04 [scrapy] INFO: Enabled item pipelines:
[]
2016-08-09 17:25:04 [scrapy] INFO: Spider opened
2016-08-09 17:25:04 [scrapy] INFO: Crawled 0 pages (at 0 pages/min), scraped 0 items (at 0 items/min)
2016-08-09 17:25:04 [scrapy] DEBUG: Telnet console listening on 127.0.0.1:6023
2016-08-09 17:25:04 [scrapy] DEBUG: Crawled (200) <GET http://quotes.money.163.com/robots.txt> (referer: None)
2016-08-09 17:25:04 [scrapy] DEBUG: Crawled (200) <GET http://quotes.money.163.com/usstock/JD_news.html?page=0> (referer: None)
2016-08-09 17:25:04 [scrapy] DEBUG: Crawled (200) <GET http://quotes.money.163.com/hkstock/00323.html> (referer: None)
2016-08-09 17:25:04 [scrapy] INFO: Closing spider (finished)
2016-08-09 17:25:04 [scrapy] INFO: Dumping Scrapy stats:
{'downloader/request_bytes': 721,
 'downloader/request_count': 3,
 'downloader/request_method_count/GET': 3,
 'downloader/response_bytes': 34141,
 'downloader/response_count': 3,
 'downloader/response_status_count/200': 3,
 'finish_reason': 'finished',
 'finish_time': datetime.datetime(2016, 8, 9, 9, 25, 4, 396534),
 'log_count/DEBUG': 4,
 'log_count/INFO': 7,
 'response_received_count': 3,
 'scheduler/dequeued': 2,
 'scheduler/dequeued/memory': 2,
 'scheduler/enqueued': 2,
 'scheduler/enqueued/memory': 2,
 'start_time': datetime.datetime(2016, 8, 9, 9, 25, 4, 100053)}
2016-08-09 17:25:04 [scrapy] INFO: Spider closed (finished)
2016-08-09 17:25:24 [scrapy] INFO: Scrapy 1.2.0dev2 started (bot: wangyi_stock_news_us)
2016-08-09 17:25:24 [scrapy] INFO: Overridden settings: {'NEWSPIDER_MODULE': 'wangyi_stock_news_us.spiders', 'ROBOTSTXT_OBEY': True, 'SPIDER_MODULES': ['wangyi_stock_news_us.spiders'], 'LOG_FILE': 'logs.log', 'BOT_NAME': 'wangyi_stock_news_us'}
2016-08-09 17:25:24 [scrapy] INFO: Enabled extensions:
['scrapy.extensions.logstats.LogStats',
 'scrapy.extensions.telnet.TelnetConsole',
 'scrapy.extensions.corestats.CoreStats']
2016-08-09 17:25:24 [scrapy] INFO: Enabled downloader middlewares:
['scrapy.downloadermiddlewares.robotstxt.RobotsTxtMiddleware',
 'scrapy.downloadermiddlewares.httpauth.HttpAuthMiddleware',
 'scrapy.downloadermiddlewares.downloadtimeout.DownloadTimeoutMiddleware',
 'scrapy.downloadermiddlewares.defaultheaders.DefaultHeadersMiddleware',
 'scrapy.downloadermiddlewares.useragent.UserAgentMiddleware',
 'scrapy.downloadermiddlewares.retry.RetryMiddleware',
 'scrapy.downloadermiddlewares.redirect.MetaRefreshMiddleware',
 'scrapy.downloadermiddlewares.httpcompression.HttpCompressionMiddleware',
 'scrapy.downloadermiddlewares.redirect.RedirectMiddleware',
 'scrapy.downloadermiddlewares.cookies.CookiesMiddleware',
 'scrapy.downloadermiddlewares.chunked.ChunkedTransferMiddleware',
 'scrapy.downloadermiddlewares.stats.DownloaderStats']
2016-08-09 17:25:24 [scrapy] INFO: Enabled spider middlewares:
['scrapy.spidermiddlewares.httperror.HttpErrorMiddleware',
 'scrapy.spidermiddlewares.offsite.OffsiteMiddleware',
 'scrapy.spidermiddlewares.referer.RefererMiddleware',
 'scrapy.spidermiddlewares.urllength.UrlLengthMiddleware',
 'scrapy.spidermiddlewares.depth.DepthMiddleware']
2016-08-09 17:25:24 [scrapy] INFO: Enabled item pipelines:
[]
2016-08-09 17:25:24 [scrapy] INFO: Spider opened
2016-08-09 17:25:24 [scrapy] INFO: Crawled 0 pages (at 0 pages/min), scraped 0 items (at 0 items/min)
2016-08-09 17:25:24 [scrapy] DEBUG: Telnet console listening on 127.0.0.1:6023
2016-08-09 17:25:24 [scrapy] DEBUG: Crawled (200) <GET http://quotes.money.163.com/robots.txt> (referer: None)
2016-08-09 17:25:24 [scrapy] DEBUG: Crawled (200) <GET http://quotes.money.163.com/usstock/JD_news.html?page=0> (referer: None)
2016-08-09 17:25:24 [scrapy] DEBUG: Crawled (200) <GET http://quotes.money.163.com/hkstock/00323.html> (referer: None)
2016-08-09 17:25:24 [scrapy] INFO: Closing spider (finished)
2016-08-09 17:25:24 [scrapy] INFO: Dumping Scrapy stats:
{'downloader/request_bytes': 721,
 'downloader/request_count': 3,
 'downloader/request_method_count/GET': 3,
 'downloader/response_bytes': 34142,
 'downloader/response_count': 3,
 'downloader/response_status_count/200': 3,
 'finish_reason': 'finished',
 'finish_time': datetime.datetime(2016, 8, 9, 9, 25, 24, 543400),
 'log_count/DEBUG': 4,
 'log_count/INFO': 7,
 'response_received_count': 3,
 'scheduler/dequeued': 2,
 'scheduler/dequeued/memory': 2,
 'scheduler/enqueued': 2,
 'scheduler/enqueued/memory': 2,
 'start_time': datetime.datetime(2016, 8, 9, 9, 25, 24, 120098)}
2016-08-09 17:25:24 [scrapy] INFO: Spider closed (finished)
2016-08-09 17:25:39 [scrapy] INFO: Scrapy 1.2.0dev2 started (bot: wangyi_stock_news_us)
2016-08-09 17:25:39 [scrapy] INFO: Overridden settings: {'NEWSPIDER_MODULE': 'wangyi_stock_news_us.spiders', 'ROBOTSTXT_OBEY': True, 'SPIDER_MODULES': ['wangyi_stock_news_us.spiders'], 'LOG_FILE': 'logs.log', 'BOT_NAME': 'wangyi_stock_news_us'}
2016-08-09 17:25:39 [scrapy] INFO: Enabled extensions:
['scrapy.extensions.logstats.LogStats',
 'scrapy.extensions.telnet.TelnetConsole',
 'scrapy.extensions.corestats.CoreStats']
2016-08-09 17:25:39 [scrapy] INFO: Enabled downloader middlewares:
['scrapy.downloadermiddlewares.robotstxt.RobotsTxtMiddleware',
 'scrapy.downloadermiddlewares.httpauth.HttpAuthMiddleware',
 'scrapy.downloadermiddlewares.downloadtimeout.DownloadTimeoutMiddleware',
 'scrapy.downloadermiddlewares.defaultheaders.DefaultHeadersMiddleware',
 'scrapy.downloadermiddlewares.useragent.UserAgentMiddleware',
 'scrapy.downloadermiddlewares.retry.RetryMiddleware',
 'scrapy.downloadermiddlewares.redirect.MetaRefreshMiddleware',
 'scrapy.downloadermiddlewares.httpcompression.HttpCompressionMiddleware',
 'scrapy.downloadermiddlewares.redirect.RedirectMiddleware',
 'scrapy.downloadermiddlewares.cookies.CookiesMiddleware',
 'scrapy.downloadermiddlewares.chunked.ChunkedTransferMiddleware',
 'scrapy.downloadermiddlewares.stats.DownloaderStats']
2016-08-09 17:25:39 [scrapy] INFO: Enabled spider middlewares:
['scrapy.spidermiddlewares.httperror.HttpErrorMiddleware',
 'scrapy.spidermiddlewares.offsite.OffsiteMiddleware',
 'scrapy.spidermiddlewares.referer.RefererMiddleware',
 'scrapy.spidermiddlewares.urllength.UrlLengthMiddleware',
 'scrapy.spidermiddlewares.depth.DepthMiddleware']
2016-08-09 17:25:39 [scrapy] INFO: Enabled item pipelines:
[]
2016-08-09 17:25:39 [scrapy] INFO: Spider opened
2016-08-09 17:25:39 [scrapy] INFO: Crawled 0 pages (at 0 pages/min), scraped 0 items (at 0 items/min)
2016-08-09 17:25:39 [scrapy] DEBUG: Telnet console listening on 127.0.0.1:6023
2016-08-09 17:25:39 [scrapy] DEBUG: Crawled (200) <GET http://quotes.money.163.com/robots.txt> (referer: None)
2016-08-09 17:25:39 [scrapy] DEBUG: Crawled (200) <GET http://quotes.money.163.com/usstock/JD_news.html?page=0> (referer: None)
2016-08-09 17:25:39 [scrapy] DEBUG: Crawled (200) <GET http://quotes.money.163.com/hkstock/00323.html> (referer: None)
2016-08-09 17:25:39 [scrapy] INFO: Closing spider (finished)
2016-08-09 17:25:39 [scrapy] INFO: Dumping Scrapy stats:
{'downloader/request_bytes': 721,
 'downloader/request_count': 3,
 'downloader/request_method_count/GET': 3,
 'downloader/response_bytes': 34157,
 'downloader/response_count': 3,
 'downloader/response_status_count/200': 3,
 'finish_reason': 'finished',
 'finish_time': datetime.datetime(2016, 8, 9, 9, 25, 39, 959287),
 'log_count/DEBUG': 4,
 'log_count/INFO': 7,
 'response_received_count': 3,
 'scheduler/dequeued': 2,
 'scheduler/dequeued/memory': 2,
 'scheduler/enqueued': 2,
 'scheduler/enqueued/memory': 2,
 'start_time': datetime.datetime(2016, 8, 9, 9, 25, 39, 746596)}
2016-08-09 17:25:39 [scrapy] INFO: Spider closed (finished)
2016-08-09 17:34:32 [scrapy] INFO: Scrapy 1.2.0dev2 started (bot: wangyi_stock_news_us)
2016-08-09 17:34:32 [scrapy] INFO: Overridden settings: {'NEWSPIDER_MODULE': 'wangyi_stock_news_us.spiders', 'ROBOTSTXT_OBEY': True, 'SPIDER_MODULES': ['wangyi_stock_news_us.spiders'], 'LOG_FILE': 'logs.log', 'BOT_NAME': 'wangyi_stock_news_us'}
2016-08-09 17:34:32 [scrapy] INFO: Enabled extensions:
['scrapy.extensions.logstats.LogStats',
 'scrapy.extensions.telnet.TelnetConsole',
 'scrapy.extensions.corestats.CoreStats']
2016-08-09 17:34:32 [scrapy] INFO: Enabled downloader middlewares:
['scrapy.downloadermiddlewares.robotstxt.RobotsTxtMiddleware',
 'scrapy.downloadermiddlewares.httpauth.HttpAuthMiddleware',
 'scrapy.downloadermiddlewares.downloadtimeout.DownloadTimeoutMiddleware',
 'scrapy.downloadermiddlewares.defaultheaders.DefaultHeadersMiddleware',
 'scrapy.downloadermiddlewares.useragent.UserAgentMiddleware',
 'scrapy.downloadermiddlewares.retry.RetryMiddleware',
 'scrapy.downloadermiddlewares.redirect.MetaRefreshMiddleware',
 'scrapy.downloadermiddlewares.httpcompression.HttpCompressionMiddleware',
 'scrapy.downloadermiddlewares.redirect.RedirectMiddleware',
 'scrapy.downloadermiddlewares.cookies.CookiesMiddleware',
 'scrapy.downloadermiddlewares.chunked.ChunkedTransferMiddleware',
 'scrapy.downloadermiddlewares.stats.DownloaderStats']
2016-08-09 17:34:32 [scrapy] INFO: Enabled spider middlewares:
['scrapy.spidermiddlewares.httperror.HttpErrorMiddleware',
 'scrapy.spidermiddlewares.offsite.OffsiteMiddleware',
 'scrapy.spidermiddlewares.referer.RefererMiddleware',
 'scrapy.spidermiddlewares.urllength.UrlLengthMiddleware',
 'scrapy.spidermiddlewares.depth.DepthMiddleware']
2016-08-09 17:34:32 [scrapy] INFO: Enabled item pipelines:
[]
2016-08-09 17:34:32 [scrapy] INFO: Spider opened
2016-08-09 17:34:32 [scrapy] INFO: Crawled 0 pages (at 0 pages/min), scraped 0 items (at 0 items/min)
2016-08-09 17:34:32 [scrapy] DEBUG: Telnet console listening on 127.0.0.1:6023
2016-08-09 17:34:32 [scrapy] DEBUG: Crawled (200) <GET http://quotes.money.163.com/robots.txt> (referer: None)
2016-08-09 17:34:33 [scrapy] DEBUG: Crawled (200) <GET http://quotes.money.163.com/usstock/JD_news.html?page=0> (referer: None)
2016-08-09 17:34:33 [scrapy] DEBUG: Crawled (200) <GET http://quotes.money.163.com/hkstock/00323.html> (referer: None)
2016-08-09 17:34:33 [scrapy] INFO: Closing spider (finished)
2016-08-09 17:34:33 [scrapy] INFO: Dumping Scrapy stats:
{'downloader/request_bytes': 721,
 'downloader/request_count': 3,
 'downloader/request_method_count/GET': 3,
 'downloader/response_bytes': 34151,
 'downloader/response_count': 3,
 'downloader/response_status_count/200': 3,
 'finish_reason': 'finished',
 'finish_time': datetime.datetime(2016, 8, 9, 9, 34, 33, 705150),
 'log_count/DEBUG': 4,
 'log_count/INFO': 7,
 'response_received_count': 3,
 'scheduler/dequeued': 2,
 'scheduler/dequeued/memory': 2,
 'scheduler/enqueued': 2,
 'scheduler/enqueued/memory': 2,
 'start_time': datetime.datetime(2016, 8, 9, 9, 34, 32, 829512)}
2016-08-09 17:34:33 [scrapy] INFO: Spider closed (finished)
2016-08-09 17:35:31 [scrapy] INFO: Scrapy 1.2.0dev2 started (bot: wangyi_stock_news_us)
2016-08-09 17:35:31 [scrapy] INFO: Overridden settings: {'NEWSPIDER_MODULE': 'wangyi_stock_news_us.spiders', 'ROBOTSTXT_OBEY': True, 'SPIDER_MODULES': ['wangyi_stock_news_us.spiders'], 'LOG_FILE': 'logs.log', 'BOT_NAME': 'wangyi_stock_news_us'}
2016-08-09 17:35:31 [scrapy] INFO: Enabled extensions:
['scrapy.extensions.logstats.LogStats',
 'scrapy.extensions.telnet.TelnetConsole',
 'scrapy.extensions.corestats.CoreStats']
2016-08-09 17:35:31 [scrapy] INFO: Enabled downloader middlewares:
['scrapy.downloadermiddlewares.robotstxt.RobotsTxtMiddleware',
 'scrapy.downloadermiddlewares.httpauth.HttpAuthMiddleware',
 'scrapy.downloadermiddlewares.downloadtimeout.DownloadTimeoutMiddleware',
 'scrapy.downloadermiddlewares.defaultheaders.DefaultHeadersMiddleware',
 'scrapy.downloadermiddlewares.useragent.UserAgentMiddleware',
 'scrapy.downloadermiddlewares.retry.RetryMiddleware',
 'scrapy.downloadermiddlewares.redirect.MetaRefreshMiddleware',
 'scrapy.downloadermiddlewares.httpcompression.HttpCompressionMiddleware',
 'scrapy.downloadermiddlewares.redirect.RedirectMiddleware',
 'scrapy.downloadermiddlewares.cookies.CookiesMiddleware',
 'scrapy.downloadermiddlewares.chunked.ChunkedTransferMiddleware',
 'scrapy.downloadermiddlewares.stats.DownloaderStats']
2016-08-09 17:35:31 [scrapy] INFO: Enabled spider middlewares:
['scrapy.spidermiddlewares.httperror.HttpErrorMiddleware',
 'scrapy.spidermiddlewares.offsite.OffsiteMiddleware',
 'scrapy.spidermiddlewares.referer.RefererMiddleware',
 'scrapy.spidermiddlewares.urllength.UrlLengthMiddleware',
 'scrapy.spidermiddlewares.depth.DepthMiddleware']
2016-08-09 17:35:31 [scrapy] INFO: Enabled item pipelines:
[]
2016-08-09 17:35:31 [scrapy] INFO: Spider opened
2016-08-09 17:35:31 [scrapy] INFO: Crawled 0 pages (at 0 pages/min), scraped 0 items (at 0 items/min)
2016-08-09 17:35:31 [scrapy] DEBUG: Telnet console listening on 127.0.0.1:6023
2016-08-09 17:35:31 [scrapy] DEBUG: Crawled (200) <GET http://money.163.com/robots.txt> (referer: None)
2016-08-09 17:35:31 [scrapy] DEBUG: Crawled (200) <GET http://money.163.com/16/0809/15/BU1M77D500254TI5.html> (referer: None)
2016-08-09 17:35:32 [scrapy] INFO: Closing spider (finished)
2016-08-09 17:35:32 [scrapy] INFO: Dumping Scrapy stats:
{'downloader/request_bytes': 472,
 'downloader/request_count': 2,
 'downloader/request_method_count/GET': 2,
 'downloader/response_bytes': 40379,
 'downloader/response_count': 2,
 'downloader/response_status_count/200': 2,
 'finish_reason': 'finished',
 'finish_time': datetime.datetime(2016, 8, 9, 9, 35, 32, 36434),
 'log_count/DEBUG': 3,
 'log_count/INFO': 7,
 'response_received_count': 2,
 'scheduler/dequeued': 1,
 'scheduler/dequeued/memory': 1,
 'scheduler/enqueued': 1,
 'scheduler/enqueued/memory': 1,
 'start_time': datetime.datetime(2016, 8, 9, 9, 35, 31, 527964)}
2016-08-09 17:35:32 [scrapy] INFO: Spider closed (finished)
2016-08-09 17:36:50 [scrapy] INFO: Scrapy 1.2.0dev2 started (bot: wangyi_stock_news_us)
2016-08-09 17:36:50 [scrapy] INFO: Overridden settings: {'NEWSPIDER_MODULE': 'wangyi_stock_news_us.spiders', 'ROBOTSTXT_OBEY': True, 'SPIDER_MODULES': ['wangyi_stock_news_us.spiders'], 'LOG_FILE': 'logs.log', 'BOT_NAME': 'wangyi_stock_news_us'}
2016-08-09 17:36:51 [scrapy] INFO: Enabled extensions:
['scrapy.extensions.logstats.LogStats',
 'scrapy.extensions.telnet.TelnetConsole',
 'scrapy.extensions.corestats.CoreStats']
2016-08-09 17:36:51 [scrapy] INFO: Enabled downloader middlewares:
['scrapy.downloadermiddlewares.robotstxt.RobotsTxtMiddleware',
 'scrapy.downloadermiddlewares.httpauth.HttpAuthMiddleware',
 'scrapy.downloadermiddlewares.downloadtimeout.DownloadTimeoutMiddleware',
 'scrapy.downloadermiddlewares.defaultheaders.DefaultHeadersMiddleware',
 'scrapy.downloadermiddlewares.useragent.UserAgentMiddleware',
 'scrapy.downloadermiddlewares.retry.RetryMiddleware',
 'scrapy.downloadermiddlewares.redirect.MetaRefreshMiddleware',
 'scrapy.downloadermiddlewares.httpcompression.HttpCompressionMiddleware',
 'scrapy.downloadermiddlewares.redirect.RedirectMiddleware',
 'scrapy.downloadermiddlewares.cookies.CookiesMiddleware',
 'scrapy.downloadermiddlewares.chunked.ChunkedTransferMiddleware',
 'scrapy.downloadermiddlewares.stats.DownloaderStats']
2016-08-09 17:36:51 [scrapy] INFO: Enabled spider middlewares:
['scrapy.spidermiddlewares.httperror.HttpErrorMiddleware',
 'scrapy.spidermiddlewares.offsite.OffsiteMiddleware',
 'scrapy.spidermiddlewares.referer.RefererMiddleware',
 'scrapy.spidermiddlewares.urllength.UrlLengthMiddleware',
 'scrapy.spidermiddlewares.depth.DepthMiddleware']
2016-08-09 17:36:51 [scrapy] INFO: Enabled item pipelines:
[]
2016-08-09 17:36:51 [scrapy] INFO: Spider opened
2016-08-09 17:36:51 [scrapy] INFO: Crawled 0 pages (at 0 pages/min), scraped 0 items (at 0 items/min)
2016-08-09 17:36:51 [scrapy] DEBUG: Telnet console listening on 127.0.0.1:6023
2016-08-09 17:36:51 [scrapy] DEBUG: Crawled (200) <GET http://money.163.com/robots.txt> (referer: None)
2016-08-09 17:36:51 [scrapy] DEBUG: Crawled (200) <GET http://money.163.com/16/0809/15/BU1M77D500254TI5.html> (referer: None)
2016-08-09 17:36:51 [scrapy] INFO: Closing spider (finished)
2016-08-09 17:36:51 [scrapy] INFO: Dumping Scrapy stats:
{'downloader/request_bytes': 472,
 'downloader/request_count': 2,
 'downloader/request_method_count/GET': 2,
 'downloader/response_bytes': 40396,
 'downloader/response_count': 2,
 'downloader/response_status_count/200': 2,
 'finish_reason': 'finished',
 'finish_time': datetime.datetime(2016, 8, 9, 9, 36, 51, 607522),
 'log_count/DEBUG': 3,
 'log_count/INFO': 7,
 'response_received_count': 2,
 'scheduler/dequeued': 1,
 'scheduler/dequeued/memory': 1,
 'scheduler/enqueued': 1,
 'scheduler/enqueued/memory': 1,
 'start_time': datetime.datetime(2016, 8, 9, 9, 36, 51, 64529)}
2016-08-09 17:36:51 [scrapy] INFO: Spider closed (finished)
2016-08-09 17:37:57 [scrapy] INFO: Scrapy 1.2.0dev2 started (bot: wangyi_stock_news_us)
2016-08-09 17:37:57 [scrapy] INFO: Overridden settings: {'NEWSPIDER_MODULE': 'wangyi_stock_news_us.spiders', 'ROBOTSTXT_OBEY': True, 'SPIDER_MODULES': ['wangyi_stock_news_us.spiders'], 'LOG_FILE': 'logs.log', 'BOT_NAME': 'wangyi_stock_news_us'}
2016-08-09 17:37:57 [scrapy] INFO: Enabled extensions:
['scrapy.extensions.logstats.LogStats',
 'scrapy.extensions.telnet.TelnetConsole',
 'scrapy.extensions.corestats.CoreStats']
2016-08-09 17:37:57 [scrapy] INFO: Enabled downloader middlewares:
['scrapy.downloadermiddlewares.robotstxt.RobotsTxtMiddleware',
 'scrapy.downloadermiddlewares.httpauth.HttpAuthMiddleware',
 'scrapy.downloadermiddlewares.downloadtimeout.DownloadTimeoutMiddleware',
 'scrapy.downloadermiddlewares.defaultheaders.DefaultHeadersMiddleware',
 'scrapy.downloadermiddlewares.useragent.UserAgentMiddleware',
 'scrapy.downloadermiddlewares.retry.RetryMiddleware',
 'scrapy.downloadermiddlewares.redirect.MetaRefreshMiddleware',
 'scrapy.downloadermiddlewares.httpcompression.HttpCompressionMiddleware',
 'scrapy.downloadermiddlewares.redirect.RedirectMiddleware',
 'scrapy.downloadermiddlewares.cookies.CookiesMiddleware',
 'scrapy.downloadermiddlewares.chunked.ChunkedTransferMiddleware',
 'scrapy.downloadermiddlewares.stats.DownloaderStats']
2016-08-09 17:37:57 [scrapy] INFO: Enabled spider middlewares:
['scrapy.spidermiddlewares.httperror.HttpErrorMiddleware',
 'scrapy.spidermiddlewares.offsite.OffsiteMiddleware',
 'scrapy.spidermiddlewares.referer.RefererMiddleware',
 'scrapy.spidermiddlewares.urllength.UrlLengthMiddleware',
 'scrapy.spidermiddlewares.depth.DepthMiddleware']
2016-08-09 17:37:57 [scrapy] INFO: Enabled item pipelines:
[]
2016-08-09 17:37:57 [scrapy] INFO: Spider opened
2016-08-09 17:37:57 [scrapy] INFO: Crawled 0 pages (at 0 pages/min), scraped 0 items (at 0 items/min)
2016-08-09 17:37:57 [scrapy] DEBUG: Telnet console listening on 127.0.0.1:6023
2016-08-09 17:37:58 [scrapy] DEBUG: Crawled (200) <GET http://money.163.com/robots.txt> (referer: None)
2016-08-09 17:37:58 [scrapy] DEBUG: Crawled (200) <GET http://money.163.com/16/0809/15/BU1M77D500254TI5.html> (referer: None)
2016-08-09 17:37:58 [scrapy] INFO: Closing spider (finished)
2016-08-09 17:37:58 [scrapy] INFO: Dumping Scrapy stats:
{'downloader/request_bytes': 472,
 'downloader/request_count': 2,
 'downloader/request_method_count/GET': 2,
 'downloader/response_bytes': 40380,
 'downloader/response_count': 2,
 'downloader/response_status_count/200': 2,
 'finish_reason': 'finished',
 'finish_time': datetime.datetime(2016, 8, 9, 9, 37, 58, 310650),
 'log_count/DEBUG': 3,
 'log_count/INFO': 7,
 'response_received_count': 2,
 'scheduler/dequeued': 1,
 'scheduler/dequeued/memory': 1,
 'scheduler/enqueued': 1,
 'scheduler/enqueued/memory': 1,
 'start_time': datetime.datetime(2016, 8, 9, 9, 37, 57, 880554)}
2016-08-09 17:37:58 [scrapy] INFO: Spider closed (finished)
2016-08-09 17:38:22 [scrapy] INFO: Scrapy 1.2.0dev2 started (bot: wangyi_stock_news_us)
2016-08-09 17:38:22 [scrapy] INFO: Overridden settings: {'NEWSPIDER_MODULE': 'wangyi_stock_news_us.spiders', 'ROBOTSTXT_OBEY': True, 'SPIDER_MODULES': ['wangyi_stock_news_us.spiders'], 'LOG_FILE': 'logs.log', 'BOT_NAME': 'wangyi_stock_news_us'}
2016-08-09 17:38:22 [scrapy] INFO: Enabled extensions:
['scrapy.extensions.logstats.LogStats',
 'scrapy.extensions.telnet.TelnetConsole',
 'scrapy.extensions.corestats.CoreStats']
2016-08-09 17:38:22 [scrapy] INFO: Enabled downloader middlewares:
['scrapy.downloadermiddlewares.robotstxt.RobotsTxtMiddleware',
 'scrapy.downloadermiddlewares.httpauth.HttpAuthMiddleware',
 'scrapy.downloadermiddlewares.downloadtimeout.DownloadTimeoutMiddleware',
 'scrapy.downloadermiddlewares.defaultheaders.DefaultHeadersMiddleware',
 'scrapy.downloadermiddlewares.useragent.UserAgentMiddleware',
 'scrapy.downloadermiddlewares.retry.RetryMiddleware',
 'scrapy.downloadermiddlewares.redirect.MetaRefreshMiddleware',
 'scrapy.downloadermiddlewares.httpcompression.HttpCompressionMiddleware',
 'scrapy.downloadermiddlewares.redirect.RedirectMiddleware',
 'scrapy.downloadermiddlewares.cookies.CookiesMiddleware',
 'scrapy.downloadermiddlewares.chunked.ChunkedTransferMiddleware',
 'scrapy.downloadermiddlewares.stats.DownloaderStats']
2016-08-09 17:38:22 [scrapy] INFO: Enabled spider middlewares:
['scrapy.spidermiddlewares.httperror.HttpErrorMiddleware',
 'scrapy.spidermiddlewares.offsite.OffsiteMiddleware',
 'scrapy.spidermiddlewares.referer.RefererMiddleware',
 'scrapy.spidermiddlewares.urllength.UrlLengthMiddleware',
 'scrapy.spidermiddlewares.depth.DepthMiddleware']
2016-08-09 17:38:22 [scrapy] INFO: Enabled item pipelines:
[]
2016-08-09 17:38:22 [scrapy] INFO: Spider opened
2016-08-09 17:38:22 [scrapy] INFO: Crawled 0 pages (at 0 pages/min), scraped 0 items (at 0 items/min)
2016-08-09 17:38:22 [scrapy] DEBUG: Telnet console listening on 127.0.0.1:6023
2016-08-09 17:38:22 [scrapy] DEBUG: Crawled (200) <GET http://money.163.com/robots.txt> (referer: None)
2016-08-09 17:38:30 [scrapy] DEBUG: Crawled (200) <GET http://money.163.com/16/0809/15/BU1M77D500254TI5.html> (referer: None)
2016-08-09 17:38:30 [scrapy] INFO: Closing spider (finished)
2016-08-09 17:38:30 [scrapy] INFO: Dumping Scrapy stats:
{'downloader/request_bytes': 472,
 'downloader/request_count': 2,
 'downloader/request_method_count/GET': 2,
 'downloader/response_bytes': 40388,
 'downloader/response_count': 2,
 'downloader/response_status_count/200': 2,
 'finish_reason': 'finished',
 'finish_time': datetime.datetime(2016, 8, 9, 9, 38, 30, 607041),
 'log_count/DEBUG': 3,
 'log_count/INFO': 7,
 'response_received_count': 2,
 'scheduler/dequeued': 1,
 'scheduler/dequeued/memory': 1,
 'scheduler/enqueued': 1,
 'scheduler/enqueued/memory': 1,
 'start_time': datetime.datetime(2016, 8, 9, 9, 38, 22, 258328)}
2016-08-09 17:38:30 [scrapy] INFO: Spider closed (finished)
2016-08-09 17:43:24 [scrapy] INFO: Scrapy 1.2.0dev2 started (bot: wangyi_stock_news_us)
2016-08-09 17:43:24 [scrapy] INFO: Overridden settings: {'NEWSPIDER_MODULE': 'wangyi_stock_news_us.spiders', 'ROBOTSTXT_OBEY': True, 'SPIDER_MODULES': ['wangyi_stock_news_us.spiders'], 'LOG_FILE': 'logs.log', 'BOT_NAME': 'wangyi_stock_news_us'}
2016-08-09 17:43:24 [scrapy] INFO: Enabled extensions:
['scrapy.extensions.logstats.LogStats',
 'scrapy.extensions.telnet.TelnetConsole',
 'scrapy.extensions.corestats.CoreStats']
2016-08-09 17:43:24 [scrapy] INFO: Enabled downloader middlewares:
['scrapy.downloadermiddlewares.robotstxt.RobotsTxtMiddleware',
 'scrapy.downloadermiddlewares.httpauth.HttpAuthMiddleware',
 'scrapy.downloadermiddlewares.downloadtimeout.DownloadTimeoutMiddleware',
 'scrapy.downloadermiddlewares.defaultheaders.DefaultHeadersMiddleware',
 'scrapy.downloadermiddlewares.useragent.UserAgentMiddleware',
 'scrapy.downloadermiddlewares.retry.RetryMiddleware',
 'scrapy.downloadermiddlewares.redirect.MetaRefreshMiddleware',
 'scrapy.downloadermiddlewares.httpcompression.HttpCompressionMiddleware',
 'scrapy.downloadermiddlewares.redirect.RedirectMiddleware',
 'scrapy.downloadermiddlewares.cookies.CookiesMiddleware',
 'scrapy.downloadermiddlewares.chunked.ChunkedTransferMiddleware',
 'scrapy.downloadermiddlewares.stats.DownloaderStats']
2016-08-09 17:43:24 [scrapy] INFO: Enabled spider middlewares:
['scrapy.spidermiddlewares.httperror.HttpErrorMiddleware',
 'scrapy.spidermiddlewares.offsite.OffsiteMiddleware',
 'scrapy.spidermiddlewares.referer.RefererMiddleware',
 'scrapy.spidermiddlewares.urllength.UrlLengthMiddleware',
 'scrapy.spidermiddlewares.depth.DepthMiddleware']
2016-08-09 17:43:24 [scrapy] INFO: Enabled item pipelines:
[]
2016-08-09 17:43:24 [scrapy] INFO: Spider opened
2016-08-09 17:43:24 [scrapy] INFO: Crawled 0 pages (at 0 pages/min), scraped 0 items (at 0 items/min)
2016-08-09 17:43:24 [scrapy] DEBUG: Telnet console listening on 127.0.0.1:6023
2016-08-09 17:43:25 [scrapy] DEBUG: Crawled (200) <GET http://money.163.com/robots.txt> (referer: None)
2016-08-09 17:43:25 [scrapy] DEBUG: Crawled (200) <GET http://money.163.com/16/0809/15/BU1M77D500254TI5.html> (referer: None) ['partial']
2016-08-09 17:43:25 [scrapy] INFO: Closing spider (finished)
2016-08-09 17:43:25 [scrapy] INFO: Dumping Scrapy stats:
{'downloader/request_bytes': 472,
 'downloader/request_count': 2,
 'downloader/request_method_count/GET': 2,
 'downloader/response_bytes': 40414,
 'downloader/response_count': 2,
 'downloader/response_status_count/200': 2,
 'finish_reason': 'finished',
 'finish_time': datetime.datetime(2016, 8, 9, 9, 43, 25, 481137),
 'log_count/DEBUG': 3,
 'log_count/INFO': 7,
 'response_received_count': 2,
 'scheduler/dequeued': 1,
 'scheduler/dequeued/memory': 1,
 'scheduler/enqueued': 1,
 'scheduler/enqueued/memory': 1,
 'start_time': datetime.datetime(2016, 8, 9, 9, 43, 24, 943529)}
2016-08-09 17:43:25 [scrapy] INFO: Spider closed (finished)
2016-08-09 17:43:34 [scrapy] INFO: Scrapy 1.2.0dev2 started (bot: wangyi_stock_news_us)
2016-08-09 17:43:34 [scrapy] INFO: Overridden settings: {'NEWSPIDER_MODULE': 'wangyi_stock_news_us.spiders', 'ROBOTSTXT_OBEY': True, 'SPIDER_MODULES': ['wangyi_stock_news_us.spiders'], 'LOG_FILE': 'logs.log', 'BOT_NAME': 'wangyi_stock_news_us'}
2016-08-09 17:43:34 [scrapy] INFO: Enabled extensions:
['scrapy.extensions.logstats.LogStats',
 'scrapy.extensions.telnet.TelnetConsole',
 'scrapy.extensions.corestats.CoreStats']
2016-08-09 17:43:34 [scrapy] INFO: Enabled downloader middlewares:
['scrapy.downloadermiddlewares.robotstxt.RobotsTxtMiddleware',
 'scrapy.downloadermiddlewares.httpauth.HttpAuthMiddleware',
 'scrapy.downloadermiddlewares.downloadtimeout.DownloadTimeoutMiddleware',
 'scrapy.downloadermiddlewares.defaultheaders.DefaultHeadersMiddleware',
 'scrapy.downloadermiddlewares.useragent.UserAgentMiddleware',
 'scrapy.downloadermiddlewares.retry.RetryMiddleware',
 'scrapy.downloadermiddlewares.redirect.MetaRefreshMiddleware',
 'scrapy.downloadermiddlewares.httpcompression.HttpCompressionMiddleware',
 'scrapy.downloadermiddlewares.redirect.RedirectMiddleware',
 'scrapy.downloadermiddlewares.cookies.CookiesMiddleware',
 'scrapy.downloadermiddlewares.chunked.ChunkedTransferMiddleware',
 'scrapy.downloadermiddlewares.stats.DownloaderStats']
2016-08-09 17:43:34 [scrapy] INFO: Enabled spider middlewares:
['scrapy.spidermiddlewares.httperror.HttpErrorMiddleware',
 'scrapy.spidermiddlewares.offsite.OffsiteMiddleware',
 'scrapy.spidermiddlewares.referer.RefererMiddleware',
 'scrapy.spidermiddlewares.urllength.UrlLengthMiddleware',
 'scrapy.spidermiddlewares.depth.DepthMiddleware']
2016-08-09 17:43:34 [scrapy] INFO: Enabled item pipelines:
[]
2016-08-09 17:43:34 [scrapy] INFO: Spider opened
2016-08-09 17:43:34 [scrapy] INFO: Crawled 0 pages (at 0 pages/min), scraped 0 items (at 0 items/min)
2016-08-09 17:43:34 [scrapy] DEBUG: Telnet console listening on 127.0.0.1:6023
2016-08-09 17:43:34 [scrapy] DEBUG: Crawled (200) <GET http://money.163.com/robots.txt> (referer: None)
2016-08-09 17:43:34 [scrapy] DEBUG: Crawled (200) <GET http://money.163.com/16/0809/15/BU1M77D500254TI5.html> (referer: None) ['partial']
2016-08-09 17:43:34 [scrapy] INFO: Closing spider (finished)
2016-08-09 17:43:34 [scrapy] INFO: Dumping Scrapy stats:
{'downloader/request_bytes': 472,
 'downloader/request_count': 2,
 'downloader/request_method_count/GET': 2,
 'downloader/response_bytes': 40430,
 'downloader/response_count': 2,
 'downloader/response_status_count/200': 2,
 'finish_reason': 'finished',
 'finish_time': datetime.datetime(2016, 8, 9, 9, 43, 34, 925161),
 'log_count/DEBUG': 3,
 'log_count/INFO': 7,
 'response_received_count': 2,
 'scheduler/dequeued': 1,
 'scheduler/dequeued/memory': 1,
 'scheduler/enqueued': 1,
 'scheduler/enqueued/memory': 1,
 'start_time': datetime.datetime(2016, 8, 9, 9, 43, 34, 652608)}
2016-08-09 17:43:34 [scrapy] INFO: Spider closed (finished)
2016-08-09 17:47:07 [scrapy] INFO: Scrapy 1.2.0dev2 started (bot: wangyi_stock_news_us)
2016-08-09 17:47:07 [scrapy] INFO: Overridden settings: {'NEWSPIDER_MODULE': 'wangyi_stock_news_us.spiders', 'ROBOTSTXT_OBEY': True, 'SPIDER_MODULES': ['wangyi_stock_news_us.spiders'], 'LOG_FILE': 'logs.log', 'BOT_NAME': 'wangyi_stock_news_us'}
2016-08-09 17:47:07 [scrapy] INFO: Enabled extensions:
['scrapy.extensions.logstats.LogStats',
 'scrapy.extensions.telnet.TelnetConsole',
 'scrapy.extensions.corestats.CoreStats']
2016-08-09 17:47:07 [scrapy] INFO: Enabled downloader middlewares:
['scrapy.downloadermiddlewares.robotstxt.RobotsTxtMiddleware',
 'scrapy.downloadermiddlewares.httpauth.HttpAuthMiddleware',
 'scrapy.downloadermiddlewares.downloadtimeout.DownloadTimeoutMiddleware',
 'scrapy.downloadermiddlewares.defaultheaders.DefaultHeadersMiddleware',
 'scrapy.downloadermiddlewares.useragent.UserAgentMiddleware',
 'scrapy.downloadermiddlewares.retry.RetryMiddleware',
 'scrapy.downloadermiddlewares.redirect.MetaRefreshMiddleware',
 'scrapy.downloadermiddlewares.httpcompression.HttpCompressionMiddleware',
 'scrapy.downloadermiddlewares.redirect.RedirectMiddleware',
 'scrapy.downloadermiddlewares.cookies.CookiesMiddleware',
 'scrapy.downloadermiddlewares.chunked.ChunkedTransferMiddleware',
 'scrapy.downloadermiddlewares.stats.DownloaderStats']
2016-08-09 17:47:07 [scrapy] INFO: Enabled spider middlewares:
['scrapy.spidermiddlewares.httperror.HttpErrorMiddleware',
 'scrapy.spidermiddlewares.offsite.OffsiteMiddleware',
 'scrapy.spidermiddlewares.referer.RefererMiddleware',
 'scrapy.spidermiddlewares.urllength.UrlLengthMiddleware',
 'scrapy.spidermiddlewares.depth.DepthMiddleware']
2016-08-09 17:47:07 [scrapy] INFO: Enabled item pipelines:
[]
2016-08-09 17:47:07 [scrapy] INFO: Spider opened
2016-08-09 17:47:07 [scrapy] INFO: Crawled 0 pages (at 0 pages/min), scraped 0 items (at 0 items/min)
2016-08-09 17:47:07 [scrapy] DEBUG: Telnet console listening on 127.0.0.1:6023
2016-08-09 17:47:07 [scrapy] DEBUG: Crawled (200) <GET http://money.163.com/robots.txt> (referer: None)
2016-08-09 17:47:07 [scrapy] DEBUG: Crawled (200) <GET http://money.163.com/16/0809/15/BU1M77D500254TI5.html> (referer: None) ['partial']
2016-08-09 17:47:07 [scrapy] INFO: Closing spider (finished)
2016-08-09 17:47:07 [scrapy] INFO: Dumping Scrapy stats:
{'downloader/request_bytes': 472,
 'downloader/request_count': 2,
 'downloader/request_method_count/GET': 2,
 'downloader/response_bytes': 40432,
 'downloader/response_count': 2,
 'downloader/response_status_count/200': 2,
 'finish_reason': 'finished',
 'finish_time': datetime.datetime(2016, 8, 9, 9, 47, 7, 513604),
 'log_count/DEBUG': 3,
 'log_count/INFO': 7,
 'response_received_count': 2,
 'scheduler/dequeued': 1,
 'scheduler/dequeued/memory': 1,
 'scheduler/enqueued': 1,
 'scheduler/enqueued/memory': 1,
 'start_time': datetime.datetime(2016, 8, 9, 9, 47, 7, 342849)}
2016-08-09 17:47:07 [scrapy] INFO: Spider closed (finished)
2016-08-09 17:47:38 [scrapy] INFO: Scrapy 1.2.0dev2 started (bot: wangyi_stock_news_us)
2016-08-09 17:47:38 [scrapy] INFO: Overridden settings: {'NEWSPIDER_MODULE': 'wangyi_stock_news_us.spiders', 'ROBOTSTXT_OBEY': True, 'SPIDER_MODULES': ['wangyi_stock_news_us.spiders'], 'LOG_FILE': 'logs.log', 'BOT_NAME': 'wangyi_stock_news_us'}
2016-08-09 17:47:38 [scrapy] INFO: Enabled extensions:
['scrapy.extensions.logstats.LogStats',
 'scrapy.extensions.telnet.TelnetConsole',
 'scrapy.extensions.corestats.CoreStats']
2016-08-09 17:47:38 [scrapy] INFO: Enabled downloader middlewares:
['scrapy.downloadermiddlewares.robotstxt.RobotsTxtMiddleware',
 'scrapy.downloadermiddlewares.httpauth.HttpAuthMiddleware',
 'scrapy.downloadermiddlewares.downloadtimeout.DownloadTimeoutMiddleware',
 'scrapy.downloadermiddlewares.defaultheaders.DefaultHeadersMiddleware',
 'scrapy.downloadermiddlewares.useragent.UserAgentMiddleware',
 'scrapy.downloadermiddlewares.retry.RetryMiddleware',
 'scrapy.downloadermiddlewares.redirect.MetaRefreshMiddleware',
 'scrapy.downloadermiddlewares.httpcompression.HttpCompressionMiddleware',
 'scrapy.downloadermiddlewares.redirect.RedirectMiddleware',
 'scrapy.downloadermiddlewares.cookies.CookiesMiddleware',
 'scrapy.downloadermiddlewares.chunked.ChunkedTransferMiddleware',
 'scrapy.downloadermiddlewares.stats.DownloaderStats']
2016-08-09 17:47:38 [scrapy] INFO: Enabled spider middlewares:
['scrapy.spidermiddlewares.httperror.HttpErrorMiddleware',
 'scrapy.spidermiddlewares.offsite.OffsiteMiddleware',
 'scrapy.spidermiddlewares.referer.RefererMiddleware',
 'scrapy.spidermiddlewares.urllength.UrlLengthMiddleware',
 'scrapy.spidermiddlewares.depth.DepthMiddleware']
2016-08-09 17:47:38 [scrapy] INFO: Enabled item pipelines:
[]
2016-08-09 17:47:38 [scrapy] INFO: Spider opened
2016-08-09 17:47:38 [scrapy] INFO: Crawled 0 pages (at 0 pages/min), scraped 0 items (at 0 items/min)
2016-08-09 17:47:38 [scrapy] DEBUG: Telnet console listening on 127.0.0.1:6023
2016-08-09 17:47:38 [scrapy] DEBUG: Crawled (200) <GET http://money.163.com/robots.txt> (referer: None)
2016-08-09 17:47:38 [scrapy] DEBUG: Crawled (200) <GET http://money.163.com/16/0809/15/BU1M77D500254TI5.html> (referer: None) ['partial']
2016-08-09 17:47:38 [scrapy] INFO: Closing spider (finished)
2016-08-09 17:47:38 [scrapy] INFO: Dumping Scrapy stats:
{'downloader/request_bytes': 472,
 'downloader/request_count': 2,
 'downloader/request_method_count/GET': 2,
 'downloader/response_bytes': 40414,
 'downloader/response_count': 2,
 'downloader/response_status_count/200': 2,
 'finish_reason': 'finished',
 'finish_time': datetime.datetime(2016, 8, 9, 9, 47, 38, 605900),
 'log_count/DEBUG': 3,
 'log_count/INFO': 7,
 'response_received_count': 2,
 'scheduler/dequeued': 1,
 'scheduler/dequeued/memory': 1,
 'scheduler/enqueued': 1,
 'scheduler/enqueued/memory': 1,
 'start_time': datetime.datetime(2016, 8, 9, 9, 47, 38, 124216)}
2016-08-09 17:47:38 [scrapy] INFO: Spider closed (finished)
2016-08-09 17:48:01 [scrapy] INFO: Scrapy 1.2.0dev2 started (bot: wangyi_stock_news_us)
2016-08-09 17:48:01 [scrapy] INFO: Overridden settings: {'NEWSPIDER_MODULE': 'wangyi_stock_news_us.spiders', 'ROBOTSTXT_OBEY': True, 'SPIDER_MODULES': ['wangyi_stock_news_us.spiders'], 'LOG_FILE': 'logs.log', 'BOT_NAME': 'wangyi_stock_news_us'}
2016-08-09 17:48:01 [scrapy] INFO: Enabled extensions:
['scrapy.extensions.logstats.LogStats',
 'scrapy.extensions.telnet.TelnetConsole',
 'scrapy.extensions.corestats.CoreStats']
2016-08-09 17:48:01 [scrapy] INFO: Enabled downloader middlewares:
['scrapy.downloadermiddlewares.robotstxt.RobotsTxtMiddleware',
 'scrapy.downloadermiddlewares.httpauth.HttpAuthMiddleware',
 'scrapy.downloadermiddlewares.downloadtimeout.DownloadTimeoutMiddleware',
 'scrapy.downloadermiddlewares.defaultheaders.DefaultHeadersMiddleware',
 'scrapy.downloadermiddlewares.useragent.UserAgentMiddleware',
 'scrapy.downloadermiddlewares.retry.RetryMiddleware',
 'scrapy.downloadermiddlewares.redirect.MetaRefreshMiddleware',
 'scrapy.downloadermiddlewares.httpcompression.HttpCompressionMiddleware',
 'scrapy.downloadermiddlewares.redirect.RedirectMiddleware',
 'scrapy.downloadermiddlewares.cookies.CookiesMiddleware',
 'scrapy.downloadermiddlewares.chunked.ChunkedTransferMiddleware',
 'scrapy.downloadermiddlewares.stats.DownloaderStats']
2016-08-09 17:48:01 [scrapy] INFO: Enabled spider middlewares:
['scrapy.spidermiddlewares.httperror.HttpErrorMiddleware',
 'scrapy.spidermiddlewares.offsite.OffsiteMiddleware',
 'scrapy.spidermiddlewares.referer.RefererMiddleware',
 'scrapy.spidermiddlewares.urllength.UrlLengthMiddleware',
 'scrapy.spidermiddlewares.depth.DepthMiddleware']
2016-08-09 17:48:01 [scrapy] INFO: Enabled item pipelines:
[]
2016-08-09 17:48:01 [scrapy] INFO: Spider opened
2016-08-09 17:48:01 [scrapy] INFO: Crawled 0 pages (at 0 pages/min), scraped 0 items (at 0 items/min)
2016-08-09 17:48:01 [scrapy] DEBUG: Telnet console listening on 127.0.0.1:6023
2016-08-09 17:48:01 [scrapy] DEBUG: Crawled (200) <GET http://money.163.com/robots.txt> (referer: None)
2016-08-09 17:48:01 [scrapy] DEBUG: Crawled (200) <GET http://money.163.com/16/0809/15/BU1M77D500254TI5.html> (referer: None) ['partial']
2016-08-09 17:48:02 [scrapy] INFO: Closing spider (finished)
2016-08-09 17:48:02 [scrapy] INFO: Dumping Scrapy stats:
{'downloader/request_bytes': 472,
 'downloader/request_count': 2,
 'downloader/request_method_count/GET': 2,
 'downloader/response_bytes': 40431,
 'downloader/response_count': 2,
 'downloader/response_status_count/200': 2,
 'finish_reason': 'finished',
 'finish_time': datetime.datetime(2016, 8, 9, 9, 48, 2, 78196),
 'log_count/DEBUG': 3,
 'log_count/INFO': 7,
 'response_received_count': 2,
 'scheduler/dequeued': 1,
 'scheduler/dequeued/memory': 1,
 'scheduler/enqueued': 1,
 'scheduler/enqueued/memory': 1,
 'start_time': datetime.datetime(2016, 8, 9, 9, 48, 1, 860930)}
2016-08-09 17:48:02 [scrapy] INFO: Spider closed (finished)
2016-08-09 17:48:16 [scrapy] INFO: Scrapy 1.2.0dev2 started (bot: wangyi_stock_news_us)
2016-08-09 17:48:16 [scrapy] INFO: Overridden settings: {'NEWSPIDER_MODULE': 'wangyi_stock_news_us.spiders', 'ROBOTSTXT_OBEY': True, 'SPIDER_MODULES': ['wangyi_stock_news_us.spiders'], 'LOG_FILE': 'logs.log', 'BOT_NAME': 'wangyi_stock_news_us'}
2016-08-09 17:48:16 [scrapy] INFO: Enabled extensions:
['scrapy.extensions.logstats.LogStats',
 'scrapy.extensions.telnet.TelnetConsole',
 'scrapy.extensions.corestats.CoreStats']
2016-08-09 17:48:16 [scrapy] INFO: Enabled downloader middlewares:
['scrapy.downloadermiddlewares.robotstxt.RobotsTxtMiddleware',
 'scrapy.downloadermiddlewares.httpauth.HttpAuthMiddleware',
 'scrapy.downloadermiddlewares.downloadtimeout.DownloadTimeoutMiddleware',
 'scrapy.downloadermiddlewares.defaultheaders.DefaultHeadersMiddleware',
 'scrapy.downloadermiddlewares.useragent.UserAgentMiddleware',
 'scrapy.downloadermiddlewares.retry.RetryMiddleware',
 'scrapy.downloadermiddlewares.redirect.MetaRefreshMiddleware',
 'scrapy.downloadermiddlewares.httpcompression.HttpCompressionMiddleware',
 'scrapy.downloadermiddlewares.redirect.RedirectMiddleware',
 'scrapy.downloadermiddlewares.cookies.CookiesMiddleware',
 'scrapy.downloadermiddlewares.chunked.ChunkedTransferMiddleware',
 'scrapy.downloadermiddlewares.stats.DownloaderStats']
2016-08-09 17:48:16 [scrapy] INFO: Enabled spider middlewares:
['scrapy.spidermiddlewares.httperror.HttpErrorMiddleware',
 'scrapy.spidermiddlewares.offsite.OffsiteMiddleware',
 'scrapy.spidermiddlewares.referer.RefererMiddleware',
 'scrapy.spidermiddlewares.urllength.UrlLengthMiddleware',
 'scrapy.spidermiddlewares.depth.DepthMiddleware']
2016-08-09 17:48:16 [scrapy] INFO: Enabled item pipelines:
[]
2016-08-09 17:48:16 [scrapy] INFO: Spider opened
2016-08-09 17:48:16 [scrapy] INFO: Crawled 0 pages (at 0 pages/min), scraped 0 items (at 0 items/min)
2016-08-09 17:48:16 [scrapy] DEBUG: Telnet console listening on 127.0.0.1:6023
2016-08-09 17:48:16 [scrapy] DEBUG: Crawled (200) <GET http://money.163.com/robots.txt> (referer: None)
2016-08-09 17:48:16 [scrapy] DEBUG: Crawled (200) <GET http://money.163.com/16/0809/15/BU1M77D500254TI5.html> (referer: None) ['partial']
2016-08-09 17:48:16 [scrapy] INFO: Closing spider (finished)
2016-08-09 17:48:16 [scrapy] INFO: Dumping Scrapy stats:
{'downloader/request_bytes': 472,
 'downloader/request_count': 2,
 'downloader/request_method_count/GET': 2,
 'downloader/response_bytes': 40431,
 'downloader/response_count': 2,
 'downloader/response_status_count/200': 2,
 'finish_reason': 'finished',
 'finish_time': datetime.datetime(2016, 8, 9, 9, 48, 16, 687129),
 'log_count/DEBUG': 3,
 'log_count/INFO': 7,
 'response_received_count': 2,
 'scheduler/dequeued': 1,
 'scheduler/dequeued/memory': 1,
 'scheduler/enqueued': 1,
 'scheduler/enqueued/memory': 1,
 'start_time': datetime.datetime(2016, 8, 9, 9, 48, 16, 377164)}
2016-08-09 17:48:16 [scrapy] INFO: Spider closed (finished)
2016-08-09 17:51:19 [scrapy] INFO: Scrapy 1.2.0dev2 started (bot: wangyi_stock_news_us)
2016-08-09 17:51:19 [scrapy] INFO: Overridden settings: {'NEWSPIDER_MODULE': 'wangyi_stock_news_us.spiders', 'ROBOTSTXT_OBEY': True, 'SPIDER_MODULES': ['wangyi_stock_news_us.spiders'], 'LOG_FILE': 'logs.log', 'BOT_NAME': 'wangyi_stock_news_us'}
2016-08-09 17:51:19 [scrapy] INFO: Enabled extensions:
['scrapy.extensions.logstats.LogStats',
 'scrapy.extensions.telnet.TelnetConsole',
 'scrapy.extensions.corestats.CoreStats']
2016-08-09 17:51:19 [scrapy] INFO: Enabled downloader middlewares:
['scrapy.downloadermiddlewares.robotstxt.RobotsTxtMiddleware',
 'scrapy.downloadermiddlewares.httpauth.HttpAuthMiddleware',
 'scrapy.downloadermiddlewares.downloadtimeout.DownloadTimeoutMiddleware',
 'scrapy.downloadermiddlewares.defaultheaders.DefaultHeadersMiddleware',
 'scrapy.downloadermiddlewares.useragent.UserAgentMiddleware',
 'scrapy.downloadermiddlewares.retry.RetryMiddleware',
 'scrapy.downloadermiddlewares.redirect.MetaRefreshMiddleware',
 'scrapy.downloadermiddlewares.httpcompression.HttpCompressionMiddleware',
 'scrapy.downloadermiddlewares.redirect.RedirectMiddleware',
 'scrapy.downloadermiddlewares.cookies.CookiesMiddleware',
 'scrapy.downloadermiddlewares.chunked.ChunkedTransferMiddleware',
 'scrapy.downloadermiddlewares.stats.DownloaderStats']
2016-08-09 17:51:19 [scrapy] INFO: Enabled spider middlewares:
['scrapy.spidermiddlewares.httperror.HttpErrorMiddleware',
 'scrapy.spidermiddlewares.offsite.OffsiteMiddleware',
 'scrapy.spidermiddlewares.referer.RefererMiddleware',
 'scrapy.spidermiddlewares.urllength.UrlLengthMiddleware',
 'scrapy.spidermiddlewares.depth.DepthMiddleware']
2016-08-09 17:51:19 [scrapy] INFO: Enabled item pipelines:
[]
2016-08-09 17:51:19 [scrapy] INFO: Spider opened
2016-08-09 17:51:19 [scrapy] INFO: Crawled 0 pages (at 0 pages/min), scraped 0 items (at 0 items/min)
2016-08-09 17:51:19 [scrapy] DEBUG: Telnet console listening on 127.0.0.1:6023
2016-08-09 17:51:19 [scrapy] DEBUG: Crawled (200) <GET http://money.163.com/robots.txt> (referer: None)
2016-08-09 17:51:19 [scrapy] DEBUG: Crawled (200) <GET http://money.163.com/16/0809/15/BU1M77D500254TI5.html> (referer: None) ['partial']
2016-08-09 17:51:19 [scrapy] INFO: Closing spider (finished)
2016-08-09 17:51:19 [scrapy] INFO: Dumping Scrapy stats:
{'downloader/request_bytes': 472,
 'downloader/request_count': 2,
 'downloader/request_method_count/GET': 2,
 'downloader/response_bytes': 40432,
 'downloader/response_count': 2,
 'downloader/response_status_count/200': 2,
 'finish_reason': 'finished',
 'finish_time': datetime.datetime(2016, 8, 9, 9, 51, 19, 609737),
 'log_count/DEBUG': 3,
 'log_count/INFO': 7,
 'response_received_count': 2,
 'scheduler/dequeued': 1,
 'scheduler/dequeued/memory': 1,
 'scheduler/enqueued': 1,
 'scheduler/enqueued/memory': 1,
 'start_time': datetime.datetime(2016, 8, 9, 9, 51, 19, 296165)}
2016-08-09 17:51:19 [scrapy] INFO: Spider closed (finished)
2016-08-09 17:52:02 [scrapy] INFO: Scrapy 1.2.0dev2 started (bot: wangyi_stock_news_us)
2016-08-09 17:52:02 [scrapy] INFO: Overridden settings: {'NEWSPIDER_MODULE': 'wangyi_stock_news_us.spiders', 'ROBOTSTXT_OBEY': True, 'SPIDER_MODULES': ['wangyi_stock_news_us.spiders'], 'LOG_FILE': 'logs.log', 'BOT_NAME': 'wangyi_stock_news_us'}
2016-08-09 17:52:02 [scrapy] INFO: Enabled extensions:
['scrapy.extensions.logstats.LogStats',
 'scrapy.extensions.telnet.TelnetConsole',
 'scrapy.extensions.corestats.CoreStats']
2016-08-09 17:52:02 [scrapy] INFO: Enabled downloader middlewares:
['scrapy.downloadermiddlewares.robotstxt.RobotsTxtMiddleware',
 'scrapy.downloadermiddlewares.httpauth.HttpAuthMiddleware',
 'scrapy.downloadermiddlewares.downloadtimeout.DownloadTimeoutMiddleware',
 'scrapy.downloadermiddlewares.defaultheaders.DefaultHeadersMiddleware',
 'scrapy.downloadermiddlewares.useragent.UserAgentMiddleware',
 'scrapy.downloadermiddlewares.retry.RetryMiddleware',
 'scrapy.downloadermiddlewares.redirect.MetaRefreshMiddleware',
 'scrapy.downloadermiddlewares.httpcompression.HttpCompressionMiddleware',
 'scrapy.downloadermiddlewares.redirect.RedirectMiddleware',
 'scrapy.downloadermiddlewares.cookies.CookiesMiddleware',
 'scrapy.downloadermiddlewares.chunked.ChunkedTransferMiddleware',
 'scrapy.downloadermiddlewares.stats.DownloaderStats']
2016-08-09 17:52:02 [scrapy] INFO: Enabled spider middlewares:
['scrapy.spidermiddlewares.httperror.HttpErrorMiddleware',
 'scrapy.spidermiddlewares.offsite.OffsiteMiddleware',
 'scrapy.spidermiddlewares.referer.RefererMiddleware',
 'scrapy.spidermiddlewares.urllength.UrlLengthMiddleware',
 'scrapy.spidermiddlewares.depth.DepthMiddleware']
2016-08-09 17:52:02 [scrapy] INFO: Enabled item pipelines:
[]
2016-08-09 17:52:02 [scrapy] INFO: Spider opened
2016-08-09 17:52:02 [scrapy] INFO: Crawled 0 pages (at 0 pages/min), scraped 0 items (at 0 items/min)
2016-08-09 17:52:02 [scrapy] DEBUG: Telnet console listening on 127.0.0.1:6023
2016-08-09 17:52:02 [scrapy] DEBUG: Crawled (200) <GET http://money.163.com/robots.txt> (referer: None)
2016-08-09 17:52:03 [scrapy] DEBUG: Crawled (200) <GET http://money.163.com/16/0809/15/BU1M77D500254TI5.html> (referer: None) ['partial']
2016-08-09 17:52:03 [scrapy] INFO: Closing spider (finished)
2016-08-09 17:52:03 [scrapy] INFO: Dumping Scrapy stats:
{'downloader/request_bytes': 472,
 'downloader/request_count': 2,
 'downloader/request_method_count/GET': 2,
 'downloader/response_bytes': 40414,
 'downloader/response_count': 2,
 'downloader/response_status_count/200': 2,
 'finish_reason': 'finished',
 'finish_time': datetime.datetime(2016, 8, 9, 9, 52, 3, 292929),
 'log_count/DEBUG': 3,
 'log_count/INFO': 7,
 'response_received_count': 2,
 'scheduler/dequeued': 1,
 'scheduler/dequeued/memory': 1,
 'scheduler/enqueued': 1,
 'scheduler/enqueued/memory': 1,
 'start_time': datetime.datetime(2016, 8, 9, 9, 52, 2, 705678)}
2016-08-09 17:52:03 [scrapy] INFO: Spider closed (finished)
2016-08-09 17:54:17 [scrapy] INFO: Scrapy 1.2.0dev2 started (bot: wangyi_stock_news_us)
2016-08-09 17:54:17 [scrapy] INFO: Overridden settings: {'NEWSPIDER_MODULE': 'wangyi_stock_news_us.spiders', 'ROBOTSTXT_OBEY': True, 'SPIDER_MODULES': ['wangyi_stock_news_us.spiders'], 'LOG_FILE': 'logs.log', 'BOT_NAME': 'wangyi_stock_news_us'}
2016-08-09 17:54:17 [scrapy] INFO: Enabled extensions:
['scrapy.extensions.logstats.LogStats',
 'scrapy.extensions.telnet.TelnetConsole',
 'scrapy.extensions.corestats.CoreStats']
2016-08-09 17:54:17 [scrapy] INFO: Enabled downloader middlewares:
['scrapy.downloadermiddlewares.robotstxt.RobotsTxtMiddleware',
 'scrapy.downloadermiddlewares.httpauth.HttpAuthMiddleware',
 'scrapy.downloadermiddlewares.downloadtimeout.DownloadTimeoutMiddleware',
 'scrapy.downloadermiddlewares.defaultheaders.DefaultHeadersMiddleware',
 'scrapy.downloadermiddlewares.useragent.UserAgentMiddleware',
 'scrapy.downloadermiddlewares.retry.RetryMiddleware',
 'scrapy.downloadermiddlewares.redirect.MetaRefreshMiddleware',
 'scrapy.downloadermiddlewares.httpcompression.HttpCompressionMiddleware',
 'scrapy.downloadermiddlewares.redirect.RedirectMiddleware',
 'scrapy.downloadermiddlewares.cookies.CookiesMiddleware',
 'scrapy.downloadermiddlewares.chunked.ChunkedTransferMiddleware',
 'scrapy.downloadermiddlewares.stats.DownloaderStats']
2016-08-09 17:54:17 [scrapy] INFO: Enabled spider middlewares:
['scrapy.spidermiddlewares.httperror.HttpErrorMiddleware',
 'scrapy.spidermiddlewares.offsite.OffsiteMiddleware',
 'scrapy.spidermiddlewares.referer.RefererMiddleware',
 'scrapy.spidermiddlewares.urllength.UrlLengthMiddleware',
 'scrapy.spidermiddlewares.depth.DepthMiddleware']
2016-08-09 17:54:17 [scrapy] INFO: Enabled item pipelines:
[]
2016-08-09 17:54:17 [scrapy] INFO: Spider opened
2016-08-09 17:54:17 [scrapy] INFO: Crawled 0 pages (at 0 pages/min), scraped 0 items (at 0 items/min)
2016-08-09 17:54:17 [scrapy] DEBUG: Telnet console listening on 127.0.0.1:6023
2016-08-09 17:54:17 [scrapy] DEBUG: Crawled (200) <GET http://money.163.com/robots.txt> (referer: None)
2016-08-09 17:54:17 [scrapy] DEBUG: Crawled (200) <GET http://money.163.com/16/0809/15/BU1M77D500254TI5.html> (referer: None) ['partial']
2016-08-09 17:54:17 [scrapy] INFO: Closing spider (finished)
2016-08-09 17:54:17 [scrapy] INFO: Dumping Scrapy stats:
{'downloader/request_bytes': 472,
 'downloader/request_count': 2,
 'downloader/request_method_count/GET': 2,
 'downloader/response_bytes': 40432,
 'downloader/response_count': 2,
 'downloader/response_status_count/200': 2,
 'finish_reason': 'finished',
 'finish_time': datetime.datetime(2016, 8, 9, 9, 54, 17, 606766),
 'log_count/DEBUG': 3,
 'log_count/INFO': 7,
 'response_received_count': 2,
 'scheduler/dequeued': 1,
 'scheduler/dequeued/memory': 1,
 'scheduler/enqueued': 1,
 'scheduler/enqueued/memory': 1,
 'start_time': datetime.datetime(2016, 8, 9, 9, 54, 17, 236099)}
2016-08-09 17:54:17 [scrapy] INFO: Spider closed (finished)
2016-08-09 17:54:51 [scrapy] INFO: Scrapy 1.2.0dev2 started (bot: wangyi_stock_news_us)
2016-08-09 17:54:51 [scrapy] INFO: Overridden settings: {'NEWSPIDER_MODULE': 'wangyi_stock_news_us.spiders', 'ROBOTSTXT_OBEY': True, 'SPIDER_MODULES': ['wangyi_stock_news_us.spiders'], 'LOG_FILE': 'logs.log', 'BOT_NAME': 'wangyi_stock_news_us'}
2016-08-09 17:54:51 [scrapy] INFO: Enabled extensions:
['scrapy.extensions.logstats.LogStats',
 'scrapy.extensions.telnet.TelnetConsole',
 'scrapy.extensions.corestats.CoreStats']
2016-08-09 17:54:51 [scrapy] INFO: Enabled downloader middlewares:
['scrapy.downloadermiddlewares.robotstxt.RobotsTxtMiddleware',
 'scrapy.downloadermiddlewares.httpauth.HttpAuthMiddleware',
 'scrapy.downloadermiddlewares.downloadtimeout.DownloadTimeoutMiddleware',
 'scrapy.downloadermiddlewares.defaultheaders.DefaultHeadersMiddleware',
 'scrapy.downloadermiddlewares.useragent.UserAgentMiddleware',
 'scrapy.downloadermiddlewares.retry.RetryMiddleware',
 'scrapy.downloadermiddlewares.redirect.MetaRefreshMiddleware',
 'scrapy.downloadermiddlewares.httpcompression.HttpCompressionMiddleware',
 'scrapy.downloadermiddlewares.redirect.RedirectMiddleware',
 'scrapy.downloadermiddlewares.cookies.CookiesMiddleware',
 'scrapy.downloadermiddlewares.chunked.ChunkedTransferMiddleware',
 'scrapy.downloadermiddlewares.stats.DownloaderStats']
2016-08-09 17:54:51 [scrapy] INFO: Enabled spider middlewares:
['scrapy.spidermiddlewares.httperror.HttpErrorMiddleware',
 'scrapy.spidermiddlewares.offsite.OffsiteMiddleware',
 'scrapy.spidermiddlewares.referer.RefererMiddleware',
 'scrapy.spidermiddlewares.urllength.UrlLengthMiddleware',
 'scrapy.spidermiddlewares.depth.DepthMiddleware']
2016-08-09 17:54:51 [scrapy] INFO: Enabled item pipelines:
[]
2016-08-09 17:54:51 [scrapy] INFO: Spider opened
2016-08-09 17:54:51 [scrapy] INFO: Crawled 0 pages (at 0 pages/min), scraped 0 items (at 0 items/min)
2016-08-09 17:54:51 [scrapy] DEBUG: Telnet console listening on 127.0.0.1:6023
2016-08-09 17:54:51 [scrapy] DEBUG: Crawled (200) <GET http://money.163.com/robots.txt> (referer: None)
2016-08-09 17:54:51 [scrapy] DEBUG: Crawled (200) <GET http://money.163.com/16/0809/15/BU1M77D500254TI5.html> (referer: None) ['partial']
2016-08-09 17:54:52 [scrapy] INFO: Closing spider (finished)
2016-08-09 17:54:52 [scrapy] INFO: Dumping Scrapy stats:
{'downloader/request_bytes': 472,
 'downloader/request_count': 2,
 'downloader/request_method_count/GET': 2,
 'downloader/response_bytes': 40432,
 'downloader/response_count': 2,
 'downloader/response_status_count/200': 2,
 'finish_reason': 'finished',
 'finish_time': datetime.datetime(2016, 8, 9, 9, 54, 52, 20985),
 'log_count/DEBUG': 3,
 'log_count/INFO': 7,
 'response_received_count': 2,
 'scheduler/dequeued': 1,
 'scheduler/dequeued/memory': 1,
 'scheduler/enqueued': 1,
 'scheduler/enqueued/memory': 1,
 'start_time': datetime.datetime(2016, 8, 9, 9, 54, 51, 685283)}
2016-08-09 17:54:52 [scrapy] INFO: Spider closed (finished)
2016-08-09 17:54:58 [scrapy] INFO: Scrapy 1.2.0dev2 started (bot: wangyi_stock_news_us)
2016-08-09 17:54:58 [scrapy] INFO: Overridden settings: {'NEWSPIDER_MODULE': 'wangyi_stock_news_us.spiders', 'ROBOTSTXT_OBEY': True, 'SPIDER_MODULES': ['wangyi_stock_news_us.spiders'], 'LOG_FILE': 'logs.log', 'BOT_NAME': 'wangyi_stock_news_us'}
2016-08-09 17:54:58 [scrapy] INFO: Enabled extensions:
['scrapy.extensions.logstats.LogStats',
 'scrapy.extensions.telnet.TelnetConsole',
 'scrapy.extensions.corestats.CoreStats']
2016-08-09 17:54:59 [scrapy] INFO: Enabled downloader middlewares:
['scrapy.downloadermiddlewares.robotstxt.RobotsTxtMiddleware',
 'scrapy.downloadermiddlewares.httpauth.HttpAuthMiddleware',
 'scrapy.downloadermiddlewares.downloadtimeout.DownloadTimeoutMiddleware',
 'scrapy.downloadermiddlewares.defaultheaders.DefaultHeadersMiddleware',
 'scrapy.downloadermiddlewares.useragent.UserAgentMiddleware',
 'scrapy.downloadermiddlewares.retry.RetryMiddleware',
 'scrapy.downloadermiddlewares.redirect.MetaRefreshMiddleware',
 'scrapy.downloadermiddlewares.httpcompression.HttpCompressionMiddleware',
 'scrapy.downloadermiddlewares.redirect.RedirectMiddleware',
 'scrapy.downloadermiddlewares.cookies.CookiesMiddleware',
 'scrapy.downloadermiddlewares.chunked.ChunkedTransferMiddleware',
 'scrapy.downloadermiddlewares.stats.DownloaderStats']
2016-08-09 17:54:59 [scrapy] INFO: Enabled spider middlewares:
['scrapy.spidermiddlewares.httperror.HttpErrorMiddleware',
 'scrapy.spidermiddlewares.offsite.OffsiteMiddleware',
 'scrapy.spidermiddlewares.referer.RefererMiddleware',
 'scrapy.spidermiddlewares.urllength.UrlLengthMiddleware',
 'scrapy.spidermiddlewares.depth.DepthMiddleware']
2016-08-09 17:54:59 [scrapy] INFO: Enabled item pipelines:
[]
2016-08-09 17:54:59 [scrapy] INFO: Spider opened
2016-08-09 17:54:59 [scrapy] INFO: Crawled 0 pages (at 0 pages/min), scraped 0 items (at 0 items/min)
2016-08-09 17:54:59 [scrapy] DEBUG: Telnet console listening on 127.0.0.1:6023
2016-08-09 17:54:59 [scrapy] DEBUG: Crawled (200) <GET http://money.163.com/robots.txt> (referer: None)
2016-08-09 17:54:59 [scrapy] DEBUG: Crawled (200) <GET http://money.163.com/16/0809/15/BU1M77D500254TI5.html> (referer: None) ['partial']
2016-08-09 17:54:59 [scrapy] INFO: Closing spider (finished)
2016-08-09 17:54:59 [scrapy] INFO: Dumping Scrapy stats:
{'downloader/request_bytes': 472,
 'downloader/request_count': 2,
 'downloader/request_method_count/GET': 2,
 'downloader/response_bytes': 40432,
 'downloader/response_count': 2,
 'downloader/response_status_count/200': 2,
 'finish_reason': 'finished',
 'finish_time': datetime.datetime(2016, 8, 9, 9, 54, 59, 318450),
 'log_count/DEBUG': 3,
 'log_count/INFO': 7,
 'response_received_count': 2,
 'scheduler/dequeued': 1,
 'scheduler/dequeued/memory': 1,
 'scheduler/enqueued': 1,
 'scheduler/enqueued/memory': 1,
 'start_time': datetime.datetime(2016, 8, 9, 9, 54, 59, 8155)}
2016-08-09 17:54:59 [scrapy] INFO: Spider closed (finished)
2016-08-09 17:55:11 [scrapy] INFO: Scrapy 1.2.0dev2 started (bot: wangyi_stock_news_us)
2016-08-09 17:55:11 [scrapy] INFO: Overridden settings: {'NEWSPIDER_MODULE': 'wangyi_stock_news_us.spiders', 'ROBOTSTXT_OBEY': True, 'SPIDER_MODULES': ['wangyi_stock_news_us.spiders'], 'LOG_FILE': 'logs.log', 'BOT_NAME': 'wangyi_stock_news_us'}
2016-08-09 17:55:11 [scrapy] INFO: Enabled extensions:
['scrapy.extensions.logstats.LogStats',
 'scrapy.extensions.telnet.TelnetConsole',
 'scrapy.extensions.corestats.CoreStats']
2016-08-09 17:55:11 [scrapy] INFO: Enabled downloader middlewares:
['scrapy.downloadermiddlewares.robotstxt.RobotsTxtMiddleware',
 'scrapy.downloadermiddlewares.httpauth.HttpAuthMiddleware',
 'scrapy.downloadermiddlewares.downloadtimeout.DownloadTimeoutMiddleware',
 'scrapy.downloadermiddlewares.defaultheaders.DefaultHeadersMiddleware',
 'scrapy.downloadermiddlewares.useragent.UserAgentMiddleware',
 'scrapy.downloadermiddlewares.retry.RetryMiddleware',
 'scrapy.downloadermiddlewares.redirect.MetaRefreshMiddleware',
 'scrapy.downloadermiddlewares.httpcompression.HttpCompressionMiddleware',
 'scrapy.downloadermiddlewares.redirect.RedirectMiddleware',
 'scrapy.downloadermiddlewares.cookies.CookiesMiddleware',
 'scrapy.downloadermiddlewares.chunked.ChunkedTransferMiddleware',
 'scrapy.downloadermiddlewares.stats.DownloaderStats']
2016-08-09 17:55:11 [scrapy] INFO: Enabled spider middlewares:
['scrapy.spidermiddlewares.httperror.HttpErrorMiddleware',
 'scrapy.spidermiddlewares.offsite.OffsiteMiddleware',
 'scrapy.spidermiddlewares.referer.RefererMiddleware',
 'scrapy.spidermiddlewares.urllength.UrlLengthMiddleware',
 'scrapy.spidermiddlewares.depth.DepthMiddleware']
2016-08-09 17:55:11 [scrapy] INFO: Enabled item pipelines:
[]
2016-08-09 17:55:11 [scrapy] INFO: Spider opened
2016-08-09 17:55:11 [scrapy] INFO: Crawled 0 pages (at 0 pages/min), scraped 0 items (at 0 items/min)
2016-08-09 17:55:11 [scrapy] DEBUG: Telnet console listening on 127.0.0.1:6023
2016-08-09 17:55:11 [scrapy] DEBUG: Crawled (200) <GET http://money.163.com/robots.txt> (referer: None)
2016-08-09 17:55:11 [scrapy] DEBUG: Crawled (200) <GET http://money.163.com/16/0809/15/BU1M77D500254TI5.html> (referer: None) ['partial']
2016-08-09 17:55:11 [scrapy] INFO: Closing spider (finished)
2016-08-09 17:55:11 [scrapy] INFO: Dumping Scrapy stats:
{'downloader/request_bytes': 472,
 'downloader/request_count': 2,
 'downloader/request_method_count/GET': 2,
 'downloader/response_bytes': 40432,
 'downloader/response_count': 2,
 'downloader/response_status_count/200': 2,
 'finish_reason': 'finished',
 'finish_time': datetime.datetime(2016, 8, 9, 9, 55, 11, 897967),
 'log_count/DEBUG': 3,
 'log_count/INFO': 7,
 'response_received_count': 2,
 'scheduler/dequeued': 1,
 'scheduler/dequeued/memory': 1,
 'scheduler/enqueued': 1,
 'scheduler/enqueued/memory': 1,
 'start_time': datetime.datetime(2016, 8, 9, 9, 55, 11, 613898)}
2016-08-09 17:55:11 [scrapy] INFO: Spider closed (finished)
2016-08-09 17:55:20 [scrapy] INFO: Scrapy 1.2.0dev2 started (bot: wangyi_stock_news_us)
2016-08-09 17:55:20 [scrapy] INFO: Overridden settings: {'NEWSPIDER_MODULE': 'wangyi_stock_news_us.spiders', 'ROBOTSTXT_OBEY': True, 'SPIDER_MODULES': ['wangyi_stock_news_us.spiders'], 'LOG_FILE': 'logs.log', 'BOT_NAME': 'wangyi_stock_news_us'}
2016-08-09 17:55:20 [scrapy] INFO: Enabled extensions:
['scrapy.extensions.logstats.LogStats',
 'scrapy.extensions.telnet.TelnetConsole',
 'scrapy.extensions.corestats.CoreStats']
2016-08-09 17:55:20 [scrapy] INFO: Enabled downloader middlewares:
['scrapy.downloadermiddlewares.robotstxt.RobotsTxtMiddleware',
 'scrapy.downloadermiddlewares.httpauth.HttpAuthMiddleware',
 'scrapy.downloadermiddlewares.downloadtimeout.DownloadTimeoutMiddleware',
 'scrapy.downloadermiddlewares.defaultheaders.DefaultHeadersMiddleware',
 'scrapy.downloadermiddlewares.useragent.UserAgentMiddleware',
 'scrapy.downloadermiddlewares.retry.RetryMiddleware',
 'scrapy.downloadermiddlewares.redirect.MetaRefreshMiddleware',
 'scrapy.downloadermiddlewares.httpcompression.HttpCompressionMiddleware',
 'scrapy.downloadermiddlewares.redirect.RedirectMiddleware',
 'scrapy.downloadermiddlewares.cookies.CookiesMiddleware',
 'scrapy.downloadermiddlewares.chunked.ChunkedTransferMiddleware',
 'scrapy.downloadermiddlewares.stats.DownloaderStats']
2016-08-09 17:55:20 [scrapy] INFO: Enabled spider middlewares:
['scrapy.spidermiddlewares.httperror.HttpErrorMiddleware',
 'scrapy.spidermiddlewares.offsite.OffsiteMiddleware',
 'scrapy.spidermiddlewares.referer.RefererMiddleware',
 'scrapy.spidermiddlewares.urllength.UrlLengthMiddleware',
 'scrapy.spidermiddlewares.depth.DepthMiddleware']
2016-08-09 17:55:20 [scrapy] INFO: Enabled item pipelines:
[]
2016-08-09 17:55:20 [scrapy] INFO: Spider opened
2016-08-09 17:55:20 [scrapy] INFO: Crawled 0 pages (at 0 pages/min), scraped 0 items (at 0 items/min)
2016-08-09 17:55:20 [scrapy] DEBUG: Telnet console listening on 127.0.0.1:6023
2016-08-09 17:55:20 [scrapy] DEBUG: Crawled (200) <GET http://money.163.com/robots.txt> (referer: None)
2016-08-09 17:55:20 [scrapy] DEBUG: Crawled (200) <GET http://money.163.com/16/0809/15/BU1M77D500254TI5.html> (referer: None) ['partial']
2016-08-09 17:55:20 [scrapy] INFO: Closing spider (finished)
2016-08-09 17:55:20 [scrapy] INFO: Dumping Scrapy stats:
{'downloader/request_bytes': 472,
 'downloader/request_count': 2,
 'downloader/request_method_count/GET': 2,
 'downloader/response_bytes': 40432,
 'downloader/response_count': 2,
 'downloader/response_status_count/200': 2,
 'finish_reason': 'finished',
 'finish_time': datetime.datetime(2016, 8, 9, 9, 55, 20, 978747),
 'log_count/DEBUG': 3,
 'log_count/INFO': 7,
 'response_received_count': 2,
 'scheduler/dequeued': 1,
 'scheduler/dequeued/memory': 1,
 'scheduler/enqueued': 1,
 'scheduler/enqueued/memory': 1,
 'start_time': datetime.datetime(2016, 8, 9, 9, 55, 20, 710460)}
2016-08-09 17:55:20 [scrapy] INFO: Spider closed (finished)
2016-08-09 17:55:42 [scrapy] INFO: Scrapy 1.2.0dev2 started (bot: wangyi_stock_news_us)
2016-08-09 17:55:42 [scrapy] INFO: Overridden settings: {'NEWSPIDER_MODULE': 'wangyi_stock_news_us.spiders', 'ROBOTSTXT_OBEY': True, 'SPIDER_MODULES': ['wangyi_stock_news_us.spiders'], 'LOG_FILE': 'logs.log', 'BOT_NAME': 'wangyi_stock_news_us'}
2016-08-09 17:55:42 [scrapy] INFO: Enabled extensions:
['scrapy.extensions.logstats.LogStats',
 'scrapy.extensions.telnet.TelnetConsole',
 'scrapy.extensions.corestats.CoreStats']
2016-08-09 17:55:42 [scrapy] INFO: Enabled downloader middlewares:
['scrapy.downloadermiddlewares.robotstxt.RobotsTxtMiddleware',
 'scrapy.downloadermiddlewares.httpauth.HttpAuthMiddleware',
 'scrapy.downloadermiddlewares.downloadtimeout.DownloadTimeoutMiddleware',
 'scrapy.downloadermiddlewares.defaultheaders.DefaultHeadersMiddleware',
 'scrapy.downloadermiddlewares.useragent.UserAgentMiddleware',
 'scrapy.downloadermiddlewares.retry.RetryMiddleware',
 'scrapy.downloadermiddlewares.redirect.MetaRefreshMiddleware',
 'scrapy.downloadermiddlewares.httpcompression.HttpCompressionMiddleware',
 'scrapy.downloadermiddlewares.redirect.RedirectMiddleware',
 'scrapy.downloadermiddlewares.cookies.CookiesMiddleware',
 'scrapy.downloadermiddlewares.chunked.ChunkedTransferMiddleware',
 'scrapy.downloadermiddlewares.stats.DownloaderStats']
2016-08-09 17:55:42 [scrapy] INFO: Enabled spider middlewares:
['scrapy.spidermiddlewares.httperror.HttpErrorMiddleware',
 'scrapy.spidermiddlewares.offsite.OffsiteMiddleware',
 'scrapy.spidermiddlewares.referer.RefererMiddleware',
 'scrapy.spidermiddlewares.urllength.UrlLengthMiddleware',
 'scrapy.spidermiddlewares.depth.DepthMiddleware']
2016-08-09 17:55:42 [scrapy] INFO: Enabled item pipelines:
[]
2016-08-09 17:55:42 [scrapy] INFO: Spider opened
2016-08-09 17:55:42 [scrapy] INFO: Crawled 0 pages (at 0 pages/min), scraped 0 items (at 0 items/min)
2016-08-09 17:55:42 [scrapy] DEBUG: Telnet console listening on 127.0.0.1:6023
2016-08-09 17:55:42 [scrapy] DEBUG: Crawled (200) <GET http://money.163.com/robots.txt> (referer: None)
2016-08-09 17:55:42 [scrapy] DEBUG: Crawled (200) <GET http://money.163.com/16/0809/15/BU1M77D500254TI5.html> (referer: None) ['partial']
2016-08-09 17:55:42 [scrapy] INFO: Closing spider (finished)
2016-08-09 17:55:42 [scrapy] INFO: Dumping Scrapy stats:
{'downloader/request_bytes': 472,
 'downloader/request_count': 2,
 'downloader/request_method_count/GET': 2,
 'downloader/response_bytes': 40432,
 'downloader/response_count': 2,
 'downloader/response_status_count/200': 2,
 'finish_reason': 'finished',
 'finish_time': datetime.datetime(2016, 8, 9, 9, 55, 42, 457901),
 'log_count/DEBUG': 3,
 'log_count/INFO': 7,
 'response_received_count': 2,
 'scheduler/dequeued': 1,
 'scheduler/dequeued/memory': 1,
 'scheduler/enqueued': 1,
 'scheduler/enqueued/memory': 1,
 'start_time': datetime.datetime(2016, 8, 9, 9, 55, 42, 164855)}
2016-08-09 17:55:42 [scrapy] INFO: Spider closed (finished)
2016-08-09 17:55:52 [scrapy] INFO: Scrapy 1.2.0dev2 started (bot: wangyi_stock_news_us)
2016-08-09 17:55:52 [scrapy] INFO: Overridden settings: {'NEWSPIDER_MODULE': 'wangyi_stock_news_us.spiders', 'ROBOTSTXT_OBEY': True, 'SPIDER_MODULES': ['wangyi_stock_news_us.spiders'], 'LOG_FILE': 'logs.log', 'BOT_NAME': 'wangyi_stock_news_us'}
2016-08-09 17:55:52 [scrapy] INFO: Enabled extensions:
['scrapy.extensions.logstats.LogStats',
 'scrapy.extensions.telnet.TelnetConsole',
 'scrapy.extensions.corestats.CoreStats']
2016-08-09 17:55:52 [scrapy] INFO: Enabled downloader middlewares:
['scrapy.downloadermiddlewares.robotstxt.RobotsTxtMiddleware',
 'scrapy.downloadermiddlewares.httpauth.HttpAuthMiddleware',
 'scrapy.downloadermiddlewares.downloadtimeout.DownloadTimeoutMiddleware',
 'scrapy.downloadermiddlewares.defaultheaders.DefaultHeadersMiddleware',
 'scrapy.downloadermiddlewares.useragent.UserAgentMiddleware',
 'scrapy.downloadermiddlewares.retry.RetryMiddleware',
 'scrapy.downloadermiddlewares.redirect.MetaRefreshMiddleware',
 'scrapy.downloadermiddlewares.httpcompression.HttpCompressionMiddleware',
 'scrapy.downloadermiddlewares.redirect.RedirectMiddleware',
 'scrapy.downloadermiddlewares.cookies.CookiesMiddleware',
 'scrapy.downloadermiddlewares.chunked.ChunkedTransferMiddleware',
 'scrapy.downloadermiddlewares.stats.DownloaderStats']
2016-08-09 17:55:52 [scrapy] INFO: Enabled spider middlewares:
['scrapy.spidermiddlewares.httperror.HttpErrorMiddleware',
 'scrapy.spidermiddlewares.offsite.OffsiteMiddleware',
 'scrapy.spidermiddlewares.referer.RefererMiddleware',
 'scrapy.spidermiddlewares.urllength.UrlLengthMiddleware',
 'scrapy.spidermiddlewares.depth.DepthMiddleware']
2016-08-09 17:55:52 [scrapy] INFO: Enabled item pipelines:
[]
2016-08-09 17:55:52 [scrapy] INFO: Spider opened
2016-08-09 17:55:52 [scrapy] INFO: Crawled 0 pages (at 0 pages/min), scraped 0 items (at 0 items/min)
2016-08-09 17:55:52 [scrapy] DEBUG: Telnet console listening on 127.0.0.1:6023
2016-08-09 17:55:53 [scrapy] DEBUG: Crawled (200) <GET http://money.163.com/robots.txt> (referer: None)
2016-08-09 17:55:53 [scrapy] DEBUG: Crawled (200) <GET http://money.163.com/16/0809/15/BU1M77D500254TI5.html> (referer: None) ['partial']
2016-08-09 17:55:53 [scrapy] INFO: Closing spider (finished)
2016-08-09 17:55:53 [scrapy] INFO: Dumping Scrapy stats:
{'downloader/request_bytes': 472,
 'downloader/request_count': 2,
 'downloader/request_method_count/GET': 2,
 'downloader/response_bytes': 40432,
 'downloader/response_count': 2,
 'downloader/response_status_count/200': 2,
 'finish_reason': 'finished',
 'finish_time': datetime.datetime(2016, 8, 9, 9, 55, 53, 255989),
 'log_count/DEBUG': 3,
 'log_count/INFO': 7,
 'response_received_count': 2,
 'scheduler/dequeued': 1,
 'scheduler/dequeued/memory': 1,
 'scheduler/enqueued': 1,
 'scheduler/enqueued/memory': 1,
 'start_time': datetime.datetime(2016, 8, 9, 9, 55, 52, 988960)}
2016-08-09 17:55:53 [scrapy] INFO: Spider closed (finished)
