2016-08-09 16:00:17 [scrapy] INFO: Scrapy 1.2.0dev2 started (bot: hexun_stock_news_us)
2016-08-09 16:00:17 [scrapy] INFO: Overridden settings: {'NEWSPIDER_MODULE': 'hexun_stock_news_us.spiders', 'SPIDER_MODULES': ['hexun_stock_news_us.spiders'], 'LOG_FILE': 'logs.log', 'BOT_NAME': 'hexun_stock_news_us'}
2016-08-09 16:00:17 [scrapy] INFO: Enabled extensions:
['scrapy.extensions.logstats.LogStats',
 'scrapy.extensions.telnet.TelnetConsole',
 'scrapy.extensions.corestats.CoreStats']
2016-08-09 16:00:17 [scrapy] INFO: Enabled downloader middlewares:
['hexun_stock_news_us.random_user_agent.RandomUserAgentMiddleware',
 'scrapy.downloadermiddlewares.httpauth.HttpAuthMiddleware',
 'scrapy.downloadermiddlewares.downloadtimeout.DownloadTimeoutMiddleware',
 'scrapy.downloadermiddlewares.defaultheaders.DefaultHeadersMiddleware',
 'scrapy.downloadermiddlewares.useragent.UserAgentMiddleware',
 'scrapy.downloadermiddlewares.retry.RetryMiddleware',
 'scrapy.downloadermiddlewares.redirect.MetaRefreshMiddleware',
 'scrapy.downloadermiddlewares.httpcompression.HttpCompressionMiddleware',
 'scrapy.downloadermiddlewares.redirect.RedirectMiddleware',
 'scrapy.downloadermiddlewares.cookies.CookiesMiddleware',
 'scrapy.downloadermiddlewares.chunked.ChunkedTransferMiddleware',
 'scrapy.downloadermiddlewares.stats.DownloaderStats']
2016-08-09 16:00:17 [scrapy] INFO: Enabled spider middlewares:
['scrapy.spidermiddlewares.httperror.HttpErrorMiddleware',
 'scrapy.spidermiddlewares.offsite.OffsiteMiddleware',
 'scrapy.spidermiddlewares.referer.RefererMiddleware',
 'scrapy.spidermiddlewares.urllength.UrlLengthMiddleware',
 'scrapy.spidermiddlewares.depth.DepthMiddleware']
2016-08-09 16:00:17 [scrapy] INFO: Enabled item pipelines:
['hexun_stock_news_us.pipelines.HexunStockNewsUsPipeline']
2016-08-09 16:00:17 [scrapy] INFO: Spider opened
2016-08-09 16:00:17 [scrapy] INFO: Crawled 0 pages (at 0 pages/min), scraped 0 items (at 0 items/min)
2016-08-09 16:00:17 [scrapy] DEBUG: Telnet console listening on 127.0.0.1:6023
2016-08-09 16:00:17 [scrapy] DEBUG: Crawled (200) <GET http://hkdata.stock.hexun.com/company/news/00941.shtml> (referer: None)
2016-08-09 16:00:17 [scrapy] INFO: Closing spider (finished)
2016-08-09 16:00:17 [scrapy] INFO: Dumping Scrapy stats:
{'downloader/request_bytes': 304,
 'downloader/request_count': 1,
 'downloader/request_method_count/GET': 1,
 'downloader/response_bytes': 7103,
 'downloader/response_count': 1,
 'downloader/response_status_count/200': 1,
 'finish_reason': 'finished',
 'finish_time': datetime.datetime(2016, 8, 9, 8, 0, 17, 757579),
 'log_count/DEBUG': 2,
 'log_count/INFO': 7,
 'response_received_count': 1,
 'scheduler/dequeued': 1,
 'scheduler/dequeued/memory': 1,
 'scheduler/enqueued': 1,
 'scheduler/enqueued/memory': 1,
 'start_time': datetime.datetime(2016, 8, 9, 8, 0, 17, 225092)}
2016-08-09 16:00:17 [scrapy] INFO: Spider closed (finished)
2016-08-09 16:01:52 [scrapy] INFO: Scrapy 1.2.0dev2 started (bot: hexun_stock_news_us)
2016-08-09 16:01:52 [scrapy] INFO: Overridden settings: {'NEWSPIDER_MODULE': 'hexun_stock_news_us.spiders', 'SPIDER_MODULES': ['hexun_stock_news_us.spiders'], 'LOG_FILE': 'logs.log', 'BOT_NAME': 'hexun_stock_news_us'}
2016-08-09 16:01:52 [scrapy] INFO: Enabled extensions:
['scrapy.extensions.logstats.LogStats',
 'scrapy.extensions.telnet.TelnetConsole',
 'scrapy.extensions.corestats.CoreStats']
2016-08-09 16:01:52 [scrapy] INFO: Enabled downloader middlewares:
['hexun_stock_news_us.random_user_agent.RandomUserAgentMiddleware',
 'scrapy.downloadermiddlewares.httpauth.HttpAuthMiddleware',
 'scrapy.downloadermiddlewares.downloadtimeout.DownloadTimeoutMiddleware',
 'scrapy.downloadermiddlewares.defaultheaders.DefaultHeadersMiddleware',
 'scrapy.downloadermiddlewares.useragent.UserAgentMiddleware',
 'scrapy.downloadermiddlewares.retry.RetryMiddleware',
 'scrapy.downloadermiddlewares.redirect.MetaRefreshMiddleware',
 'scrapy.downloadermiddlewares.httpcompression.HttpCompressionMiddleware',
 'scrapy.downloadermiddlewares.redirect.RedirectMiddleware',
 'scrapy.downloadermiddlewares.cookies.CookiesMiddleware',
 'scrapy.downloadermiddlewares.chunked.ChunkedTransferMiddleware',
 'scrapy.downloadermiddlewares.stats.DownloaderStats']
2016-08-09 16:01:52 [scrapy] INFO: Enabled spider middlewares:
['scrapy.spidermiddlewares.httperror.HttpErrorMiddleware',
 'scrapy.spidermiddlewares.offsite.OffsiteMiddleware',
 'scrapy.spidermiddlewares.referer.RefererMiddleware',
 'scrapy.spidermiddlewares.urllength.UrlLengthMiddleware',
 'scrapy.spidermiddlewares.depth.DepthMiddleware']
2016-08-09 16:01:52 [scrapy] INFO: Enabled item pipelines:
['hexun_stock_news_us.pipelines.HexunStockNewsUsPipeline']
2016-08-09 16:01:52 [scrapy] INFO: Spider opened
2016-08-09 16:01:52 [scrapy] INFO: Crawled 0 pages (at 0 pages/min), scraped 0 items (at 0 items/min)
2016-08-09 16:01:52 [scrapy] DEBUG: Telnet console listening on 127.0.0.1:6023
2016-08-09 16:01:52 [scrapy] DEBUG: Crawled (200) <GET http://hkdata.stock.hexun.com/company/news/00941.shtml> (referer: None)
2016-08-09 16:01:52 [scrapy] INFO: Closing spider (finished)
2016-08-09 16:01:52 [scrapy] INFO: Dumping Scrapy stats:
{'downloader/request_bytes': 304,
 'downloader/request_count': 1,
 'downloader/request_method_count/GET': 1,
 'downloader/response_bytes': 6371,
 'downloader/response_count': 1,
 'downloader/response_status_count/200': 1,
 'finish_reason': 'finished',
 'finish_time': datetime.datetime(2016, 8, 9, 8, 1, 52, 682678),
 'log_count/DEBUG': 2,
 'log_count/INFO': 7,
 'response_received_count': 1,
 'scheduler/dequeued': 1,
 'scheduler/dequeued/memory': 1,
 'scheduler/enqueued': 1,
 'scheduler/enqueued/memory': 1,
 'start_time': datetime.datetime(2016, 8, 9, 8, 1, 52, 124393)}
2016-08-09 16:01:52 [scrapy] INFO: Spider closed (finished)
2016-08-09 16:02:34 [scrapy] INFO: Scrapy 1.2.0dev2 started (bot: hexun_stock_news_us)
2016-08-09 16:02:34 [scrapy] INFO: Overridden settings: {'NEWSPIDER_MODULE': 'hexun_stock_news_us.spiders', 'SPIDER_MODULES': ['hexun_stock_news_us.spiders'], 'LOG_FILE': 'logs.log', 'BOT_NAME': 'hexun_stock_news_us'}
2016-08-09 16:02:34 [scrapy] INFO: Enabled extensions:
['scrapy.extensions.logstats.LogStats',
 'scrapy.extensions.telnet.TelnetConsole',
 'scrapy.extensions.corestats.CoreStats']
2016-08-09 16:02:34 [scrapy] INFO: Enabled downloader middlewares:
['hexun_stock_news_us.random_user_agent.RandomUserAgentMiddleware',
 'scrapy.downloadermiddlewares.httpauth.HttpAuthMiddleware',
 'scrapy.downloadermiddlewares.downloadtimeout.DownloadTimeoutMiddleware',
 'scrapy.downloadermiddlewares.defaultheaders.DefaultHeadersMiddleware',
 'scrapy.downloadermiddlewares.useragent.UserAgentMiddleware',
 'scrapy.downloadermiddlewares.retry.RetryMiddleware',
 'scrapy.downloadermiddlewares.redirect.MetaRefreshMiddleware',
 'scrapy.downloadermiddlewares.httpcompression.HttpCompressionMiddleware',
 'scrapy.downloadermiddlewares.redirect.RedirectMiddleware',
 'scrapy.downloadermiddlewares.cookies.CookiesMiddleware',
 'scrapy.downloadermiddlewares.chunked.ChunkedTransferMiddleware',
 'scrapy.downloadermiddlewares.stats.DownloaderStats']
2016-08-09 16:02:34 [scrapy] INFO: Enabled spider middlewares:
['scrapy.spidermiddlewares.httperror.HttpErrorMiddleware',
 'scrapy.spidermiddlewares.offsite.OffsiteMiddleware',
 'scrapy.spidermiddlewares.referer.RefererMiddleware',
 'scrapy.spidermiddlewares.urllength.UrlLengthMiddleware',
 'scrapy.spidermiddlewares.depth.DepthMiddleware']
2016-08-09 16:02:34 [scrapy] INFO: Enabled item pipelines:
['hexun_stock_news_us.pipelines.HexunStockNewsUsPipeline']
2016-08-09 16:02:34 [scrapy] INFO: Spider opened
2016-08-09 16:02:34 [scrapy] INFO: Crawled 0 pages (at 0 pages/min), scraped 0 items (at 0 items/min)
2016-08-09 16:02:34 [scrapy] DEBUG: Telnet console listening on 127.0.0.1:6023
2016-08-09 16:02:34 [scrapy] DEBUG: Crawled (200) <GET http://hkdata.stock.hexun.com/company/news/00941.shtml> (referer: None)
2016-08-09 16:02:34 [scrapy] INFO: Closing spider (finished)
2016-08-09 16:02:34 [scrapy] INFO: Dumping Scrapy stats:
{'downloader/request_bytes': 304,
 'downloader/request_count': 1,
 'downloader/request_method_count/GET': 1,
 'downloader/response_bytes': 6371,
 'downloader/response_count': 1,
 'downloader/response_status_count/200': 1,
 'finish_reason': 'finished',
 'finish_time': datetime.datetime(2016, 8, 9, 8, 2, 34, 872035),
 'log_count/DEBUG': 2,
 'log_count/INFO': 7,
 'response_received_count': 1,
 'scheduler/dequeued': 1,
 'scheduler/dequeued/memory': 1,
 'scheduler/enqueued': 1,
 'scheduler/enqueued/memory': 1,
 'start_time': datetime.datetime(2016, 8, 9, 8, 2, 34, 248913)}
2016-08-09 16:02:34 [scrapy] INFO: Spider closed (finished)
2016-08-09 16:03:05 [scrapy] INFO: Scrapy 1.2.0dev2 started (bot: hexun_stock_news_us)
2016-08-09 16:03:05 [scrapy] INFO: Overridden settings: {'NEWSPIDER_MODULE': 'hexun_stock_news_us.spiders', 'SPIDER_MODULES': ['hexun_stock_news_us.spiders'], 'LOG_FILE': 'logs.log', 'BOT_NAME': 'hexun_stock_news_us'}
2016-08-09 16:03:05 [scrapy] INFO: Enabled extensions:
['scrapy.extensions.logstats.LogStats',
 'scrapy.extensions.telnet.TelnetConsole',
 'scrapy.extensions.corestats.CoreStats']
2016-08-09 16:03:05 [scrapy] INFO: Enabled downloader middlewares:
['hexun_stock_news_us.random_user_agent.RandomUserAgentMiddleware',
 'scrapy.downloadermiddlewares.httpauth.HttpAuthMiddleware',
 'scrapy.downloadermiddlewares.downloadtimeout.DownloadTimeoutMiddleware',
 'scrapy.downloadermiddlewares.defaultheaders.DefaultHeadersMiddleware',
 'scrapy.downloadermiddlewares.useragent.UserAgentMiddleware',
 'scrapy.downloadermiddlewares.retry.RetryMiddleware',
 'scrapy.downloadermiddlewares.redirect.MetaRefreshMiddleware',
 'scrapy.downloadermiddlewares.httpcompression.HttpCompressionMiddleware',
 'scrapy.downloadermiddlewares.redirect.RedirectMiddleware',
 'scrapy.downloadermiddlewares.cookies.CookiesMiddleware',
 'scrapy.downloadermiddlewares.chunked.ChunkedTransferMiddleware',
 'scrapy.downloadermiddlewares.stats.DownloaderStats']
2016-08-09 16:03:05 [scrapy] INFO: Enabled spider middlewares:
['scrapy.spidermiddlewares.httperror.HttpErrorMiddleware',
 'scrapy.spidermiddlewares.offsite.OffsiteMiddleware',
 'scrapy.spidermiddlewares.referer.RefererMiddleware',
 'scrapy.spidermiddlewares.urllength.UrlLengthMiddleware',
 'scrapy.spidermiddlewares.depth.DepthMiddleware']
2016-08-09 16:03:05 [scrapy] INFO: Enabled item pipelines:
['hexun_stock_news_us.pipelines.HexunStockNewsUsPipeline']
2016-08-09 16:03:05 [scrapy] INFO: Spider opened
2016-08-09 16:03:05 [scrapy] INFO: Crawled 0 pages (at 0 pages/min), scraped 0 items (at 0 items/min)
2016-08-09 16:03:05 [scrapy] DEBUG: Telnet console listening on 127.0.0.1:6023
2016-08-09 16:03:05 [scrapy] DEBUG: Crawled (200) <GET http://hkdata.stock.hexun.com/company/news/00941.shtml> (referer: None)
2016-08-09 16:03:06 [scrapy] INFO: Closing spider (finished)
2016-08-09 16:03:06 [scrapy] INFO: Dumping Scrapy stats:
{'downloader/request_bytes': 304,
 'downloader/request_count': 1,
 'downloader/request_method_count/GET': 1,
 'downloader/response_bytes': 7103,
 'downloader/response_count': 1,
 'downloader/response_status_count/200': 1,
 'finish_reason': 'finished',
 'finish_time': datetime.datetime(2016, 8, 9, 8, 3, 6, 278084),
 'log_count/DEBUG': 2,
 'log_count/INFO': 7,
 'response_received_count': 1,
 'scheduler/dequeued': 1,
 'scheduler/dequeued/memory': 1,
 'scheduler/enqueued': 1,
 'scheduler/enqueued/memory': 1,
 'start_time': datetime.datetime(2016, 8, 9, 8, 3, 5, 688075)}
2016-08-09 16:03:06 [scrapy] INFO: Spider closed (finished)
2016-08-09 16:03:35 [scrapy] INFO: Scrapy 1.2.0dev2 started (bot: hexun_stock_news_us)
2016-08-09 16:03:35 [scrapy] INFO: Overridden settings: {'NEWSPIDER_MODULE': 'hexun_stock_news_us.spiders', 'SPIDER_MODULES': ['hexun_stock_news_us.spiders'], 'LOG_FILE': 'logs.log', 'BOT_NAME': 'hexun_stock_news_us'}
2016-08-09 16:03:35 [scrapy] INFO: Enabled extensions:
['scrapy.extensions.logstats.LogStats',
 'scrapy.extensions.telnet.TelnetConsole',
 'scrapy.extensions.corestats.CoreStats']
2016-08-09 16:03:35 [scrapy] INFO: Enabled downloader middlewares:
['hexun_stock_news_us.random_user_agent.RandomUserAgentMiddleware',
 'scrapy.downloadermiddlewares.httpauth.HttpAuthMiddleware',
 'scrapy.downloadermiddlewares.downloadtimeout.DownloadTimeoutMiddleware',
 'scrapy.downloadermiddlewares.defaultheaders.DefaultHeadersMiddleware',
 'scrapy.downloadermiddlewares.useragent.UserAgentMiddleware',
 'scrapy.downloadermiddlewares.retry.RetryMiddleware',
 'scrapy.downloadermiddlewares.redirect.MetaRefreshMiddleware',
 'scrapy.downloadermiddlewares.httpcompression.HttpCompressionMiddleware',
 'scrapy.downloadermiddlewares.redirect.RedirectMiddleware',
 'scrapy.downloadermiddlewares.cookies.CookiesMiddleware',
 'scrapy.downloadermiddlewares.chunked.ChunkedTransferMiddleware',
 'scrapy.downloadermiddlewares.stats.DownloaderStats']
2016-08-09 16:03:35 [scrapy] INFO: Enabled spider middlewares:
['scrapy.spidermiddlewares.httperror.HttpErrorMiddleware',
 'scrapy.spidermiddlewares.offsite.OffsiteMiddleware',
 'scrapy.spidermiddlewares.referer.RefererMiddleware',
 'scrapy.spidermiddlewares.urllength.UrlLengthMiddleware',
 'scrapy.spidermiddlewares.depth.DepthMiddleware']
2016-08-09 16:03:35 [scrapy] INFO: Enabled item pipelines:
['hexun_stock_news_us.pipelines.HexunStockNewsUsPipeline']
2016-08-09 16:03:35 [scrapy] INFO: Spider opened
2016-08-09 16:03:35 [scrapy] INFO: Crawled 0 pages (at 0 pages/min), scraped 0 items (at 0 items/min)
2016-08-09 16:03:35 [scrapy] DEBUG: Telnet console listening on 127.0.0.1:6023
2016-08-09 16:03:35 [scrapy] DEBUG: Crawled (200) <GET http://hkdata.stock.hexun.com/company/news/00941.shtml> (referer: None)
2016-08-09 16:03:36 [scrapy] INFO: Closing spider (finished)
2016-08-09 16:03:36 [scrapy] INFO: Dumping Scrapy stats:
{'downloader/request_bytes': 304,
 'downloader/request_count': 1,
 'downloader/request_method_count/GET': 1,
 'downloader/response_bytes': 6371,
 'downloader/response_count': 1,
 'downloader/response_status_count/200': 1,
 'finish_reason': 'finished',
 'finish_time': datetime.datetime(2016, 8, 9, 8, 3, 36, 236128),
 'log_count/DEBUG': 2,
 'log_count/INFO': 7,
 'response_received_count': 1,
 'scheduler/dequeued': 1,
 'scheduler/dequeued/memory': 1,
 'scheduler/enqueued': 1,
 'scheduler/enqueued/memory': 1,
 'start_time': datetime.datetime(2016, 8, 9, 8, 3, 35, 786059)}
2016-08-09 16:03:36 [scrapy] INFO: Spider closed (finished)
2016-08-09 16:05:00 [scrapy] INFO: Scrapy 1.2.0dev2 started (bot: hexun_stock_news_us)
2016-08-09 16:05:00 [scrapy] INFO: Overridden settings: {'NEWSPIDER_MODULE': 'hexun_stock_news_us.spiders', 'SPIDER_MODULES': ['hexun_stock_news_us.spiders'], 'LOG_FILE': 'logs.log', 'BOT_NAME': 'hexun_stock_news_us'}
2016-08-09 16:05:00 [scrapy] INFO: Enabled extensions:
['scrapy.extensions.logstats.LogStats',
 'scrapy.extensions.telnet.TelnetConsole',
 'scrapy.extensions.corestats.CoreStats']
2016-08-09 16:05:00 [scrapy] INFO: Enabled downloader middlewares:
['hexun_stock_news_us.random_user_agent.RandomUserAgentMiddleware',
 'scrapy.downloadermiddlewares.httpauth.HttpAuthMiddleware',
 'scrapy.downloadermiddlewares.downloadtimeout.DownloadTimeoutMiddleware',
 'scrapy.downloadermiddlewares.defaultheaders.DefaultHeadersMiddleware',
 'scrapy.downloadermiddlewares.useragent.UserAgentMiddleware',
 'scrapy.downloadermiddlewares.retry.RetryMiddleware',
 'scrapy.downloadermiddlewares.redirect.MetaRefreshMiddleware',
 'scrapy.downloadermiddlewares.httpcompression.HttpCompressionMiddleware',
 'scrapy.downloadermiddlewares.redirect.RedirectMiddleware',
 'scrapy.downloadermiddlewares.cookies.CookiesMiddleware',
 'scrapy.downloadermiddlewares.chunked.ChunkedTransferMiddleware',
 'scrapy.downloadermiddlewares.stats.DownloaderStats']
2016-08-09 16:05:00 [scrapy] INFO: Enabled spider middlewares:
['scrapy.spidermiddlewares.httperror.HttpErrorMiddleware',
 'scrapy.spidermiddlewares.offsite.OffsiteMiddleware',
 'scrapy.spidermiddlewares.referer.RefererMiddleware',
 'scrapy.spidermiddlewares.urllength.UrlLengthMiddleware',
 'scrapy.spidermiddlewares.depth.DepthMiddleware']
2016-08-09 16:05:00 [scrapy] INFO: Enabled item pipelines:
['hexun_stock_news_us.pipelines.HexunStockNewsUsPipeline']
2016-08-09 16:05:00 [scrapy] INFO: Spider opened
2016-08-09 16:05:00 [scrapy] INFO: Crawled 0 pages (at 0 pages/min), scraped 0 items (at 0 items/min)
2016-08-09 16:05:00 [scrapy] DEBUG: Telnet console listening on 127.0.0.1:6023
2016-08-09 16:05:00 [scrapy] DEBUG: Crawled (200) <GET http://hkdata.stock.hexun.com/company/news/00941.shtml> (referer: None)
2016-08-09 16:05:00 [scrapy] INFO: Closing spider (finished)
2016-08-09 16:05:00 [scrapy] INFO: Dumping Scrapy stats:
{'downloader/request_bytes': 304,
 'downloader/request_count': 1,
 'downloader/request_method_count/GET': 1,
 'downloader/response_bytes': 7103,
 'downloader/response_count': 1,
 'downloader/response_status_count/200': 1,
 'finish_reason': 'finished',
 'finish_time': datetime.datetime(2016, 8, 9, 8, 5, 0, 815351),
 'log_count/DEBUG': 2,
 'log_count/INFO': 7,
 'response_received_count': 1,
 'scheduler/dequeued': 1,
 'scheduler/dequeued/memory': 1,
 'scheduler/enqueued': 1,
 'scheduler/enqueued/memory': 1,
 'start_time': datetime.datetime(2016, 8, 9, 8, 5, 0, 112495)}
2016-08-09 16:05:00 [scrapy] INFO: Spider closed (finished)
2016-08-09 16:05:26 [scrapy] INFO: Scrapy 1.2.0dev2 started (bot: hexun_stock_news_us)
2016-08-09 16:05:26 [scrapy] INFO: Overridden settings: {'NEWSPIDER_MODULE': 'hexun_stock_news_us.spiders', 'SPIDER_MODULES': ['hexun_stock_news_us.spiders'], 'LOG_FILE': 'logs.log', 'BOT_NAME': 'hexun_stock_news_us'}
2016-08-09 16:05:26 [scrapy] INFO: Enabled extensions:
['scrapy.extensions.logstats.LogStats',
 'scrapy.extensions.telnet.TelnetConsole',
 'scrapy.extensions.corestats.CoreStats']
2016-08-09 16:05:26 [scrapy] INFO: Enabled downloader middlewares:
['hexun_stock_news_us.random_user_agent.RandomUserAgentMiddleware',
 'scrapy.downloadermiddlewares.httpauth.HttpAuthMiddleware',
 'scrapy.downloadermiddlewares.downloadtimeout.DownloadTimeoutMiddleware',
 'scrapy.downloadermiddlewares.defaultheaders.DefaultHeadersMiddleware',
 'scrapy.downloadermiddlewares.useragent.UserAgentMiddleware',
 'scrapy.downloadermiddlewares.retry.RetryMiddleware',
 'scrapy.downloadermiddlewares.redirect.MetaRefreshMiddleware',
 'scrapy.downloadermiddlewares.httpcompression.HttpCompressionMiddleware',
 'scrapy.downloadermiddlewares.redirect.RedirectMiddleware',
 'scrapy.downloadermiddlewares.cookies.CookiesMiddleware',
 'scrapy.downloadermiddlewares.chunked.ChunkedTransferMiddleware',
 'scrapy.downloadermiddlewares.stats.DownloaderStats']
2016-08-09 16:05:26 [scrapy] INFO: Enabled spider middlewares:
['scrapy.spidermiddlewares.httperror.HttpErrorMiddleware',
 'scrapy.spidermiddlewares.offsite.OffsiteMiddleware',
 'scrapy.spidermiddlewares.referer.RefererMiddleware',
 'scrapy.spidermiddlewares.urllength.UrlLengthMiddleware',
 'scrapy.spidermiddlewares.depth.DepthMiddleware']
2016-08-09 16:05:26 [scrapy] INFO: Enabled item pipelines:
['hexun_stock_news_us.pipelines.HexunStockNewsUsPipeline']
2016-08-09 16:05:26 [scrapy] INFO: Spider opened
2016-08-09 16:05:26 [scrapy] INFO: Crawled 0 pages (at 0 pages/min), scraped 0 items (at 0 items/min)
2016-08-09 16:05:26 [scrapy] DEBUG: Telnet console listening on 127.0.0.1:6023
2016-08-09 16:05:26 [scrapy] DEBUG: Crawled (200) <GET http://hkdata.stock.hexun.com/company/news/00941.shtml> (referer: None)
2016-08-09 16:05:27 [scrapy] INFO: Closing spider (finished)
2016-08-09 16:05:27 [scrapy] INFO: Dumping Scrapy stats:
{'downloader/request_bytes': 304,
 'downloader/request_count': 1,
 'downloader/request_method_count/GET': 1,
 'downloader/response_bytes': 7103,
 'downloader/response_count': 1,
 'downloader/response_status_count/200': 1,
 'finish_reason': 'finished',
 'finish_time': datetime.datetime(2016, 8, 9, 8, 5, 27, 130120),
 'log_count/DEBUG': 2,
 'log_count/INFO': 7,
 'response_received_count': 1,
 'scheduler/dequeued': 1,
 'scheduler/dequeued/memory': 1,
 'scheduler/enqueued': 1,
 'scheduler/enqueued/memory': 1,
 'start_time': datetime.datetime(2016, 8, 9, 8, 5, 26, 574846)}
2016-08-09 16:05:27 [scrapy] INFO: Spider closed (finished)
2016-08-09 16:05:58 [scrapy] INFO: Scrapy 1.2.0dev2 started (bot: hexun_stock_news_us)
2016-08-09 16:05:58 [scrapy] INFO: Overridden settings: {'NEWSPIDER_MODULE': 'hexun_stock_news_us.spiders', 'SPIDER_MODULES': ['hexun_stock_news_us.spiders'], 'LOG_FILE': 'logs.log', 'BOT_NAME': 'hexun_stock_news_us'}
2016-08-09 16:05:58 [scrapy] INFO: Enabled extensions:
['scrapy.extensions.logstats.LogStats',
 'scrapy.extensions.telnet.TelnetConsole',
 'scrapy.extensions.corestats.CoreStats']
2016-08-09 16:05:58 [scrapy] INFO: Enabled downloader middlewares:
['hexun_stock_news_us.random_user_agent.RandomUserAgentMiddleware',
 'scrapy.downloadermiddlewares.httpauth.HttpAuthMiddleware',
 'scrapy.downloadermiddlewares.downloadtimeout.DownloadTimeoutMiddleware',
 'scrapy.downloadermiddlewares.defaultheaders.DefaultHeadersMiddleware',
 'scrapy.downloadermiddlewares.useragent.UserAgentMiddleware',
 'scrapy.downloadermiddlewares.retry.RetryMiddleware',
 'scrapy.downloadermiddlewares.redirect.MetaRefreshMiddleware',
 'scrapy.downloadermiddlewares.httpcompression.HttpCompressionMiddleware',
 'scrapy.downloadermiddlewares.redirect.RedirectMiddleware',
 'scrapy.downloadermiddlewares.cookies.CookiesMiddleware',
 'scrapy.downloadermiddlewares.chunked.ChunkedTransferMiddleware',
 'scrapy.downloadermiddlewares.stats.DownloaderStats']
2016-08-09 16:05:58 [scrapy] INFO: Enabled spider middlewares:
['scrapy.spidermiddlewares.httperror.HttpErrorMiddleware',
 'scrapy.spidermiddlewares.offsite.OffsiteMiddleware',
 'scrapy.spidermiddlewares.referer.RefererMiddleware',
 'scrapy.spidermiddlewares.urllength.UrlLengthMiddleware',
 'scrapy.spidermiddlewares.depth.DepthMiddleware']
2016-08-09 16:05:58 [scrapy] INFO: Enabled item pipelines:
['hexun_stock_news_us.pipelines.HexunStockNewsUsPipeline']
2016-08-09 16:05:58 [scrapy] INFO: Spider opened
2016-08-09 16:05:58 [scrapy] INFO: Crawled 0 pages (at 0 pages/min), scraped 0 items (at 0 items/min)
2016-08-09 16:05:58 [scrapy] DEBUG: Telnet console listening on 127.0.0.1:6023
2016-08-09 16:05:59 [scrapy] DEBUG: Crawled (200) <GET http://hkdata.stock.hexun.com/company/news/00941.shtml> (referer: None)
2016-08-09 16:05:59 [scrapy] INFO: Closing spider (finished)
2016-08-09 16:05:59 [scrapy] INFO: Dumping Scrapy stats:
{'downloader/request_bytes': 304,
 'downloader/request_count': 1,
 'downloader/request_method_count/GET': 1,
 'downloader/response_bytes': 6371,
 'downloader/response_count': 1,
 'downloader/response_status_count/200': 1,
 'finish_reason': 'finished',
 'finish_time': datetime.datetime(2016, 8, 9, 8, 5, 59, 407591),
 'log_count/DEBUG': 2,
 'log_count/INFO': 7,
 'response_received_count': 1,
 'scheduler/dequeued': 1,
 'scheduler/dequeued/memory': 1,
 'scheduler/enqueued': 1,
 'scheduler/enqueued/memory': 1,
 'start_time': datetime.datetime(2016, 8, 9, 8, 5, 58, 933775)}
2016-08-09 16:05:59 [scrapy] INFO: Spider closed (finished)
2016-08-09 16:07:36 [scrapy] INFO: Scrapy 1.2.0dev2 started (bot: hexun_stock_news_us)
2016-08-09 16:07:36 [scrapy] INFO: Overridden settings: {'NEWSPIDER_MODULE': 'hexun_stock_news_us.spiders', 'SPIDER_MODULES': ['hexun_stock_news_us.spiders'], 'LOG_FILE': 'logs.log', 'BOT_NAME': 'hexun_stock_news_us'}
2016-08-09 16:07:36 [scrapy] INFO: Enabled extensions:
['scrapy.extensions.logstats.LogStats',
 'scrapy.extensions.telnet.TelnetConsole',
 'scrapy.extensions.corestats.CoreStats']
2016-08-09 16:07:36 [scrapy] INFO: Enabled downloader middlewares:
['hexun_stock_news_us.random_user_agent.RandomUserAgentMiddleware',
 'scrapy.downloadermiddlewares.httpauth.HttpAuthMiddleware',
 'scrapy.downloadermiddlewares.downloadtimeout.DownloadTimeoutMiddleware',
 'scrapy.downloadermiddlewares.defaultheaders.DefaultHeadersMiddleware',
 'scrapy.downloadermiddlewares.useragent.UserAgentMiddleware',
 'scrapy.downloadermiddlewares.retry.RetryMiddleware',
 'scrapy.downloadermiddlewares.redirect.MetaRefreshMiddleware',
 'scrapy.downloadermiddlewares.httpcompression.HttpCompressionMiddleware',
 'scrapy.downloadermiddlewares.redirect.RedirectMiddleware',
 'scrapy.downloadermiddlewares.cookies.CookiesMiddleware',
 'scrapy.downloadermiddlewares.chunked.ChunkedTransferMiddleware',
 'scrapy.downloadermiddlewares.stats.DownloaderStats']
2016-08-09 16:07:36 [scrapy] INFO: Enabled spider middlewares:
['scrapy.spidermiddlewares.httperror.HttpErrorMiddleware',
 'scrapy.spidermiddlewares.offsite.OffsiteMiddleware',
 'scrapy.spidermiddlewares.referer.RefererMiddleware',
 'scrapy.spidermiddlewares.urllength.UrlLengthMiddleware',
 'scrapy.spidermiddlewares.depth.DepthMiddleware']
2016-08-09 16:07:36 [scrapy] INFO: Enabled item pipelines:
['hexun_stock_news_us.pipelines.HexunStockNewsUsPipeline']
2016-08-09 16:07:36 [scrapy] INFO: Spider opened
2016-08-09 16:07:36 [scrapy] INFO: Crawled 0 pages (at 0 pages/min), scraped 0 items (at 0 items/min)
2016-08-09 16:07:36 [scrapy] DEBUG: Telnet console listening on 127.0.0.1:6023
2016-08-09 16:07:36 [scrapy] DEBUG: Crawled (200) <GET http://hkdata.stock.hexun.com/company/news/00941.shtml> (referer: None)
2016-08-09 16:07:36 [scrapy] DEBUG: Crawled (200) <GET http://stockdata.stock.hexun.com/us/news/CXDC.shtml> (referer: None)
2016-08-09 16:07:37 [scrapy] DEBUG: Crawled (200) <GET http://stockdata.stock.hexun.com/us/news/JD.shtml> (referer: None)
2016-08-09 16:07:37 [scrapy] INFO: Closing spider (finished)
2016-08-09 16:07:37 [scrapy] INFO: Dumping Scrapy stats:
{'downloader/request_bytes': 904,
 'downloader/request_count': 3,
 'downloader/request_method_count/GET': 3,
 'downloader/response_bytes': 25599,
 'downloader/response_count': 3,
 'downloader/response_status_count/200': 3,
 'finish_reason': 'finished',
 'finish_time': datetime.datetime(2016, 8, 9, 8, 7, 37, 378503),
 'log_count/DEBUG': 4,
 'log_count/INFO': 7,
 'response_received_count': 3,
 'scheduler/dequeued': 3,
 'scheduler/dequeued/memory': 3,
 'scheduler/enqueued': 3,
 'scheduler/enqueued/memory': 3,
 'start_time': datetime.datetime(2016, 8, 9, 8, 7, 36, 638000)}
2016-08-09 16:07:37 [scrapy] INFO: Spider closed (finished)
2016-08-09 16:08:32 [scrapy] INFO: Scrapy 1.2.0dev2 started (bot: hexun_stock_news_us)
2016-08-09 16:08:32 [scrapy] INFO: Overridden settings: {'NEWSPIDER_MODULE': 'hexun_stock_news_us.spiders', 'SPIDER_MODULES': ['hexun_stock_news_us.spiders'], 'LOG_FILE': 'logs.log', 'BOT_NAME': 'hexun_stock_news_us'}
2016-08-09 16:08:32 [scrapy] INFO: Enabled extensions:
['scrapy.extensions.logstats.LogStats',
 'scrapy.extensions.telnet.TelnetConsole',
 'scrapy.extensions.corestats.CoreStats']
2016-08-09 16:08:32 [scrapy] INFO: Enabled downloader middlewares:
['hexun_stock_news_us.random_user_agent.RandomUserAgentMiddleware',
 'scrapy.downloadermiddlewares.httpauth.HttpAuthMiddleware',
 'scrapy.downloadermiddlewares.downloadtimeout.DownloadTimeoutMiddleware',
 'scrapy.downloadermiddlewares.defaultheaders.DefaultHeadersMiddleware',
 'scrapy.downloadermiddlewares.useragent.UserAgentMiddleware',
 'scrapy.downloadermiddlewares.retry.RetryMiddleware',
 'scrapy.downloadermiddlewares.redirect.MetaRefreshMiddleware',
 'scrapy.downloadermiddlewares.httpcompression.HttpCompressionMiddleware',
 'scrapy.downloadermiddlewares.redirect.RedirectMiddleware',
 'scrapy.downloadermiddlewares.cookies.CookiesMiddleware',
 'scrapy.downloadermiddlewares.chunked.ChunkedTransferMiddleware',
 'scrapy.downloadermiddlewares.stats.DownloaderStats']
2016-08-09 16:08:32 [scrapy] INFO: Enabled spider middlewares:
['scrapy.spidermiddlewares.httperror.HttpErrorMiddleware',
 'scrapy.spidermiddlewares.offsite.OffsiteMiddleware',
 'scrapy.spidermiddlewares.referer.RefererMiddleware',
 'scrapy.spidermiddlewares.urllength.UrlLengthMiddleware',
 'scrapy.spidermiddlewares.depth.DepthMiddleware']
2016-08-09 16:08:32 [scrapy] INFO: Enabled item pipelines:
['hexun_stock_news_us.pipelines.HexunStockNewsUsPipeline']
2016-08-09 16:08:32 [scrapy] INFO: Spider opened
2016-08-09 16:08:32 [scrapy] INFO: Crawled 0 pages (at 0 pages/min), scraped 0 items (at 0 items/min)
2016-08-09 16:08:32 [scrapy] DEBUG: Telnet console listening on 127.0.0.1:6023
2016-08-09 16:08:32 [scrapy] DEBUG: Crawled (200) <GET http://stockdata.stock.hexun.com/us/news/JD.shtml> (referer: None)
2016-08-09 16:08:32 [scrapy] DEBUG: Crawled (200) <GET http://hkdata.stock.hexun.com/company/news/00941.shtml> (referer: None)
2016-08-09 16:08:32 [scrapy] DEBUG: Crawled (200) <GET http://stockdata.stock.hexun.com/us/news/CXDC.shtml> (referer: None)
2016-08-09 16:08:33 [scrapy] INFO: Closing spider (finished)
2016-08-09 16:08:33 [scrapy] INFO: Dumping Scrapy stats:
{'downloader/request_bytes': 904,
 'downloader/request_count': 3,
 'downloader/request_method_count/GET': 3,
 'downloader/response_bytes': 16851,
 'downloader/response_count': 3,
 'downloader/response_status_count/200': 3,
 'finish_reason': 'finished',
 'finish_time': datetime.datetime(2016, 8, 9, 8, 8, 33, 452398),
 'log_count/DEBUG': 4,
 'log_count/INFO': 7,
 'response_received_count': 3,
 'scheduler/dequeued': 3,
 'scheduler/dequeued/memory': 3,
 'scheduler/enqueued': 3,
 'scheduler/enqueued/memory': 3,
 'start_time': datetime.datetime(2016, 8, 9, 8, 8, 32, 758014)}
2016-08-09 16:08:33 [scrapy] INFO: Spider closed (finished)
2016-08-09 16:08:50 [scrapy] INFO: Scrapy 1.2.0dev2 started (bot: hexun_stock_news_us)
2016-08-09 16:08:50 [scrapy] INFO: Overridden settings: {'NEWSPIDER_MODULE': 'hexun_stock_news_us.spiders', 'SPIDER_MODULES': ['hexun_stock_news_us.spiders'], 'LOG_FILE': 'logs.log', 'BOT_NAME': 'hexun_stock_news_us'}
2016-08-09 16:08:50 [scrapy] INFO: Enabled extensions:
['scrapy.extensions.logstats.LogStats',
 'scrapy.extensions.telnet.TelnetConsole',
 'scrapy.extensions.corestats.CoreStats']
2016-08-09 16:08:50 [scrapy] INFO: Enabled downloader middlewares:
['hexun_stock_news_us.random_user_agent.RandomUserAgentMiddleware',
 'scrapy.downloadermiddlewares.httpauth.HttpAuthMiddleware',
 'scrapy.downloadermiddlewares.downloadtimeout.DownloadTimeoutMiddleware',
 'scrapy.downloadermiddlewares.defaultheaders.DefaultHeadersMiddleware',
 'scrapy.downloadermiddlewares.useragent.UserAgentMiddleware',
 'scrapy.downloadermiddlewares.retry.RetryMiddleware',
 'scrapy.downloadermiddlewares.redirect.MetaRefreshMiddleware',
 'scrapy.downloadermiddlewares.httpcompression.HttpCompressionMiddleware',
 'scrapy.downloadermiddlewares.redirect.RedirectMiddleware',
 'scrapy.downloadermiddlewares.cookies.CookiesMiddleware',
 'scrapy.downloadermiddlewares.chunked.ChunkedTransferMiddleware',
 'scrapy.downloadermiddlewares.stats.DownloaderStats']
2016-08-09 16:08:50 [scrapy] INFO: Enabled spider middlewares:
['scrapy.spidermiddlewares.httperror.HttpErrorMiddleware',
 'scrapy.spidermiddlewares.offsite.OffsiteMiddleware',
 'scrapy.spidermiddlewares.referer.RefererMiddleware',
 'scrapy.spidermiddlewares.urllength.UrlLengthMiddleware',
 'scrapy.spidermiddlewares.depth.DepthMiddleware']
2016-08-09 16:08:50 [scrapy] INFO: Enabled item pipelines:
['hexun_stock_news_us.pipelines.HexunStockNewsUsPipeline']
2016-08-09 16:08:50 [scrapy] INFO: Spider opened
2016-08-09 16:08:50 [scrapy] INFO: Crawled 0 pages (at 0 pages/min), scraped 0 items (at 0 items/min)
2016-08-09 16:08:50 [scrapy] DEBUG: Telnet console listening on 127.0.0.1:6023
2016-08-09 16:08:50 [scrapy] DEBUG: Crawled (200) <GET http://hkdata.stock.hexun.com/company/news/00941.shtml> (referer: None)
2016-08-09 16:08:50 [scrapy] DEBUG: Crawled (200) <GET http://stockdata.stock.hexun.com/us/news/CXDC.shtml> (referer: None)
2016-08-09 16:08:50 [scrapy] DEBUG: Crawled (200) <GET http://stockdata.stock.hexun.com/us/news/JD.shtml> (referer: None)
2016-08-09 16:08:50 [scrapy] INFO: Closing spider (finished)
2016-08-09 16:08:50 [scrapy] INFO: Dumping Scrapy stats:
{'downloader/request_bytes': 904,
 'downloader/request_count': 3,
 'downloader/request_method_count/GET': 3,
 'downloader/response_bytes': 25599,
 'downloader/response_count': 3,
 'downloader/response_status_count/200': 3,
 'finish_reason': 'finished',
 'finish_time': datetime.datetime(2016, 8, 9, 8, 8, 50, 958266),
 'log_count/DEBUG': 4,
 'log_count/INFO': 7,
 'response_received_count': 3,
 'scheduler/dequeued': 3,
 'scheduler/dequeued/memory': 3,
 'scheduler/enqueued': 3,
 'scheduler/enqueued/memory': 3,
 'start_time': datetime.datetime(2016, 8, 9, 8, 8, 50, 252485)}
2016-08-09 16:08:50 [scrapy] INFO: Spider closed (finished)
2016-08-09 16:10:41 [scrapy] INFO: Scrapy 1.2.0dev2 started (bot: hexun_stock_news_us)
2016-08-09 16:10:41 [scrapy] INFO: Overridden settings: {'NEWSPIDER_MODULE': 'hexun_stock_news_us.spiders', 'SPIDER_MODULES': ['hexun_stock_news_us.spiders'], 'LOG_FILE': 'logs.log', 'BOT_NAME': 'hexun_stock_news_us'}
2016-08-09 16:10:41 [scrapy] INFO: Enabled extensions:
['scrapy.extensions.logstats.LogStats',
 'scrapy.extensions.telnet.TelnetConsole',
 'scrapy.extensions.corestats.CoreStats']
2016-08-09 16:10:41 [scrapy] INFO: Enabled downloader middlewares:
['hexun_stock_news_us.random_user_agent.RandomUserAgentMiddleware',
 'scrapy.downloadermiddlewares.httpauth.HttpAuthMiddleware',
 'scrapy.downloadermiddlewares.downloadtimeout.DownloadTimeoutMiddleware',
 'scrapy.downloadermiddlewares.defaultheaders.DefaultHeadersMiddleware',
 'scrapy.downloadermiddlewares.useragent.UserAgentMiddleware',
 'scrapy.downloadermiddlewares.retry.RetryMiddleware',
 'scrapy.downloadermiddlewares.redirect.MetaRefreshMiddleware',
 'scrapy.downloadermiddlewares.httpcompression.HttpCompressionMiddleware',
 'scrapy.downloadermiddlewares.redirect.RedirectMiddleware',
 'scrapy.downloadermiddlewares.cookies.CookiesMiddleware',
 'scrapy.downloadermiddlewares.chunked.ChunkedTransferMiddleware',
 'scrapy.downloadermiddlewares.stats.DownloaderStats']
2016-08-09 16:10:41 [scrapy] INFO: Enabled spider middlewares:
['scrapy.spidermiddlewares.httperror.HttpErrorMiddleware',
 'scrapy.spidermiddlewares.offsite.OffsiteMiddleware',
 'scrapy.spidermiddlewares.referer.RefererMiddleware',
 'scrapy.spidermiddlewares.urllength.UrlLengthMiddleware',
 'scrapy.spidermiddlewares.depth.DepthMiddleware']
2016-08-09 16:10:41 [scrapy] INFO: Enabled item pipelines:
['hexun_stock_news_us.pipelines.HexunStockNewsUsPipeline']
2016-08-09 16:10:41 [scrapy] INFO: Spider opened
2016-08-09 16:10:41 [scrapy] INFO: Crawled 0 pages (at 0 pages/min), scraped 0 items (at 0 items/min)
2016-08-09 16:10:41 [scrapy] DEBUG: Telnet console listening on 127.0.0.1:6023
2016-08-09 16:10:41 [scrapy] DEBUG: Crawled (200) <GET http://stockdata.stock.hexun.com/us/news/CXDC.shtml> (referer: None)
2016-08-09 16:10:41 [scrapy] DEBUG: Crawled (200) <GET http://stockdata.stock.hexun.com/us/news/JD.shtml> (referer: None)
2016-08-09 16:10:42 [scrapy] DEBUG: Crawled (200) <GET http://hkdata.stock.hexun.com/company/news/00941.shtml> (referer: None)
2016-08-09 16:10:42 [scrapy] INFO: Closing spider (finished)
2016-08-09 16:10:42 [scrapy] INFO: Dumping Scrapy stats:
{'downloader/request_bytes': 904,
 'downloader/request_count': 3,
 'downloader/request_method_count/GET': 3,
 'downloader/response_bytes': 25598,
 'downloader/response_count': 3,
 'downloader/response_status_count/200': 3,
 'finish_reason': 'finished',
 'finish_time': datetime.datetime(2016, 8, 9, 8, 10, 42, 297251),
 'log_count/DEBUG': 4,
 'log_count/INFO': 7,
 'response_received_count': 3,
 'scheduler/dequeued': 3,
 'scheduler/dequeued/memory': 3,
 'scheduler/enqueued': 3,
 'scheduler/enqueued/memory': 3,
 'start_time': datetime.datetime(2016, 8, 9, 8, 10, 41, 561756)}
2016-08-09 16:10:42 [scrapy] INFO: Spider closed (finished)
2016-08-09 16:19:35 [scrapy] INFO: Scrapy 1.2.0dev2 started (bot: hexun_stock_news_us)
2016-08-09 16:19:35 [scrapy] INFO: Overridden settings: {'NEWSPIDER_MODULE': 'hexun_stock_news_us.spiders', 'SPIDER_MODULES': ['hexun_stock_news_us.spiders'], 'LOG_FILE': 'logs.log', 'BOT_NAME': 'hexun_stock_news_us'}
2016-08-09 16:19:35 [scrapy] INFO: Enabled extensions:
['scrapy.extensions.logstats.LogStats',
 'scrapy.extensions.telnet.TelnetConsole',
 'scrapy.extensions.corestats.CoreStats']
2016-08-09 16:19:35 [scrapy] INFO: Enabled downloader middlewares:
['hexun_stock_news_us.random_user_agent.RandomUserAgentMiddleware',
 'scrapy.downloadermiddlewares.httpauth.HttpAuthMiddleware',
 'scrapy.downloadermiddlewares.downloadtimeout.DownloadTimeoutMiddleware',
 'scrapy.downloadermiddlewares.defaultheaders.DefaultHeadersMiddleware',
 'scrapy.downloadermiddlewares.useragent.UserAgentMiddleware',
 'scrapy.downloadermiddlewares.retry.RetryMiddleware',
 'scrapy.downloadermiddlewares.redirect.MetaRefreshMiddleware',
 'scrapy.downloadermiddlewares.httpcompression.HttpCompressionMiddleware',
 'scrapy.downloadermiddlewares.redirect.RedirectMiddleware',
 'scrapy.downloadermiddlewares.cookies.CookiesMiddleware',
 'scrapy.downloadermiddlewares.chunked.ChunkedTransferMiddleware',
 'scrapy.downloadermiddlewares.stats.DownloaderStats']
2016-08-09 16:19:35 [scrapy] INFO: Enabled spider middlewares:
['scrapy.spidermiddlewares.httperror.HttpErrorMiddleware',
 'scrapy.spidermiddlewares.offsite.OffsiteMiddleware',
 'scrapy.spidermiddlewares.referer.RefererMiddleware',
 'scrapy.spidermiddlewares.urllength.UrlLengthMiddleware',
 'scrapy.spidermiddlewares.depth.DepthMiddleware']
2016-08-09 16:19:35 [scrapy] INFO: Enabled item pipelines:
['hexun_stock_news_us.pipelines.HexunStockNewsUsPipeline']
2016-08-09 16:19:35 [scrapy] INFO: Spider opened
2016-08-09 16:19:35 [scrapy] INFO: Crawled 0 pages (at 0 pages/min), scraped 0 items (at 0 items/min)
2016-08-09 16:19:35 [scrapy] DEBUG: Telnet console listening on 127.0.0.1:6023
2016-08-09 16:19:35 [scrapy] DEBUG: Crawled (200) <GET http://stockdata.stock.hexun.com/us/news/JD.shtml> (referer: None)
2016-08-09 16:19:35 [scrapy] DEBUG: Crawled (200) <GET http://hkdata.stock.hexun.com/company/news/00941.shtml> (referer: None)
2016-08-09 16:19:35 [scrapy] DEBUG: Crawled (200) <GET http://stockdata.stock.hexun.com/us/news/CXDC.shtml> (referer: None)
2016-08-09 16:19:35 [scrapy] INFO: Closing spider (finished)
2016-08-09 16:19:35 [scrapy] INFO: Dumping Scrapy stats:
{'downloader/request_bytes': 904,
 'downloader/request_count': 3,
 'downloader/request_method_count/GET': 3,
 'downloader/response_bytes': 25598,
 'downloader/response_count': 3,
 'downloader/response_status_count/200': 3,
 'finish_reason': 'finished',
 'finish_time': datetime.datetime(2016, 8, 9, 8, 19, 35, 773387),
 'log_count/DEBUG': 4,
 'log_count/INFO': 7,
 'response_received_count': 3,
 'scheduler/dequeued': 3,
 'scheduler/dequeued/memory': 3,
 'scheduler/enqueued': 3,
 'scheduler/enqueued/memory': 3,
 'start_time': datetime.datetime(2016, 8, 9, 8, 19, 35, 143271)}
2016-08-09 16:19:35 [scrapy] INFO: Spider closed (finished)
2016-08-09 16:30:09 [scrapy] INFO: Scrapy 1.2.0dev2 started (bot: hexun_stock_news_us)
2016-08-09 16:30:09 [scrapy] INFO: Overridden settings: {'NEWSPIDER_MODULE': 'hexun_stock_news_us.spiders', 'SPIDER_MODULES': ['hexun_stock_news_us.spiders'], 'LOG_ENABLED': False, 'LOG_FILE': 'logs.log', 'BOT_NAME': 'hexun_stock_news_us'}
2016-08-09 16:30:16 [scrapy] INFO: Scrapy 1.2.0dev2 started (bot: hexun_stock_news_us)
2016-08-09 16:30:16 [scrapy] INFO: Overridden settings: {'NEWSPIDER_MODULE': 'hexun_stock_news_us.spiders', 'SPIDER_MODULES': ['hexun_stock_news_us.spiders'], 'LOG_FILE': 'logs.log', 'BOT_NAME': 'hexun_stock_news_us'}
2016-08-09 16:30:16 [scrapy] INFO: Enabled extensions:
['scrapy.extensions.logstats.LogStats',
 'scrapy.extensions.telnet.TelnetConsole',
 'scrapy.extensions.corestats.CoreStats']
2016-08-09 16:30:16 [scrapy] INFO: Enabled downloader middlewares:
['hexun_stock_news_us.random_user_agent.RandomUserAgentMiddleware',
 'scrapy.downloadermiddlewares.httpauth.HttpAuthMiddleware',
 'scrapy.downloadermiddlewares.downloadtimeout.DownloadTimeoutMiddleware',
 'scrapy.downloadermiddlewares.defaultheaders.DefaultHeadersMiddleware',
 'scrapy.downloadermiddlewares.useragent.UserAgentMiddleware',
 'scrapy.downloadermiddlewares.retry.RetryMiddleware',
 'scrapy.downloadermiddlewares.redirect.MetaRefreshMiddleware',
 'scrapy.downloadermiddlewares.httpcompression.HttpCompressionMiddleware',
 'scrapy.downloadermiddlewares.redirect.RedirectMiddleware',
 'scrapy.downloadermiddlewares.cookies.CookiesMiddleware',
 'scrapy.downloadermiddlewares.chunked.ChunkedTransferMiddleware',
 'scrapy.downloadermiddlewares.stats.DownloaderStats']
2016-08-09 16:30:16 [scrapy] INFO: Enabled spider middlewares:
['scrapy.spidermiddlewares.httperror.HttpErrorMiddleware',
 'scrapy.spidermiddlewares.offsite.OffsiteMiddleware',
 'scrapy.spidermiddlewares.referer.RefererMiddleware',
 'scrapy.spidermiddlewares.urllength.UrlLengthMiddleware',
 'scrapy.spidermiddlewares.depth.DepthMiddleware']
2016-08-09 16:30:16 [scrapy] INFO: Enabled item pipelines:
['hexun_stock_news_us.pipelines.HexunStockNewsUsPipeline']
2016-08-09 16:30:16 [scrapy] INFO: Spider opened
2016-08-09 16:30:16 [scrapy] INFO: Crawled 0 pages (at 0 pages/min), scraped 0 items (at 0 items/min)
2016-08-09 16:30:16 [scrapy] DEBUG: Telnet console listening on 127.0.0.1:6023
2016-08-09 16:30:27 [scrapy] DEBUG: Crawled (200) <GET http://news.hexun.com/2016-08-09/185412895.html> (referer: None)
2016-08-09 16:30:27 [scrapy] INFO: Closing spider (finished)
2016-08-09 16:30:27 [scrapy] INFO: Dumping Scrapy stats:
{'downloader/request_bytes': 297,
 'downloader/request_count': 1,
 'downloader/request_method_count/GET': 1,
 'downloader/response_bytes': 8846,
 'downloader/response_count': 1,
 'downloader/response_status_count/200': 1,
 'finish_reason': 'finished',
 'finish_time': datetime.datetime(2016, 8, 9, 8, 30, 27, 766713),
 'log_count/DEBUG': 2,
 'log_count/INFO': 7,
 'response_received_count': 1,
 'scheduler/dequeued': 1,
 'scheduler/dequeued/memory': 1,
 'scheduler/enqueued': 1,
 'scheduler/enqueued/memory': 1,
 'start_time': datetime.datetime(2016, 8, 9, 8, 30, 16, 870306)}
2016-08-09 16:30:27 [scrapy] INFO: Spider closed (finished)
2016-08-09 16:36:19 [scrapy] INFO: Scrapy 1.2.0dev2 started (bot: hexun_stock_news_us)
2016-08-09 16:36:19 [scrapy] INFO: Overridden settings: {'NEWSPIDER_MODULE': 'hexun_stock_news_us.spiders', 'SPIDER_MODULES': ['hexun_stock_news_us.spiders'], 'LOG_FILE': 'logs.log', 'BOT_NAME': 'hexun_stock_news_us'}
2016-08-09 16:36:20 [scrapy] INFO: Enabled extensions:
['scrapy.extensions.logstats.LogStats',
 'scrapy.extensions.telnet.TelnetConsole',
 'scrapy.extensions.corestats.CoreStats']
2016-08-09 16:36:20 [scrapy] INFO: Enabled downloader middlewares:
['hexun_stock_news_us.random_user_agent.RandomUserAgentMiddleware',
 'scrapy.downloadermiddlewares.httpauth.HttpAuthMiddleware',
 'scrapy.downloadermiddlewares.downloadtimeout.DownloadTimeoutMiddleware',
 'scrapy.downloadermiddlewares.defaultheaders.DefaultHeadersMiddleware',
 'scrapy.downloadermiddlewares.useragent.UserAgentMiddleware',
 'scrapy.downloadermiddlewares.retry.RetryMiddleware',
 'scrapy.downloadermiddlewares.redirect.MetaRefreshMiddleware',
 'scrapy.downloadermiddlewares.httpcompression.HttpCompressionMiddleware',
 'scrapy.downloadermiddlewares.redirect.RedirectMiddleware',
 'scrapy.downloadermiddlewares.cookies.CookiesMiddleware',
 'scrapy.downloadermiddlewares.chunked.ChunkedTransferMiddleware',
 'scrapy.downloadermiddlewares.stats.DownloaderStats']
2016-08-09 16:36:20 [scrapy] INFO: Enabled spider middlewares:
['scrapy.spidermiddlewares.httperror.HttpErrorMiddleware',
 'scrapy.spidermiddlewares.offsite.OffsiteMiddleware',
 'scrapy.spidermiddlewares.referer.RefererMiddleware',
 'scrapy.spidermiddlewares.urllength.UrlLengthMiddleware',
 'scrapy.spidermiddlewares.depth.DepthMiddleware']
2016-08-09 16:36:20 [scrapy] INFO: Enabled item pipelines:
['hexun_stock_news_us.pipelines.HexunStockNewsUsPipeline']
2016-08-09 16:36:20 [scrapy] INFO: Spider opened
2016-08-09 16:36:20 [scrapy] INFO: Crawled 0 pages (at 0 pages/min), scraped 0 items (at 0 items/min)
2016-08-09 16:36:20 [scrapy] DEBUG: Telnet console listening on 127.0.0.1:6023
2016-08-09 16:36:20 [scrapy] DEBUG: Crawled (200) <GET http://news.hexun.com/2016-08-09/185412895.html> (referer: None)
2016-08-09 16:36:20 [scrapy] INFO: Closing spider (finished)
2016-08-09 16:36:20 [scrapy] INFO: Dumping Scrapy stats:
{'downloader/request_bytes': 297,
 'downloader/request_count': 1,
 'downloader/request_method_count/GET': 1,
 'downloader/response_bytes': 8846,
 'downloader/response_count': 1,
 'downloader/response_status_count/200': 1,
 'finish_reason': 'finished',
 'finish_time': datetime.datetime(2016, 8, 9, 8, 36, 20, 356984),
 'log_count/DEBUG': 2,
 'log_count/INFO': 7,
 'response_received_count': 1,
 'scheduler/dequeued': 1,
 'scheduler/dequeued/memory': 1,
 'scheduler/enqueued': 1,
 'scheduler/enqueued/memory': 1,
 'start_time': datetime.datetime(2016, 8, 9, 8, 36, 20, 110935)}
2016-08-09 16:36:20 [scrapy] INFO: Spider closed (finished)
2016-08-09 16:36:28 [scrapy] INFO: Scrapy 1.2.0dev2 started (bot: hexun_stock_news_us)
2016-08-09 16:36:28 [scrapy] INFO: Overridden settings: {'NEWSPIDER_MODULE': 'hexun_stock_news_us.spiders', 'SPIDER_MODULES': ['hexun_stock_news_us.spiders'], 'LOG_FILE': 'logs.log', 'BOT_NAME': 'hexun_stock_news_us'}
2016-08-09 16:36:28 [scrapy] INFO: Enabled extensions:
['scrapy.extensions.logstats.LogStats',
 'scrapy.extensions.telnet.TelnetConsole',
 'scrapy.extensions.corestats.CoreStats']
2016-08-09 16:36:28 [scrapy] INFO: Enabled downloader middlewares:
['hexun_stock_news_us.random_user_agent.RandomUserAgentMiddleware',
 'scrapy.downloadermiddlewares.httpauth.HttpAuthMiddleware',
 'scrapy.downloadermiddlewares.downloadtimeout.DownloadTimeoutMiddleware',
 'scrapy.downloadermiddlewares.defaultheaders.DefaultHeadersMiddleware',
 'scrapy.downloadermiddlewares.useragent.UserAgentMiddleware',
 'scrapy.downloadermiddlewares.retry.RetryMiddleware',
 'scrapy.downloadermiddlewares.redirect.MetaRefreshMiddleware',
 'scrapy.downloadermiddlewares.httpcompression.HttpCompressionMiddleware',
 'scrapy.downloadermiddlewares.redirect.RedirectMiddleware',
 'scrapy.downloadermiddlewares.cookies.CookiesMiddleware',
 'scrapy.downloadermiddlewares.chunked.ChunkedTransferMiddleware',
 'scrapy.downloadermiddlewares.stats.DownloaderStats']
2016-08-09 16:36:28 [scrapy] INFO: Enabled spider middlewares:
['scrapy.spidermiddlewares.httperror.HttpErrorMiddleware',
 'scrapy.spidermiddlewares.offsite.OffsiteMiddleware',
 'scrapy.spidermiddlewares.referer.RefererMiddleware',
 'scrapy.spidermiddlewares.urllength.UrlLengthMiddleware',
 'scrapy.spidermiddlewares.depth.DepthMiddleware']
2016-08-09 16:36:28 [scrapy] INFO: Enabled item pipelines:
['hexun_stock_news_us.pipelines.HexunStockNewsUsPipeline']
2016-08-09 16:36:28 [scrapy] INFO: Spider opened
2016-08-09 16:36:28 [scrapy] INFO: Crawled 0 pages (at 0 pages/min), scraped 0 items (at 0 items/min)
2016-08-09 16:36:28 [scrapy] DEBUG: Telnet console listening on 127.0.0.1:6023
2016-08-09 16:36:28 [scrapy] DEBUG: Crawled (200) <GET http://news.hexun.com/2016-08-09/185412895.html> (referer: None)
2016-08-09 16:36:28 [scrapy] INFO: Closing spider (finished)
2016-08-09 16:36:28 [scrapy] INFO: Dumping Scrapy stats:
{'downloader/request_bytes': 297,
 'downloader/request_count': 1,
 'downloader/request_method_count/GET': 1,
 'downloader/response_bytes': 8842,
 'downloader/response_count': 1,
 'downloader/response_status_count/200': 1,
 'finish_reason': 'finished',
 'finish_time': datetime.datetime(2016, 8, 9, 8, 36, 28, 951378),
 'log_count/DEBUG': 2,
 'log_count/INFO': 7,
 'response_received_count': 1,
 'scheduler/dequeued': 1,
 'scheduler/dequeued/memory': 1,
 'scheduler/enqueued': 1,
 'scheduler/enqueued/memory': 1,
 'start_time': datetime.datetime(2016, 8, 9, 8, 36, 28, 656552)}
2016-08-09 16:36:28 [scrapy] INFO: Spider closed (finished)
2016-08-09 16:37:49 [scrapy] INFO: Scrapy 1.2.0dev2 started (bot: hexun_stock_news_us)
2016-08-09 16:37:49 [scrapy] INFO: Overridden settings: {'NEWSPIDER_MODULE': 'hexun_stock_news_us.spiders', 'SPIDER_MODULES': ['hexun_stock_news_us.spiders'], 'LOG_FILE': 'logs.log', 'BOT_NAME': 'hexun_stock_news_us'}
2016-08-09 16:37:49 [scrapy] INFO: Enabled extensions:
['scrapy.extensions.logstats.LogStats',
 'scrapy.extensions.telnet.TelnetConsole',
 'scrapy.extensions.corestats.CoreStats']
2016-08-09 16:37:50 [scrapy] INFO: Enabled downloader middlewares:
['hexun_stock_news_us.random_user_agent.RandomUserAgentMiddleware',
 'scrapy.downloadermiddlewares.httpauth.HttpAuthMiddleware',
 'scrapy.downloadermiddlewares.downloadtimeout.DownloadTimeoutMiddleware',
 'scrapy.downloadermiddlewares.defaultheaders.DefaultHeadersMiddleware',
 'scrapy.downloadermiddlewares.useragent.UserAgentMiddleware',
 'scrapy.downloadermiddlewares.retry.RetryMiddleware',
 'scrapy.downloadermiddlewares.redirect.MetaRefreshMiddleware',
 'scrapy.downloadermiddlewares.httpcompression.HttpCompressionMiddleware',
 'scrapy.downloadermiddlewares.redirect.RedirectMiddleware',
 'scrapy.downloadermiddlewares.cookies.CookiesMiddleware',
 'scrapy.downloadermiddlewares.chunked.ChunkedTransferMiddleware',
 'scrapy.downloadermiddlewares.stats.DownloaderStats']
2016-08-09 16:37:50 [scrapy] INFO: Enabled spider middlewares:
['scrapy.spidermiddlewares.httperror.HttpErrorMiddleware',
 'scrapy.spidermiddlewares.offsite.OffsiteMiddleware',
 'scrapy.spidermiddlewares.referer.RefererMiddleware',
 'scrapy.spidermiddlewares.urllength.UrlLengthMiddleware',
 'scrapy.spidermiddlewares.depth.DepthMiddleware']
2016-08-09 16:37:50 [scrapy] INFO: Enabled item pipelines:
['hexun_stock_news_us.pipelines.HexunStockNewsUsPipeline']
2016-08-09 16:37:50 [scrapy] INFO: Spider opened
2016-08-09 16:37:50 [scrapy] INFO: Crawled 0 pages (at 0 pages/min), scraped 0 items (at 0 items/min)
2016-08-09 16:37:50 [scrapy] DEBUG: Telnet console listening on 127.0.0.1:6023
2016-08-09 16:37:50 [scrapy] DEBUG: Crawled (200) <GET http://news.hexun.com/2016-08-09/185412895.html> (referer: None)
2016-08-09 16:37:50 [scrapy] INFO: Closing spider (finished)
2016-08-09 16:37:50 [scrapy] INFO: Dumping Scrapy stats:
{'downloader/request_bytes': 297,
 'downloader/request_count': 1,
 'downloader/request_method_count/GET': 1,
 'downloader/response_bytes': 8846,
 'downloader/response_count': 1,
 'downloader/response_status_count/200': 1,
 'finish_reason': 'finished',
 'finish_time': datetime.datetime(2016, 8, 9, 8, 37, 50, 382105),
 'log_count/DEBUG': 2,
 'log_count/INFO': 7,
 'response_received_count': 1,
 'scheduler/dequeued': 1,
 'scheduler/dequeued/memory': 1,
 'scheduler/enqueued': 1,
 'scheduler/enqueued/memory': 1,
 'start_time': datetime.datetime(2016, 8, 9, 8, 37, 50, 25512)}
2016-08-09 16:37:50 [scrapy] INFO: Spider closed (finished)
2016-08-09 16:40:11 [scrapy] INFO: Scrapy 1.2.0dev2 started (bot: hexun_stock_news_us)
2016-08-09 16:40:11 [scrapy] INFO: Overridden settings: {'NEWSPIDER_MODULE': 'hexun_stock_news_us.spiders', 'SPIDER_MODULES': ['hexun_stock_news_us.spiders'], 'LOG_FILE': 'logs.log', 'BOT_NAME': 'hexun_stock_news_us'}
2016-08-09 16:40:11 [scrapy] INFO: Enabled extensions:
['scrapy.extensions.logstats.LogStats',
 'scrapy.extensions.telnet.TelnetConsole',
 'scrapy.extensions.corestats.CoreStats']
2016-08-09 16:40:11 [scrapy] INFO: Enabled downloader middlewares:
['hexun_stock_news_us.random_user_agent.RandomUserAgentMiddleware',
 'scrapy.downloadermiddlewares.httpauth.HttpAuthMiddleware',
 'scrapy.downloadermiddlewares.downloadtimeout.DownloadTimeoutMiddleware',
 'scrapy.downloadermiddlewares.defaultheaders.DefaultHeadersMiddleware',
 'scrapy.downloadermiddlewares.useragent.UserAgentMiddleware',
 'scrapy.downloadermiddlewares.retry.RetryMiddleware',
 'scrapy.downloadermiddlewares.redirect.MetaRefreshMiddleware',
 'scrapy.downloadermiddlewares.httpcompression.HttpCompressionMiddleware',
 'scrapy.downloadermiddlewares.redirect.RedirectMiddleware',
 'scrapy.downloadermiddlewares.cookies.CookiesMiddleware',
 'scrapy.downloadermiddlewares.chunked.ChunkedTransferMiddleware',
 'scrapy.downloadermiddlewares.stats.DownloaderStats']
2016-08-09 16:40:11 [scrapy] INFO: Enabled spider middlewares:
['scrapy.spidermiddlewares.httperror.HttpErrorMiddleware',
 'scrapy.spidermiddlewares.offsite.OffsiteMiddleware',
 'scrapy.spidermiddlewares.referer.RefererMiddleware',
 'scrapy.spidermiddlewares.urllength.UrlLengthMiddleware',
 'scrapy.spidermiddlewares.depth.DepthMiddleware']
2016-08-09 16:40:11 [scrapy] INFO: Enabled item pipelines:
['hexun_stock_news_us.pipelines.HexunStockNewsUsPipeline']
2016-08-09 16:40:11 [scrapy] INFO: Spider opened
2016-08-09 16:40:11 [scrapy] INFO: Crawled 0 pages (at 0 pages/min), scraped 0 items (at 0 items/min)
2016-08-09 16:40:11 [scrapy] DEBUG: Telnet console listening on 127.0.0.1:6023
2016-08-09 16:40:11 [scrapy] DEBUG: Crawled (200) <GET http://news.hexun.com/2016-08-09/185412895.html> (referer: None)
2016-08-09 16:40:11 [scrapy] INFO: Closing spider (finished)
2016-08-09 16:40:11 [scrapy] INFO: Dumping Scrapy stats:
{'downloader/request_bytes': 297,
 'downloader/request_count': 1,
 'downloader/request_method_count/GET': 1,
 'downloader/response_bytes': 8846,
 'downloader/response_count': 1,
 'downloader/response_status_count/200': 1,
 'finish_reason': 'finished',
 'finish_time': datetime.datetime(2016, 8, 9, 8, 40, 11, 508683),
 'log_count/DEBUG': 2,
 'log_count/INFO': 7,
 'response_received_count': 1,
 'scheduler/dequeued': 1,
 'scheduler/dequeued/memory': 1,
 'scheduler/enqueued': 1,
 'scheduler/enqueued/memory': 1,
 'start_time': datetime.datetime(2016, 8, 9, 8, 40, 11, 205671)}
2016-08-09 16:40:11 [scrapy] INFO: Spider closed (finished)
2016-08-09 16:41:40 [scrapy] INFO: Scrapy 1.2.0dev2 started (bot: hexun_stock_news_us)
2016-08-09 16:41:40 [scrapy] INFO: Overridden settings: {'NEWSPIDER_MODULE': 'hexun_stock_news_us.spiders', 'SPIDER_MODULES': ['hexun_stock_news_us.spiders'], 'LOG_FILE': 'logs.log', 'BOT_NAME': 'hexun_stock_news_us'}
2016-08-09 16:41:40 [scrapy] INFO: Enabled extensions:
['scrapy.extensions.logstats.LogStats',
 'scrapy.extensions.telnet.TelnetConsole',
 'scrapy.extensions.corestats.CoreStats']
2016-08-09 16:41:40 [scrapy] INFO: Enabled downloader middlewares:
['hexun_stock_news_us.random_user_agent.RandomUserAgentMiddleware',
 'scrapy.downloadermiddlewares.httpauth.HttpAuthMiddleware',
 'scrapy.downloadermiddlewares.downloadtimeout.DownloadTimeoutMiddleware',
 'scrapy.downloadermiddlewares.defaultheaders.DefaultHeadersMiddleware',
 'scrapy.downloadermiddlewares.useragent.UserAgentMiddleware',
 'scrapy.downloadermiddlewares.retry.RetryMiddleware',
 'scrapy.downloadermiddlewares.redirect.MetaRefreshMiddleware',
 'scrapy.downloadermiddlewares.httpcompression.HttpCompressionMiddleware',
 'scrapy.downloadermiddlewares.redirect.RedirectMiddleware',
 'scrapy.downloadermiddlewares.cookies.CookiesMiddleware',
 'scrapy.downloadermiddlewares.chunked.ChunkedTransferMiddleware',
 'scrapy.downloadermiddlewares.stats.DownloaderStats']
2016-08-09 16:41:40 [scrapy] INFO: Enabled spider middlewares:
['scrapy.spidermiddlewares.httperror.HttpErrorMiddleware',
 'scrapy.spidermiddlewares.offsite.OffsiteMiddleware',
 'scrapy.spidermiddlewares.referer.RefererMiddleware',
 'scrapy.spidermiddlewares.urllength.UrlLengthMiddleware',
 'scrapy.spidermiddlewares.depth.DepthMiddleware']
2016-08-09 16:41:40 [scrapy] INFO: Enabled item pipelines:
['hexun_stock_news_us.pipelines.HexunStockNewsUsPipeline']
2016-08-09 16:41:40 [scrapy] INFO: Spider opened
2016-08-09 16:41:40 [scrapy] INFO: Crawled 0 pages (at 0 pages/min), scraped 0 items (at 0 items/min)
2016-08-09 16:41:40 [scrapy] DEBUG: Telnet console listening on 127.0.0.1:6023
2016-08-09 16:41:41 [scrapy] DEBUG: Crawled (200) <GET http://news.hexun.com/2016-08-09/185412895.html> (referer: None)
2016-08-09 16:41:41 [scrapy] INFO: Closing spider (finished)
2016-08-09 16:41:41 [scrapy] INFO: Dumping Scrapy stats:
{'downloader/request_bytes': 297,
 'downloader/request_count': 1,
 'downloader/request_method_count/GET': 1,
 'downloader/response_bytes': 8846,
 'downloader/response_count': 1,
 'downloader/response_status_count/200': 1,
 'finish_reason': 'finished',
 'finish_time': datetime.datetime(2016, 8, 9, 8, 41, 41, 150811),
 'log_count/DEBUG': 2,
 'log_count/INFO': 7,
 'response_received_count': 1,
 'scheduler/dequeued': 1,
 'scheduler/dequeued/memory': 1,
 'scheduler/enqueued': 1,
 'scheduler/enqueued/memory': 1,
 'start_time': datetime.datetime(2016, 8, 9, 8, 41, 40, 834149)}
2016-08-09 16:41:41 [scrapy] INFO: Spider closed (finished)
2016-08-09 16:42:48 [scrapy] INFO: Scrapy 1.2.0dev2 started (bot: hexun_stock_news_us)
2016-08-09 16:42:48 [scrapy] INFO: Overridden settings: {'NEWSPIDER_MODULE': 'hexun_stock_news_us.spiders', 'SPIDER_MODULES': ['hexun_stock_news_us.spiders'], 'LOG_FILE': 'logs.log', 'BOT_NAME': 'hexun_stock_news_us'}
2016-08-09 16:42:48 [scrapy] INFO: Enabled extensions:
['scrapy.extensions.logstats.LogStats',
 'scrapy.extensions.telnet.TelnetConsole',
 'scrapy.extensions.corestats.CoreStats']
2016-08-09 16:42:48 [scrapy] INFO: Enabled downloader middlewares:
['hexun_stock_news_us.random_user_agent.RandomUserAgentMiddleware',
 'scrapy.downloadermiddlewares.httpauth.HttpAuthMiddleware',
 'scrapy.downloadermiddlewares.downloadtimeout.DownloadTimeoutMiddleware',
 'scrapy.downloadermiddlewares.defaultheaders.DefaultHeadersMiddleware',
 'scrapy.downloadermiddlewares.useragent.UserAgentMiddleware',
 'scrapy.downloadermiddlewares.retry.RetryMiddleware',
 'scrapy.downloadermiddlewares.redirect.MetaRefreshMiddleware',
 'scrapy.downloadermiddlewares.httpcompression.HttpCompressionMiddleware',
 'scrapy.downloadermiddlewares.redirect.RedirectMiddleware',
 'scrapy.downloadermiddlewares.cookies.CookiesMiddleware',
 'scrapy.downloadermiddlewares.chunked.ChunkedTransferMiddleware',
 'scrapy.downloadermiddlewares.stats.DownloaderStats']
2016-08-09 16:42:48 [scrapy] INFO: Enabled spider middlewares:
['scrapy.spidermiddlewares.httperror.HttpErrorMiddleware',
 'scrapy.spidermiddlewares.offsite.OffsiteMiddleware',
 'scrapy.spidermiddlewares.referer.RefererMiddleware',
 'scrapy.spidermiddlewares.urllength.UrlLengthMiddleware',
 'scrapy.spidermiddlewares.depth.DepthMiddleware']
2016-08-09 16:42:48 [scrapy] INFO: Enabled item pipelines:
['hexun_stock_news_us.pipelines.HexunStockNewsUsPipeline']
2016-08-09 16:42:48 [scrapy] INFO: Spider opened
2016-08-09 16:42:48 [scrapy] INFO: Crawled 0 pages (at 0 pages/min), scraped 0 items (at 0 items/min)
2016-08-09 16:42:48 [scrapy] DEBUG: Telnet console listening on 127.0.0.1:6023
2016-08-09 16:42:48 [scrapy] DEBUG: Crawled (200) <GET http://news.hexun.com/2016-08-09/185412895.html> (referer: None)
2016-08-09 16:42:48 [scrapy] INFO: Closing spider (finished)
2016-08-09 16:42:48 [scrapy] INFO: Dumping Scrapy stats:
{'downloader/request_bytes': 297,
 'downloader/request_count': 1,
 'downloader/request_method_count/GET': 1,
 'downloader/response_bytes': 8846,
 'downloader/response_count': 1,
 'downloader/response_status_count/200': 1,
 'finish_reason': 'finished',
 'finish_time': datetime.datetime(2016, 8, 9, 8, 42, 48, 592585),
 'log_count/DEBUG': 2,
 'log_count/INFO': 7,
 'response_received_count': 1,
 'scheduler/dequeued': 1,
 'scheduler/dequeued/memory': 1,
 'scheduler/enqueued': 1,
 'scheduler/enqueued/memory': 1,
 'start_time': datetime.datetime(2016, 8, 9, 8, 42, 48, 316814)}
2016-08-09 16:42:48 [scrapy] INFO: Spider closed (finished)
2016-08-09 16:48:15 [scrapy] INFO: Scrapy 1.2.0dev2 started (bot: hexun_stock_news_us)
2016-08-09 16:48:15 [scrapy] INFO: Overridden settings: {'NEWSPIDER_MODULE': 'hexun_stock_news_us.spiders', 'SPIDER_MODULES': ['hexun_stock_news_us.spiders'], 'LOG_FILE': 'logs.log', 'BOT_NAME': 'hexun_stock_news_us'}
2016-08-09 16:48:15 [scrapy] INFO: Enabled extensions:
['scrapy.extensions.logstats.LogStats',
 'scrapy.extensions.telnet.TelnetConsole',
 'scrapy.extensions.corestats.CoreStats']
2016-08-09 16:48:16 [scrapy] INFO: Enabled downloader middlewares:
['hexun_stock_news_us.random_user_agent.RandomUserAgentMiddleware',
 'scrapy.downloadermiddlewares.httpauth.HttpAuthMiddleware',
 'scrapy.downloadermiddlewares.downloadtimeout.DownloadTimeoutMiddleware',
 'scrapy.downloadermiddlewares.defaultheaders.DefaultHeadersMiddleware',
 'scrapy.downloadermiddlewares.useragent.UserAgentMiddleware',
 'scrapy.downloadermiddlewares.retry.RetryMiddleware',
 'scrapy.downloadermiddlewares.redirect.MetaRefreshMiddleware',
 'scrapy.downloadermiddlewares.httpcompression.HttpCompressionMiddleware',
 'scrapy.downloadermiddlewares.redirect.RedirectMiddleware',
 'scrapy.downloadermiddlewares.cookies.CookiesMiddleware',
 'scrapy.downloadermiddlewares.chunked.ChunkedTransferMiddleware',
 'scrapy.downloadermiddlewares.stats.DownloaderStats']
2016-08-09 16:48:16 [scrapy] INFO: Enabled spider middlewares:
['scrapy.spidermiddlewares.httperror.HttpErrorMiddleware',
 'scrapy.spidermiddlewares.offsite.OffsiteMiddleware',
 'scrapy.spidermiddlewares.referer.RefererMiddleware',
 'scrapy.spidermiddlewares.urllength.UrlLengthMiddleware',
 'scrapy.spidermiddlewares.depth.DepthMiddleware']
2016-08-09 16:48:16 [scrapy] INFO: Enabled item pipelines:
['hexun_stock_news_us.pipelines.HexunStockNewsUsPipeline']
2016-08-09 16:48:16 [scrapy] INFO: Spider opened
2016-08-09 16:48:16 [scrapy] INFO: Crawled 0 pages (at 0 pages/min), scraped 0 items (at 0 items/min)
2016-08-09 16:48:16 [scrapy] DEBUG: Telnet console listening on 127.0.0.1:6023
2016-08-09 16:48:16 [scrapy] DEBUG: Crawled (200) <GET http://news.hexun.com/2016-08-09/185412895.html> (referer: None)
2016-08-09 16:48:16 [scrapy] INFO: Closing spider (finished)
2016-08-09 16:48:16 [scrapy] INFO: Dumping Scrapy stats:
{'downloader/request_bytes': 297,
 'downloader/request_count': 1,
 'downloader/request_method_count/GET': 1,
 'downloader/response_bytes': 8845,
 'downloader/response_count': 1,
 'downloader/response_status_count/200': 1,
 'finish_reason': 'finished',
 'finish_time': datetime.datetime(2016, 8, 9, 8, 48, 16, 268149),
 'log_count/DEBUG': 2,
 'log_count/INFO': 7,
 'response_received_count': 1,
 'scheduler/dequeued': 1,
 'scheduler/dequeued/memory': 1,
 'scheduler/enqueued': 1,
 'scheduler/enqueued/memory': 1,
 'start_time': datetime.datetime(2016, 8, 9, 8, 48, 16, 18762)}
2016-08-09 16:48:16 [scrapy] INFO: Spider closed (finished)
2016-08-09 16:48:40 [scrapy] INFO: Scrapy 1.2.0dev2 started (bot: hexun_stock_news_us)
2016-08-09 16:48:40 [scrapy] INFO: Overridden settings: {'NEWSPIDER_MODULE': 'hexun_stock_news_us.spiders', 'SPIDER_MODULES': ['hexun_stock_news_us.spiders'], 'LOG_FILE': 'logs.log', 'BOT_NAME': 'hexun_stock_news_us'}
2016-08-09 16:48:40 [scrapy] INFO: Enabled extensions:
['scrapy.extensions.logstats.LogStats',
 'scrapy.extensions.telnet.TelnetConsole',
 'scrapy.extensions.corestats.CoreStats']
2016-08-09 16:48:40 [scrapy] INFO: Enabled downloader middlewares:
['hexun_stock_news_us.random_user_agent.RandomUserAgentMiddleware',
 'scrapy.downloadermiddlewares.httpauth.HttpAuthMiddleware',
 'scrapy.downloadermiddlewares.downloadtimeout.DownloadTimeoutMiddleware',
 'scrapy.downloadermiddlewares.defaultheaders.DefaultHeadersMiddleware',
 'scrapy.downloadermiddlewares.useragent.UserAgentMiddleware',
 'scrapy.downloadermiddlewares.retry.RetryMiddleware',
 'scrapy.downloadermiddlewares.redirect.MetaRefreshMiddleware',
 'scrapy.downloadermiddlewares.httpcompression.HttpCompressionMiddleware',
 'scrapy.downloadermiddlewares.redirect.RedirectMiddleware',
 'scrapy.downloadermiddlewares.cookies.CookiesMiddleware',
 'scrapy.downloadermiddlewares.chunked.ChunkedTransferMiddleware',
 'scrapy.downloadermiddlewares.stats.DownloaderStats']
2016-08-09 16:48:40 [scrapy] INFO: Enabled spider middlewares:
['scrapy.spidermiddlewares.httperror.HttpErrorMiddleware',
 'scrapy.spidermiddlewares.offsite.OffsiteMiddleware',
 'scrapy.spidermiddlewares.referer.RefererMiddleware',
 'scrapy.spidermiddlewares.urllength.UrlLengthMiddleware',
 'scrapy.spidermiddlewares.depth.DepthMiddleware']
2016-08-09 16:48:40 [scrapy] INFO: Enabled item pipelines:
['hexun_stock_news_us.pipelines.HexunStockNewsUsPipeline']
2016-08-09 16:48:40 [scrapy] INFO: Spider opened
2016-08-09 16:48:40 [scrapy] INFO: Crawled 0 pages (at 0 pages/min), scraped 0 items (at 0 items/min)
2016-08-09 16:48:40 [scrapy] DEBUG: Telnet console listening on 127.0.0.1:6023
2016-08-09 16:48:40 [scrapy] DEBUG: Crawled (200) <GET http://news.hexun.com/2016-08-09/185412895.html> (referer: None)
2016-08-09 16:48:40 [scrapy] INFO: Closing spider (finished)
2016-08-09 16:48:40 [scrapy] INFO: Dumping Scrapy stats:
{'downloader/request_bytes': 297,
 'downloader/request_count': 1,
 'downloader/request_method_count/GET': 1,
 'downloader/response_bytes': 8841,
 'downloader/response_count': 1,
 'downloader/response_status_count/200': 1,
 'finish_reason': 'finished',
 'finish_time': datetime.datetime(2016, 8, 9, 8, 48, 40, 584861),
 'log_count/DEBUG': 2,
 'log_count/INFO': 7,
 'response_received_count': 1,
 'scheduler/dequeued': 1,
 'scheduler/dequeued/memory': 1,
 'scheduler/enqueued': 1,
 'scheduler/enqueued/memory': 1,
 'start_time': datetime.datetime(2016, 8, 9, 8, 48, 40, 331022)}
2016-08-09 16:48:40 [scrapy] INFO: Spider closed (finished)
2016-08-09 16:48:51 [scrapy] INFO: Scrapy 1.2.0dev2 started (bot: hexun_stock_news_us)
2016-08-09 16:48:51 [scrapy] INFO: Overridden settings: {'NEWSPIDER_MODULE': 'hexun_stock_news_us.spiders', 'SPIDER_MODULES': ['hexun_stock_news_us.spiders'], 'LOG_FILE': 'logs.log', 'BOT_NAME': 'hexun_stock_news_us'}
2016-08-09 16:48:51 [scrapy] INFO: Enabled extensions:
['scrapy.extensions.logstats.LogStats',
 'scrapy.extensions.telnet.TelnetConsole',
 'scrapy.extensions.corestats.CoreStats']
2016-08-09 16:48:51 [scrapy] INFO: Enabled downloader middlewares:
['hexun_stock_news_us.random_user_agent.RandomUserAgentMiddleware',
 'scrapy.downloadermiddlewares.httpauth.HttpAuthMiddleware',
 'scrapy.downloadermiddlewares.downloadtimeout.DownloadTimeoutMiddleware',
 'scrapy.downloadermiddlewares.defaultheaders.DefaultHeadersMiddleware',
 'scrapy.downloadermiddlewares.useragent.UserAgentMiddleware',
 'scrapy.downloadermiddlewares.retry.RetryMiddleware',
 'scrapy.downloadermiddlewares.redirect.MetaRefreshMiddleware',
 'scrapy.downloadermiddlewares.httpcompression.HttpCompressionMiddleware',
 'scrapy.downloadermiddlewares.redirect.RedirectMiddleware',
 'scrapy.downloadermiddlewares.cookies.CookiesMiddleware',
 'scrapy.downloadermiddlewares.chunked.ChunkedTransferMiddleware',
 'scrapy.downloadermiddlewares.stats.DownloaderStats']
2016-08-09 16:48:51 [scrapy] INFO: Enabled spider middlewares:
['scrapy.spidermiddlewares.httperror.HttpErrorMiddleware',
 'scrapy.spidermiddlewares.offsite.OffsiteMiddleware',
 'scrapy.spidermiddlewares.referer.RefererMiddleware',
 'scrapy.spidermiddlewares.urllength.UrlLengthMiddleware',
 'scrapy.spidermiddlewares.depth.DepthMiddleware']
2016-08-09 16:48:51 [scrapy] INFO: Enabled item pipelines:
['hexun_stock_news_us.pipelines.HexunStockNewsUsPipeline']
2016-08-09 16:48:51 [scrapy] INFO: Spider opened
2016-08-09 16:48:51 [scrapy] INFO: Crawled 0 pages (at 0 pages/min), scraped 0 items (at 0 items/min)
2016-08-09 16:48:51 [scrapy] DEBUG: Telnet console listening on 127.0.0.1:6023
2016-08-09 16:48:51 [scrapy] DEBUG: Crawled (200) <GET http://news.hexun.com/2016-08-09/185412895.html> (referer: None)
2016-08-09 16:48:52 [scrapy] INFO: Closing spider (finished)
2016-08-09 16:48:52 [scrapy] INFO: Dumping Scrapy stats:
{'downloader/request_bytes': 297,
 'downloader/request_count': 1,
 'downloader/request_method_count/GET': 1,
 'downloader/response_bytes': 8841,
 'downloader/response_count': 1,
 'downloader/response_status_count/200': 1,
 'finish_reason': 'finished',
 'finish_time': datetime.datetime(2016, 8, 9, 8, 48, 52, 71649),
 'log_count/DEBUG': 2,
 'log_count/INFO': 7,
 'response_received_count': 1,
 'scheduler/dequeued': 1,
 'scheduler/dequeued/memory': 1,
 'scheduler/enqueued': 1,
 'scheduler/enqueued/memory': 1,
 'start_time': datetime.datetime(2016, 8, 9, 8, 48, 51, 840567)}
2016-08-09 16:48:52 [scrapy] INFO: Spider closed (finished)
2016-08-09 16:49:36 [scrapy] INFO: Scrapy 1.2.0dev2 started (bot: hexun_stock_news_us)
2016-08-09 16:49:36 [scrapy] INFO: Overridden settings: {'NEWSPIDER_MODULE': 'hexun_stock_news_us.spiders', 'SPIDER_MODULES': ['hexun_stock_news_us.spiders'], 'LOG_FILE': 'logs.log', 'BOT_NAME': 'hexun_stock_news_us'}
2016-08-09 16:49:36 [scrapy] INFO: Enabled extensions:
['scrapy.extensions.logstats.LogStats',
 'scrapy.extensions.telnet.TelnetConsole',
 'scrapy.extensions.corestats.CoreStats']
2016-08-09 16:49:36 [scrapy] INFO: Enabled downloader middlewares:
['hexun_stock_news_us.random_user_agent.RandomUserAgentMiddleware',
 'scrapy.downloadermiddlewares.httpauth.HttpAuthMiddleware',
 'scrapy.downloadermiddlewares.downloadtimeout.DownloadTimeoutMiddleware',
 'scrapy.downloadermiddlewares.defaultheaders.DefaultHeadersMiddleware',
 'scrapy.downloadermiddlewares.useragent.UserAgentMiddleware',
 'scrapy.downloadermiddlewares.retry.RetryMiddleware',
 'scrapy.downloadermiddlewares.redirect.MetaRefreshMiddleware',
 'scrapy.downloadermiddlewares.httpcompression.HttpCompressionMiddleware',
 'scrapy.downloadermiddlewares.redirect.RedirectMiddleware',
 'scrapy.downloadermiddlewares.cookies.CookiesMiddleware',
 'scrapy.downloadermiddlewares.chunked.ChunkedTransferMiddleware',
 'scrapy.downloadermiddlewares.stats.DownloaderStats']
2016-08-09 16:49:36 [scrapy] INFO: Enabled spider middlewares:
['scrapy.spidermiddlewares.httperror.HttpErrorMiddleware',
 'scrapy.spidermiddlewares.offsite.OffsiteMiddleware',
 'scrapy.spidermiddlewares.referer.RefererMiddleware',
 'scrapy.spidermiddlewares.urllength.UrlLengthMiddleware',
 'scrapy.spidermiddlewares.depth.DepthMiddleware']
2016-08-09 16:49:36 [scrapy] INFO: Enabled item pipelines:
['hexun_stock_news_us.pipelines.HexunStockNewsUsPipeline']
2016-08-09 16:49:36 [scrapy] INFO: Spider opened
2016-08-09 16:49:36 [scrapy] INFO: Crawled 0 pages (at 0 pages/min), scraped 0 items (at 0 items/min)
2016-08-09 16:49:36 [scrapy] DEBUG: Telnet console listening on 127.0.0.1:6023
2016-08-09 16:49:36 [scrapy] DEBUG: Crawled (200) <GET http://news.hexun.com/2016-08-09/185412895.html> (referer: None)
2016-08-09 16:49:36 [scrapy] INFO: Closing spider (finished)
2016-08-09 16:49:36 [scrapy] INFO: Dumping Scrapy stats:
{'downloader/request_bytes': 297,
 'downloader/request_count': 1,
 'downloader/request_method_count/GET': 1,
 'downloader/response_bytes': 8845,
 'downloader/response_count': 1,
 'downloader/response_status_count/200': 1,
 'finish_reason': 'finished',
 'finish_time': datetime.datetime(2016, 8, 9, 8, 49, 36, 442730),
 'log_count/DEBUG': 2,
 'log_count/INFO': 7,
 'response_received_count': 1,
 'scheduler/dequeued': 1,
 'scheduler/dequeued/memory': 1,
 'scheduler/enqueued': 1,
 'scheduler/enqueued/memory': 1,
 'start_time': datetime.datetime(2016, 8, 9, 8, 49, 36, 179081)}
2016-08-09 16:49:36 [scrapy] INFO: Spider closed (finished)
2016-08-09 16:49:50 [scrapy] INFO: Scrapy 1.2.0dev2 started (bot: hexun_stock_news_us)
2016-08-09 16:49:50 [scrapy] INFO: Overridden settings: {'NEWSPIDER_MODULE': 'hexun_stock_news_us.spiders', 'SPIDER_MODULES': ['hexun_stock_news_us.spiders'], 'LOG_FILE': 'logs.log', 'BOT_NAME': 'hexun_stock_news_us'}
2016-08-09 16:49:50 [scrapy] INFO: Enabled extensions:
['scrapy.extensions.logstats.LogStats',
 'scrapy.extensions.telnet.TelnetConsole',
 'scrapy.extensions.corestats.CoreStats']
2016-08-09 16:49:50 [scrapy] INFO: Enabled downloader middlewares:
['hexun_stock_news_us.random_user_agent.RandomUserAgentMiddleware',
 'scrapy.downloadermiddlewares.httpauth.HttpAuthMiddleware',
 'scrapy.downloadermiddlewares.downloadtimeout.DownloadTimeoutMiddleware',
 'scrapy.downloadermiddlewares.defaultheaders.DefaultHeadersMiddleware',
 'scrapy.downloadermiddlewares.useragent.UserAgentMiddleware',
 'scrapy.downloadermiddlewares.retry.RetryMiddleware',
 'scrapy.downloadermiddlewares.redirect.MetaRefreshMiddleware',
 'scrapy.downloadermiddlewares.httpcompression.HttpCompressionMiddleware',
 'scrapy.downloadermiddlewares.redirect.RedirectMiddleware',
 'scrapy.downloadermiddlewares.cookies.CookiesMiddleware',
 'scrapy.downloadermiddlewares.chunked.ChunkedTransferMiddleware',
 'scrapy.downloadermiddlewares.stats.DownloaderStats']
2016-08-09 16:49:50 [scrapy] INFO: Enabled spider middlewares:
['scrapy.spidermiddlewares.httperror.HttpErrorMiddleware',
 'scrapy.spidermiddlewares.offsite.OffsiteMiddleware',
 'scrapy.spidermiddlewares.referer.RefererMiddleware',
 'scrapy.spidermiddlewares.urllength.UrlLengthMiddleware',
 'scrapy.spidermiddlewares.depth.DepthMiddleware']
2016-08-09 16:49:50 [scrapy] INFO: Enabled item pipelines:
['hexun_stock_news_us.pipelines.HexunStockNewsUsPipeline']
2016-08-09 16:49:50 [scrapy] INFO: Spider opened
2016-08-09 16:49:50 [scrapy] INFO: Crawled 0 pages (at 0 pages/min), scraped 0 items (at 0 items/min)
2016-08-09 16:49:50 [scrapy] DEBUG: Telnet console listening on 127.0.0.1:6023
2016-08-09 16:49:50 [scrapy] DEBUG: Crawled (200) <GET http://news.hexun.com/2016-08-09/185412895.html> (referer: None)
2016-08-09 16:49:51 [scrapy] INFO: Closing spider (finished)
2016-08-09 16:49:51 [scrapy] INFO: Dumping Scrapy stats:
{'downloader/request_bytes': 297,
 'downloader/request_count': 1,
 'downloader/request_method_count/GET': 1,
 'downloader/response_bytes': 8841,
 'downloader/response_count': 1,
 'downloader/response_status_count/200': 1,
 'finish_reason': 'finished',
 'finish_time': datetime.datetime(2016, 8, 9, 8, 49, 51, 81527),
 'log_count/DEBUG': 2,
 'log_count/INFO': 7,
 'response_received_count': 1,
 'scheduler/dequeued': 1,
 'scheduler/dequeued/memory': 1,
 'scheduler/enqueued': 1,
 'scheduler/enqueued/memory': 1,
 'start_time': datetime.datetime(2016, 8, 9, 8, 49, 50, 849053)}
2016-08-09 16:49:51 [scrapy] INFO: Spider closed (finished)
2016-08-09 16:50:30 [scrapy] INFO: Scrapy 1.2.0dev2 started (bot: hexun_stock_news_us)
2016-08-09 16:50:30 [scrapy] INFO: Overridden settings: {'NEWSPIDER_MODULE': 'hexun_stock_news_us.spiders', 'SPIDER_MODULES': ['hexun_stock_news_us.spiders'], 'LOG_FILE': 'logs.log', 'BOT_NAME': 'hexun_stock_news_us'}
2016-08-09 16:50:31 [scrapy] INFO: Enabled extensions:
['scrapy.extensions.logstats.LogStats',
 'scrapy.extensions.telnet.TelnetConsole',
 'scrapy.extensions.corestats.CoreStats']
2016-08-09 16:50:31 [scrapy] INFO: Enabled downloader middlewares:
['hexun_stock_news_us.random_user_agent.RandomUserAgentMiddleware',
 'scrapy.downloadermiddlewares.httpauth.HttpAuthMiddleware',
 'scrapy.downloadermiddlewares.downloadtimeout.DownloadTimeoutMiddleware',
 'scrapy.downloadermiddlewares.defaultheaders.DefaultHeadersMiddleware',
 'scrapy.downloadermiddlewares.useragent.UserAgentMiddleware',
 'scrapy.downloadermiddlewares.retry.RetryMiddleware',
 'scrapy.downloadermiddlewares.redirect.MetaRefreshMiddleware',
 'scrapy.downloadermiddlewares.httpcompression.HttpCompressionMiddleware',
 'scrapy.downloadermiddlewares.redirect.RedirectMiddleware',
 'scrapy.downloadermiddlewares.cookies.CookiesMiddleware',
 'scrapy.downloadermiddlewares.chunked.ChunkedTransferMiddleware',
 'scrapy.downloadermiddlewares.stats.DownloaderStats']
2016-08-09 16:50:31 [scrapy] INFO: Enabled spider middlewares:
['scrapy.spidermiddlewares.httperror.HttpErrorMiddleware',
 'scrapy.spidermiddlewares.offsite.OffsiteMiddleware',
 'scrapy.spidermiddlewares.referer.RefererMiddleware',
 'scrapy.spidermiddlewares.urllength.UrlLengthMiddleware',
 'scrapy.spidermiddlewares.depth.DepthMiddleware']
2016-08-09 16:50:31 [scrapy] INFO: Enabled item pipelines:
['hexun_stock_news_us.pipelines.HexunStockNewsUsPipeline']
2016-08-09 16:50:31 [scrapy] INFO: Spider opened
2016-08-09 16:50:31 [scrapy] INFO: Crawled 0 pages (at 0 pages/min), scraped 0 items (at 0 items/min)
2016-08-09 16:50:31 [scrapy] DEBUG: Telnet console listening on 127.0.0.1:6023
2016-08-09 16:50:31 [scrapy] DEBUG: Crawled (200) <GET http://news.hexun.com/2016-08-09/185412895.html> (referer: None)
2016-08-09 16:50:31 [scrapy] DEBUG: Crawled (200) <GET http://bschool.hexun.com/2016-08-09/185410268.html> (referer: None)
2016-08-09 16:50:31 [scrapy] INFO: Closing spider (finished)
2016-08-09 16:50:31 [scrapy] INFO: Dumping Scrapy stats:
{'downloader/request_bytes': 597,
 'downloader/request_count': 2,
 'downloader/request_method_count/GET': 2,
 'downloader/response_bytes': 17029,
 'downloader/response_count': 2,
 'downloader/response_status_count/200': 2,
 'finish_reason': 'finished',
 'finish_time': datetime.datetime(2016, 8, 9, 8, 50, 31, 287309),
 'log_count/DEBUG': 3,
 'log_count/INFO': 7,
 'response_received_count': 2,
 'scheduler/dequeued': 2,
 'scheduler/dequeued/memory': 2,
 'scheduler/enqueued': 2,
 'scheduler/enqueued/memory': 2,
 'start_time': datetime.datetime(2016, 8, 9, 8, 50, 31, 54278)}
2016-08-09 16:50:31 [scrapy] INFO: Spider closed (finished)
2016-08-09 17:12:05 [scrapy] INFO: Scrapy 1.2.0dev2 started (bot: hexun_stock_news_us)
2016-08-09 17:12:05 [scrapy] INFO: Overridden settings: {'NEWSPIDER_MODULE': 'hexun_stock_news_us.spiders', 'SPIDER_MODULES': ['hexun_stock_news_us.spiders'], 'LOG_FILE': 'logs.log', 'BOT_NAME': 'hexun_stock_news_us'}
2016-08-09 17:12:05 [scrapy] INFO: Enabled extensions:
['scrapy.extensions.logstats.LogStats',
 'scrapy.extensions.telnet.TelnetConsole',
 'scrapy.extensions.corestats.CoreStats']
2016-08-09 17:12:05 [scrapy] INFO: Enabled downloader middlewares:
['hexun_stock_news_us.random_user_agent.RandomUserAgentMiddleware',
 'scrapy.downloadermiddlewares.httpauth.HttpAuthMiddleware',
 'scrapy.downloadermiddlewares.downloadtimeout.DownloadTimeoutMiddleware',
 'scrapy.downloadermiddlewares.defaultheaders.DefaultHeadersMiddleware',
 'scrapy.downloadermiddlewares.useragent.UserAgentMiddleware',
 'scrapy.downloadermiddlewares.retry.RetryMiddleware',
 'scrapy.downloadermiddlewares.redirect.MetaRefreshMiddleware',
 'scrapy.downloadermiddlewares.httpcompression.HttpCompressionMiddleware',
 'scrapy.downloadermiddlewares.redirect.RedirectMiddleware',
 'scrapy.downloadermiddlewares.cookies.CookiesMiddleware',
 'scrapy.downloadermiddlewares.chunked.ChunkedTransferMiddleware',
 'scrapy.downloadermiddlewares.stats.DownloaderStats']
2016-08-09 17:12:05 [scrapy] INFO: Enabled spider middlewares:
['scrapy.spidermiddlewares.httperror.HttpErrorMiddleware',
 'scrapy.spidermiddlewares.offsite.OffsiteMiddleware',
 'scrapy.spidermiddlewares.referer.RefererMiddleware',
 'scrapy.spidermiddlewares.urllength.UrlLengthMiddleware',
 'scrapy.spidermiddlewares.depth.DepthMiddleware']
2016-08-09 17:12:05 [scrapy] INFO: Enabled item pipelines:
['hexun_stock_news_us.pipelines.HexunStockNewsUsPipeline']
2016-08-09 17:12:05 [scrapy] INFO: Spider opened
2016-08-09 17:12:05 [scrapy] INFO: Crawled 0 pages (at 0 pages/min), scraped 0 items (at 0 items/min)
2016-08-09 17:12:05 [scrapy] DEBUG: Telnet console listening on 127.0.0.1:6023
2016-08-09 17:12:05 [scrapy] DEBUG: Crawled (200) <GET http://news.hexun.com/2016-08-09/185412895.html> (referer: None)
2016-08-09 17:12:05 [scrapy] DEBUG: Crawled (200) <GET http://bschool.hexun.com/2016-08-09/185410268.html> (referer: None)
2016-08-09 17:12:06 [scrapy] DEBUG: Scraped from <200 http://news.hexun.com/2016-08-09/185412895.html>
None
2016-08-09 17:12:06 [scrapy] DEBUG: Scraped from <200 http://bschool.hexun.com/2016-08-09/185410268.html>
None
2016-08-09 17:12:06 [scrapy] INFO: Closing spider (finished)
2016-08-09 17:12:06 [scrapy] INFO: Dumping Scrapy stats:
{'downloader/request_bytes': 597,
 'downloader/request_count': 2,
 'downloader/request_method_count/GET': 2,
 'downloader/response_bytes': 17035,
 'downloader/response_count': 2,
 'downloader/response_status_count/200': 2,
 'finish_reason': 'finished',
 'finish_time': datetime.datetime(2016, 8, 9, 9, 12, 6, 72803),
 'item_scraped_count': 2,
 'log_count/DEBUG': 5,
 'log_count/INFO': 7,
 'response_received_count': 2,
 'scheduler/dequeued': 2,
 'scheduler/dequeued/memory': 2,
 'scheduler/enqueued': 2,
 'scheduler/enqueued/memory': 2,
 'start_time': datetime.datetime(2016, 8, 9, 9, 12, 5, 815025)}
2016-08-09 17:12:06 [scrapy] INFO: Spider closed (finished)
