2016-07-05 17:28:43 [scrapy] INFO: Scrapy 1.1.0 started (bot: wdzj)
2016-07-05 17:28:43 [scrapy] INFO: Overridden settings: {'NEWSPIDER_MODULE': 'wdzj.spiders', 'MAIL_FROM': 'tongyang.li@fengjr.com', 'ROBOTSTXT_OBEY': True, 'SPIDER_MODULES': ['wdzj.spiders'], 'BOT_NAME': 'wdzj', 'MAIL_USER': 'tongyang.li', 'MAIL_PASS': 'Lty@fengjr', 'MAIL_HOST': 'smtp.fengjr.com', 'LOG_FILE': 'log/logs.log'}
2016-07-05 17:28:43 [scrapy] INFO: Enabled extensions:
['scrapy.extensions.logstats.LogStats',
 'scrapy.extensions.telnet.TelnetConsole',
 'scrapy.extensions.corestats.CoreStats']
2016-07-05 17:28:44 [scrapy] INFO: Enabled downloader middlewares:
['scrapy.downloadermiddlewares.robotstxt.RobotsTxtMiddleware',
 'scrapy.downloadermiddlewares.httpauth.HttpAuthMiddleware',
 'scrapy.downloadermiddlewares.downloadtimeout.DownloadTimeoutMiddleware',
 'scrapy.downloadermiddlewares.useragent.UserAgentMiddleware',
 'scrapy.downloadermiddlewares.retry.RetryMiddleware',
 'scrapy.downloadermiddlewares.defaultheaders.DefaultHeadersMiddleware',
 'scrapy.downloadermiddlewares.redirect.MetaRefreshMiddleware',
 'scrapy.downloadermiddlewares.httpcompression.HttpCompressionMiddleware',
 'scrapy.downloadermiddlewares.redirect.RedirectMiddleware',
 'scrapy.downloadermiddlewares.cookies.CookiesMiddleware',
 'scrapy.downloadermiddlewares.chunked.ChunkedTransferMiddleware',
 'scrapy.downloadermiddlewares.stats.DownloaderStats']
2016-07-05 17:28:44 [scrapy] INFO: Enabled spider middlewares:
['scrapy.spidermiddlewares.httperror.HttpErrorMiddleware',
 'scrapy.spidermiddlewares.offsite.OffsiteMiddleware',
 'scrapy.spidermiddlewares.referer.RefererMiddleware',
 'scrapy.spidermiddlewares.urllength.UrlLengthMiddleware',
 'scrapy.spidermiddlewares.depth.DepthMiddleware']
2016-07-05 17:28:44 [py.warnings] WARNING: C:\Users\tongyang.li\PycharmProjects\myPython\work\fenghuang_jr\spider\wdzj\wdzj\pipelines.py:9: ScrapyDeprecationWarning: Module `scrapy.log` has been deprecated, Scrapy now relies on the builtin Python library for logging. Read the updated logging entry in the documentation to learn more.
  from scrapy import log

2016-07-05 17:28:44 [scrapy] INFO: Enabled item pipelines:
['wdzj.pipelines.JsonWriterPipeline', 'wdzj.pipelines.WdzjPipelineMysql']
2016-07-05 17:28:44 [scrapy] INFO: Spider opened
2016-07-05 17:28:44 [scrapy] INFO: Crawled 0 pages (at 0 pages/min), scraped 0 items (at 0 items/min)
2016-07-05 17:28:44 [scrapy] DEBUG: Telnet console listening on 127.0.0.1:6023
2016-07-05 17:28:44 [scrapy] DEBUG: Crawled (404) <GET http://shuju.wdzj.com/robots.txt> (referer: None)
2016-07-05 17:28:44 [scrapy] DEBUG: Crawled (200) <GET http://shuju.wdzj.com/preference-235.html> (referer: None)
2016-07-05 17:28:44 [scrapy] DEBUG: Crawled (200) <GET http://shuju.wdzj.com/preference-38.html> (referer: None)
2016-07-05 17:28:44 [scrapy] DEBUG: Crawled (200) <GET http://shuju.wdzj.com/preference-85.html> (referer: None)
2016-07-05 17:28:44 [scrapy] DEBUG: Crawled (200) <GET http://shuju.wdzj.com/preference-498.html> (referer: None)
2016-07-05 17:28:44 [scrapy] DEBUG: Crawled (200) <GET http://shuju.wdzj.com/preference-116.html> (referer: None)
2016-07-05 17:28:44 [scrapy] DEBUG: Crawled (200) <GET http://shuju.wdzj.com/preference-129.html> (referer: None)
2016-07-05 17:28:44 [scrapy] DEBUG: Crawled (200) <GET http://shuju.wdzj.com/preference-1345.html> (referer: None)
2016-07-05 17:28:44 [scrapy] DEBUG: Crawled (200) <GET http://shuju.wdzj.com/preference-689.html> (referer: None)
2016-07-05 17:28:44 [scrapy] DEBUG: Crawled (200) <GET http://shuju.wdzj.com/preference-1152.html> (referer: None)
2016-07-05 17:28:44 [scrapy] DEBUG: Scraped from <200 http://shuju.wdzj.com/preference-235.html>
{'company_name': '\xe5\x92\x8c\xe4\xbf\xa1\xe8\xb4\xb7',
 'core_index_data': [620,
                     12.26,
                     140446.03,
                     -294.46,
                     576,
                     9,
                     10763.89,
                     68.89,
                     9,
                     3.9,
                     35321,
                     4891],
 'core_index_name': [u'\u6210\u4ea4\u91cf',
                     u'\u5229\u7387',
                     u'\u5386\u53f2\u5f85\u8fd8',
                     u'\u8d44\u91d1\u51c0\u6d41\u5165',
                     u'\u6295\u8d44\u4eba\u6570',
                     u'\u501f\u6b3e\u4eba\u6570',
                     u'\u4eba\u5747\u6295\u8d44\u91d1\u989d',
                     u'\u4eba\u5747\u501f\u6b3e\u91d1\u989d',
                     u'\u501f\u6b3e\u6807\u6570',
                     u'\u5e73\u5747\u501f\u6b3e\u671f\u9650',
                     u'\u5f85\u6536\u6295\u8d44\u4eba\u6570',
                     u'\u5f85\u8fd8\u501f\u6b3e\u4eba\u6570'],
 'index_preference_data': [80.34,
                           61.54,
                           88.89,
                           3.63,
                           85.47,
                           75.64,
                           41.45,
                           72.44,
                           67.52,
                           66.24,
                           92.31,
                           92.31],
 'item_type': 'preference',
 'url': 'http://shuju.wdzj.com/preference-235.html'}
2016-07-05 17:28:44 [scrapy] DEBUG: Crawled (200) <GET http://shuju.wdzj.com/preference-623.html> (referer: None)
2016-07-05 17:28:44 [scrapy] DEBUG: Crawled (200) <GET http://shuju.wdzj.com/preference-52.html> (referer: None)
2016-07-05 17:28:44 [scrapy] DEBUG: Crawled (200) <GET http://shuju.wdzj.com/preference-942.html> (referer: None)
2016-07-05 17:28:44 [scrapy] DEBUG: Crawled (200) <GET http://shuju.wdzj.com/preference-984.html> (referer: None)
2016-07-05 17:28:44 [scrapy] DEBUG: Crawled (200) <GET http://shuju.wdzj.com/preference-60.html> (referer: None)
2016-07-05 17:28:44 [scrapy] DEBUG: Crawled (200) <GET http://shuju.wdzj.com/preference-96.html> (referer: None)
2016-07-05 17:28:44 [scrapy] DEBUG: Scraped from <200 http://shuju.wdzj.com/preference-38.html>
{'company_name': '\xe5\xbe\xae\xe8\xb4\xb7\xe7\xbd\x91',
 'core_index_data': [12468.25,
                     9.67,
                     592165.1,
                     3136.14,
                     9428,
                     1959,
                     13224.7,
                     6.36,
                     1965,
                     3.67,
                     94433,
                     95105],
 'core_index_name': [u'\u6210\u4ea4\u91cf',
                     u'\u5229\u7387',
                     u'\u5386\u53f2\u5f85\u8fd8',
                     u'\u8d44\u91d1\u51c0\u6d41\u5165',
                     u'\u6295\u8d44\u4eba\u6570',
                     u'\u501f\u6b3e\u4eba\u6570',
                     u'\u4eba\u5747\u6295\u8d44\u91d1\u989d',
                     u'\u4eba\u5747\u501f\u6b3e\u91d1\u989d',
                     u'\u501f\u6b3e\u6807\u6570',
                     u'\u5e73\u5747\u501f\u6b3e\u671f\u9650',
                     u'\u5f85\u6536\u6295\u8d44\u4eba\u6570',
                     u'\u5f85\u8fd8\u501f\u6b3e\u4eba\u6570'],
 'index_preference_data': [99.36,
                           38.89,
                           95.94,
                           96.79,
                           97.22,
                           97.86,
                           50.64,
                           28.21,
                           97.44,
                           64.32,
                           96.37,
                           96.79],
 'item_type': 'preference',
 'url': 'http://shuju.wdzj.com/preference-38.html'}
2016-07-05 17:28:44 [scrapy] DEBUG: Scraped from <200 http://shuju.wdzj.com/preference-85.html>
{'company_name': '\xe5\xae\x9c\xe4\xba\xba\xe8\xb4\xb7',
 'core_index_data': [10694.79,
                     11.73,
                     1694233.67,
                     8523.47,
                     84484,
                     1906,
                     1265.9,
                     5.61,
                     1906,
                     33.4,
                     543618,
                     286683],
 'core_index_name': [u'\u6210\u4ea4\u91cf',
                     u'\u5229\u7387',
                     u'\u5386\u53f2\u5f85\u8fd8',
                     u'\u8d44\u91d1\u51c0\u6d41\u5165',
                     u'\u6295\u8d44\u4eba\u6570',
                     u'\u501f\u6b3e\u4eba\u6570',
                     u'\u4eba\u5747\u6295\u8d44\u91d1\u989d',
                     u'\u4eba\u5747\u501f\u6b3e\u91d1\u989d',
                     u'\u501f\u6b3e\u6807\u6570',
                     u'\u5e73\u5747\u501f\u6b3e\u671f\u9650',
                     u'\u5f85\u6536\u6295\u8d44\u4eba\u6570',
                     u'\u5f85\u8fd8\u501f\u6b3e\u4eba\u6570'],
 'index_preference_data': [98.93,
                           55.77,
                           99.15,
                           99.15,
                           99.79,
                           97.65,
                           15.81,
                           25.85,
                           97.22,
                           98.93,
                           99.57,
                           98.29],
 'item_type': 'preference',
 'url': 'http://shuju.wdzj.com/preference-85.html'}
2016-07-05 17:28:44 [scrapy] DEBUG: Scraped from <200 http://shuju.wdzj.com/preference-498.html>
{'company_name': 'PPmoney\xe4\xb8\x87\xe6\x83\xa0',
 'core_index_data': [7808.4,
                     8.9,
                     1267547.24,
                     2780.91,
                     5671,
                     1438,
                     13769,
                     5.43,
                     1815,
                     10.71,
                     287224,
                     143212],
 'core_index_name': [u'\u6210\u4ea4\u91cf',
                     u'\u5229\u7387',
                     u'\u5386\u53f2\u5f85\u8fd8',
                     u'\u8d44\u91d1\u51c0\u6d41\u5165',
                     u'\u6295\u8d44\u4eba\u6570',
                     u'\u501f\u6b3e\u4eba\u6570',
                     u'\u4eba\u5747\u6295\u8d44\u91d1\u989d',
                     u'\u4eba\u5747\u501f\u6b3e\u91d1\u989d',
                     u'\u501f\u6b3e\u6807\u6570',
                     u'\u5e73\u5747\u501f\u6b3e\u671f\u9650',
                     u'\u5f85\u6536\u6295\u8d44\u4eba\u6570',
                     u'\u5f85\u8fd8\u501f\u6b3e\u4eba\u6570'],
 'index_preference_data': [98.5,
                           31.84,
                           98.29,
                           96.37,
                           96.58,
                           97.44,
                           52.14,
                           25.21,
                           97.01,
                           92.31,
                           99.15,
                           97.22],
 'item_type': 'preference',
 'url': 'http://shuju.wdzj.com/preference-498.html'}
2016-07-05 17:28:44 [scrapy] DEBUG: Crawled (200) <GET http://shuju.wdzj.com/preference-144.html> (referer: None)
2016-07-05 17:28:44 [scrapy] DEBUG: Crawled (200) <GET http://shuju.wdzj.com/preference-91.html> (referer: None)
2016-07-05 17:28:44 [scrapy] DEBUG: Scraped from <200 http://shuju.wdzj.com/preference-116.html>
{'company_name': '\xe5\xbc\x80\xe9\x91\xab\xe8\xb4\xb7',
 'core_index_data': [2794,
                     7.06,
                     825257.6,
                     1178.94,
                     272,
                     20,
                     102720.59,
                     139.7,
                     27,
                     11.41,
                     22365,
                     1996],
 'core_index_name': [u'\u6210\u4ea4\u91cf',
                     u'\u5229\u7387',
                     u'\u5386\u53f2\u5f85\u8fd8',
                     u'\u8d44\u91d1\u51c0\u6d41\u5165',
                     u'\u6295\u8d44\u4eba\u6570',
                     u'\u501f\u6b3e\u4eba\u6570',
                     u'\u4eba\u5747\u6295\u8d44\u91d1\u989d',
                     u'\u4eba\u5747\u501f\u6b3e\u91d1\u989d',
                     u'\u501f\u6b3e\u6807\u6570',
                     u'\u5e73\u5747\u501f\u6b3e\u671f\u9650',
                     u'\u5f85\u6536\u6295\u8d44\u4eba\u6570',
                     u'\u5f85\u8fd8\u501f\u6b3e\u4eba\u6570'],
 'index_preference_data': [93.8,
                           18.8,
                           97.22,
                           93.8,
                           74.79,
                           85.9,
                           96.58,
                           85.26,
                           84.4,
                           92.95,
                           88.68,
                           87.82],
 'item_type': 'preference',
 'url': 'http://shuju.wdzj.com/preference-116.html'}
2016-07-05 17:28:44 [scrapy] DEBUG: Crawled (200) <GET http://shuju.wdzj.com/preference-142.html> (referer: None)
2016-07-05 17:28:44 [scrapy] DEBUG: Scraped from <200 http://shuju.wdzj.com/preference-129.html>
{'company_name': '\xe7\x82\xb9\xe8\x9e\x8d\xe7\xbd\x91',
 'core_index_data': [2496.25,
                     11.94,
                     719240.51,
                     433.69,
                     9,
                     303,
                     2773610.67,
                     8.24,
                     303,
                     26.78,
                     2539,
                     50454],
 'core_index_name': [u'\u6210\u4ea4\u91cf',
                     u'\u5229\u7387',
                     u'\u5386\u53f2\u5f85\u8fd8',
                     u'\u8d44\u91d1\u51c0\u6d41\u5165',
                     u'\u6295\u8d44\u4eba\u6570',
                     u'\u501f\u6b3e\u4eba\u6570',
                     u'\u4eba\u5747\u6295\u8d44\u91d1\u989d',
                     u'\u4eba\u5747\u501f\u6b3e\u91d1\u989d',
                     u'\u501f\u6b3e\u6807\u6570',
                     u'\u5e73\u5747\u501f\u6b3e\u671f\u9650',
                     u'\u5f85\u6536\u6295\u8d44\u4eba\u6570',
                     u'\u5f85\u8fd8\u501f\u6b3e\u4eba\u6570'],
 'index_preference_data': [92.74,
                           57.05,
                           96.58,
                           85.26,
                           25,
                           95.51,
                           99.79,
                           34.83,
                           95.09,
                           98.29,
                           62.18,
                           95.94],
 'item_type': 'preference',
 'url': 'http://shuju.wdzj.com/preference-129.html'}
2016-07-05 17:28:44 [scrapy] DEBUG: Scraped from <200 http://shuju.wdzj.com/preference-1345.html>
{'company_name': '\xe6\x90\x9c\xe6\x98\x93\xe8\xb4\xb7',
 'core_index_data': [6920.66,
                     6.97,
                     430850.52,
                     5510.52,
                     10386,
                     322,
                     6663.46,
                     21.49,
                     514,
                     3.35,
                     83423,
                     98445],
 'core_index_name': [u'\u6210\u4ea4\u91cf',
                     u'\u5229\u7387',
                     u'\u5386\u53f2\u5f85\u8fd8',
                     u'\u8d44\u91d1\u51c0\u6d41\u5165',
                     u'\u6295\u8d44\u4eba\u6570',
                     u'\u501f\u6b3e\u4eba\u6570',
                     u'\u4eba\u5747\u6295\u8d44\u91d1\u989d',
                     u'\u4eba\u5747\u501f\u6b3e\u91d1\u989d',
                     u'\u501f\u6b3e\u6807\u6570',
                     u'\u5e73\u5747\u501f\u6b3e\u671f\u9650',
                     u'\u5f85\u6536\u6295\u8d44\u4eba\u6570',
                     u'\u5f85\u8fd8\u501f\u6b3e\u4eba\u6570'],
 'index_preference_data': [97.86,
                           17.52,
                           95.09,
                           98.29,
                           97.44,
                           95.94,
                           27.35,
                           54.27,
                           96.15,
                           61.75,
                           95.73,
                           97.01],
 'item_type': 'preference',
 'url': 'http://shuju.wdzj.com/preference-1345.html'}
2016-07-05 17:28:44 [scrapy] DEBUG: Scraped from <200 http://shuju.wdzj.com/preference-689.html>
{'company_name': '\xe7\x88\xb1\xe9\x92\xb1\xe8\xbf\x9b',
 'core_index_data': [9974.4,
                     12.55,
                     759319.65,
                     8870.56,
                     51771,
                     52527,
                     1926.64,
                     0.19,
                     121263,
                     33.62,
                     386267,
                     172747],
 'core_index_name': [u'\u6210\u4ea4\u91cf',
                     u'\u5229\u7387',
                     u'\u5386\u53f2\u5f85\u8fd8',
                     u'\u8d44\u91d1\u51c0\u6d41\u5165',
                     u'\u6295\u8d44\u4eba\u6570',
                     u'\u501f\u6b3e\u4eba\u6570',
                     u'\u4eba\u5747\u6295\u8d44\u91d1\u989d',
                     u'\u4eba\u5747\u501f\u6b3e\u91d1\u989d',
                     u'\u501f\u6b3e\u6807\u6570',
                     u'\u5e73\u5747\u501f\u6b3e\u671f\u9650',
                     u'\u5f85\u6536\u6295\u8d44\u4eba\u6570',
                     u'\u5f85\u8fd8\u501f\u6b3e\u4eba\u6570'],
 'index_preference_data': [98.72,
                           63.89,
                           97.01,
                           99.36,
                           99.57,
                           99.79,
                           16.67,
                           14.96,
                           99.79,
                           99.15,
                           99.36,
                           97.65],
 'item_type': 'preference',
 'url': 'http://shuju.wdzj.com/preference-689.html'}
2016-07-05 17:28:44 [scrapy] DEBUG: Scraped from <200 http://shuju.wdzj.com/preference-1152.html>
{'company_name': '\xe9\xba\xbb\xe8\xa2\x8b\xe7\x90\x86\xe8\xb4\xa2',
 'core_index_data': [3147.78,
                     10.12,
                     320656.32,
                     2886.87,
                     10868,
                     7390,
                     2896.37,
                     0.43,
                     25873,
                     29.92,
                     146461,
                     77207],
 'core_index_name': [u'\u6210\u4ea4\u91cf',
                     u'\u5229\u7387',
                     u'\u5386\u53f2\u5f85\u8fd8',
                     u'\u8d44\u91d1\u51c0\u6d41\u5165',
                     u'\u6295\u8d44\u4eba\u6570',
                     u'\u501f\u6b3e\u4eba\u6570',
                     u'\u4eba\u5747\u6295\u8d44\u91d1\u989d',
                     u'\u4eba\u5747\u501f\u6b3e\u91d1\u989d',
                     u'\u501f\u6b3e\u6807\u6570',
                     u'\u5e73\u5747\u501f\u6b3e\u671f\u9650',
                     u'\u5f85\u6536\u6295\u8d44\u4eba\u6570',
                     u'\u5f85\u8fd8\u501f\u6b3e\u4eba\u6570'],
 'index_preference_data': [94.44,
                           43.16,
                           93.16,
                           96.58,
                           97.65,
                           98.72,
                           17.09,
                           15.81,
                           99.15,
                           98.5,
                           98.08,
                           96.15],
 'item_type': 'preference',
 'url': 'http://shuju.wdzj.com/preference-1152.html'}
2016-07-05 17:28:44 [scrapy] DEBUG: Crawled (200) <GET http://shuju.wdzj.com/preference-59.html> (referer: None)
2016-07-05 17:28:44 [scrapy] DEBUG: Crawled (200) <GET http://shuju.wdzj.com/preference-57.html> (referer: None)
2016-07-05 17:28:44 [scrapy] DEBUG: Scraped from <200 http://shuju.wdzj.com/preference-623.html>
{'company_name': '\xe9\x93\xb6\xe6\xb9\x96\xe7\xbd\x91',
 'core_index_data': [285.68,
                     11.33,
                     122715.07,
                     -252.45,
                     560,
                     32,
                     5101.43,
                     8.93,
                     32,
                     18.74,
                     30407,
                     11127],
 'core_index_name': [u'\u6210\u4ea4\u91cf',
                     u'\u5229\u7387',
                     u'\u5386\u53f2\u5f85\u8fd8',
                     u'\u8d44\u91d1\u51c0\u6d41\u5165',
                     u'\u6295\u8d44\u4eba\u6570',
                     u'\u501f\u6b3e\u4eba\u6570',
                     u'\u4eba\u5747\u6295\u8d44\u91d1\u989d',
                     u'\u4eba\u5747\u501f\u6b3e\u91d1\u989d',
                     u'\u501f\u6b3e\u6807\u6570',
                     u'\u5e73\u5747\u501f\u6b3e\u671f\u9650',
                     u'\u5f85\u6536\u6295\u8d44\u4eba\u6570',
                     u'\u5f85\u8fd8\u501f\u6b3e\u4eba\u6570'],
 'index_preference_data': [67.95,
                           52.78,
                           86.32,
                           4.06,
                           84.4,
                           89.32,
                           24.57,
                           36.54,
                           86.54,
                           97.01,
                           90.81,
                           93.8],
 'item_type': 'preference',
 'url': 'http://shuju.wdzj.com/preference-623.html'}
2016-07-05 17:28:44 [scrapy] DEBUG: Crawled (200) <GET http://shuju.wdzj.com/preference-2219.html> (referer: None)
2016-07-05 17:28:44 [scrapy] DEBUG: Scraped from <200 http://shuju.wdzj.com/preference-52.html>
{'company_name': '\xe6\x8b\x8d\xe6\x8b\x8d\xe8\xb4\xb7',
 'core_index_data': [7141.72,
                     19.25,
                     562589.66,
                     4565.49,
                     18127,
                     23699,
                     3939.82,
                     0.3,
                     23985,
                     10.66,
                     112481,
                     1489388],
 'core_index_name': [u'\u6210\u4ea4\u91cf',
                     u'\u5229\u7387',
                     u'\u5386\u53f2\u5f85\u8fd8',
                     u'\u8d44\u91d1\u51c0\u6d41\u5165',
                     u'\u6295\u8d44\u4eba\u6570',
                     u'\u501f\u6b3e\u4eba\u6570',
                     u'\u4eba\u5747\u6295\u8d44\u91d1\u989d',
                     u'\u4eba\u5747\u501f\u6b3e\u91d1\u989d',
                     u'\u501f\u6b3e\u6807\u6570',
                     u'\u5e73\u5747\u501f\u6b3e\u671f\u9650',
                     u'\u5f85\u6536\u6295\u8d44\u4eba\u6570',
                     u'\u5f85\u8fd8\u501f\u6b3e\u4eba\u6570'],
 'index_preference_data': [98.29,
                           96.79,
                           95.73,
                           97.44,
                           98.5,
                           99.57,
                           20.09,
                           15.38,
                           98.93,
                           92.09,
                           97.44,
                           99.57],
 'item_type': 'preference',
 'url': 'http://shuju.wdzj.com/preference-52.html'}
2016-07-05 17:28:44 [scrapy] DEBUG: Scraped from <200 http://shuju.wdzj.com/preference-942.html>
{'company_name': '\xe6\x98\x93\xe8\xb4\xb7\xe7\xbd\x91',
 'core_index_data': [5228.59,
                     10.76,
                     166257.03,
                     4981.63,
                     3326,
                     750,
                     15720.36,
                     6.97,
                     5491,
                     3.31,
                     13701,
                     11577],
 'core_index_name': [u'\u6210\u4ea4\u91cf',
                     u'\u5229\u7387',
                     u'\u5386\u53f2\u5f85\u8fd8',
                     u'\u8d44\u91d1\u51c0\u6d41\u5165',
                     u'\u6295\u8d44\u4eba\u6570',
                     u'\u501f\u6b3e\u4eba\u6570',
                     u'\u4eba\u5747\u6295\u8d44\u91d1\u989d',
                     u'\u4eba\u5747\u501f\u6b3e\u91d1\u989d',
                     u'\u501f\u6b3e\u6807\u6570',
                     u'\u5e73\u5747\u501f\u6b3e\u671f\u9650',
                     u'\u5f85\u6536\u6295\u8d44\u4eba\u6570',
                     u'\u5f85\u8fd8\u501f\u6b3e\u4eba\u6570'],
 'index_preference_data': [96.58,
                           48.29,
                           90.17,
                           97.86,
                           95.51,
                           96.79,
                           57.69,
                           30.56,
                           97.86,
                           61.32,
                           84.19,
                           94.02],
 'item_type': 'preference',
 'url': 'http://shuju.wdzj.com/preference-942.html'}
2016-07-05 17:28:44 [scrapy] DEBUG: Scraped from <200 http://shuju.wdzj.com/preference-984.html>
{'company_name': '\xe9\x87\x91\xe5\xae\x9d\xe4\xbf\x9d',
 'core_index_data': [900,
                     7,
                     205522.27,
                     397.92,
                     69,
                     2,
                     130434.78,
                     450,
                     2,
                     12,
                     10606,
                     456],
 'core_index_name': [u'\u6210\u4ea4\u91cf',
                     u'\u5229\u7387',
                     u'\u5386\u53f2\u5f85\u8fd8',
                     u'\u8d44\u91d1\u51c0\u6d41\u5165',
                     u'\u6295\u8d44\u4eba\u6570',
                     u'\u501f\u6b3e\u4eba\u6570',
                     u'\u4eba\u5747\u6295\u8d44\u91d1\u989d',
                     u'\u4eba\u5747\u501f\u6b3e\u91d1\u989d',
                     u'\u501f\u6b3e\u6807\u6570',
                     u'\u5e73\u5747\u501f\u6b3e\u671f\u9650',
                     u'\u5f85\u6536\u6295\u8d44\u4eba\u6570',
                     u'\u5f85\u8fd8\u501f\u6b3e\u4eba\u6570'],
 'index_preference_data': [83.76,
                           18.59,
                           91.03,
                           84.4,
                           56.62,
                           44.02,
                           97.65,
                           96.58,
                           37.61,
                           95.09,
                           82.05,
                           75.43],
 'item_type': 'preference',
 'url': 'http://shuju.wdzj.com/preference-984.html'}
2016-07-05 17:28:44 [scrapy] DEBUG: Scraped from <200 http://shuju.wdzj.com/preference-60.html>
{'company_name': '\xe7\xba\xa2\xe5\xb2\xad\xe5\x88\x9b\xe6\x8a\x95',
 'core_index_data': [56703.95,
                     10.26,
                     1472911.34,
                     29137.58,
                     18116,
                     2600,
                     31300.48,
                     21.81,
                     11366,
                     8.02,
                     136715,
                     10755],
 'core_index_name': [u'\u6210\u4ea4\u91cf',
                     u'\u5229\u7387',
                     u'\u5386\u53f2\u5f85\u8fd8',
                     u'\u8d44\u91d1\u51c0\u6d41\u5165',
                     u'\u6295\u8d44\u4eba\u6570',
                     u'\u501f\u6b3e\u4eba\u6570',
                     u'\u4eba\u5747\u6295\u8d44\u91d1\u989d',
                     u'\u4eba\u5747\u501f\u6b3e\u91d1\u989d',
                     u'\u501f\u6b3e\u6807\u6570',
                     u'\u5e73\u5747\u501f\u6b3e\u671f\u9650',
                     u'\u5f85\u6536\u6295\u8d44\u4eba\u6570',
                     u'\u5f85\u8fd8\u501f\u6b3e\u4eba\u6570'],
 'index_preference_data': [99.57,
                           44.44,
                           98.93,
                           99.57,
                           98.29,
                           98.29,
                           79.91,
                           54.49,
                           98.29,
                           88.89,
                           97.65,
                           93.59],
 'item_type': 'preference',
 'url': 'http://shuju.wdzj.com/preference-60.html'}
2016-07-05 17:28:44 [scrapy] DEBUG: Scraped from <200 http://shuju.wdzj.com/preference-96.html>
{'company_name': '\xe6\x8a\x95\xe5\x93\xaa\xe7\xbd\x91',
 'core_index_data': [0,
                     0,
                     418927.25,
                     -2354.77,
                     0,
                     0,
                     0,
                     0,
                     0,
                     0,
                     96911,
                     95067],
 'core_index_name': [u'\u6210\u4ea4\u91cf',
                     u'\u5229\u7387',
                     u'\u5386\u53f2\u5f85\u8fd8',
                     u'\u8d44\u91d1\u51c0\u6d41\u5165',
                     u'\u6295\u8d44\u4eba\u6570',
                     u'\u501f\u6b3e\u4eba\u6570',
                     u'\u4eba\u5747\u6295\u8d44\u91d1\u989d',
                     u'\u4eba\u5747\u501f\u6b3e\u91d1\u989d',
                     u'\u501f\u6b3e\u6807\u6570',
                     u'\u5e73\u5747\u501f\u6b3e\u671f\u9650',
                     u'\u5f85\u6536\u6295\u8d44\u4eba\u6570',
                     u'\u5f85\u8fd8\u501f\u6b3e\u4eba\u6570'],
 'index_preference_data': [2.99,
                           2.99,
                           94.87,
                           0.21,
                           0,
                           0,
                           0,
                           0,
                           0,
                           0,
                           96.58,
                           96.58],
 'item_type': 'preference',
 'url': 'http://shuju.wdzj.com/preference-96.html'}
2016-07-05 17:28:44 [scrapy] DEBUG: Scraped from <200 http://shuju.wdzj.com/preference-144.html>
{'company_name': '\xe7\xbf\xbc\xe9\xbe\x99\xe8\xb4\xb7',
 'core_index_data': [6803.65,
                     7.81,
                     2491974.42,
                     241.67,
                     6269,
                     974,
                     10852.85,
                     6.99,
                     978,
                     13.23,
                     144604,
                     165506],
 'core_index_name': [u'\u6210\u4ea4\u91cf',
                     u'\u5229\u7387',
                     u'\u5386\u53f2\u5f85\u8fd8',
                     u'\u8d44\u91d1\u51c0\u6d41\u5165',
                     u'\u6295\u8d44\u4eba\u6570',
                     u'\u501f\u6b3e\u4eba\u6570',
                     u'\u4eba\u5747\u6295\u8d44\u91d1\u989d',
                     u'\u4eba\u5747\u501f\u6b3e\u91d1\u989d',
                     u'\u501f\u6b3e\u6807\u6570',
                     u'\u5e73\u5747\u501f\u6b3e\u671f\u9650',
                     u'\u5f85\u6536\u6295\u8d44\u4eba\u6570',
                     u'\u5f85\u8fd8\u501f\u6b3e\u4eba\u6570'],
 'index_preference_data': [97.65,
                           23.08,
                           99.57,
                           80.77,
                           96.79,
                           97.01,
                           42.09,
                           30.98,
                           96.58,
                           96.15,
                           97.86,
                           97.44],
 'item_type': 'preference',
 'url': 'http://shuju.wdzj.com/preference-144.html'}
2016-07-05 17:28:44 [scrapy] DEBUG: Scraped from <200 http://shuju.wdzj.com/preference-91.html>
{'company_name': '\xe5\x9b\xa2\xe8\xb4\xb7\xe7\xbd\x91',
 'core_index_data': [11754.57,
                     12.91,
                     754699.65,
                     7756.55,
                     11954,
                     687,
                     9833.17,
                     17.11,
                     1804,
                     8.83,
                     100128,
                     25611],
 'core_index_name': [u'\u6210\u4ea4\u91cf',
                     u'\u5229\u7387',
                     u'\u5386\u53f2\u5f85\u8fd8',
                     u'\u8d44\u91d1\u51c0\u6d41\u5165',
                     u'\u6295\u8d44\u4eba\u6570',
                     u'\u501f\u6b3e\u4eba\u6570',
                     u'\u4eba\u5747\u6295\u8d44\u91d1\u989d',
                     u'\u4eba\u5747\u501f\u6b3e\u91d1\u989d',
                     u'\u501f\u6b3e\u6807\u6570',
                     u'\u5e73\u5747\u501f\u6b3e\u671f\u9650',
                     u'\u5f85\u6536\u6295\u8d44\u4eba\u6570',
                     u'\u5f85\u8fd8\u501f\u6b3e\u4eba\u6570'],
 'index_preference_data': [99.15,
                           67.31,
                           96.79,
                           98.93,
                           98.08,
                           96.58,
                           38.46,
                           50.21,
                           96.79,
                           90.38,
                           96.79,
                           95.51],
 'item_type': 'preference',
 'url': 'http://shuju.wdzj.com/preference-91.html'}
2016-07-05 17:28:44 [scrapy] DEBUG: Scraped from <200 http://shuju.wdzj.com/preference-142.html>
{'company_name': '\xe6\x9c\x89\xe5\x88\xa9\xe7\xbd\x91',
 'core_index_data': [5908.36,
                     9.97,
                     843044.22,
                     3476.44,
                     33424,
                     8548,
                     1767.7,
                     0.69,
                     8550,
                     19.64,
                     249402,
                     960129],
 'core_index_name': [u'\u6210\u4ea4\u91cf',
                     u'\u5229\u7387',
                     u'\u5386\u53f2\u5f85\u8fd8',
                     u'\u8d44\u91d1\u51c0\u6d41\u5165',
                     u'\u6295\u8d44\u4eba\u6570',
                     u'\u501f\u6b3e\u4eba\u6570',
                     u'\u4eba\u5747\u6295\u8d44\u91d1\u989d',
                     u'\u4eba\u5747\u501f\u6b3e\u91d1\u989d',
                     u'\u501f\u6b3e\u6807\u6570',
                     u'\u5e73\u5747\u501f\u6b3e\u671f\u9650',
                     u'\u5f85\u6536\u6295\u8d44\u4eba\u6570',
                     u'\u5f85\u8fd8\u501f\u6b3e\u4eba\u6570'],
 'index_preference_data': [97.22,
                           40.81,
                           97.44,
                           97.22,
                           99.36,
                           98.93,
                           16.45,
                           16.24,
                           98.08,
                           97.22,
                           98.93,
                           99.36],
 'item_type': 'preference',
 'url': 'http://shuju.wdzj.com/preference-142.html'}
2016-07-05 17:28:44 [scrapy] DEBUG: Scraped from <200 http://shuju.wdzj.com/preference-59.html>
{'company_name': '\xe9\x99\x86\xe9\x87\x91\xe6\x89\x80',
 'core_index_data': [93074.23,
                     6.39,
                     6931785.13,
                     65325.95,
                     21766,
                     17382,
                     42761.29,
                     5.35,
                     17382,
                     16.43,
                     155264,
                     1663785],
 'core_index_name': [u'\u6210\u4ea4\u91cf',
                     u'\u5229\u7387',
                     u'\u5386\u53f2\u5f85\u8fd8',
                     u'\u8d44\u91d1\u51c0\u6d41\u5165',
                     u'\u6295\u8d44\u4eba\u6570',
                     u'\u501f\u6b3e\u4eba\u6570',
                     u'\u4eba\u5747\u6295\u8d44\u91d1\u989d',
                     u'\u4eba\u5747\u501f\u6b3e\u91d1\u989d',
                     u'\u501f\u6b3e\u6807\u6570',
                     u'\u5e73\u5747\u501f\u6b3e\u671f\u9650',
                     u'\u5f85\u6536\u6295\u8d44\u4eba\u6570',
                     u'\u5f85\u8fd8\u501f\u6b3e\u4eba\u6570'],
 'index_preference_data': [99.79,
                           15.81,
                           99.79,
                           99.79,
                           98.72,
                           99.36,
                           85.68,
                           25,
                           98.72,
                           96.37,
                           98.29,
                           99.79],
 'item_type': 'preference',
 'url': 'http://shuju.wdzj.com/preference-59.html'}
2016-07-05 17:28:44 [scrapy] DEBUG: Scraped from <200 http://shuju.wdzj.com/preference-57.html>
{'company_name': '\xe4\xba\xba\xe4\xba\xba\xe8\xb4\xb7',
 'core_index_data': [2508.06,
                     10.18,
                     1099724.88,
                     231.78,
                     23218,
                     312,
                     1080.22,
                     8.04,
                     312,
                     35.43,
                     179858,
                     194468],
 'core_index_name': [u'\u6210\u4ea4\u91cf',
                     u'\u5229\u7387',
                     u'\u5386\u53f2\u5f85\u8fd8',
                     u'\u8d44\u91d1\u51c0\u6d41\u5165',
                     u'\u6295\u8d44\u4eba\u6570',
                     u'\u501f\u6b3e\u4eba\u6570',
                     u'\u4eba\u5747\u6295\u8d44\u91d1\u989d',
                     u'\u4eba\u5747\u501f\u6b3e\u91d1\u989d',
                     u'\u501f\u6b3e\u6807\u6570',
                     u'\u5e73\u5747\u501f\u6b3e\u671f\u9650',
                     u'\u5f85\u6536\u6295\u8d44\u4eba\u6570',
                     u'\u5f85\u8fd8\u501f\u6b3e\u4eba\u6570'],
 'index_preference_data': [92.95,
                           44.02,
                           98.08,
                           79.91,
                           99.15,
                           95.73,
                           15.6,
                           34.19,
                           95.3,
                           99.79,
                           98.72,
                           98.08],
 'item_type': 'preference',
 'url': 'http://shuju.wdzj.com/preference-57.html'}
2016-07-05 17:28:44 [scrapy] DEBUG: Scraped from <200 http://shuju.wdzj.com/preference-2219.html>
{'company_name': 'e\xe8\xb7\xaf\xe5\x90\x8c\xe5\xbf\x83',
 'core_index_data': [839.81,
                     7.77,
                     92354.41,
                     163.36,
                     841,
                     17,
                     9985.85,
                     49.4,
                     17,
                     2.89,
                     36840,
                     2193],
 'core_index_name': [u'\u6210\u4ea4\u91cf',
                     u'\u5229\u7387',
                     u'\u5386\u53f2\u5f85\u8fd8',
                     u'\u8d44\u91d1\u51c0\u6d41\u5165',
                     u'\u6295\u8d44\u4eba\u6570',
                     u'\u501f\u6b3e\u4eba\u6570',
                     u'\u4eba\u5747\u6295\u8d44\u91d1\u989d',
                     u'\u4eba\u5747\u501f\u6b3e\u91d1\u989d',
                     u'\u501f\u6b3e\u6807\u6570',
                     u'\u5e73\u5747\u501f\u6b3e\u671f\u9650',
                     u'\u5f85\u6536\u6295\u8d44\u4eba\u6570',
                     u'\u5f85\u8fd8\u501f\u6b3e\u4eba\u6570'],
 'index_preference_data': [83.12,
                           22.44,
                           82.69,
                           76.5,
                           88.68,
                           84.62,
                           38.68,
                           67.74,
                           79.27,
                           52.56,
                           92.74,
                           88.46],
 'item_type': 'preference',
 'url': 'http://shuju.wdzj.com/preference-2219.html'}
2016-07-05 17:28:44 [scrapy] INFO: Closing spider (finished)
2016-07-05 17:28:44 [scrapy] INFO: Dumping Scrapy stats:
{'downloader/request_bytes': 6059,
 'downloader/request_count': 22,
 'downloader/request_method_count/GET': 22,
 'downloader/response_bytes': 39905,
 'downloader/response_count': 22,
 'downloader/response_status_count/200': 21,
 'downloader/response_status_count/404': 1,
 'finish_reason': 'finished',
 'finish_time': datetime.datetime(2016, 7, 5, 9, 28, 44, 787000),
 'item_scraped_count': 21,
 'log_count/DEBUG': 44,
 'log_count/INFO': 7,
 'log_count/WARNING': 1,
 'response_received_count': 22,
 'scheduler/dequeued': 21,
 'scheduler/dequeued/memory': 21,
 'scheduler/enqueued': 21,
 'scheduler/enqueued/memory': 21,
 'start_time': datetime.datetime(2016, 7, 5, 9, 28, 44, 205000)}
2016-07-05 17:28:44 [scrapy] INFO: Spider closed (finished)
